2018-04-15 19:53:51,823 - INFO - allennlp.common.params - dataset_reader.type = squad
2018-04-15 19:53:51,823 - INFO - allennlp.common.params - dataset_reader.tokenizer.type = word
2018-04-15 19:53:51,824 - INFO - allennlp.common.params - dataset_reader.tokenizer.word_splitter.type = spacy
2018-04-15 19:53:51,824 - INFO - allennlp.common.params - dataset_reader.tokenizer.word_splitter.language = en_core_web_sm
2018-04-15 19:53:51,824 - INFO - allennlp.common.params - dataset_reader.tokenizer.word_splitter.pos_tags = False
2018-04-15 19:53:51,824 - INFO - allennlp.common.params - dataset_reader.tokenizer.word_splitter.parse = False
2018-04-15 19:53:51,824 - INFO - allennlp.common.params - dataset_reader.tokenizer.word_splitter.ner = False
2018-04-15 19:53:52,343 - INFO - allennlp.common.params - dataset_reader.tokenizer.word_filter.type = pass_through
2018-04-15 19:53:52,344 - INFO - allennlp.common.params - dataset_reader.tokenizer.word_stemmer.type = pass_through
2018-04-15 19:53:52,344 - INFO - allennlp.common.params - dataset_reader.tokenizer.start_tokens = None
2018-04-15 19:53:52,344 - INFO - allennlp.common.params - dataset_reader.tokenizer.end_tokens = None
2018-04-15 19:53:52,344 - INFO - allennlp.common.params - dataset_reader.token_indexers.tokens.type = single_id
2018-04-15 19:53:52,344 - INFO - allennlp.common.params - dataset_reader.token_indexers.tokens.namespace = tokens
2018-04-15 19:53:52,344 - INFO - allennlp.common.params - dataset_reader.token_indexers.tokens.lowercase_tokens = True
2018-04-15 19:53:52,345 - INFO - allennlp.common.params - dataset_reader.token_indexers.token_characters.type = characters
2018-04-15 19:53:52,345 - INFO - allennlp.common.params - dataset_reader.token_indexers.token_characters.namespace = token_characters
2018-04-15 19:53:52,345 - INFO - allennlp.common.params - dataset_reader.token_indexers.token_characters.character_tokenizer.byte_encoding = utf-8
2018-04-15 19:53:52,345 - INFO - allennlp.common.params - dataset_reader.token_indexers.token_characters.character_tokenizer.lowercase_characters = False
2018-04-15 19:53:52,345 - INFO - allennlp.common.params - dataset_reader.token_indexers.token_characters.character_tokenizer.start_tokens = [259]
2018-04-15 19:53:52,345 - INFO - allennlp.common.params - dataset_reader.token_indexers.token_characters.character_tokenizer.end_tokens = [260]
2018-04-15 19:53:52,345 - INFO - allennlp.common.params - dataset_reader.lazy = False
2018-04-15 19:53:52,345 - INFO - allennlp.common.params - validation_dataset_reader = None
2018-04-15 19:53:52,345 - INFO - allennlp.common.params - train_data_path = data/active_learning/active_learning_2/logits_top_train_dump_1_top_1/train-v1.1.json
2018-04-15 19:53:52,345 - INFO - allennlp.commands.train - Reading training data from data/active_learning/active_learning_2/logits_top_train_dump_1_top_1/train-v1.1.json
2018-04-15 19:53:52,350 - INFO - allennlp.data.dataset_readers.reading_comprehension.squad - Reading file at data/active_learning/active_learning_2/logits_top_train_dump_1_top_1/train-v1.1.json
2018-04-15 19:53:53,158 - INFO - allennlp.data.dataset_readers.reading_comprehension.squad - Reading the dataset
0
80201
2018-04-15 19:55:08,627 - INFO - allennlp.common.params - validation_data_path = data/active_learning/active_learning_2/logits_top_train_dump_1_top_1/dev-v1.1.json
2018-04-15 19:55:08,627 - INFO - allennlp.commands.train - Reading validation data from data/active_learning/active_learning_2/logits_top_train_dump_1_top_1/dev-v1.1.json
2018-04-15 19:55:08,628 - INFO - allennlp.data.dataset_readers.reading_comprehension.squad - Reading file at data/active_learning/active_learning_2/logits_top_train_dump_1_top_1/dev-v1.1.json
2018-04-15 19:55:08,718 - INFO - allennlp.data.dataset_readers.reading_comprehension.squad - Reading the dataset
0
9143
2018-04-15 19:55:17,864 - INFO - allennlp.common.params - test_data_path = None
2018-04-15 19:55:17,864 - INFO - allennlp.commands.train - Creating a vocabulary using validation, train data.
2018-04-15 19:55:17,864 - INFO - allennlp.common.params - vocabulary.directory_path = None
2018-04-15 19:55:17,864 - INFO - allennlp.common.params - vocabulary.min_count = None
2018-04-15 19:55:17,864 - INFO - allennlp.common.params - vocabulary.max_vocab_size = None
2018-04-15 19:55:17,864 - INFO - allennlp.common.params - vocabulary.non_padded_namespaces = ('*tags', '*labels')
2018-04-15 19:55:17,864 - INFO - allennlp.common.params - vocabulary.only_include_pretrained_words = False
2018-04-15 19:55:17,864 - INFO - allennlp.data.vocabulary - Fitting token dictionary from dataset.
2018-04-15 19:57:51,766 - INFO - allennlp.common.params - model.type = bidaf
2018-04-15 19:57:51,769 - INFO - allennlp.common.params - model.text_field_embedder.type = basic
2018-04-15 19:57:51,769 - INFO - allennlp.common.params - model.text_field_embedder.tokens.type = embedding
2018-04-15 19:57:51,769 - INFO - allennlp.common.params - model.text_field_embedder.tokens.num_embeddings = None
2018-04-15 19:57:51,769 - INFO - allennlp.common.params - model.text_field_embedder.tokens.vocab_namespace = tokens
2018-04-15 19:57:51,769 - INFO - allennlp.common.params - model.text_field_embedder.tokens.embedding_dim = 100
2018-04-15 19:57:51,769 - INFO - allennlp.common.params - model.text_field_embedder.tokens.pretrained_file = https://s3-us-west-2.amazonaws.com/allennlp/datasets/glove/glove.6B.100d.txt.gz
2018-04-15 19:57:51,769 - INFO - allennlp.common.params - model.text_field_embedder.tokens.projection_dim = None
2018-04-15 19:57:51,769 - INFO - allennlp.common.params - model.text_field_embedder.tokens.trainable = False
2018-04-15 19:57:51,769 - INFO - allennlp.common.params - model.text_field_embedder.tokens.padding_index = None
2018-04-15 19:57:51,769 - INFO - allennlp.common.params - model.text_field_embedder.tokens.max_norm = None
2018-04-15 19:57:51,769 - INFO - allennlp.common.params - model.text_field_embedder.tokens.norm_type = 2.0
2018-04-15 19:57:51,769 - INFO - allennlp.common.params - model.text_field_embedder.tokens.scale_grad_by_freq = False
2018-04-15 19:57:51,769 - INFO - allennlp.common.params - model.text_field_embedder.tokens.sparse = False
2018-04-15 19:57:51,779 - INFO - allennlp.modules.token_embedders.embedding - Reading embeddings from file
2018-04-15 19:58:01,446 - INFO - allennlp.modules.token_embedders.embedding - Initializing pre-trained embedding layer
2018-04-15 19:58:03,119 - INFO - allennlp.common.params - model.text_field_embedder.token_characters.type = character_encoding
2018-04-15 19:58:03,119 - INFO - allennlp.common.params - model.text_field_embedder.token_characters.embedding.num_embeddings = 262
2018-04-15 19:58:03,119 - INFO - allennlp.common.params - model.text_field_embedder.token_characters.embedding.vocab_namespace = token_characters
2018-04-15 19:58:03,119 - INFO - allennlp.common.params - model.text_field_embedder.token_characters.embedding.embedding_dim = 16
2018-04-15 19:58:03,119 - INFO - allennlp.common.params - model.text_field_embedder.token_characters.embedding.pretrained_file = None
2018-04-15 19:58:03,119 - INFO - allennlp.common.params - model.text_field_embedder.token_characters.embedding.projection_dim = None
2018-04-15 19:58:03,119 - INFO - allennlp.common.params - model.text_field_embedder.token_characters.embedding.trainable = True
2018-04-15 19:58:03,119 - INFO - allennlp.common.params - model.text_field_embedder.token_characters.embedding.padding_index = None
2018-04-15 19:58:03,119 - INFO - allennlp.common.params - model.text_field_embedder.token_characters.embedding.max_norm = None
2018-04-15 19:58:03,120 - INFO - allennlp.common.params - model.text_field_embedder.token_characters.embedding.norm_type = 2.0
2018-04-15 19:58:03,120 - INFO - allennlp.common.params - model.text_field_embedder.token_characters.embedding.scale_grad_by_freq = False
2018-04-15 19:58:03,120 - INFO - allennlp.common.params - model.text_field_embedder.token_characters.embedding.sparse = False
2018-04-15 19:58:03,120 - INFO - allennlp.common.params - model.text_field_embedder.token_characters.encoder.type = cnn
2018-04-15 19:58:03,120 - INFO - allennlp.common.params - model.text_field_embedder.token_characters.encoder.embedding_dim = 16
2018-04-15 19:58:03,120 - INFO - allennlp.common.params - model.text_field_embedder.token_characters.encoder.output_dim = None
2018-04-15 19:58:03,120 - INFO - allennlp.common.params - model.text_field_embedder.token_characters.encoder.num_filters = 100
2018-04-15 19:58:03,121 - INFO - allennlp.common.params - model.text_field_embedder.token_characters.encoder.conv_layer_activation = relu
2018-04-15 19:58:03,121 - INFO - allennlp.common.params - model.text_field_embedder.token_characters.encoder.ngram_filter_sizes = [5]
2018-04-15 19:58:03,123 - INFO - allennlp.common.params - model.text_field_embedder.token_characters.dropout = 0.2
2018-04-15 19:58:03,123 - INFO - allennlp.common.params - model.num_highway_layers = 2
2018-04-15 19:58:03,123 - INFO - allennlp.common.params - model.phrase_layer.type = lstm
2018-04-15 19:58:03,123 - INFO - allennlp.common.params - model.phrase_layer.batch_first = True
2018-04-15 19:58:03,123 - INFO - allennlp.common.params - Converting Params object to dict; logging of default values will not occur when dictionary parameters are used subsequently.
2018-04-15 19:58:03,123 - INFO - allennlp.common.params - CURRENTLY DEFINED PARAMETERS: 
2018-04-15 19:58:03,123 - INFO - allennlp.common.params - model.phrase_layer.bidirectional = True
2018-04-15 19:58:03,123 - INFO - allennlp.common.params - model.phrase_layer.input_size = 200
2018-04-15 19:58:03,123 - INFO - allennlp.common.params - model.phrase_layer.hidden_size = 100
2018-04-15 19:58:03,123 - INFO - allennlp.common.params - model.phrase_layer.num_layers = 1
2018-04-15 19:58:03,124 - INFO - allennlp.common.params - model.phrase_layer.dropout = 0.2
2018-04-15 19:58:03,124 - INFO - allennlp.common.params - model.phrase_layer.batch_first = True
2018-04-15 19:58:03,126 - INFO - allennlp.common.params - model.similarity_function.type = linear
2018-04-15 19:58:03,126 - INFO - allennlp.common.params - model.similarity_function.tensor_1_dim = 200
2018-04-15 19:58:03,126 - INFO - allennlp.common.params - model.similarity_function.tensor_2_dim = 200
2018-04-15 19:58:03,126 - INFO - allennlp.common.params - model.similarity_function.combination = x,y,x*y
2018-04-15 19:58:03,126 - INFO - allennlp.common.params - model.similarity_function.activation = linear
2018-04-15 19:58:03,126 - INFO - allennlp.common.params - model.modeling_layer.type = lstm
2018-04-15 19:58:03,126 - INFO - allennlp.common.params - model.modeling_layer.batch_first = True
2018-04-15 19:58:03,126 - INFO - allennlp.common.params - Converting Params object to dict; logging of default values will not occur when dictionary parameters are used subsequently.
2018-04-15 19:58:03,126 - INFO - allennlp.common.params - CURRENTLY DEFINED PARAMETERS: 
2018-04-15 19:58:03,126 - INFO - allennlp.common.params - model.modeling_layer.bidirectional = True
2018-04-15 19:58:03,127 - INFO - allennlp.common.params - model.modeling_layer.input_size = 800
2018-04-15 19:58:03,127 - INFO - allennlp.common.params - model.modeling_layer.hidden_size = 100
2018-04-15 19:58:03,127 - INFO - allennlp.common.params - model.modeling_layer.num_layers = 2
2018-04-15 19:58:03,127 - INFO - allennlp.common.params - model.modeling_layer.dropout = 0.2
2018-04-15 19:58:03,127 - INFO - allennlp.common.params - model.modeling_layer.batch_first = True
2018-04-15 19:58:03,134 - INFO - allennlp.common.params - model.span_end_encoder.type = lstm
2018-04-15 19:58:03,135 - INFO - allennlp.common.params - model.span_end_encoder.batch_first = True
2018-04-15 19:58:03,135 - INFO - allennlp.common.params - Converting Params object to dict; logging of default values will not occur when dictionary parameters are used subsequently.
2018-04-15 19:58:03,135 - INFO - allennlp.common.params - CURRENTLY DEFINED PARAMETERS: 
2018-04-15 19:58:03,135 - INFO - allennlp.common.params - model.span_end_encoder.bidirectional = True
2018-04-15 19:58:03,135 - INFO - allennlp.common.params - model.span_end_encoder.input_size = 1400
2018-04-15 19:58:03,135 - INFO - allennlp.common.params - model.span_end_encoder.hidden_size = 100
2018-04-15 19:58:03,135 - INFO - allennlp.common.params - model.span_end_encoder.num_layers = 1
2018-04-15 19:58:03,135 - INFO - allennlp.common.params - model.span_end_encoder.dropout = 0.2
2018-04-15 19:58:03,135 - INFO - allennlp.common.params - model.span_end_encoder.batch_first = True
2018-04-15 19:58:03,144 - INFO - allennlp.common.params - model.dropout = 0.2
2018-04-15 19:58:03,144 - INFO - allennlp.common.params - model.initializer = []
2018-04-15 19:58:03,144 - INFO - allennlp.common.params - model.regularizer = []
2018-04-15 19:58:03,144 - INFO - allennlp.common.params - model.mask_lstms = True
2018-04-15 19:58:03,144 - INFO - allennlp.common.params - model.total_items = 89344
2018-04-15 19:58:03,146 - INFO - allennlp.nn.initializers - Initializing parameters
2018-04-15 19:58:03,147 - INFO - allennlp.nn.initializers - Done initializing parameters; the following parameters are using their default initialization from their code
2018-04-15 19:58:03,147 - INFO - allennlp.nn.initializers -    _highway_layer._module._layers.0.bias
2018-04-15 19:58:03,147 - INFO - allennlp.nn.initializers -    _highway_layer._module._layers.0.weight
2018-04-15 19:58:03,147 - INFO - allennlp.nn.initializers -    _highway_layer._module._layers.1.bias
2018-04-15 19:58:03,147 - INFO - allennlp.nn.initializers -    _highway_layer._module._layers.1.weight
2018-04-15 19:58:03,147 - INFO - allennlp.nn.initializers -    _matrix_attention._similarity_function._bias
2018-04-15 19:58:03,147 - INFO - allennlp.nn.initializers -    _matrix_attention._similarity_function._weight_vector
2018-04-15 19:58:03,147 - INFO - allennlp.nn.initializers -    _modeling_layer._module.bias_hh_l0
2018-04-15 19:58:03,147 - INFO - allennlp.nn.initializers -    _modeling_layer._module.bias_hh_l0_reverse
2018-04-15 19:58:03,147 - INFO - allennlp.nn.initializers -    _modeling_layer._module.bias_hh_l1
2018-04-15 19:58:03,147 - INFO - allennlp.nn.initializers -    _modeling_layer._module.bias_hh_l1_reverse
2018-04-15 19:58:03,147 - INFO - allennlp.nn.initializers -    _modeling_layer._module.bias_ih_l0
2018-04-15 19:58:03,147 - INFO - allennlp.nn.initializers -    _modeling_layer._module.bias_ih_l0_reverse
2018-04-15 19:58:03,147 - INFO - allennlp.nn.initializers -    _modeling_layer._module.bias_ih_l1
2018-04-15 19:58:03,148 - INFO - allennlp.nn.initializers -    _modeling_layer._module.bias_ih_l1_reverse
2018-04-15 19:58:03,148 - INFO - allennlp.nn.initializers -    _modeling_layer._module.weight_hh_l0
2018-04-15 19:58:03,148 - INFO - allennlp.nn.initializers -    _modeling_layer._module.weight_hh_l0_reverse
2018-04-15 19:58:03,148 - INFO - allennlp.nn.initializers -    _modeling_layer._module.weight_hh_l1
2018-04-15 19:58:03,148 - INFO - allennlp.nn.initializers -    _modeling_layer._module.weight_hh_l1_reverse
2018-04-15 19:58:03,148 - INFO - allennlp.nn.initializers -    _modeling_layer._module.weight_ih_l0
2018-04-15 19:58:03,148 - INFO - allennlp.nn.initializers -    _modeling_layer._module.weight_ih_l0_reverse
2018-04-15 19:58:03,148 - INFO - allennlp.nn.initializers -    _modeling_layer._module.weight_ih_l1
2018-04-15 19:58:03,148 - INFO - allennlp.nn.initializers -    _modeling_layer._module.weight_ih_l1_reverse
2018-04-15 19:58:03,148 - INFO - allennlp.nn.initializers -    _phrase_layer._module.bias_hh_l0
2018-04-15 19:58:03,148 - INFO - allennlp.nn.initializers -    _phrase_layer._module.bias_hh_l0_reverse
2018-04-15 19:58:03,148 - INFO - allennlp.nn.initializers -    _phrase_layer._module.bias_ih_l0
2018-04-15 19:58:03,148 - INFO - allennlp.nn.initializers -    _phrase_layer._module.bias_ih_l0_reverse
2018-04-15 19:58:03,148 - INFO - allennlp.nn.initializers -    _phrase_layer._module.weight_hh_l0
2018-04-15 19:58:03,148 - INFO - allennlp.nn.initializers -    _phrase_layer._module.weight_hh_l0_reverse
2018-04-15 19:58:03,148 - INFO - allennlp.nn.initializers -    _phrase_layer._module.weight_ih_l0
2018-04-15 19:58:03,148 - INFO - allennlp.nn.initializers -    _phrase_layer._module.weight_ih_l0_reverse
2018-04-15 19:58:03,148 - INFO - allennlp.nn.initializers -    _span_end_encoder._module.bias_hh_l0
2018-04-15 19:58:03,149 - INFO - allennlp.nn.initializers -    _span_end_encoder._module.bias_hh_l0_reverse
2018-04-15 19:58:03,149 - INFO - allennlp.nn.initializers -    _span_end_encoder._module.bias_ih_l0
2018-04-15 19:58:03,149 - INFO - allennlp.nn.initializers -    _span_end_encoder._module.bias_ih_l0_reverse
2018-04-15 19:58:03,149 - INFO - allennlp.nn.initializers -    _span_end_encoder._module.weight_hh_l0
2018-04-15 19:58:03,149 - INFO - allennlp.nn.initializers -    _span_end_encoder._module.weight_hh_l0_reverse
2018-04-15 19:58:03,149 - INFO - allennlp.nn.initializers -    _span_end_encoder._module.weight_ih_l0
2018-04-15 19:58:03,149 - INFO - allennlp.nn.initializers -    _span_end_encoder._module.weight_ih_l0_reverse
2018-04-15 19:58:03,149 - INFO - allennlp.nn.initializers -    _span_end_predictor._module.bias
2018-04-15 19:58:03,149 - INFO - allennlp.nn.initializers -    _span_end_predictor._module.weight
2018-04-15 19:58:03,149 - INFO - allennlp.nn.initializers -    _span_start_predictor._module.bias
2018-04-15 19:58:03,149 - INFO - allennlp.nn.initializers -    _span_start_predictor._module.weight
2018-04-15 19:58:03,149 - INFO - allennlp.nn.initializers -    _text_field_embedder.token_embedder_token_characters._embedding._module.weight
2018-04-15 19:58:03,149 - INFO - allennlp.nn.initializers -    _text_field_embedder.token_embedder_token_characters._encoder._module.conv_layer_0.bias
2018-04-15 19:58:03,149 - INFO - allennlp.nn.initializers -    _text_field_embedder.token_embedder_token_characters._encoder._module.conv_layer_0.weight
2018-04-15 19:58:03,149 - INFO - allennlp.nn.initializers -    _text_field_embedder.token_embedder_tokens.weight
2018-04-15 19:58:03,149 - INFO - allennlp.common.params - iterator.type = bucket
2018-04-15 19:58:03,150 - INFO - allennlp.common.params - iterator.sorting_keys = [['passage', 'num_tokens'], ['question', 'num_tokens']]
2018-04-15 19:58:03,150 - INFO - allennlp.common.params - iterator.padding_noise = 0.1
2018-04-15 19:58:03,150 - INFO - allennlp.common.params - iterator.biggest_batch_first = False
2018-04-15 19:58:03,150 - INFO - allennlp.common.params - iterator.batch_size = 15
2018-04-15 19:58:03,150 - INFO - allennlp.common.params - iterator.instances_per_epoch = None
2018-04-15 19:58:03,150 - INFO - allennlp.common.params - iterator.max_instances_in_memory = None
2018-04-15 19:58:03,150 - INFO - allennlp.common.params - trainer.patience = 10
2018-04-15 19:58:03,150 - INFO - allennlp.common.params - trainer.validation_metric = +em
2018-04-15 19:58:03,150 - INFO - allennlp.common.params - trainer.num_epochs = 20
2018-04-15 19:58:03,150 - INFO - allennlp.common.params - trainer.cuda_device = 0
2018-04-15 19:58:03,150 - INFO - allennlp.common.params - trainer.grad_norm = 5.0
2018-04-15 19:58:03,150 - INFO - allennlp.common.params - trainer.grad_clipping = None
2018-04-15 19:58:14,499 - INFO - allennlp.common.params - trainer.optimizer.type = adam
2018-04-15 19:58:14,500 - INFO - allennlp.common.params - trainer.optimizer.parameter_groups = None
2018-04-15 19:58:14,500 - INFO - allennlp.common.params - Converting Params object to dict; logging of default values will not occur when dictionary parameters are used subsequently.
2018-04-15 19:58:14,500 - INFO - allennlp.common.params - CURRENTLY DEFINED PARAMETERS: 
2018-04-15 19:58:14,500 - INFO - allennlp.common.params - trainer.optimizer.betas = [0.9, 0.9]
2018-04-15 19:58:14,500 - INFO - allennlp.common.params - trainer.learning_rate_scheduler.type = reduce_on_plateau
2018-04-15 19:58:14,501 - INFO - allennlp.common.params - Converting Params object to dict; logging of default values will not occur when dictionary parameters are used subsequently.
2018-04-15 19:58:14,501 - INFO - allennlp.common.params - CURRENTLY DEFINED PARAMETERS: 
2018-04-15 19:58:14,501 - INFO - allennlp.common.params - trainer.learning_rate_scheduler.factor = 0.5
2018-04-15 19:58:14,501 - INFO - allennlp.common.params - trainer.learning_rate_scheduler.mode = max
2018-04-15 19:58:14,501 - INFO - allennlp.common.params - trainer.learning_rate_scheduler.patience = 2
2018-04-15 19:58:14,501 - INFO - allennlp.common.params - trainer.num_serialized_models_to_keep = None
2018-04-15 19:58:14,501 - INFO - allennlp.common.params - trainer.keep_serialized_model_every_num_seconds = None
2018-04-15 19:58:14,501 - INFO - allennlp.common.params - trainer.model_save_interval = None
2018-04-15 19:58:14,501 - INFO - allennlp.common.params - trainer.summary_interval = 100
2018-04-15 19:58:14,501 - INFO - allennlp.common.params - trainer.histogram_interval = None
2018-04-15 19:58:14,515 - INFO - allennlp.common.params - evaluate_on_test = False
2018-04-15 19:58:14,515 - INFO - allennlp.training.trainer - Beginning training.
2018-04-15 19:58:14,515 - INFO - allennlp.training.trainer - Epoch 0/19
2018-04-15 19:58:14,516 - INFO - allennlp.training.trainer - Peak CPU memory usage MB: 5993.064
2018-04-15 19:58:14,937 - INFO - allennlp.training.trainer - GPU 0 memory usage MB: 1951
2018-04-15 19:58:14,937 - INFO - allennlp.training.trainer - GPU 1 memory usage MB: 451
2018-04-15 19:58:14,937 - INFO - allennlp.training.trainer - GPU 2 memory usage MB: 1
2018-04-15 19:58:14,937 - INFO - allennlp.training.trainer - GPU 3 memory usage MB: 1
2018-04-15 19:58:14,939 - INFO - allennlp.training.trainer - Training
2018-04-15 20:31:50,115 - INFO - allennlp.training.trainer - Validating
2018-04-15 20:33:46,166 - INFO - allennlp.training.trainer - Best validation performance so far. Copying weights to 'output/active_logits_dump1_top1_scratch/best.th'.
2018-04-15 20:33:48,144 - INFO - allennlp.training.trainer - Training end_acc : 0.375357    Validation end_acc : 0.577053 
2018-04-15 20:33:48,146 - INFO - allennlp.training.trainer - Training loss : 5.063338    Validation loss : 3.256747 
2018-04-15 20:33:48,146 - INFO - allennlp.training.trainer - Training start_acc : 0.342465    Validation start_acc : 0.529804 
2018-04-15 20:33:48,147 - INFO - allennlp.training.trainer - Training f1 : 0.415308    Validation f1 : 0.634666 
2018-04-15 20:33:48,147 - INFO - allennlp.training.trainer - Training span_acc : 0.262715    Validation span_acc : 0.427321 
2018-04-15 20:33:48,147 - INFO - allennlp.training.trainer - Training em : 0.293712    Validation em : 0.476321 
2018-04-15 20:33:48,147 - INFO - allennlp.training.trainer - Epoch duration: 00:35:33
2018-04-15 20:33:48,147 - INFO - allennlp.training.trainer - Estimated training time remaining: 11:15:39
2018-04-15 20:33:48,148 - INFO - allennlp.models.archival - archiving weights and vocabulary to output/active_logits_dump1_top1_scratch/model.tar.gz
2018-04-15 20:33:51,748 - INFO - allennlp.training.trainer - Epoch 1/19
2018-04-15 20:33:51,748 - INFO - allennlp.training.trainer - Peak CPU memory usage MB: 8453.428
2018-04-15 20:33:52,150 - INFO - allennlp.training.trainer - GPU 0 memory usage MB: 1951
2018-04-15 20:33:52,151 - INFO - allennlp.training.trainer - GPU 1 memory usage MB: 11026
2018-04-15 20:33:52,151 - INFO - allennlp.training.trainer - GPU 2 memory usage MB: 1
2018-04-15 20:33:52,151 - INFO - allennlp.training.trainer - GPU 3 memory usage MB: 1
2018-04-15 20:33:52,152 - INFO - allennlp.training.trainer - Training
2018-04-15 21:02:41,429 - INFO - allennlp.training.trainer - Validating
2018-04-15 21:04:32,632 - INFO - allennlp.training.trainer - Best validation performance so far. Copying weights to 'output/active_logits_dump1_top1_scratch/best.th'.
2018-04-15 21:04:34,341 - INFO - allennlp.training.trainer - Training end_acc : 0.576414    Validation end_acc : 0.609865 
2018-04-15 21:04:34,342 - INFO - allennlp.training.trainer - Training loss : 3.290597    Validation loss : 2.928355 
2018-04-15 21:04:34,343 - INFO - allennlp.training.trainer - Training start_acc : 0.533210    Validation start_acc : 0.566226 
2018-04-15 21:04:34,343 - INFO - allennlp.training.trainer - Training f1 : 0.633946    Validation f1 : 0.666696 
2018-04-15 21:04:34,343 - INFO - allennlp.training.trainer - Training span_acc : 0.436890    Validation span_acc : 0.462430 
2018-04-15 21:04:34,343 - INFO - allennlp.training.trainer - Training em : 0.487974    Validation em : 0.513726 
2018-04-15 21:04:34,344 - INFO - allennlp.training.trainer - Epoch duration: 00:30:42
2018-04-15 21:04:34,344 - INFO - allennlp.training.trainer - Estimated training time remaining: 09:56:58
2018-04-15 21:04:34,345 - INFO - allennlp.models.archival - archiving weights and vocabulary to output/active_logits_dump1_top1_scratch/model.tar.gz
2018-04-15 21:04:41,303 - INFO - allennlp.training.trainer - Epoch 2/19
2018-04-15 21:04:41,305 - INFO - allennlp.training.trainer - Peak CPU memory usage MB: 8469.624
2018-04-15 21:04:41,641 - INFO - allennlp.training.trainer - GPU 0 memory usage MB: 1
2018-04-15 21:04:41,641 - INFO - allennlp.training.trainer - GPU 1 memory usage MB: 4315
2018-04-15 21:04:41,641 - INFO - allennlp.training.trainer - GPU 2 memory usage MB: 11705
2018-04-15 21:04:41,641 - INFO - allennlp.training.trainer - GPU 3 memory usage MB: 11705
2018-04-15 21:04:41,643 - INFO - allennlp.training.trainer - Training
0
10570
