data/squad/train-v1.1.json
data/squad/dev-v1.1.json
2018-04-03 14:11:52,960 - INFO - allennlp.common.params - dataset_reader.type = squad
2018-04-03 14:11:52,960 - INFO - allennlp.common.params - dataset_reader.tokenizer.type = word
2018-04-03 14:11:52,961 - INFO - allennlp.common.params - dataset_reader.tokenizer.word_splitter.type = spacy
2018-04-03 14:11:52,961 - INFO - allennlp.common.params - dataset_reader.tokenizer.word_splitter.language = en_core_web_sm
2018-04-03 14:11:52,961 - INFO - allennlp.common.params - dataset_reader.tokenizer.word_splitter.pos_tags = False
2018-04-03 14:11:52,961 - INFO - allennlp.common.params - dataset_reader.tokenizer.word_splitter.parse = False
2018-04-03 14:11:52,961 - INFO - allennlp.common.params - dataset_reader.tokenizer.word_splitter.ner = False
2018-04-03 14:11:54,064 - INFO - allennlp.common.params - dataset_reader.tokenizer.word_filter.type = pass_through
2018-04-03 14:11:54,064 - INFO - allennlp.common.params - dataset_reader.tokenizer.word_stemmer.type = pass_through
2018-04-03 14:11:54,065 - INFO - allennlp.common.params - dataset_reader.tokenizer.start_tokens = None
2018-04-03 14:11:54,065 - INFO - allennlp.common.params - dataset_reader.tokenizer.end_tokens = None
2018-04-03 14:11:54,065 - INFO - allennlp.common.params - dataset_reader.token_indexers.tokens.type = single_id
2018-04-03 14:11:54,065 - INFO - allennlp.common.params - dataset_reader.token_indexers.tokens.namespace = tokens
2018-04-03 14:11:54,065 - INFO - allennlp.common.params - dataset_reader.token_indexers.tokens.lowercase_tokens = True
2018-04-03 14:11:54,065 - INFO - allennlp.common.params - dataset_reader.token_indexers.token_characters.type = characters
2018-04-03 14:11:54,065 - INFO - allennlp.common.params - dataset_reader.token_indexers.token_characters.namespace = token_characters
2018-04-03 14:11:54,065 - INFO - allennlp.common.params - dataset_reader.token_indexers.token_characters.character_tokenizer.byte_encoding = utf-8
2018-04-03 14:11:54,066 - INFO - allennlp.common.params - dataset_reader.token_indexers.token_characters.character_tokenizer.lowercase_characters = False
2018-04-03 14:11:54,066 - INFO - allennlp.common.params - dataset_reader.token_indexers.token_characters.character_tokenizer.start_tokens = [259]
2018-04-03 14:11:54,066 - INFO - allennlp.common.params - dataset_reader.token_indexers.token_characters.character_tokenizer.end_tokens = [260]
2018-04-03 14:11:54,066 - INFO - allennlp.common.params - dataset_reader.lazy = False
2018-04-03 14:11:54,066 - INFO - allennlp.common.params - validation_dataset_reader = None
2018-04-03 14:11:54,066 - INFO - allennlp.common.params - train_data_path = data/joint_nqa_001_0.05/train-v1.1.json
2018-04-03 14:11:54,066 - INFO - allennlp.commands.train - Reading training data from data/joint_nqa_001_0.05/train-v1.1.json
2018-04-03 14:11:54,068 - INFO - allennlp.data.dataset_readers.reading_comprehension.squad - Reading file at data/joint_nqa_001_0.05/train-v1.1.json
2018-04-03 14:11:54,628 - INFO - allennlp.data.dataset_readers.reading_comprehension.squad - Reading the dataset
---


NUMBER OF INSTANCES: 


---- 87311
2018-04-03 14:13:29,129 - INFO - allennlp.common.params - validation_data_path = data/joint_nqa_001_0.05/dev-v1.1.json
2018-04-03 14:13:29,130 - INFO - allennlp.commands.train - Reading validation data from data/joint_nqa_001_0.05/dev-v1.1.json
2018-04-03 14:13:29,130 - INFO - allennlp.data.dataset_readers.reading_comprehension.squad - Reading file at data/joint_nqa_001_0.05/dev-v1.1.json
2018-04-03 14:13:29,155 - INFO - allennlp.data.dataset_readers.reading_comprehension.squad - Reading the dataset
Index Error
Index Error
---


NUMBER OF INSTANCES: 


---- 9873
2018-04-03 14:13:40,705 - INFO - allennlp.common.params - test_data_path = None
2018-04-03 14:13:40,705 - INFO - allennlp.commands.train - Creating a vocabulary using train, validation data.
2018-04-03 14:13:40,705 - INFO - allennlp.common.params - vocabulary.directory_path = None
2018-04-03 14:13:40,705 - INFO - allennlp.common.params - vocabulary.min_count = None
2018-04-03 14:13:40,705 - INFO - allennlp.common.params - vocabulary.max_vocab_size = None
2018-04-03 14:13:40,705 - INFO - allennlp.common.params - vocabulary.non_padded_namespaces = ('*tags', '*labels')
2018-04-03 14:13:40,705 - INFO - allennlp.common.params - vocabulary.only_include_pretrained_words = False
2018-04-03 14:13:40,705 - INFO - allennlp.data.vocabulary - Fitting token dictionary from dataset.
2018-04-03 14:17:37,182 - INFO - allennlp.common.params - model.type = bidaf
2018-04-03 14:17:37,183 - INFO - allennlp.common.params - model.text_field_embedder.type = basic
2018-04-03 14:17:37,183 - INFO - allennlp.common.params - model.text_field_embedder.tokens.type = embedding
2018-04-03 14:17:37,183 - INFO - allennlp.common.params - model.text_field_embedder.tokens.num_embeddings = None
2018-04-03 14:17:37,183 - INFO - allennlp.common.params - model.text_field_embedder.tokens.vocab_namespace = tokens
2018-04-03 14:17:37,184 - INFO - allennlp.common.params - model.text_field_embedder.tokens.embedding_dim = 100
2018-04-03 14:17:37,184 - INFO - allennlp.common.params - model.text_field_embedder.tokens.pretrained_file = https://s3-us-west-2.amazonaws.com/allennlp/datasets/glove/glove.6B.100d.txt.gz
2018-04-03 14:17:37,184 - INFO - allennlp.common.params - model.text_field_embedder.tokens.projection_dim = None
2018-04-03 14:17:37,184 - INFO - allennlp.common.params - model.text_field_embedder.tokens.trainable = False
2018-04-03 14:17:37,184 - INFO - allennlp.common.params - model.text_field_embedder.tokens.padding_index = None
2018-04-03 14:17:37,184 - INFO - allennlp.common.params - model.text_field_embedder.tokens.max_norm = None
2018-04-03 14:17:37,184 - INFO - allennlp.common.params - model.text_field_embedder.tokens.norm_type = 2.0
2018-04-03 14:17:37,184 - INFO - allennlp.common.params - model.text_field_embedder.tokens.scale_grad_by_freq = False
2018-04-03 14:17:37,184 - INFO - allennlp.common.params - model.text_field_embedder.tokens.sparse = False
2018-04-03 14:17:37,195 - INFO - allennlp.modules.token_embedders.embedding - Reading embeddings from file
2018-04-03 14:17:45,259 - INFO - allennlp.modules.token_embedders.embedding - Initializing pre-trained embedding layer
2018-04-03 14:17:46,243 - INFO - allennlp.common.params - model.text_field_embedder.token_characters.type = character_encoding
2018-04-03 14:17:46,244 - INFO - allennlp.common.params - model.text_field_embedder.token_characters.embedding.num_embeddings = 262
2018-04-03 14:17:46,244 - INFO - allennlp.common.params - model.text_field_embedder.token_characters.embedding.vocab_namespace = token_characters
2018-04-03 14:17:46,244 - INFO - allennlp.common.params - model.text_field_embedder.token_characters.embedding.embedding_dim = 16
2018-04-03 14:17:46,244 - INFO - allennlp.common.params - model.text_field_embedder.token_characters.embedding.pretrained_file = None
2018-04-03 14:17:46,244 - INFO - allennlp.common.params - model.text_field_embedder.token_characters.embedding.projection_dim = None
2018-04-03 14:17:46,244 - INFO - allennlp.common.params - model.text_field_embedder.token_characters.embedding.trainable = True
2018-04-03 14:17:46,244 - INFO - allennlp.common.params - model.text_field_embedder.token_characters.embedding.padding_index = None
2018-04-03 14:17:46,244 - INFO - allennlp.common.params - model.text_field_embedder.token_characters.embedding.max_norm = None
2018-04-03 14:17:46,244 - INFO - allennlp.common.params - model.text_field_embedder.token_characters.embedding.norm_type = 2.0
2018-04-03 14:17:46,244 - INFO - allennlp.common.params - model.text_field_embedder.token_characters.embedding.scale_grad_by_freq = False
2018-04-03 14:17:46,244 - INFO - allennlp.common.params - model.text_field_embedder.token_characters.embedding.sparse = False
2018-04-03 14:17:46,245 - INFO - allennlp.common.params - model.text_field_embedder.token_characters.encoder.type = cnn
2018-04-03 14:17:46,245 - INFO - allennlp.common.params - model.text_field_embedder.token_characters.encoder.embedding_dim = 16
2018-04-03 14:17:46,245 - INFO - allennlp.common.params - model.text_field_embedder.token_characters.encoder.output_dim = None
2018-04-03 14:17:46,245 - INFO - allennlp.common.params - model.text_field_embedder.token_characters.encoder.num_filters = 100
2018-04-03 14:17:46,245 - INFO - allennlp.common.params - model.text_field_embedder.token_characters.encoder.conv_layer_activation = relu
2018-04-03 14:17:46,246 - INFO - allennlp.common.params - model.text_field_embedder.token_characters.encoder.ngram_filter_sizes = [5]
2018-04-03 14:17:46,249 - INFO - allennlp.common.params - model.text_field_embedder.token_characters.dropout = 0.2
2018-04-03 14:17:46,250 - INFO - allennlp.common.params - model.num_highway_layers = 2
2018-04-03 14:17:46,250 - INFO - allennlp.common.params - model.phrase_layer.type = lstm
2018-04-03 14:17:46,250 - INFO - allennlp.common.params - model.phrase_layer.batch_first = True
2018-04-03 14:17:46,250 - INFO - allennlp.common.params - Converting Params object to dict; logging of default values will not occur when dictionary parameters are used subsequently.
2018-04-03 14:17:46,250 - INFO - allennlp.common.params - CURRENTLY DEFINED PARAMETERS: 
2018-04-03 14:17:46,250 - INFO - allennlp.common.params - model.phrase_layer.bidirectional = True
2018-04-03 14:17:46,250 - INFO - allennlp.common.params - model.phrase_layer.input_size = 200
2018-04-03 14:17:46,251 - INFO - allennlp.common.params - model.phrase_layer.hidden_size = 100
2018-04-03 14:17:46,251 - INFO - allennlp.common.params - model.phrase_layer.num_layers = 1
2018-04-03 14:17:46,251 - INFO - allennlp.common.params - model.phrase_layer.dropout = 0.2
2018-04-03 14:17:46,251 - INFO - allennlp.common.params - model.phrase_layer.batch_first = True
2018-04-03 14:17:46,253 - INFO - allennlp.common.params - model.similarity_function.type = linear
2018-04-03 14:17:46,253 - INFO - allennlp.common.params - model.similarity_function.tensor_1_dim = 200
2018-04-03 14:17:46,253 - INFO - allennlp.common.params - model.similarity_function.tensor_2_dim = 200
2018-04-03 14:17:46,254 - INFO - allennlp.common.params - model.similarity_function.combination = x,y,x*y
2018-04-03 14:17:46,254 - INFO - allennlp.common.params - model.similarity_function.activation = linear
2018-04-03 14:17:46,254 - INFO - allennlp.common.params - model.modeling_layer.type = lstm
2018-04-03 14:17:46,254 - INFO - allennlp.common.params - model.modeling_layer.batch_first = True
2018-04-03 14:17:46,254 - INFO - allennlp.common.params - Converting Params object to dict; logging of default values will not occur when dictionary parameters are used subsequently.
2018-04-03 14:17:46,254 - INFO - allennlp.common.params - CURRENTLY DEFINED PARAMETERS: 
2018-04-03 14:17:46,254 - INFO - allennlp.common.params - model.modeling_layer.bidirectional = True
2018-04-03 14:17:46,254 - INFO - allennlp.common.params - model.modeling_layer.input_size = 800
2018-04-03 14:17:46,254 - INFO - allennlp.common.params - model.modeling_layer.hidden_size = 100
2018-04-03 14:17:46,255 - INFO - allennlp.common.params - model.modeling_layer.num_layers = 2
2018-04-03 14:17:46,255 - INFO - allennlp.common.params - model.modeling_layer.dropout = 0.2
2018-04-03 14:17:46,255 - INFO - allennlp.common.params - model.modeling_layer.batch_first = True
2018-04-03 14:17:46,263 - INFO - allennlp.common.params - model.span_end_encoder.type = lstm
2018-04-03 14:17:46,263 - INFO - allennlp.common.params - model.span_end_encoder.batch_first = True
2018-04-03 14:17:46,263 - INFO - allennlp.common.params - Converting Params object to dict; logging of default values will not occur when dictionary parameters are used subsequently.
2018-04-03 14:17:46,263 - INFO - allennlp.common.params - CURRENTLY DEFINED PARAMETERS: 
2018-04-03 14:17:46,263 - INFO - allennlp.common.params - model.span_end_encoder.bidirectional = True
2018-04-03 14:17:46,263 - INFO - allennlp.common.params - model.span_end_encoder.input_size = 1400
2018-04-03 14:17:46,263 - INFO - allennlp.common.params - model.span_end_encoder.hidden_size = 100
2018-04-03 14:17:46,263 - INFO - allennlp.common.params - model.span_end_encoder.num_layers = 1
2018-04-03 14:17:46,263 - INFO - allennlp.common.params - model.span_end_encoder.dropout = 0.2
2018-04-03 14:17:46,263 - INFO - allennlp.common.params - model.span_end_encoder.batch_first = True
2018-04-03 14:17:46,273 - INFO - allennlp.common.params - model.dropout = 0.2
2018-04-03 14:17:46,273 - INFO - allennlp.common.params - model.initializer = []
2018-04-03 14:17:46,273 - INFO - allennlp.common.params - model.regularizer = []
2018-04-03 14:17:46,273 - INFO - allennlp.common.params - model.mask_lstms = True
2018-04-03 14:17:46,276 - INFO - allennlp.nn.initializers - Initializing parameters
2018-04-03 14:17:46,276 - INFO - allennlp.nn.initializers - Done initializing parameters; the following parameters are using their default initialization from their code
2018-04-03 14:17:46,276 - INFO - allennlp.nn.initializers -    _highway_layer._module._layers.0.bias
2018-04-03 14:17:46,276 - INFO - allennlp.nn.initializers -    _highway_layer._module._layers.0.weight
2018-04-03 14:17:46,276 - INFO - allennlp.nn.initializers -    _highway_layer._module._layers.1.bias
2018-04-03 14:17:46,276 - INFO - allennlp.nn.initializers -    _highway_layer._module._layers.1.weight
2018-04-03 14:17:46,276 - INFO - allennlp.nn.initializers -    _matrix_attention._similarity_function._bias
2018-04-03 14:17:46,276 - INFO - allennlp.nn.initializers -    _matrix_attention._similarity_function._weight_vector
2018-04-03 14:17:46,276 - INFO - allennlp.nn.initializers -    _modeling_layer._module.bias_hh_l0
2018-04-03 14:17:46,277 - INFO - allennlp.nn.initializers -    _modeling_layer._module.bias_hh_l0_reverse
2018-04-03 14:17:46,277 - INFO - allennlp.nn.initializers -    _modeling_layer._module.bias_hh_l1
2018-04-03 14:17:46,277 - INFO - allennlp.nn.initializers -    _modeling_layer._module.bias_hh_l1_reverse
2018-04-03 14:17:46,277 - INFO - allennlp.nn.initializers -    _modeling_layer._module.bias_ih_l0
2018-04-03 14:17:46,277 - INFO - allennlp.nn.initializers -    _modeling_layer._module.bias_ih_l0_reverse
2018-04-03 14:17:46,277 - INFO - allennlp.nn.initializers -    _modeling_layer._module.bias_ih_l1
2018-04-03 14:17:46,277 - INFO - allennlp.nn.initializers -    _modeling_layer._module.bias_ih_l1_reverse
2018-04-03 14:17:46,277 - INFO - allennlp.nn.initializers -    _modeling_layer._module.weight_hh_l0
2018-04-03 14:17:46,277 - INFO - allennlp.nn.initializers -    _modeling_layer._module.weight_hh_l0_reverse
2018-04-03 14:17:46,277 - INFO - allennlp.nn.initializers -    _modeling_layer._module.weight_hh_l1
2018-04-03 14:17:46,277 - INFO - allennlp.nn.initializers -    _modeling_layer._module.weight_hh_l1_reverse
2018-04-03 14:17:46,277 - INFO - allennlp.nn.initializers -    _modeling_layer._module.weight_ih_l0
2018-04-03 14:17:46,277 - INFO - allennlp.nn.initializers -    _modeling_layer._module.weight_ih_l0_reverse
2018-04-03 14:17:46,277 - INFO - allennlp.nn.initializers -    _modeling_layer._module.weight_ih_l1
2018-04-03 14:17:46,277 - INFO - allennlp.nn.initializers -    _modeling_layer._module.weight_ih_l1_reverse
2018-04-03 14:17:46,277 - INFO - allennlp.nn.initializers -    _phrase_layer._module.bias_hh_l0
2018-04-03 14:17:46,277 - INFO - allennlp.nn.initializers -    _phrase_layer._module.bias_hh_l0_reverse
2018-04-03 14:17:46,277 - INFO - allennlp.nn.initializers -    _phrase_layer._module.bias_ih_l0
2018-04-03 14:17:46,278 - INFO - allennlp.nn.initializers -    _phrase_layer._module.bias_ih_l0_reverse
2018-04-03 14:17:46,278 - INFO - allennlp.nn.initializers -    _phrase_layer._module.weight_hh_l0
2018-04-03 14:17:46,278 - INFO - allennlp.nn.initializers -    _phrase_layer._module.weight_hh_l0_reverse
2018-04-03 14:17:46,278 - INFO - allennlp.nn.initializers -    _phrase_layer._module.weight_ih_l0
2018-04-03 14:17:46,278 - INFO - allennlp.nn.initializers -    _phrase_layer._module.weight_ih_l0_reverse
2018-04-03 14:17:46,278 - INFO - allennlp.nn.initializers -    _span_end_encoder._module.bias_hh_l0
2018-04-03 14:17:46,278 - INFO - allennlp.nn.initializers -    _span_end_encoder._module.bias_hh_l0_reverse
2018-04-03 14:17:46,278 - INFO - allennlp.nn.initializers -    _span_end_encoder._module.bias_ih_l0
2018-04-03 14:17:46,278 - INFO - allennlp.nn.initializers -    _span_end_encoder._module.bias_ih_l0_reverse
2018-04-03 14:17:46,278 - INFO - allennlp.nn.initializers -    _span_end_encoder._module.weight_hh_l0
2018-04-03 14:17:46,278 - INFO - allennlp.nn.initializers -    _span_end_encoder._module.weight_hh_l0_reverse
2018-04-03 14:17:46,278 - INFO - allennlp.nn.initializers -    _span_end_encoder._module.weight_ih_l0
2018-04-03 14:17:46,278 - INFO - allennlp.nn.initializers -    _span_end_encoder._module.weight_ih_l0_reverse
2018-04-03 14:17:46,278 - INFO - allennlp.nn.initializers -    _span_end_predictor._module.bias
2018-04-03 14:17:46,278 - INFO - allennlp.nn.initializers -    _span_end_predictor._module.weight
2018-04-03 14:17:46,278 - INFO - allennlp.nn.initializers -    _span_start_predictor._module.bias
2018-04-03 14:17:46,278 - INFO - allennlp.nn.initializers -    _span_start_predictor._module.weight
2018-04-03 14:17:46,279 - INFO - allennlp.nn.initializers -    _text_field_embedder.token_embedder_token_characters._embedding._module.weight
2018-04-03 14:17:46,279 - INFO - allennlp.nn.initializers -    _text_field_embedder.token_embedder_token_characters._encoder._module.conv_layer_0.bias
2018-04-03 14:17:46,279 - INFO - allennlp.nn.initializers -    _text_field_embedder.token_embedder_token_characters._encoder._module.conv_layer_0.weight
2018-04-03 14:17:46,279 - INFO - allennlp.nn.initializers -    _text_field_embedder.token_embedder_tokens.weight
2018-04-03 14:17:46,279 - INFO - allennlp.common.params - iterator.type = bucket
2018-04-03 14:17:46,279 - INFO - allennlp.common.params - iterator.sorting_keys = [['passage', 'num_tokens'], ['question', 'num_tokens']]
2018-04-03 14:17:46,279 - INFO - allennlp.common.params - iterator.padding_noise = 0.1
2018-04-03 14:17:46,279 - INFO - allennlp.common.params - iterator.biggest_batch_first = False
2018-04-03 14:17:46,279 - INFO - allennlp.common.params - iterator.batch_size = 10
2018-04-03 14:17:46,279 - INFO - allennlp.common.params - iterator.instances_per_epoch = None
2018-04-03 14:17:46,279 - INFO - allennlp.common.params - iterator.max_instances_in_memory = None
2018-04-03 14:17:46,280 - INFO - allennlp.common.params - trainer.patience = 10
2018-04-03 14:17:46,280 - INFO - allennlp.common.params - trainer.validation_metric = +em
2018-04-03 14:17:46,280 - INFO - allennlp.common.params - trainer.num_epochs = 20
2018-04-03 14:17:46,280 - INFO - allennlp.common.params - trainer.cuda_device = 0
2018-04-03 14:17:46,280 - INFO - allennlp.common.params - trainer.grad_norm = 5.0
2018-04-03 14:17:46,280 - INFO - allennlp.common.params - trainer.grad_clipping = None
2018-04-03 14:17:59,113 - INFO - allennlp.common.params - trainer.optimizer.type = adam
2018-04-03 14:17:59,328 - INFO - allennlp.common.params - trainer.optimizer.parameter_groups = None
2018-04-03 14:17:59,329 - INFO - allennlp.common.params - Converting Params object to dict; logging of default values will not occur when dictionary parameters are used subsequently.
2018-04-03 14:17:59,329 - INFO - allennlp.common.params - CURRENTLY DEFINED PARAMETERS: 
2018-04-03 14:17:59,329 - INFO - allennlp.common.params - trainer.optimizer.betas = [0.9, 0.9]
2018-04-03 14:17:59,329 - INFO - allennlp.common.params - trainer.learning_rate_scheduler.type = reduce_on_plateau
2018-04-03 14:17:59,330 - INFO - allennlp.common.params - Converting Params object to dict; logging of default values will not occur when dictionary parameters are used subsequently.
2018-04-03 14:17:59,330 - INFO - allennlp.common.params - CURRENTLY DEFINED PARAMETERS: 
2018-04-03 14:17:59,330 - INFO - allennlp.common.params - trainer.learning_rate_scheduler.factor = 0.5
2018-04-03 14:17:59,330 - INFO - allennlp.common.params - trainer.learning_rate_scheduler.mode = max
2018-04-03 14:17:59,330 - INFO - allennlp.common.params - trainer.learning_rate_scheduler.patience = 2
2018-04-03 14:17:59,330 - INFO - allennlp.common.params - trainer.num_serialized_models_to_keep = None
2018-04-03 14:17:59,331 - INFO - allennlp.common.params - trainer.keep_serialized_model_every_num_seconds = None
2018-04-03 14:17:59,331 - INFO - allennlp.common.params - trainer.model_save_interval = None
2018-04-03 14:17:59,331 - INFO - allennlp.common.params - trainer.summary_interval = 100
2018-04-03 14:17:59,331 - INFO - allennlp.common.params - trainer.histogram_interval = None
2018-04-03 14:17:59,362 - INFO - allennlp.common.params - evaluate_on_test = False
2018-04-03 14:17:59,365 - INFO - allennlp.training.trainer - Beginning training.
2018-04-03 14:17:59,365 - INFO - allennlp.training.trainer - Epoch 0/19
2018-04-03 14:17:59,365 - INFO - allennlp.training.trainer - Peak CPU memory usage MB: 6988.252
2018-04-03 14:17:59,599 - INFO - allennlp.training.trainer - GPU 0 memory usage MB: 450
2018-04-03 14:17:59,599 - INFO - allennlp.training.trainer - GPU 1 memory usage MB: 10233
2018-04-03 14:17:59,599 - INFO - allennlp.training.trainer - GPU 2 memory usage MB: 11
2018-04-03 14:17:59,599 - INFO - allennlp.training.trainer - GPU 3 memory usage MB: 450
2018-04-03 14:17:59,600 - INFO - allennlp.training.trainer - Training
2018-04-03 15:03:54,334 - INFO - allennlp.training.trainer - Validating
2018-04-03 15:06:27,207 - INFO - allennlp.training.trainer - Best validation performance so far. Copying weights to 'output/joint_001_0.02/best.th'.
2018-04-03 15:06:29,948 - INFO - allennlp.training.trainer - Training end_acc : 0.380582    Validation end_acc : 0.554138 
2018-04-03 15:06:29,950 - INFO - allennlp.training.trainer - Training loss : 5.141512    Validation loss : 3.551357 
2018-04-03 15:06:29,950 - INFO - allennlp.training.trainer - Training f1 : 0.422674    Validation f1 : 0.610103 
2018-04-03 15:06:29,950 - INFO - allennlp.training.trainer - Training start_acc : 0.345798    Validation start_acc : 0.500355 
2018-04-03 15:06:29,950 - INFO - allennlp.training.trainer - Training span_acc : 0.263369    Validation span_acc : 0.402005 
2018-04-03 15:06:29,950 - INFO - allennlp.training.trainer - Training em : 0.295850    Validation em : 0.449711 
2018-04-03 15:06:29,951 - INFO - allennlp.training.trainer - Epoch duration: 00:48:30
2018-04-03 15:06:29,951 - INFO - allennlp.training.trainer - Estimated training time remaining: 15:21:41
2018-04-03 15:06:29,951 - INFO - allennlp.training.trainer - Epoch 1/19
2018-04-03 15:06:29,951 - INFO - allennlp.training.trainer - Peak CPU memory usage MB: 10266.332
2018-04-03 15:06:31,242 - INFO - allennlp.training.trainer - GPU 0 memory usage MB: 11339
2018-04-03 15:06:31,242 - INFO - allennlp.training.trainer - GPU 1 memory usage MB: 10233
2018-04-03 15:06:31,243 - INFO - allennlp.training.trainer - GPU 2 memory usage MB: 7316
2018-04-03 15:06:31,243 - INFO - allennlp.training.trainer - GPU 3 memory usage MB: 4108
2018-04-03 15:06:31,245 - INFO - allennlp.training.trainer - Training
2018-04-03 15:52:08,521 - INFO - allennlp.training.trainer - Validating
2018-04-03 15:54:10,382 - INFO - allennlp.training.trainer - Best validation performance so far. Copying weights to 'output/joint_001_0.02/best.th'.
2018-04-03 15:54:11,064 - INFO - allennlp.training.trainer - Training end_acc : 0.556997    Validation end_acc : 0.584017 
2018-04-03 15:54:11,065 - INFO - allennlp.training.trainer - Training loss : 3.544638    Validation loss : 3.224299 
2018-04-03 15:54:11,065 - INFO - allennlp.training.trainer - Training f1 : 0.616431    Validation f1 : 0.644611 
2018-04-03 15:54:11,065 - INFO - allennlp.training.trainer - Training start_acc : 0.516728    Validation start_acc : 0.543199 
2018-04-03 15:54:11,066 - INFO - allennlp.training.trainer - Training span_acc : 0.418859    Validation span_acc : 0.440596 
2018-04-03 15:54:11,066 - INFO - allennlp.training.trainer - Training em : 0.468589    Validation em : 0.488909 
2018-04-03 15:54:11,066 - INFO - allennlp.training.trainer - Epoch duration: 00:47:41
2018-04-03 15:54:11,066 - INFO - allennlp.training.trainer - Estimated training time remaining: 14:25:45
2018-04-03 15:54:11,066 - INFO - allennlp.training.trainer - Epoch 2/19
2018-04-03 15:54:11,066 - INFO - allennlp.training.trainer - Peak CPU memory usage MB: 10285.072
2018-04-03 15:54:11,381 - INFO - allennlp.training.trainer - GPU 0 memory usage MB: 4819
2018-04-03 15:54:11,381 - INFO - allennlp.training.trainer - GPU 1 memory usage MB: 10233
2018-04-03 15:54:11,381 - INFO - allennlp.training.trainer - GPU 2 memory usage MB: 10177
2018-04-03 15:54:11,382 - INFO - allennlp.training.trainer - GPU 3 memory usage MB: 7575
2018-04-03 15:54:11,383 - INFO - allennlp.training.trainer - Training
2018-04-03 16:41:23,911 - INFO - allennlp.training.trainer - Validating
2018-04-03 16:43:28,008 - INFO - allennlp.training.trainer - Best validation performance so far. Copying weights to 'output/joint_001_0.02/best.th'.
2018-04-03 16:43:29,451 - INFO - allennlp.training.trainer - Training end_acc : 0.589067    Validation end_acc : 0.601742 
2018-04-03 16:43:29,451 - INFO - allennlp.training.trainer - Training loss : 3.257595    Validation loss : 3.148109 
2018-04-03 16:43:29,451 - INFO - allennlp.training.trainer - Training f1 : 0.649511    Validation f1 : 0.655107 
2018-04-03 16:43:29,452 - INFO - allennlp.training.trainer - Training start_acc : 0.547022    Validation start_acc : 0.550187 
2018-04-03 16:43:29,452 - INFO - allennlp.training.trainer - Training span_acc : 0.448397    Validation span_acc : 0.455687 
2018-04-03 16:43:29,452 - INFO - allennlp.training.trainer - Training em : 0.501220    Validation em : 0.506027 
2018-04-03 16:43:29,453 - INFO - allennlp.training.trainer - Epoch duration: 00:49:18
2018-04-03 16:43:29,453 - INFO - allennlp.training.trainer - Estimated training time remaining: 13:44:30
2018-04-03 16:43:29,453 - INFO - allennlp.training.trainer - Epoch 3/19
2018-04-03 16:43:29,454 - INFO - allennlp.training.trainer - Peak CPU memory usage MB: 10303.14
2018-04-03 16:43:30,058 - INFO - allennlp.training.trainer - GPU 0 memory usage MB: 7575
2018-04-03 16:43:30,058 - INFO - allennlp.training.trainer - GPU 1 memory usage MB: 10233
2018-04-03 16:43:30,058 - INFO - allennlp.training.trainer - GPU 2 memory usage MB: 10179
2018-04-03 16:43:30,058 - INFO - allennlp.training.trainer - GPU 3 memory usage MB: 7575
2018-04-03 16:43:30,060 - INFO - allennlp.training.trainer - Training
2018-04-03 17:28:15,185 - INFO - allennlp.training.trainer - Validating
2018-04-03 17:30:16,411 - INFO - allennlp.training.trainer - Best validation performance so far. Copying weights to 'output/joint_001_0.02/best.th'.
2018-04-03 17:30:16,959 - INFO - allennlp.training.trainer - Training end_acc : 0.604643    Validation end_acc : 0.605996 
2018-04-03 17:30:16,959 - INFO - allennlp.training.trainer - Training loss : 3.097148    Validation loss : 3.161614 
2018-04-03 17:30:16,960 - INFO - allennlp.training.trainer - Training f1 : 0.668214    Validation f1 : 0.660609 
2018-04-03 17:30:16,960 - INFO - allennlp.training.trainer - Training start_acc : 0.567305    Validation start_acc : 0.557986 
2018-04-03 17:30:16,960 - INFO - allennlp.training.trainer - Training span_acc : 0.467662    Validation span_acc : 0.462271 
2018-04-03 17:30:16,960 - INFO - allennlp.training.trainer - Training em : 0.519797    Validation em : 0.511395 
2018-04-03 17:30:16,961 - INFO - allennlp.training.trainer - Epoch duration: 00:46:47
2018-04-03 17:30:16,961 - INFO - allennlp.training.trainer - Estimated training time remaining: 12:49:10
2018-04-03 17:30:16,961 - INFO - allennlp.training.trainer - Epoch 4/19
2018-04-03 17:30:16,961 - INFO - allennlp.training.trainer - Peak CPU memory usage MB: 10320.156
2018-04-03 17:30:17,344 - INFO - allennlp.training.trainer - GPU 0 memory usage MB: 7576
2018-04-03 17:30:17,344 - INFO - allennlp.training.trainer - GPU 1 memory usage MB: 10233
2018-04-03 17:30:17,344 - INFO - allennlp.training.trainer - GPU 2 memory usage MB: 10179
2018-04-03 17:30:17,344 - INFO - allennlp.training.trainer - GPU 3 memory usage MB: 7576
2018-04-03 17:30:17,346 - INFO - allennlp.training.trainer - Training
2018-04-03 18:12:39,179 - INFO - allennlp.training.trainer - Validating
2018-04-03 18:14:43,109 - INFO - allennlp.training.trainer - Training end_acc : 0.617849    Validation end_acc : 0.602958 
2018-04-03 18:14:43,112 - INFO - allennlp.training.trainer - Training loss : 3.011603    Validation loss : 3.143705 
2018-04-03 18:14:43,112 - INFO - allennlp.training.trainer - Training f1 : 0.680185    Validation f1 : 0.663694 
2018-04-03 18:14:43,112 - INFO - allennlp.training.trainer - Training start_acc : 0.578335    Validation start_acc : 0.558088 
2018-04-03 18:14:43,112 - INFO - allennlp.training.trainer - Training span_acc : 0.480066    Validation span_acc : 0.459435 
2018-04-03 18:14:43,113 - INFO - allennlp.training.trainer - Training em : 0.533404    Validation em : 0.506027 
2018-04-03 18:14:43,113 - INFO - allennlp.training.trainer - Epoch duration: 00:44:26
2018-04-03 18:14:43,113 - INFO - allennlp.training.trainer - Estimated training time remaining: 11:50:11
2018-04-03 18:14:43,113 - INFO - allennlp.training.trainer - Epoch 5/19
2018-04-03 18:14:43,113 - INFO - allennlp.training.trainer - Peak CPU memory usage MB: 10335.208
2018-04-03 18:14:43,517 - INFO - allennlp.training.trainer - GPU 0 memory usage MB: 10404
2018-04-03 18:14:43,518 - INFO - allennlp.training.trainer - GPU 1 memory usage MB: 10233
2018-04-03 18:14:43,518 - INFO - allennlp.training.trainer - GPU 2 memory usage MB: 10179
2018-04-03 18:14:43,518 - INFO - allennlp.training.trainer - GPU 3 memory usage MB: 10404
2018-04-03 18:14:43,520 - INFO - allennlp.training.trainer - Training
2018-04-03 18:57:34,580 - INFO - allennlp.training.trainer - Validating
2018-04-03 18:59:37,553 - INFO - allennlp.training.trainer - Best validation performance so far. Copying weights to 'output/joint_001_0.02/best.th'.
2018-04-03 18:59:39,032 - INFO - allennlp.training.trainer - Training end_acc : 0.625477    Validation end_acc : 0.607110 
2018-04-03 18:59:39,032 - INFO - allennlp.training.trainer - Training loss : 2.957236    Validation loss : 3.153773 
2018-04-03 18:59:39,032 - INFO - allennlp.training.trainer - Training f1 : 0.688057    Validation f1 : 0.671593 
2018-04-03 18:59:39,033 - INFO - allennlp.training.trainer - Training start_acc : 0.585654    Validation start_acc : 0.570242 
2018-04-03 18:59:39,033 - INFO - allennlp.training.trainer - Training span_acc : 0.487109    Validation span_acc : 0.466727 
2018-04-03 18:59:39,033 - INFO - allennlp.training.trainer - Training em : 0.541329    Validation em : 0.517573 
2018-04-03 18:59:39,033 - INFO - allennlp.training.trainer - Epoch duration: 00:44:55
2018-04-03 18:59:39,034 - INFO - allennlp.training.trainer - Estimated training time remaining: 10:57:12
2018-04-03 18:59:39,034 - INFO - allennlp.training.trainer - Epoch 6/19
2018-04-03 18:59:39,034 - INFO - allennlp.training.trainer - Peak CPU memory usage MB: 10351.132
2018-04-03 18:59:39,425 - INFO - allennlp.training.trainer - GPU 0 memory usage MB: 10404
2018-04-03 18:59:39,426 - INFO - allennlp.training.trainer - GPU 1 memory usage MB: 10233
2018-04-03 18:59:39,426 - INFO - allennlp.training.trainer - GPU 2 memory usage MB: 10179
2018-04-03 18:59:39,426 - INFO - allennlp.training.trainer - GPU 3 memory usage MB: 10404
2018-04-03 18:59:39,428 - INFO - allennlp.training.trainer - Training
2018-04-03 19:45:21,072 - INFO - allennlp.training.trainer - Validating
2018-04-03 19:47:24,013 - INFO - allennlp.training.trainer - Training end_acc : 0.627905    Validation end_acc : 0.608731 
2018-04-03 19:47:24,015 - INFO - allennlp.training.trainer - Training loss : 2.947658    Validation loss : 3.147116 
2018-04-03 19:47:24,015 - INFO - allennlp.training.trainer - Training f1 : 0.691125    Validation f1 : 0.667910 
2018-04-03 19:47:24,015 - INFO - allennlp.training.trainer - Training start_acc : 0.589273    Validation start_acc : 0.564165 
2018-04-03 19:47:24,015 - INFO - allennlp.training.trainer - Training span_acc : 0.488197    Validation span_acc : 0.467234 
2018-04-03 19:47:24,016 - INFO - allennlp.training.trainer - Training em : 0.541936    Validation em : 0.516155 
2018-04-03 19:47:24,016 - INFO - allennlp.training.trainer - Epoch duration: 00:47:44
2018-04-03 19:47:24,016 - INFO - allennlp.training.trainer - Estimated training time remaining: 10:11:45
2018-04-03 19:47:24,016 - INFO - allennlp.training.trainer - Epoch 7/19
2018-04-03 19:47:24,016 - INFO - allennlp.training.trainer - Peak CPU memory usage MB: 10368.756
2018-04-03 19:47:24,450 - INFO - allennlp.training.trainer - GPU 0 memory usage MB: 10404
2018-04-03 19:47:24,451 - INFO - allennlp.training.trainer - GPU 1 memory usage MB: 10233
2018-04-03 19:47:24,451 - INFO - allennlp.training.trainer - GPU 2 memory usage MB: 10179
2018-04-03 19:47:24,451 - INFO - allennlp.training.trainer - GPU 3 memory usage MB: 10404
2018-04-03 19:47:24,452 - INFO - allennlp.training.trainer - Training
2018-04-03 20:32:35,029 - INFO - allennlp.training.trainer - Validating
2018-04-03 20:34:41,264 - INFO - allennlp.training.trainer - Training end_acc : 0.632131    Validation end_acc : 0.604781 
2018-04-03 20:34:41,275 - INFO - allennlp.training.trainer - Training loss : 2.931859    Validation loss : 3.222046 
2018-04-03 20:34:41,277 - INFO - allennlp.training.trainer - Training f1 : 0.695047    Validation f1 : 0.666590 
2018-04-03 20:34:41,277 - INFO - allennlp.training.trainer - Training start_acc : 0.592904    Validation start_acc : 0.560721 
2018-04-03 20:34:41,277 - INFO - allennlp.training.trainer - Training span_acc : 0.493409    Validation span_acc : 0.460043 
2018-04-03 20:34:41,277 - INFO - allennlp.training.trainer - Training em : 0.547319    Validation em : 0.510686 
2018-04-03 20:34:41,277 - INFO - allennlp.training.trainer - Epoch duration: 00:47:17
2018-04-03 20:34:41,277 - INFO - allennlp.training.trainer - Estimated training time remaining: 09:25:02
2018-04-03 20:34:41,277 - INFO - allennlp.training.trainer - Epoch 8/19
2018-04-03 20:34:41,278 - INFO - allennlp.training.trainer - Peak CPU memory usage MB: 10383.708
2018-04-03 20:34:41,737 - INFO - allennlp.training.trainer - GPU 0 memory usage MB: 10404
2018-04-03 20:34:41,737 - INFO - allennlp.training.trainer - GPU 1 memory usage MB: 10328
2018-04-03 20:34:41,738 - INFO - allennlp.training.trainer - GPU 2 memory usage MB: 10179
2018-04-03 20:34:41,738 - INFO - allennlp.training.trainer - GPU 3 memory usage MB: 10404
2018-04-03 20:34:41,739 - INFO - allennlp.training.trainer - Training
2018-04-03 21:20:32,981 - INFO - allennlp.training.trainer - Validating
2018-04-03 21:22:36,525 - INFO - allennlp.training.trainer - Training end_acc : 0.631673    Validation end_acc : 0.607110 
2018-04-03 21:22:36,526 - INFO - allennlp.training.trainer - Training loss : 2.958737    Validation loss : 3.161623 
2018-04-03 21:22:36,527 - INFO - allennlp.training.trainer - Training f1 : 0.694311    Validation f1 : 0.668544 
2018-04-03 21:22:36,527 - INFO - allennlp.training.trainer - Training start_acc : 0.592583    Validation start_acc : 0.565482 
2018-04-03 21:22:36,527 - INFO - allennlp.training.trainer - Training span_acc : 0.492435    Validation span_acc : 0.460853 
2018-04-03 21:22:36,527 - INFO - allennlp.training.trainer - Training em : 0.546403    Validation em : 0.511699 
2018-04-03 21:22:36,527 - INFO - allennlp.training.trainer - Epoch duration: 00:47:55
2018-04-03 21:22:36,528 - INFO - allennlp.training.trainer - Estimated training time remaining: 08:38:58
2018-04-03 21:22:36,528 - INFO - allennlp.training.trainer - Epoch 9/19
2018-04-03 21:22:36,528 - INFO - allennlp.training.trainer - Peak CPU memory usage MB: 10400.636
2018-04-03 21:22:36,998 - INFO - allennlp.training.trainer - GPU 0 memory usage MB: 10404
2018-04-03 21:22:36,998 - INFO - allennlp.training.trainer - GPU 1 memory usage MB: 10328
2018-04-03 21:22:36,998 - INFO - allennlp.training.trainer - GPU 2 memory usage MB: 10179
2018-04-03 21:22:36,998 - INFO - allennlp.training.trainer - GPU 3 memory usage MB: 10404
2018-04-03 21:22:37,000 - INFO - allennlp.training.trainer - Training
2018-04-03 22:06:45,291 - INFO - allennlp.training.trainer - Validating
2018-04-03 22:08:53,157 - INFO - allennlp.training.trainer - Best validation performance so far. Copying weights to 'output/joint_001_0.02/best.th'.
2018-04-03 22:08:55,136 - INFO - allennlp.training.trainer - Training end_acc : 0.661635    Validation end_acc : 0.616631 
2018-04-03 22:08:55,137 - INFO - allennlp.training.trainer - Training loss : 2.694987    Validation loss : 3.217491 
2018-04-03 22:08:55,137 - INFO - allennlp.training.trainer - Training f1 : 0.723985    Validation f1 : 0.678215 
2018-04-03 22:08:55,137 - INFO - allennlp.training.trainer - Training start_acc : 0.620495    Validation start_acc : 0.572268 
2018-04-03 22:08:55,137 - INFO - allennlp.training.trainer - Training span_acc : 0.520404    Validation span_acc : 0.477059 
2018-04-03 22:08:55,137 - INFO - allennlp.training.trainer - Training em : 0.576136    Validation em : 0.527094 
2018-04-03 22:08:55,138 - INFO - allennlp.training.trainer - Epoch duration: 00:46:18
2018-04-03 22:08:55,138 - INFO - allennlp.training.trainer - Estimated training time remaining: 07:50:55
2018-04-03 22:08:55,138 - INFO - allennlp.training.trainer - Epoch 10/19
2018-04-03 22:08:55,138 - INFO - allennlp.training.trainer - Peak CPU memory usage MB: 10416.08
2018-04-03 22:08:55,627 - INFO - allennlp.training.trainer - GPU 0 memory usage MB: 10404
2018-04-03 22:08:55,627 - INFO - allennlp.training.trainer - GPU 1 memory usage MB: 10328
2018-04-03 22:08:55,627 - INFO - allennlp.training.trainer - GPU 2 memory usage MB: 10179
2018-04-03 22:08:55,627 - INFO - allennlp.training.trainer - GPU 3 memory usage MB: 10404
2018-04-03 22:08:55,629 - INFO - allennlp.training.trainer - Training
2018-04-03 22:54:17,473 - INFO - allennlp.training.trainer - Validating
2018-04-03 22:56:20,051 - INFO - allennlp.training.trainer - Training end_acc : 0.672882    Validation end_acc : 0.616834 
2018-04-03 22:56:20,053 - INFO - allennlp.training.trainer - Training loss : 2.632505    Validation loss : 3.325198 
2018-04-03 22:56:20,053 - INFO - allennlp.training.trainer - Training f1 : 0.734776    Validation f1 : 0.676214 
2018-04-03 22:56:20,053 - INFO - allennlp.training.trainer - Training start_acc : 0.633357    Validation start_acc : 0.574192 
2018-04-03 22:56:20,053 - INFO - allennlp.training.trainer - Training span_acc : 0.533862    Validation span_acc : 0.475033 
2018-04-03 22:56:20,053 - INFO - allennlp.training.trainer - Training em : 0.588757    Validation em : 0.523245 
2018-04-03 22:56:20,053 - INFO - allennlp.training.trainer - Epoch duration: 00:47:24
2018-04-03 22:56:20,053 - INFO - allennlp.training.trainer - Estimated training time remaining: 07:04:06
2018-04-03 22:56:20,054 - INFO - allennlp.training.trainer - Epoch 11/19
2018-04-03 22:56:20,054 - INFO - allennlp.training.trainer - Peak CPU memory usage MB: 10432.744
2018-04-03 22:56:20,436 - INFO - allennlp.training.trainer - GPU 0 memory usage MB: 10404
2018-04-03 22:56:20,436 - INFO - allennlp.training.trainer - GPU 1 memory usage MB: 10328
2018-04-03 22:56:20,436 - INFO - allennlp.training.trainer - GPU 2 memory usage MB: 10179
2018-04-03 22:56:20,436 - INFO - allennlp.training.trainer - GPU 3 memory usage MB: 10404
2018-04-03 22:56:20,438 - INFO - allennlp.training.trainer - Training
2018-04-03 23:41:25,619 - INFO - allennlp.training.trainer - Validating
2018-04-03 23:43:31,223 - INFO - allennlp.training.trainer - Training end_acc : 0.679204    Validation end_acc : 0.608630 
2018-04-03 23:43:31,225 - INFO - allennlp.training.trainer - Training loss : 2.593031    Validation loss : 3.249496 
2018-04-03 23:43:31,225 - INFO - allennlp.training.trainer - Training f1 : 0.741043    Validation f1 : 0.670295 
2018-04-03 23:43:31,225 - INFO - allennlp.training.trainer - Training start_acc : 0.639770    Validation start_acc : 0.569229 
2018-04-03 23:43:31,225 - INFO - allennlp.training.trainer - Training span_acc : 0.539909    Validation span_acc : 0.468044 
2018-04-03 23:43:31,226 - INFO - allennlp.training.trainer - Training em : 0.595091    Validation em : 0.515649 
2018-04-03 23:43:31,226 - INFO - allennlp.training.trainer - Epoch duration: 00:47:11
2018-04-03 23:43:31,226 - INFO - allennlp.training.trainer - Estimated training time remaining: 06:17:01
2018-04-03 23:43:31,226 - INFO - allennlp.training.trainer - Epoch 12/19
2018-04-03 23:43:31,226 - INFO - allennlp.training.trainer - Peak CPU memory usage MB: 10449.276
2018-04-03 23:43:31,601 - INFO - allennlp.training.trainer - GPU 0 memory usage MB: 10404
2018-04-03 23:43:31,601 - INFO - allennlp.training.trainer - GPU 1 memory usage MB: 10328
2018-04-03 23:43:31,601 - INFO - allennlp.training.trainer - GPU 2 memory usage MB: 10179
2018-04-03 23:43:31,601 - INFO - allennlp.training.trainer - GPU 3 memory usage MB: 10404
2018-04-03 23:43:31,603 - INFO - allennlp.training.trainer - Training
2018-04-04 00:26:55,926 - INFO - allennlp.training.trainer - Validating
2018-04-04 00:29:05,467 - INFO - allennlp.training.trainer - Training end_acc : 0.682503    Validation end_acc : 0.613289 
2018-04-04 00:29:05,469 - INFO - allennlp.training.trainer - Training loss : 2.557395    Validation loss : 3.274430 
2018-04-04 00:29:05,469 - INFO - allennlp.training.trainer - Training f1 : 0.743586    Validation f1 : 0.675508 
2018-04-04 00:29:05,470 - INFO - allennlp.training.trainer - Training start_acc : 0.645050    Validation start_acc : 0.569634 
2018-04-04 00:29:05,470 - INFO - allennlp.training.trainer - Training span_acc : 0.543895    Validation span_acc : 0.466829 
2018-04-04 00:29:05,470 - INFO - allennlp.training.trainer - Training em : 0.598745    Validation em : 0.518181 
2018-04-04 00:29:05,470 - INFO - allennlp.training.trainer - Epoch duration: 00:45:34
2018-04-04 00:29:05,470 - INFO - allennlp.training.trainer - Estimated training time remaining: 05:29:03
2018-04-04 00:29:05,470 - INFO - allennlp.training.trainer - Epoch 13/19
2018-04-04 00:29:05,471 - INFO - allennlp.training.trainer - Peak CPU memory usage MB: 10466.776
2018-04-04 00:29:05,880 - INFO - allennlp.training.trainer - GPU 0 memory usage MB: 10404
2018-04-04 00:29:05,880 - INFO - allennlp.training.trainer - GPU 1 memory usage MB: 10328
2018-04-04 00:29:05,880 - INFO - allennlp.training.trainer - GPU 2 memory usage MB: 10179
2018-04-04 00:29:05,880 - INFO - allennlp.training.trainer - GPU 3 memory usage MB: 10404
2018-04-04 00:29:05,882 - INFO - allennlp.training.trainer - Training
2018-04-04 01:13:58,415 - INFO - allennlp.training.trainer - Validating
2018-04-04 01:15:55,832 - INFO - allennlp.training.trainer - Training end_acc : 0.704413    Validation end_acc : 0.616733 
2018-04-04 01:15:55,833 - INFO - allennlp.training.trainer - Training loss : 2.390813    Validation loss : 3.400642 
2018-04-04 01:15:55,833 - INFO - allennlp.training.trainer - Training f1 : 0.765751    Validation f1 : 0.676324 
2018-04-04 01:15:55,834 - INFO - allennlp.training.trainer - Training start_acc : 0.665540    Validation start_acc : 0.576117 
2018-04-04 01:15:55,834 - INFO - allennlp.training.trainer - Training span_acc : 0.565794    Validation span_acc : 0.477565 
2018-04-04 01:15:55,834 - INFO - allennlp.training.trainer - Training em : 0.622132    Validation em : 0.525676 
2018-04-04 01:15:55,835 - INFO - allennlp.training.trainer - Epoch duration: 00:46:50
2018-04-04 01:15:55,835 - INFO - allennlp.training.trainer - Estimated training time remaining: 04:41:58
2018-04-04 01:15:55,835 - INFO - allennlp.training.trainer - Epoch 14/19
2018-04-04 01:15:55,835 - INFO - allennlp.training.trainer - Peak CPU memory usage MB: 10481.052
2018-04-04 01:15:56,235 - INFO - allennlp.training.trainer - GPU 0 memory usage MB: 10404
2018-04-04 01:15:56,236 - INFO - allennlp.training.trainer - GPU 1 memory usage MB: 1
2018-04-04 01:15:56,236 - INFO - allennlp.training.trainer - GPU 2 memory usage MB: 10179
2018-04-04 01:15:56,236 - INFO - allennlp.training.trainer - GPU 3 memory usage MB: 10404
2018-04-04 01:15:56,238 - INFO - allennlp.training.trainer - Training
2018-04-04 02:04:53,858 - INFO - allennlp.training.trainer - Validating
2018-04-04 02:06:50,863 - INFO - allennlp.training.trainer - Best validation performance so far. Copying weights to 'output/joint_001_0.02/best.th'.
2018-04-04 02:06:52,011 - INFO - allennlp.training.trainer - Training end_acc : 0.711674    Validation end_acc : 0.621797 
2018-04-04 02:06:52,012 - INFO - allennlp.training.trainer - Training loss : 2.309840    Validation loss : 3.422750 
2018-04-04 02:06:52,013 - INFO - allennlp.training.trainer - Training f1 : 0.772022    Validation f1 : 0.680550 
2018-04-04 02:06:52,014 - INFO - allennlp.training.trainer - Training start_acc : 0.673432    Validation start_acc : 0.573179 
2018-04-04 02:06:52,014 - INFO - allennlp.training.trainer - Training span_acc : 0.573673    Validation span_acc : 0.477768 
2018-04-04 02:06:52,014 - INFO - allennlp.training.trainer - Training em : 0.628855    Validation em : 0.528816 
2018-04-04 02:06:52,014 - INFO - allennlp.training.trainer - Epoch duration: 00:50:56
2018-04-04 02:06:52,014 - INFO - allennlp.training.trainer - Estimated training time remaining: 03:56:17
2018-04-04 02:06:52,014 - INFO - allennlp.training.trainer - Epoch 15/19
2018-04-04 02:06:52,014 - INFO - allennlp.training.trainer - Peak CPU memory usage MB: 10498.916
2018-04-04 02:06:52,391 - INFO - allennlp.training.trainer - GPU 0 memory usage MB: 10404
2018-04-04 02:06:52,392 - INFO - allennlp.training.trainer - GPU 1 memory usage MB: 1
2018-04-04 02:06:52,392 - INFO - allennlp.training.trainer - GPU 2 memory usage MB: 10179
2018-04-04 02:06:52,392 - INFO - allennlp.training.trainer - GPU 3 memory usage MB: 10404
2018-04-04 02:06:52,394 - INFO - allennlp.training.trainer - Training
2018-04-04 02:55:57,471 - INFO - allennlp.training.trainer - Validating
2018-04-04 02:57:55,144 - INFO - allennlp.training.trainer - Training end_acc : 0.715477    Validation end_acc : 0.615112 
2018-04-04 02:57:55,146 - INFO - allennlp.training.trainer - Training loss : 2.277343    Validation loss : 3.468408 
2018-04-04 02:57:55,146 - INFO - allennlp.training.trainer - Training f1 : 0.772922    Validation f1 : 0.680985 
2018-04-04 02:57:55,147 - INFO - allennlp.training.trainer - Training start_acc : 0.674165    Validation start_acc : 0.576015 
2018-04-04 02:57:55,147 - INFO - allennlp.training.trainer - Training span_acc : 0.574716    Validation span_acc : 0.476248 
2018-04-04 02:57:55,147 - INFO - allennlp.training.trainer - Training em : 0.629955    Validation em : 0.526486 
2018-04-04 02:57:55,147 - INFO - allennlp.training.trainer - Epoch duration: 00:51:03
2018-04-04 02:57:55,147 - INFO - allennlp.training.trainer - Estimated training time remaining: 03:09:58
2018-04-04 02:57:55,147 - INFO - allennlp.training.trainer - Epoch 16/19
2018-04-04 02:57:55,148 - INFO - allennlp.training.trainer - Peak CPU memory usage MB: 10514.08
2018-04-04 02:57:55,561 - INFO - allennlp.training.trainer - GPU 0 memory usage MB: 10404
2018-04-04 02:57:55,562 - INFO - allennlp.training.trainer - GPU 1 memory usage MB: 1
2018-04-04 02:57:55,562 - INFO - allennlp.training.trainer - GPU 2 memory usage MB: 10179
2018-04-04 02:57:55,562 - INFO - allennlp.training.trainer - GPU 3 memory usage MB: 10404
2018-04-04 02:57:55,564 - INFO - allennlp.training.trainer - Training
2018-04-04 03:47:22,601 - INFO - allennlp.training.trainer - Validating
2018-04-04 03:49:22,674 - INFO - allennlp.training.trainer - Training end_acc : 0.719153    Validation end_acc : 0.610250 
2018-04-04 03:49:22,675 - INFO - allennlp.training.trainer - Training loss : 2.246063    Validation loss : 3.540758 
2018-04-04 03:49:22,676 - INFO - allennlp.training.trainer - Training f1 : 0.778307    Validation f1 : 0.675426 
2018-04-04 03:49:22,677 - INFO - allennlp.training.trainer - Training start_acc : 0.679136    Validation start_acc : 0.572977 
2018-04-04 03:49:22,677 - INFO - allennlp.training.trainer - Training span_acc : 0.580328    Validation span_acc : 0.474830 
2018-04-04 03:49:22,677 - INFO - allennlp.training.trainer - Training em : 0.635441    Validation em : 0.523448 
2018-04-04 03:49:22,677 - INFO - allennlp.training.trainer - Epoch duration: 00:51:27
2018-04-04 03:49:22,677 - INFO - allennlp.training.trainer - Estimated training time remaining: 02:23:11
2018-04-04 03:49:22,678 - INFO - allennlp.training.trainer - Epoch 17/19
2018-04-04 03:49:22,678 - INFO - allennlp.training.trainer - Peak CPU memory usage MB: 10530.472
2018-04-04 03:49:23,095 - INFO - allennlp.training.trainer - GPU 0 memory usage MB: 4713
2018-04-04 03:49:23,095 - INFO - allennlp.training.trainer - GPU 1 memory usage MB: 1
2018-04-04 03:49:23,095 - INFO - allennlp.training.trainer - GPU 2 memory usage MB: 10179
2018-04-04 03:49:23,095 - INFO - allennlp.training.trainer - GPU 3 memory usage MB: 4711
2018-04-04 03:49:23,097 - INFO - allennlp.training.trainer - Training
2018-04-04 04:39:31,150 - INFO - allennlp.training.trainer - Validating
2018-04-04 04:41:29,766 - INFO - allennlp.training.trainer - Training end_acc : 0.721066    Validation end_acc : 0.614605 
2018-04-04 04:41:29,767 - INFO - allennlp.training.trainer - Training loss : 2.233482    Validation loss : 3.542793 
2018-04-04 04:41:29,768 - INFO - allennlp.training.trainer - Training f1 : 0.780733    Validation f1 : 0.676550 
2018-04-04 04:41:29,768 - INFO - allennlp.training.trainer - Training start_acc : 0.681541    Validation start_acc : 0.568824 
2018-04-04 04:41:29,768 - INFO - allennlp.training.trainer - Training span_acc : 0.581794    Validation span_acc : 0.472298 
2018-04-04 04:41:29,768 - INFO - allennlp.training.trainer - Training em : 0.638705    Validation em : 0.523549 
2018-04-04 04:41:29,768 - INFO - allennlp.training.trainer - Epoch duration: 00:52:07
2018-04-04 04:41:29,769 - INFO - allennlp.training.trainer - Estimated training time remaining: 01:35:56
2018-04-04 04:41:29,769 - INFO - allennlp.training.trainer - Epoch 18/19
2018-04-04 04:41:29,769 - INFO - allennlp.training.trainer - Peak CPU memory usage MB: 10545.384
2018-04-04 04:41:30,192 - INFO - allennlp.training.trainer - GPU 0 memory usage MB: 4713
2018-04-04 04:41:30,193 - INFO - allennlp.training.trainer - GPU 1 memory usage MB: 1
2018-04-04 04:41:30,193 - INFO - allennlp.training.trainer - GPU 2 memory usage MB: 10179
2018-04-04 04:41:30,193 - INFO - allennlp.training.trainer - GPU 3 memory usage MB: 4713
2018-04-04 04:41:30,195 - INFO - allennlp.training.trainer - Training
2018-04-04 05:25:31,726 - INFO - allennlp.training.trainer - Validating
2018-04-04 05:27:30,838 - INFO - allennlp.training.trainer - Training end_acc : 0.734673    Validation end_acc : 0.619670 
2018-04-04 05:27:30,840 - INFO - allennlp.training.trainer - Training loss : 2.131950    Validation loss : 3.663779 
2018-04-04 05:27:30,840 - INFO - allennlp.training.trainer - Training f1 : 0.793170    Validation f1 : 0.679007 
2018-04-04 05:27:30,841 - INFO - allennlp.training.trainer - Training start_acc : 0.695823    Validation start_acc : 0.573078 
2018-04-04 05:27:30,841 - INFO - allennlp.training.trainer - Training span_acc : 0.597840    Validation span_acc : 0.476957 
2018-04-04 05:27:30,841 - INFO - allennlp.training.trainer - Training em : 0.653240    Validation em : 0.527702 
2018-04-04 05:27:30,841 - INFO - allennlp.training.trainer - Epoch duration: 00:46:01
2018-04-04 05:27:30,842 - INFO - allennlp.training.trainer - Estimated training time remaining: 00:47:52
2018-04-04 05:27:30,842 - INFO - allennlp.training.trainer - Epoch 19/19
2018-04-04 05:27:30,842 - INFO - allennlp.training.trainer - Peak CPU memory usage MB: 10558.608
2018-04-04 05:27:31,246 - INFO - allennlp.training.trainer - GPU 0 memory usage MB: 4713
2018-04-04 05:27:31,246 - INFO - allennlp.training.trainer - GPU 1 memory usage MB: 1
2018-04-04 05:27:31,246 - INFO - allennlp.training.trainer - GPU 2 memory usage MB: 10179
2018-04-04 05:27:31,246 - INFO - allennlp.training.trainer - GPU 3 memory usage MB: 4713
2018-04-04 05:27:31,248 - INFO - allennlp.training.trainer - Training
2018-04-04 06:17:09,243 - INFO - allennlp.training.trainer - Validating
2018-04-04 06:19:05,838 - INFO - allennlp.training.trainer - Training end_acc : 0.736803    Validation end_acc : 0.613289 
2018-04-04 06:19:05,839 - INFO - allennlp.training.trainer - Training loss : 2.107988    Validation loss : 3.605095 
2018-04-04 06:19:05,840 - INFO - allennlp.training.trainer - Training f1 : 0.795060    Validation f1 : 0.677014 
2018-04-04 06:19:05,840 - INFO - allennlp.training.trainer - Training start_acc : 0.700576    Validation start_acc : 0.573888 
2018-04-04 06:19:05,840 - INFO - allennlp.training.trainer - Training span_acc : 0.601345    Validation span_acc : 0.472602 
2018-04-04 06:19:05,840 - INFO - allennlp.training.trainer - Training em : 0.655152    Validation em : 0.522131 
2018-04-04 06:19:05,841 - INFO - allennlp.training.trainer - Epoch duration: 00:51:34
2018-04-04 06:19:05,851 - INFO - allennlp.models.archival - archiving weights and vocabulary to output/joint_001_0.02/model.tar.gz
2018-04-04 06:19:08,795 - INFO - allennlp.commands.train - Metrics: {
  "training_duration": "16:01:06",
  "training_start_epoch": 0,
  "training_epochs": 20,
  "training_start_acc": 0.700576101522145,
  "training_end_acc": 0.7368029228848598,
  "training_span_acc": 0.6013446186620243,
  "training_em": 0.6551522717641535,
  "training_f1": 0.7950595045937631,
  "training_loss": 2.1079883575439453,
  "validation_start_acc": 0.5738883824572065,
  "validation_end_acc": 0.6132887673452851,
  "validation_span_acc": 0.47260204598399674,
  "validation_em": 0.5221310645193963,
  "validation_f1": 0.677013777664147,
  "validation_loss": 3.6050946712493896,
  "best_validation_em": 0.5288159627266282,
  "best_epoch": 14
}
