data/squad/train-v1.1.json
data/squad/dev-v1.1.json
2018-04-02 21:46:57,286 - INFO - allennlp.common.params - dataset_reader.type = squad
2018-04-02 21:46:57,287 - INFO - allennlp.common.params - dataset_reader.tokenizer.type = word
2018-04-02 21:46:57,287 - INFO - allennlp.common.params - dataset_reader.tokenizer.word_splitter.type = spacy
2018-04-02 21:46:57,287 - INFO - allennlp.common.params - dataset_reader.tokenizer.word_splitter.language = en_core_web_sm
2018-04-02 21:46:57,287 - INFO - allennlp.common.params - dataset_reader.tokenizer.word_splitter.pos_tags = False
2018-04-02 21:46:57,287 - INFO - allennlp.common.params - dataset_reader.tokenizer.word_splitter.parse = False
2018-04-02 21:46:57,287 - INFO - allennlp.common.params - dataset_reader.tokenizer.word_splitter.ner = False
2018-04-02 21:46:57,890 - INFO - allennlp.common.params - dataset_reader.tokenizer.word_filter.type = pass_through
2018-04-02 21:46:57,891 - INFO - allennlp.common.params - dataset_reader.tokenizer.word_stemmer.type = pass_through
2018-04-02 21:46:57,891 - INFO - allennlp.common.params - dataset_reader.tokenizer.start_tokens = None
2018-04-02 21:46:57,891 - INFO - allennlp.common.params - dataset_reader.tokenizer.end_tokens = None
2018-04-02 21:46:57,891 - INFO - allennlp.common.params - dataset_reader.token_indexers.tokens.type = single_id
2018-04-02 21:46:57,891 - INFO - allennlp.common.params - dataset_reader.token_indexers.tokens.namespace = tokens
2018-04-02 21:46:57,891 - INFO - allennlp.common.params - dataset_reader.token_indexers.tokens.lowercase_tokens = True
2018-04-02 21:46:57,892 - INFO - allennlp.common.params - dataset_reader.token_indexers.token_characters.type = characters
2018-04-02 21:46:57,892 - INFO - allennlp.common.params - dataset_reader.token_indexers.token_characters.namespace = token_characters
2018-04-02 21:46:57,892 - INFO - allennlp.common.params - dataset_reader.token_indexers.token_characters.character_tokenizer.byte_encoding = utf-8
2018-04-02 21:46:57,892 - INFO - allennlp.common.params - dataset_reader.token_indexers.token_characters.character_tokenizer.lowercase_characters = False
2018-04-02 21:46:57,892 - INFO - allennlp.common.params - dataset_reader.token_indexers.token_characters.character_tokenizer.start_tokens = [259]
2018-04-02 21:46:57,892 - INFO - allennlp.common.params - dataset_reader.token_indexers.token_characters.character_tokenizer.end_tokens = [260]
2018-04-02 21:46:57,892 - INFO - allennlp.common.params - dataset_reader.lazy = False
2018-04-02 21:46:57,892 - INFO - allennlp.common.params - validation_dataset_reader = None
2018-04-02 21:46:57,892 - INFO - allennlp.common.params - train_data_path = data/joint_nqa_001_0/train-v1.1.json
2018-04-02 21:46:57,893 - INFO - allennlp.commands.train - Reading training data from data/joint_nqa_001_0/train-v1.1.json
2018-04-02 21:46:57,896 - INFO - allennlp.data.dataset_readers.reading_comprehension.squad - Reading file at data/joint_nqa_001_0/train-v1.1.json
2018-04-02 21:46:58,483 - INFO - allennlp.data.dataset_readers.reading_comprehension.squad - Reading the dataset
---


NUMBER OF INSTANCES: 


---- 87311
2018-04-02 21:48:47,303 - INFO - allennlp.common.params - validation_data_path = data/joint_nqa_001_0/dev-v1.1.json
2018-04-02 21:48:47,304 - INFO - allennlp.commands.train - Reading validation data from data/joint_nqa_001_0/dev-v1.1.json
2018-04-02 21:48:47,305 - INFO - allennlp.data.dataset_readers.reading_comprehension.squad - Reading file at data/joint_nqa_001_0/dev-v1.1.json
2018-04-02 21:48:47,331 - INFO - allennlp.data.dataset_readers.reading_comprehension.squad - Reading the dataset
Index Error
Index Error
---


NUMBER OF INSTANCES: 


---- 9873
2018-04-02 21:49:01,408 - INFO - allennlp.common.params - test_data_path = None
2018-04-02 21:49:01,410 - INFO - allennlp.commands.train - Creating a vocabulary using validation, train data.
2018-04-02 21:49:01,410 - INFO - allennlp.common.params - vocabulary.directory_path = None
2018-04-02 21:49:01,410 - INFO - allennlp.common.params - vocabulary.min_count = None
2018-04-02 21:49:01,410 - INFO - allennlp.common.params - vocabulary.max_vocab_size = None
2018-04-02 21:49:01,410 - INFO - allennlp.common.params - vocabulary.non_padded_namespaces = ('*tags', '*labels')
2018-04-02 21:49:01,410 - INFO - allennlp.common.params - vocabulary.only_include_pretrained_words = False
2018-04-02 21:49:01,410 - INFO - allennlp.data.vocabulary - Fitting token dictionary from dataset.
2018-04-02 21:53:26,159 - INFO - allennlp.common.params - model.type = bidaf
2018-04-02 21:53:26,160 - INFO - allennlp.common.params - model.text_field_embedder.type = basic
2018-04-02 21:53:26,160 - INFO - allennlp.common.params - model.text_field_embedder.tokens.type = embedding
2018-04-02 21:53:26,160 - INFO - allennlp.common.params - model.text_field_embedder.tokens.num_embeddings = None
2018-04-02 21:53:26,160 - INFO - allennlp.common.params - model.text_field_embedder.tokens.vocab_namespace = tokens
2018-04-02 21:53:26,160 - INFO - allennlp.common.params - model.text_field_embedder.tokens.embedding_dim = 100
2018-04-02 21:53:26,160 - INFO - allennlp.common.params - model.text_field_embedder.tokens.pretrained_file = https://s3-us-west-2.amazonaws.com/allennlp/datasets/glove/glove.6B.100d.txt.gz
2018-04-02 21:53:26,160 - INFO - allennlp.common.params - model.text_field_embedder.tokens.projection_dim = None
2018-04-02 21:53:26,160 - INFO - allennlp.common.params - model.text_field_embedder.tokens.trainable = False
2018-04-02 21:53:26,160 - INFO - allennlp.common.params - model.text_field_embedder.tokens.padding_index = None
2018-04-02 21:53:26,160 - INFO - allennlp.common.params - model.text_field_embedder.tokens.max_norm = None
2018-04-02 21:53:26,161 - INFO - allennlp.common.params - model.text_field_embedder.tokens.norm_type = 2.0
2018-04-02 21:53:26,161 - INFO - allennlp.common.params - model.text_field_embedder.tokens.scale_grad_by_freq = False
2018-04-02 21:53:26,161 - INFO - allennlp.common.params - model.text_field_embedder.tokens.sparse = False
2018-04-02 21:53:26,170 - INFO - allennlp.modules.token_embedders.embedding - Reading embeddings from file
2018-04-02 21:53:34,078 - INFO - allennlp.modules.token_embedders.embedding - Initializing pre-trained embedding layer
2018-04-02 21:53:35,179 - INFO - allennlp.common.params - model.text_field_embedder.token_characters.type = character_encoding
2018-04-02 21:53:35,180 - INFO - allennlp.common.params - model.text_field_embedder.token_characters.embedding.num_embeddings = 262
2018-04-02 21:53:35,180 - INFO - allennlp.common.params - model.text_field_embedder.token_characters.embedding.vocab_namespace = token_characters
2018-04-02 21:53:35,180 - INFO - allennlp.common.params - model.text_field_embedder.token_characters.embedding.embedding_dim = 16
2018-04-02 21:53:35,180 - INFO - allennlp.common.params - model.text_field_embedder.token_characters.embedding.pretrained_file = None
2018-04-02 21:53:35,180 - INFO - allennlp.common.params - model.text_field_embedder.token_characters.embedding.projection_dim = None
2018-04-02 21:53:35,181 - INFO - allennlp.common.params - model.text_field_embedder.token_characters.embedding.trainable = True
2018-04-02 21:53:35,181 - INFO - allennlp.common.params - model.text_field_embedder.token_characters.embedding.padding_index = None
2018-04-02 21:53:35,181 - INFO - allennlp.common.params - model.text_field_embedder.token_characters.embedding.max_norm = None
2018-04-02 21:53:35,181 - INFO - allennlp.common.params - model.text_field_embedder.token_characters.embedding.norm_type = 2.0
2018-04-02 21:53:35,181 - INFO - allennlp.common.params - model.text_field_embedder.token_characters.embedding.scale_grad_by_freq = False
2018-04-02 21:53:35,181 - INFO - allennlp.common.params - model.text_field_embedder.token_characters.embedding.sparse = False
2018-04-02 21:53:35,182 - INFO - allennlp.common.params - model.text_field_embedder.token_characters.encoder.type = cnn
2018-04-02 21:53:35,183 - INFO - allennlp.common.params - model.text_field_embedder.token_characters.encoder.embedding_dim = 16
2018-04-02 21:53:35,183 - INFO - allennlp.common.params - model.text_field_embedder.token_characters.encoder.output_dim = None
2018-04-02 21:53:35,183 - INFO - allennlp.common.params - model.text_field_embedder.token_characters.encoder.num_filters = 100
2018-04-02 21:53:35,183 - INFO - allennlp.common.params - model.text_field_embedder.token_characters.encoder.conv_layer_activation = relu
2018-04-02 21:53:35,183 - INFO - allennlp.common.params - model.text_field_embedder.token_characters.encoder.ngram_filter_sizes = [5]
2018-04-02 21:53:35,188 - INFO - allennlp.common.params - model.text_field_embedder.token_characters.dropout = 0.2
2018-04-02 21:53:35,188 - INFO - allennlp.common.params - model.num_highway_layers = 2
2018-04-02 21:53:35,189 - INFO - allennlp.common.params - model.phrase_layer.type = lstm
2018-04-02 21:53:35,189 - INFO - allennlp.common.params - model.phrase_layer.batch_first = True
2018-04-02 21:53:35,189 - INFO - allennlp.common.params - Converting Params object to dict; logging of default values will not occur when dictionary parameters are used subsequently.
2018-04-02 21:53:35,189 - INFO - allennlp.common.params - CURRENTLY DEFINED PARAMETERS: 
2018-04-02 21:53:35,189 - INFO - allennlp.common.params - model.phrase_layer.bidirectional = True
2018-04-02 21:53:35,189 - INFO - allennlp.common.params - model.phrase_layer.input_size = 200
2018-04-02 21:53:35,189 - INFO - allennlp.common.params - model.phrase_layer.hidden_size = 100
2018-04-02 21:53:35,190 - INFO - allennlp.common.params - model.phrase_layer.num_layers = 1
2018-04-02 21:53:35,190 - INFO - allennlp.common.params - model.phrase_layer.dropout = 0.2
2018-04-02 21:53:35,190 - INFO - allennlp.common.params - model.phrase_layer.batch_first = True
2018-04-02 21:53:35,193 - INFO - allennlp.common.params - model.similarity_function.type = linear
2018-04-02 21:53:35,193 - INFO - allennlp.common.params - model.similarity_function.tensor_1_dim = 200
2018-04-02 21:53:35,193 - INFO - allennlp.common.params - model.similarity_function.tensor_2_dim = 200
2018-04-02 21:53:35,193 - INFO - allennlp.common.params - model.similarity_function.combination = x,y,x*y
2018-04-02 21:53:35,193 - INFO - allennlp.common.params - model.similarity_function.activation = linear
2018-04-02 21:53:35,193 - INFO - allennlp.common.params - model.modeling_layer.type = lstm
2018-04-02 21:53:35,194 - INFO - allennlp.common.params - model.modeling_layer.batch_first = True
2018-04-02 21:53:35,194 - INFO - allennlp.common.params - Converting Params object to dict; logging of default values will not occur when dictionary parameters are used subsequently.
2018-04-02 21:53:35,194 - INFO - allennlp.common.params - CURRENTLY DEFINED PARAMETERS: 
2018-04-02 21:53:35,194 - INFO - allennlp.common.params - model.modeling_layer.bidirectional = True
2018-04-02 21:53:35,194 - INFO - allennlp.common.params - model.modeling_layer.input_size = 800
2018-04-02 21:53:35,194 - INFO - allennlp.common.params - model.modeling_layer.hidden_size = 100
2018-04-02 21:53:35,194 - INFO - allennlp.common.params - model.modeling_layer.num_layers = 2
2018-04-02 21:53:35,194 - INFO - allennlp.common.params - model.modeling_layer.dropout = 0.2
2018-04-02 21:53:35,194 - INFO - allennlp.common.params - model.modeling_layer.batch_first = True
2018-04-02 21:53:35,203 - INFO - allennlp.common.params - model.span_end_encoder.type = lstm
2018-04-02 21:53:35,203 - INFO - allennlp.common.params - model.span_end_encoder.batch_first = True
2018-04-02 21:53:35,203 - INFO - allennlp.common.params - Converting Params object to dict; logging of default values will not occur when dictionary parameters are used subsequently.
2018-04-02 21:53:35,204 - INFO - allennlp.common.params - CURRENTLY DEFINED PARAMETERS: 
2018-04-02 21:53:35,204 - INFO - allennlp.common.params - model.span_end_encoder.bidirectional = True
2018-04-02 21:53:35,204 - INFO - allennlp.common.params - model.span_end_encoder.input_size = 1400
2018-04-02 21:53:35,204 - INFO - allennlp.common.params - model.span_end_encoder.hidden_size = 100
2018-04-02 21:53:35,204 - INFO - allennlp.common.params - model.span_end_encoder.num_layers = 1
2018-04-02 21:53:35,204 - INFO - allennlp.common.params - model.span_end_encoder.dropout = 0.2
2018-04-02 21:53:35,204 - INFO - allennlp.common.params - model.span_end_encoder.batch_first = True
2018-04-02 21:53:35,213 - INFO - allennlp.common.params - model.dropout = 0.2
2018-04-02 21:53:35,213 - INFO - allennlp.common.params - model.initializer = []
2018-04-02 21:53:35,214 - INFO - allennlp.common.params - model.regularizer = []
2018-04-02 21:53:35,214 - INFO - allennlp.common.params - model.mask_lstms = True
2018-04-02 21:53:35,217 - INFO - allennlp.nn.initializers - Initializing parameters
2018-04-02 21:53:35,217 - INFO - allennlp.nn.initializers - Done initializing parameters; the following parameters are using their default initialization from their code
2018-04-02 21:53:35,217 - INFO - allennlp.nn.initializers -    _highway_layer._module._layers.0.bias
2018-04-02 21:53:35,217 - INFO - allennlp.nn.initializers -    _highway_layer._module._layers.0.weight
2018-04-02 21:53:35,218 - INFO - allennlp.nn.initializers -    _highway_layer._module._layers.1.bias
2018-04-02 21:53:35,218 - INFO - allennlp.nn.initializers -    _highway_layer._module._layers.1.weight
2018-04-02 21:53:35,218 - INFO - allennlp.nn.initializers -    _matrix_attention._similarity_function._bias
2018-04-02 21:53:35,218 - INFO - allennlp.nn.initializers -    _matrix_attention._similarity_function._weight_vector
2018-04-02 21:53:35,218 - INFO - allennlp.nn.initializers -    _modeling_layer._module.bias_hh_l0
2018-04-02 21:53:35,218 - INFO - allennlp.nn.initializers -    _modeling_layer._module.bias_hh_l0_reverse
2018-04-02 21:53:35,218 - INFO - allennlp.nn.initializers -    _modeling_layer._module.bias_hh_l1
2018-04-02 21:53:35,218 - INFO - allennlp.nn.initializers -    _modeling_layer._module.bias_hh_l1_reverse
2018-04-02 21:53:35,218 - INFO - allennlp.nn.initializers -    _modeling_layer._module.bias_ih_l0
2018-04-02 21:53:35,218 - INFO - allennlp.nn.initializers -    _modeling_layer._module.bias_ih_l0_reverse
2018-04-02 21:53:35,218 - INFO - allennlp.nn.initializers -    _modeling_layer._module.bias_ih_l1
2018-04-02 21:53:35,218 - INFO - allennlp.nn.initializers -    _modeling_layer._module.bias_ih_l1_reverse
2018-04-02 21:53:35,218 - INFO - allennlp.nn.initializers -    _modeling_layer._module.weight_hh_l0
2018-04-02 21:53:35,218 - INFO - allennlp.nn.initializers -    _modeling_layer._module.weight_hh_l0_reverse
2018-04-02 21:53:35,218 - INFO - allennlp.nn.initializers -    _modeling_layer._module.weight_hh_l1
2018-04-02 21:53:35,218 - INFO - allennlp.nn.initializers -    _modeling_layer._module.weight_hh_l1_reverse
2018-04-02 21:53:35,218 - INFO - allennlp.nn.initializers -    _modeling_layer._module.weight_ih_l0
2018-04-02 21:53:35,218 - INFO - allennlp.nn.initializers -    _modeling_layer._module.weight_ih_l0_reverse
2018-04-02 21:53:35,219 - INFO - allennlp.nn.initializers -    _modeling_layer._module.weight_ih_l1
2018-04-02 21:53:35,219 - INFO - allennlp.nn.initializers -    _modeling_layer._module.weight_ih_l1_reverse
2018-04-02 21:53:35,219 - INFO - allennlp.nn.initializers -    _phrase_layer._module.bias_hh_l0
2018-04-02 21:53:35,219 - INFO - allennlp.nn.initializers -    _phrase_layer._module.bias_hh_l0_reverse
2018-04-02 21:53:35,219 - INFO - allennlp.nn.initializers -    _phrase_layer._module.bias_ih_l0
2018-04-02 21:53:35,219 - INFO - allennlp.nn.initializers -    _phrase_layer._module.bias_ih_l0_reverse
2018-04-02 21:53:35,219 - INFO - allennlp.nn.initializers -    _phrase_layer._module.weight_hh_l0
2018-04-02 21:53:35,219 - INFO - allennlp.nn.initializers -    _phrase_layer._module.weight_hh_l0_reverse
2018-04-02 21:53:35,219 - INFO - allennlp.nn.initializers -    _phrase_layer._module.weight_ih_l0
2018-04-02 21:53:35,219 - INFO - allennlp.nn.initializers -    _phrase_layer._module.weight_ih_l0_reverse
2018-04-02 21:53:35,219 - INFO - allennlp.nn.initializers -    _span_end_encoder._module.bias_hh_l0
2018-04-02 21:53:35,219 - INFO - allennlp.nn.initializers -    _span_end_encoder._module.bias_hh_l0_reverse
2018-04-02 21:53:35,219 - INFO - allennlp.nn.initializers -    _span_end_encoder._module.bias_ih_l0
2018-04-02 21:53:35,219 - INFO - allennlp.nn.initializers -    _span_end_encoder._module.bias_ih_l0_reverse
2018-04-02 21:53:35,220 - INFO - allennlp.nn.initializers -    _span_end_encoder._module.weight_hh_l0
2018-04-02 21:53:35,220 - INFO - allennlp.nn.initializers -    _span_end_encoder._module.weight_hh_l0_reverse
2018-04-02 21:53:35,220 - INFO - allennlp.nn.initializers -    _span_end_encoder._module.weight_ih_l0
2018-04-02 21:53:35,220 - INFO - allennlp.nn.initializers -    _span_end_encoder._module.weight_ih_l0_reverse
2018-04-02 21:53:35,220 - INFO - allennlp.nn.initializers -    _span_end_predictor._module.bias
2018-04-02 21:53:35,220 - INFO - allennlp.nn.initializers -    _span_end_predictor._module.weight
2018-04-02 21:53:35,220 - INFO - allennlp.nn.initializers -    _span_start_predictor._module.bias
2018-04-02 21:53:35,220 - INFO - allennlp.nn.initializers -    _span_start_predictor._module.weight
2018-04-02 21:53:35,220 - INFO - allennlp.nn.initializers -    _text_field_embedder.token_embedder_token_characters._embedding._module.weight
2018-04-02 21:53:35,220 - INFO - allennlp.nn.initializers -    _text_field_embedder.token_embedder_token_characters._encoder._module.conv_layer_0.bias
2018-04-02 21:53:35,220 - INFO - allennlp.nn.initializers -    _text_field_embedder.token_embedder_token_characters._encoder._module.conv_layer_0.weight
2018-04-02 21:53:35,220 - INFO - allennlp.nn.initializers -    _text_field_embedder.token_embedder_tokens.weight
2018-04-02 21:53:35,220 - INFO - allennlp.common.params - iterator.type = bucket
2018-04-02 21:53:35,220 - INFO - allennlp.common.params - iterator.sorting_keys = [['passage', 'num_tokens'], ['question', 'num_tokens']]
2018-04-02 21:53:35,221 - INFO - allennlp.common.params - iterator.padding_noise = 0.1
2018-04-02 21:53:35,221 - INFO - allennlp.common.params - iterator.biggest_batch_first = False
2018-04-02 21:53:35,221 - INFO - allennlp.common.params - iterator.batch_size = 10
2018-04-02 21:53:35,221 - INFO - allennlp.common.params - iterator.instances_per_epoch = None
2018-04-02 21:53:35,221 - INFO - allennlp.common.params - iterator.max_instances_in_memory = None
2018-04-02 21:53:35,221 - INFO - allennlp.common.params - trainer.patience = 10
2018-04-02 21:53:35,221 - INFO - allennlp.common.params - trainer.validation_metric = +em
2018-04-02 21:53:35,221 - INFO - allennlp.common.params - trainer.num_epochs = 20
2018-04-02 21:53:35,221 - INFO - allennlp.common.params - trainer.cuda_device = 0
2018-04-02 21:53:35,222 - INFO - allennlp.common.params - trainer.grad_norm = 5.0
2018-04-02 21:53:35,222 - INFO - allennlp.common.params - trainer.grad_clipping = None
2018-04-02 21:53:39,456 - INFO - allennlp.common.params - trainer.optimizer.type = adam
2018-04-02 21:53:39,456 - INFO - allennlp.common.params - trainer.optimizer.parameter_groups = None
2018-04-02 21:53:39,457 - INFO - allennlp.common.params - Converting Params object to dict; logging of default values will not occur when dictionary parameters are used subsequently.
2018-04-02 21:53:39,457 - INFO - allennlp.common.params - CURRENTLY DEFINED PARAMETERS: 
2018-04-02 21:53:39,457 - INFO - allennlp.common.params - trainer.optimizer.betas = [0.9, 0.9]
2018-04-02 21:53:39,457 - INFO - allennlp.common.params - trainer.learning_rate_scheduler.type = reduce_on_plateau
2018-04-02 21:53:39,457 - INFO - allennlp.common.params - Converting Params object to dict; logging of default values will not occur when dictionary parameters are used subsequently.
2018-04-02 21:53:39,457 - INFO - allennlp.common.params - CURRENTLY DEFINED PARAMETERS: 
2018-04-02 21:53:39,457 - INFO - allennlp.common.params - trainer.learning_rate_scheduler.factor = 0.5
2018-04-02 21:53:39,457 - INFO - allennlp.common.params - trainer.learning_rate_scheduler.mode = max
2018-04-02 21:53:39,457 - INFO - allennlp.common.params - trainer.learning_rate_scheduler.patience = 2
2018-04-02 21:53:39,458 - INFO - allennlp.common.params - trainer.num_serialized_models_to_keep = None
2018-04-02 21:53:39,458 - INFO - allennlp.common.params - trainer.keep_serialized_model_every_num_seconds = None
2018-04-02 21:53:39,458 - INFO - allennlp.common.params - trainer.model_save_interval = None
2018-04-02 21:53:39,458 - INFO - allennlp.common.params - trainer.summary_interval = 100
2018-04-02 21:53:39,458 - INFO - allennlp.common.params - trainer.histogram_interval = None
2018-04-02 21:53:39,471 - INFO - allennlp.common.params - evaluate_on_test = False
2018-04-02 21:53:39,472 - INFO - allennlp.training.trainer - Beginning training.
2018-04-02 21:53:39,472 - INFO - allennlp.training.trainer - Epoch 0/19
2018-04-02 21:53:39,472 - INFO - allennlp.training.trainer - Peak CPU memory usage MB: 6992.384
2018-04-02 21:53:39,757 - INFO - allennlp.training.trainer - GPU 0 memory usage MB: 8219
2018-04-02 21:53:39,758 - INFO - allennlp.training.trainer - GPU 1 memory usage MB: 8219
2018-04-02 21:53:39,758 - INFO - allennlp.training.trainer - GPU 2 memory usage MB: 450
2018-04-02 21:53:39,758 - INFO - allennlp.training.trainer - GPU 3 memory usage MB: 4127
2018-04-02 21:53:39,759 - INFO - allennlp.training.trainer - Training
2018-04-02 22:48:24,616 - INFO - allennlp.training.trainer - Validating
2018-04-02 22:51:16,144 - INFO - allennlp.training.trainer - Best validation performance so far. Copying weights to 'output/joint_001_0/best.th'.
2018-04-02 22:51:18,897 - INFO - allennlp.training.trainer - Training loss : 5.170990    Validation loss : 3.546322 
2018-04-02 22:51:18,899 - INFO - allennlp.training.trainer - Training f1 : 0.418763    Validation f1 : 0.612572 
2018-04-02 22:51:18,899 - INFO - allennlp.training.trainer - Training em : 0.293560    Validation em : 0.449610 
2018-04-02 22:51:18,899 - INFO - allennlp.training.trainer - Training end_acc : 0.378795    Validation end_acc : 0.555454 
2018-04-02 22:51:18,899 - INFO - allennlp.training.trainer - Training start_acc : 0.344596    Validation start_acc : 0.495088 
2018-04-02 22:51:18,900 - INFO - allennlp.training.trainer - Training span_acc : 0.262476    Validation span_acc : 0.399169 
2018-04-02 22:51:18,900 - INFO - allennlp.training.trainer - Epoch duration: 00:57:39
2018-04-02 22:51:18,900 - INFO - allennlp.training.trainer - Estimated training time remaining: 18:15:29
2018-04-02 22:51:18,900 - INFO - allennlp.training.trainer - Epoch 1/19
2018-04-02 22:51:18,901 - INFO - allennlp.training.trainer - Peak CPU memory usage MB: 10268.796
2018-04-02 22:51:19,408 - INFO - allennlp.training.trainer - GPU 0 memory usage MB: 8219
2018-04-02 22:51:19,408 - INFO - allennlp.training.trainer - GPU 1 memory usage MB: 8219
2018-04-02 22:51:19,408 - INFO - allennlp.training.trainer - GPU 2 memory usage MB: 4108
2018-04-02 22:51:19,408 - INFO - allennlp.training.trainer - GPU 3 memory usage MB: 4127
2018-04-02 22:51:19,410 - INFO - allennlp.training.trainer - Training
2018-04-02 23:40:18,565 - INFO - allennlp.training.trainer - Validating
2018-04-02 23:42:39,815 - INFO - allennlp.training.trainer - Best validation performance so far. Copying weights to 'output/joint_001_0/best.th'.
2018-04-02 23:42:43,170 - INFO - allennlp.training.trainer - Training loss : 3.550592    Validation loss : 3.276003 
2018-04-02 23:42:43,172 - INFO - allennlp.training.trainer - Training f1 : 0.613523    Validation f1 : 0.638935 
2018-04-02 23:42:43,172 - INFO - allennlp.training.trainer - Training em : 0.466322    Validation em : 0.481718 
2018-04-02 23:42:43,172 - INFO - allennlp.training.trainer - Training end_acc : 0.555016    Validation end_acc : 0.573281 
2018-04-02 23:42:43,172 - INFO - allennlp.training.trainer - Training start_acc : 0.512902    Validation start_acc : 0.535805 
2018-04-02 23:42:43,172 - INFO - allennlp.training.trainer - Training span_acc : 0.417198    Validation span_acc : 0.430973 
2018-04-02 23:42:43,173 - INFO - allennlp.training.trainer - Epoch duration: 00:51:24
2018-04-02 23:42:43,173 - INFO - allennlp.training.trainer - Estimated training time remaining: 16:21:33
2018-04-02 23:42:43,173 - INFO - allennlp.training.trainer - Epoch 2/19
2018-04-02 23:42:43,173 - INFO - allennlp.training.trainer - Peak CPU memory usage MB: 10287.512
2018-04-02 23:42:43,659 - INFO - allennlp.training.trainer - GPU 0 memory usage MB: 8219
2018-04-02 23:42:43,659 - INFO - allennlp.training.trainer - GPU 1 memory usage MB: 8219
2018-04-02 23:42:43,660 - INFO - allennlp.training.trainer - GPU 2 memory usage MB: 7575
2018-04-02 23:42:43,660 - INFO - allennlp.training.trainer - GPU 3 memory usage MB: 4127
2018-04-02 23:42:43,661 - INFO - allennlp.training.trainer - Training
2018-04-03 00:31:13,069 - INFO - allennlp.training.trainer - Validating
2018-04-03 00:33:33,293 - INFO - allennlp.training.trainer - Best validation performance so far. Copying weights to 'output/joint_001_0/best.th'.
2018-04-03 00:33:36,450 - INFO - allennlp.training.trainer - Training loss : 3.255021    Validation loss : 3.208883 
2018-04-03 00:33:36,451 - INFO - allennlp.training.trainer - Training f1 : 0.649827    Validation f1 : 0.655848 
2018-04-03 00:33:36,451 - INFO - allennlp.training.trainer - Training em : 0.502125    Validation em : 0.504811 
2018-04-03 00:33:36,451 - INFO - allennlp.training.trainer - Training end_acc : 0.588322    Validation end_acc : 0.595868 
2018-04-03 00:33:36,451 - INFO - allennlp.training.trainer - Training start_acc : 0.545922    Validation start_acc : 0.553530 
2018-04-03 00:33:36,451 - INFO - allennlp.training.trainer - Training span_acc : 0.449107    Validation span_acc : 0.454168 
2018-04-03 00:33:36,452 - INFO - allennlp.training.trainer - Epoch duration: 00:50:53
2018-04-03 00:33:36,452 - INFO - allennlp.training.trainer - Estimated training time remaining: 15:06:22
2018-04-03 00:33:36,452 - INFO - allennlp.training.trainer - Epoch 3/19
2018-04-03 00:33:36,452 - INFO - allennlp.training.trainer - Peak CPU memory usage MB: 10305.812
2018-04-03 00:33:37,182 - INFO - allennlp.training.trainer - GPU 0 memory usage MB: 8219
2018-04-03 00:33:37,182 - INFO - allennlp.training.trainer - GPU 1 memory usage MB: 8219
2018-04-03 00:33:37,182 - INFO - allennlp.training.trainer - GPU 2 memory usage MB: 7575
2018-04-03 00:33:37,182 - INFO - allennlp.training.trainer - GPU 3 memory usage MB: 4127
2018-04-03 00:33:37,184 - INFO - allennlp.training.trainer - Training
2018-04-03 01:22:37,602 - INFO - allennlp.training.trainer - Validating
2018-04-03 01:24:57,958 - INFO - allennlp.training.trainer - Training loss : 3.101719    Validation loss : 3.230110 
2018-04-03 01:24:57,961 - INFO - allennlp.training.trainer - Training f1 : 0.667798    Validation f1 : 0.655679 
2018-04-03 01:24:57,961 - INFO - allennlp.training.trainer - Training em : 0.520931    Validation em : 0.504102 
2018-04-03 01:24:57,961 - INFO - allennlp.training.trainer - Training end_acc : 0.605273    Validation end_acc : 0.595462 
2018-04-03 01:24:57,961 - INFO - allennlp.training.trainer - Training start_acc : 0.566939    Validation start_acc : 0.551808 
2018-04-03 01:24:57,962 - INFO - allennlp.training.trainer - Training span_acc : 0.467776    Validation span_acc : 0.455080 
2018-04-03 01:24:57,962 - INFO - allennlp.training.trainer - Epoch duration: 00:51:21
2018-04-03 01:24:57,962 - INFO - allennlp.training.trainer - Estimated training time remaining: 14:05:13
2018-04-03 01:24:57,962 - INFO - allennlp.training.trainer - Epoch 4/19
2018-04-03 01:24:57,962 - INFO - allennlp.training.trainer - Peak CPU memory usage MB: 10322.472
2018-04-03 01:24:58,395 - INFO - allennlp.training.trainer - GPU 0 memory usage MB: 8219
2018-04-03 01:24:58,395 - INFO - allennlp.training.trainer - GPU 1 memory usage MB: 8219
2018-04-03 01:24:58,396 - INFO - allennlp.training.trainer - GPU 2 memory usage MB: 7576
2018-04-03 01:24:58,396 - INFO - allennlp.training.trainer - GPU 3 memory usage MB: 2122
2018-04-03 01:24:58,397 - INFO - allennlp.training.trainer - Training
2018-04-03 02:13:48,834 - INFO - allennlp.training.trainer - Validating
2018-04-03 02:16:09,857 - INFO - allennlp.training.trainer - Best validation performance so far. Copying weights to 'output/joint_001_0/best.th'.
2018-04-03 02:16:11,376 - INFO - allennlp.training.trainer - Training loss : 3.009183    Validation loss : 3.159726 
2018-04-03 02:16:11,377 - INFO - allennlp.training.trainer - Training f1 : 0.679708    Validation f1 : 0.665346 
2018-04-03 02:16:11,377 - INFO - allennlp.training.trainer - Training em : 0.532716    Validation em : 0.511395 
2018-04-03 02:16:11,377 - INFO - allennlp.training.trainer - Training end_acc : 0.616784    Validation end_acc : 0.605287 
2018-04-03 02:16:11,378 - INFO - allennlp.training.trainer - Training start_acc : 0.580545    Validation start_acc : 0.562139 
2018-04-03 02:16:11,378 - INFO - allennlp.training.trainer - Training span_acc : 0.478989    Validation span_acc : 0.463486 
2018-04-03 02:16:11,379 - INFO - allennlp.training.trainer - Epoch duration: 00:51:13
2018-04-03 02:16:11,379 - INFO - allennlp.training.trainer - Estimated training time remaining: 13:07:35
2018-04-03 02:16:11,379 - INFO - allennlp.training.trainer - Epoch 5/19
2018-04-03 02:16:11,379 - INFO - allennlp.training.trainer - Peak CPU memory usage MB: 10337.516
2018-04-03 02:16:11,865 - INFO - allennlp.training.trainer - GPU 0 memory usage MB: 8219
2018-04-03 02:16:11,866 - INFO - allennlp.training.trainer - GPU 1 memory usage MB: 8219
2018-04-03 02:16:11,866 - INFO - allennlp.training.trainer - GPU 2 memory usage MB: 10404
2018-04-03 02:16:11,866 - INFO - allennlp.training.trainer - GPU 3 memory usage MB: 4127
2018-04-03 02:16:11,868 - INFO - allennlp.training.trainer - Training
2018-04-03 03:05:37,974 - INFO - allennlp.training.trainer - Validating
2018-04-03 03:07:57,155 - INFO - allennlp.training.trainer - Best validation performance so far. Copying weights to 'output/joint_001_0/best.th'.
2018-04-03 03:07:57,729 - INFO - allennlp.training.trainer - Training loss : 2.950891    Validation loss : 3.163341 
2018-04-03 03:07:57,730 - INFO - allennlp.training.trainer - Training f1 : 0.686692    Validation f1 : 0.664429 
2018-04-03 03:07:57,730 - INFO - allennlp.training.trainer - Training em : 0.539772    Validation em : 0.514028 
2018-04-03 03:07:57,731 - INFO - allennlp.training.trainer - Training end_acc : 0.623953    Validation end_acc : 0.601843 
2018-04-03 03:07:57,731 - INFO - allennlp.training.trainer - Training start_acc : 0.587246    Validation start_acc : 0.561430 
2018-04-03 03:07:57,731 - INFO - allennlp.training.trainer - Training span_acc : 0.486182    Validation span_acc : 0.463182 
2018-04-03 03:07:57,731 - INFO - allennlp.training.trainer - Epoch duration: 00:51:46
2018-04-03 03:07:57,732 - INFO - allennlp.training.trainer - Estimated training time remaining: 12:13:22
2018-04-03 03:07:57,732 - INFO - allennlp.training.trainer - Epoch 6/19
2018-04-03 03:07:57,732 - INFO - allennlp.training.trainer - Peak CPU memory usage MB: 10353.284
2018-04-03 03:07:58,187 - INFO - allennlp.training.trainer - GPU 0 memory usage MB: 8219
2018-04-03 03:07:58,188 - INFO - allennlp.training.trainer - GPU 1 memory usage MB: 8219
2018-04-03 03:07:58,188 - INFO - allennlp.training.trainer - GPU 2 memory usage MB: 10404
2018-04-03 03:07:58,188 - INFO - allennlp.training.trainer - GPU 3 memory usage MB: 4127
2018-04-03 03:07:58,191 - INFO - allennlp.training.trainer - Training
2018-04-03 03:57:46,843 - INFO - allennlp.training.trainer - Validating
2018-04-03 04:00:07,042 - INFO - allennlp.training.trainer - Training loss : 2.930962    Validation loss : 3.191937 
2018-04-03 04:00:07,044 - INFO - allennlp.training.trainer - Training f1 : 0.692021    Validation f1 : 0.661975 
2018-04-03 04:00:07,044 - INFO - allennlp.training.trainer - Training em : 0.545830    Validation em : 0.504912 
2018-04-03 04:00:07,044 - INFO - allennlp.training.trainer - Training end_acc : 0.628970    Validation end_acc : 0.601540 
2018-04-03 04:00:07,045 - INFO - allennlp.training.trainer - Training start_acc : 0.591873    Validation start_acc : 0.566191 
2018-04-03 04:00:07,045 - INFO - allennlp.training.trainer - Training span_acc : 0.491118    Validation span_acc : 0.457207 
2018-04-03 04:00:07,045 - INFO - allennlp.training.trainer - Epoch duration: 00:52:09
2018-04-03 04:00:07,045 - INFO - allennlp.training.trainer - Estimated training time remaining: 11:20:34
2018-04-03 04:00:07,045 - INFO - allennlp.training.trainer - Epoch 7/19
2018-04-03 04:00:07,045 - INFO - allennlp.training.trainer - Peak CPU memory usage MB: 10371.252
2018-04-03 04:00:07,469 - INFO - allennlp.training.trainer - GPU 0 memory usage MB: 8219
2018-04-03 04:00:07,470 - INFO - allennlp.training.trainer - GPU 1 memory usage MB: 8219
2018-04-03 04:00:07,470 - INFO - allennlp.training.trainer - GPU 2 memory usage MB: 10404
2018-04-03 04:00:07,470 - INFO - allennlp.training.trainer - GPU 3 memory usage MB: 4127
2018-04-03 04:00:07,471 - INFO - allennlp.training.trainer - Training
2018-04-03 04:49:47,761 - INFO - allennlp.training.trainer - Validating
2018-04-03 04:52:07,283 - INFO - allennlp.training.trainer - Training loss : 2.924797    Validation loss : 3.166862 
2018-04-03 04:52:07,291 - INFO - allennlp.training.trainer - Training f1 : 0.692668    Validation f1 : 0.660455 
2018-04-03 04:52:07,291 - INFO - allennlp.training.trainer - Training em : 0.545132    Validation em : 0.502482 
2018-04-03 04:52:07,292 - INFO - allennlp.training.trainer - Training end_acc : 0.629840    Validation end_acc : 0.599818 
2018-04-03 04:52:07,292 - INFO - allennlp.training.trainer - Training start_acc : 0.593293    Validation start_acc : 0.561228 
2018-04-03 04:52:07,292 - INFO - allennlp.training.trainer - Training span_acc : 0.491645    Validation span_acc : 0.454269 
2018-04-03 04:52:07,292 - INFO - allennlp.training.trainer - Epoch duration: 00:52:00
2018-04-03 04:52:07,292 - INFO - allennlp.training.trainer - Estimated training time remaining: 10:27:41
2018-04-03 04:52:07,292 - INFO - allennlp.training.trainer - Epoch 8/19
2018-04-03 04:52:07,293 - INFO - allennlp.training.trainer - Peak CPU memory usage MB: 10386.236
2018-04-03 04:52:08,032 - INFO - allennlp.training.trainer - GPU 0 memory usage MB: 8219
2018-04-03 04:52:08,032 - INFO - allennlp.training.trainer - GPU 1 memory usage MB: 8219
2018-04-03 04:52:08,032 - INFO - allennlp.training.trainer - GPU 2 memory usage MB: 10404
2018-04-03 04:52:08,032 - INFO - allennlp.training.trainer - GPU 3 memory usage MB: 4127
2018-04-03 04:52:08,035 - INFO - allennlp.training.trainer - Training
2018-04-03 05:42:00,201 - INFO - allennlp.training.trainer - Validating
2018-04-03 05:44:20,832 - INFO - allennlp.training.trainer - Training loss : 2.962860    Validation loss : 3.298102 
2018-04-03 05:44:20,833 - INFO - allennlp.training.trainer - Training f1 : 0.692597    Validation f1 : 0.656708 
2018-04-03 05:44:20,834 - INFO - allennlp.training.trainer - Training em : 0.545281    Validation em : 0.505216 
2018-04-03 05:44:20,835 - INFO - allennlp.training.trainer - Training end_acc : 0.630459    Validation end_acc : 0.597995 
2018-04-03 05:44:20,835 - INFO - allennlp.training.trainer - Training start_acc : 0.593465    Validation start_acc : 0.557784 
2018-04-03 05:44:20,835 - INFO - allennlp.training.trainer - Training span_acc : 0.491358    Validation span_acc : 0.456801 
2018-04-03 05:44:20,835 - INFO - allennlp.training.trainer - Epoch duration: 00:52:13
2018-04-03 05:44:20,835 - INFO - allennlp.training.trainer - Estimated training time remaining: 09:35:17
2018-04-03 05:44:20,835 - INFO - allennlp.training.trainer - Epoch 9/19
2018-04-03 05:44:20,836 - INFO - allennlp.training.trainer - Peak CPU memory usage MB: 10403.148
2018-04-03 05:44:21,271 - INFO - allennlp.training.trainer - GPU 0 memory usage MB: 8219
2018-04-03 05:44:21,272 - INFO - allennlp.training.trainer - GPU 1 memory usage MB: 8219
2018-04-03 05:44:21,272 - INFO - allennlp.training.trainer - GPU 2 memory usage MB: 10404
2018-04-03 05:44:21,272 - INFO - allennlp.training.trainer - GPU 3 memory usage MB: 4127
2018-04-03 05:44:21,274 - INFO - allennlp.training.trainer - Training
2018-04-03 06:34:08,307 - INFO - allennlp.training.trainer - Validating
2018-04-03 06:36:26,709 - INFO - allennlp.training.trainer - Best validation performance so far. Copying weights to 'output/joint_001_0/best.th'.
2018-04-03 06:36:28,854 - INFO - allennlp.training.trainer - Training loss : 2.734793    Validation loss : 3.217650 
2018-04-03 06:36:28,855 - INFO - allennlp.training.trainer - Training f1 : 0.721378    Validation f1 : 0.670192 
2018-04-03 06:36:28,856 - INFO - allennlp.training.trainer - Training em : 0.575598    Validation em : 0.517776 
2018-04-03 06:36:28,856 - INFO - allennlp.training.trainer - Training end_acc : 0.659390    Validation end_acc : 0.613086 
2018-04-03 06:36:28,856 - INFO - allennlp.training.trainer - Training start_acc : 0.622522    Validation start_acc : 0.564367 
2018-04-03 06:36:28,856 - INFO - allennlp.training.trainer - Training span_acc : 0.521618    Validation span_acc : 0.467538 
2018-04-03 06:36:28,856 - INFO - allennlp.training.trainer - Epoch duration: 00:52:08
2018-04-03 06:36:28,856 - INFO - allennlp.training.trainer - Estimated training time remaining: 08:42:49
2018-04-03 06:36:28,857 - INFO - allennlp.training.trainer - Epoch 10/19
2018-04-03 06:36:28,857 - INFO - allennlp.training.trainer - Peak CPU memory usage MB: 10418.54
2018-04-03 06:36:29,470 - INFO - allennlp.training.trainer - GPU 0 memory usage MB: 8219
2018-04-03 06:36:29,471 - INFO - allennlp.training.trainer - GPU 1 memory usage MB: 8219
2018-04-03 06:36:29,471 - INFO - allennlp.training.trainer - GPU 2 memory usage MB: 10404
2018-04-03 06:36:29,471 - INFO - allennlp.training.trainer - GPU 3 memory usage MB: 4127
2018-04-03 06:36:29,472 - INFO - allennlp.training.trainer - Training
2018-04-03 07:26:26,721 - INFO - allennlp.training.trainer - Validating
2018-04-03 07:28:48,495 - INFO - allennlp.training.trainer - Best validation performance so far. Copying weights to 'output/joint_001_0/best.th'.
2018-04-03 07:28:50,514 - INFO - allennlp.training.trainer - Training loss : 2.641642    Validation loss : 3.241361 
2018-04-03 07:28:50,515 - INFO - allennlp.training.trainer - Training f1 : 0.732604    Validation f1 : 0.671525 
2018-04-03 07:28:50,515 - INFO - allennlp.training.trainer - Training em : 0.587681    Validation em : 0.520916 
2018-04-03 07:28:50,516 - INFO - allennlp.training.trainer - Training end_acc : 0.670099    Validation end_acc : 0.612782 
2018-04-03 07:28:50,516 - INFO - allennlp.training.trainer - Training start_acc : 0.633173    Validation start_acc : 0.568520 
2018-04-03 07:28:50,516 - INFO - allennlp.training.trainer - Training span_acc : 0.532350    Validation span_acc : 0.471083 
2018-04-03 07:28:50,517 - INFO - allennlp.training.trainer - Epoch duration: 00:52:21
2018-04-03 07:28:50,517 - INFO - allennlp.training.trainer - Estimated training time remaining: 07:50:36
2018-04-03 07:28:50,517 - INFO - allennlp.training.trainer - Epoch 11/19
2018-04-03 07:28:50,517 - INFO - allennlp.training.trainer - Peak CPU memory usage MB: 10435.148
2018-04-03 07:28:50,999 - INFO - allennlp.training.trainer - GPU 0 memory usage MB: 8219
2018-04-03 07:28:51,000 - INFO - allennlp.training.trainer - GPU 1 memory usage MB: 8219
2018-04-03 07:28:51,000 - INFO - allennlp.training.trainer - GPU 2 memory usage MB: 10404
2018-04-03 07:28:51,000 - INFO - allennlp.training.trainer - GPU 3 memory usage MB: 4127
2018-04-03 07:28:51,002 - INFO - allennlp.training.trainer - Training
2018-04-03 08:18:30,079 - INFO - allennlp.training.trainer - Validating
2018-04-03 08:20:49,840 - INFO - allennlp.training.trainer - Training loss : 2.653800    Validation loss : 3.258235 
2018-04-03 08:20:49,842 - INFO - allennlp.training.trainer - Training f1 : 0.735451    Validation f1 : 0.668866 
2018-04-03 08:20:49,842 - INFO - allennlp.training.trainer - Training em : 0.591380    Validation em : 0.519194 
2018-04-03 08:20:49,842 - INFO - allennlp.training.trainer - Training end_acc : 0.673993    Validation end_acc : 0.609744 
2018-04-03 08:20:49,843 - INFO - allennlp.training.trainer - Training start_acc : 0.637869    Validation start_acc : 0.570141 
2018-04-03 08:20:49,843 - INFO - allennlp.training.trainer - Training span_acc : 0.536931    Validation span_acc : 0.468449 
2018-04-03 08:20:49,843 - INFO - allennlp.training.trainer - Epoch duration: 00:51:59
2018-04-03 08:20:49,844 - INFO - allennlp.training.trainer - Estimated training time remaining: 06:58:06
2018-04-03 08:20:49,844 - INFO - allennlp.training.trainer - Epoch 12/19
2018-04-03 08:20:49,844 - INFO - allennlp.training.trainer - Peak CPU memory usage MB: 10451.688
2018-04-03 08:20:50,257 - INFO - allennlp.training.trainer - GPU 0 memory usage MB: 8219
2018-04-03 08:20:50,258 - INFO - allennlp.training.trainer - GPU 1 memory usage MB: 8219
2018-04-03 08:20:50,258 - INFO - allennlp.training.trainer - GPU 2 memory usage MB: 10404
2018-04-03 08:20:50,258 - INFO - allennlp.training.trainer - GPU 3 memory usage MB: 4127
2018-04-03 08:20:50,260 - INFO - allennlp.training.trainer - Training
2018-04-03 09:10:54,152 - INFO - allennlp.training.trainer - Validating
2018-04-03 09:13:11,994 - INFO - allennlp.training.trainer - Training loss : 2.584622    Validation loss : 3.321354 
2018-04-03 09:13:11,997 - INFO - allennlp.training.trainer - Training f1 : 0.742193    Validation f1 : 0.670229 
2018-04-03 09:13:11,997 - INFO - allennlp.training.trainer - Training em : 0.598390    Validation em : 0.516763 
2018-04-03 09:13:11,997 - INFO - allennlp.training.trainer - Training end_acc : 0.680728    Validation end_acc : 0.611162 
2018-04-03 09:13:11,998 - INFO - allennlp.training.trainer - Training start_acc : 0.645154    Validation start_acc : 0.559810 
2018-04-03 09:13:11,998 - INFO - allennlp.training.trainer - Training span_acc : 0.543677    Validation span_acc : 0.463790 
2018-04-03 09:13:11,998 - INFO - allennlp.training.trainer - Epoch duration: 00:52:22
2018-04-03 09:13:11,999 - INFO - allennlp.training.trainer - Estimated training time remaining: 06:05:54
2018-04-03 09:13:11,999 - INFO - allennlp.training.trainer - Epoch 13/19
2018-04-03 09:13:11,999 - INFO - allennlp.training.trainer - Peak CPU memory usage MB: 10469.056
2018-04-03 09:13:12,469 - INFO - allennlp.training.trainer - GPU 0 memory usage MB: 8219
2018-04-03 09:13:12,470 - INFO - allennlp.training.trainer - GPU 1 memory usage MB: 8219
2018-04-03 09:13:12,470 - INFO - allennlp.training.trainer - GPU 2 memory usage MB: 10404
2018-04-03 09:13:12,470 - INFO - allennlp.training.trainer - GPU 3 memory usage MB: 4127
2018-04-03 09:13:12,472 - INFO - allennlp.training.trainer - Training
2018-04-03 10:02:58,678 - INFO - allennlp.training.trainer - Validating
2018-04-03 10:05:20,152 - INFO - allennlp.training.trainer - Training loss : 2.552206    Validation loss : 3.262203 
2018-04-03 10:05:20,155 - INFO - allennlp.training.trainer - Training f1 : 0.742988    Validation f1 : 0.671448 
2018-04-03 10:05:20,156 - INFO - allennlp.training.trainer - Training em : 0.598653    Validation em : 0.520105 
2018-04-03 10:05:20,156 - INFO - allennlp.training.trainer - Training end_acc : 0.682812    Validation end_acc : 0.614200 
2018-04-03 10:05:20,156 - INFO - allennlp.training.trainer - Training start_acc : 0.644810    Validation start_acc : 0.568621 
2018-04-03 10:05:20,156 - INFO - allennlp.training.trainer - Training span_acc : 0.544261    Validation span_acc : 0.471690 
2018-04-03 10:05:20,156 - INFO - allennlp.training.trainer - Epoch duration: 00:52:08
2018-04-03 10:05:20,157 - INFO - allennlp.training.trainer - Estimated training time remaining: 05:13:34
2018-04-03 10:05:20,157 - INFO - allennlp.training.trainer - Epoch 14/19
2018-04-03 10:05:20,157 - INFO - allennlp.training.trainer - Peak CPU memory usage MB: 10483.232
2018-04-03 10:05:21,462 - INFO - allennlp.training.trainer - GPU 0 memory usage MB: 8219
2018-04-03 10:05:21,463 - INFO - allennlp.training.trainer - GPU 1 memory usage MB: 8219
2018-04-03 10:05:21,463 - INFO - allennlp.training.trainer - GPU 2 memory usage MB: 10404
2018-04-03 10:05:21,463 - INFO - allennlp.training.trainer - GPU 3 memory usage MB: 4127
2018-04-03 10:05:21,465 - INFO - allennlp.training.trainer - Training
2018-04-03 10:55:25,108 - INFO - allennlp.training.trainer - Validating
2018-04-03 10:57:45,372 - INFO - allennlp.training.trainer - Best validation performance so far. Copying weights to 'output/joint_001_0/best.th'.
2018-04-03 10:57:49,135 - INFO - allennlp.training.trainer - Training loss : 2.353184    Validation loss : 3.329957 
2018-04-03 10:57:49,136 - INFO - allennlp.training.trainer - Training f1 : 0.766494    Validation f1 : 0.677908 
2018-04-03 10:57:49,137 - INFO - allennlp.training.trainer - Training em : 0.624721    Validation em : 0.526790 
2018-04-03 10:57:49,137 - INFO - allennlp.training.trainer - Training end_acc : 0.706727    Validation end_acc : 0.617442 
2018-04-03 10:57:49,137 - INFO - allennlp.training.trainer - Training start_acc : 0.669343    Validation start_acc : 0.571761 
2018-04-03 10:57:49,137 - INFO - allennlp.training.trainer - Training span_acc : 0.569607    Validation span_acc : 0.474425 
2018-04-03 10:57:49,138 - INFO - allennlp.training.trainer - Epoch duration: 00:52:28
2018-04-03 10:57:49,138 - INFO - allennlp.training.trainer - Estimated training time remaining: 04:21:23
2018-04-03 10:57:49,138 - INFO - allennlp.training.trainer - Epoch 15/19
2018-04-03 10:57:49,138 - INFO - allennlp.training.trainer - Peak CPU memory usage MB: 10501.236
2018-04-03 10:57:49,752 - INFO - allennlp.training.trainer - GPU 0 memory usage MB: 8219
2018-04-03 10:57:49,753 - INFO - allennlp.training.trainer - GPU 1 memory usage MB: 8219
2018-04-03 10:57:49,753 - INFO - allennlp.training.trainer - GPU 2 memory usage MB: 10404
2018-04-03 10:57:49,753 - INFO - allennlp.training.trainer - GPU 3 memory usage MB: 4127
2018-04-03 10:57:49,755 - INFO - allennlp.training.trainer - Training
2018-04-03 11:47:23,945 - INFO - allennlp.training.trainer - Validating
2018-04-03 11:49:43,397 - INFO - allennlp.training.trainer - Best validation performance so far. Copying weights to 'output/joint_001_0/best.th'.
2018-04-03 11:49:48,756 - INFO - allennlp.training.trainer - Training loss : 2.275938    Validation loss : 3.365342 
2018-04-03 11:49:48,757 - INFO - allennlp.training.trainer - Training f1 : 0.772520    Validation f1 : 0.677868 
2018-04-03 11:49:48,757 - INFO - allennlp.training.trainer - Training em : 0.630299    Validation em : 0.527094 
2018-04-03 11:49:48,757 - INFO - allennlp.training.trainer - Training end_acc : 0.712304    Validation end_acc : 0.617442 
2018-04-03 11:49:48,759 - INFO - allennlp.training.trainer - Training start_acc : 0.676261    Validation start_acc : 0.572470 
2018-04-03 11:49:48,759 - INFO - allennlp.training.trainer - Training span_acc : 0.575895    Validation span_acc : 0.476046 
2018-04-03 11:49:48,759 - INFO - allennlp.training.trainer - Epoch duration: 00:51:59
2018-04-03 11:49:48,760 - INFO - allennlp.training.trainer - Estimated training time remaining: 03:29:02
2018-04-03 11:49:48,760 - INFO - allennlp.training.trainer - Epoch 16/19
2018-04-03 11:49:48,760 - INFO - allennlp.training.trainer - Peak CPU memory usage MB: 10516.808
2018-04-03 11:49:50,887 - INFO - allennlp.training.trainer - GPU 0 memory usage MB: 8219
2018-04-03 11:49:50,887 - INFO - allennlp.training.trainer - GPU 1 memory usage MB: 8219
2018-04-03 11:49:50,888 - INFO - allennlp.training.trainer - GPU 2 memory usage MB: 10404
2018-04-03 11:49:50,888 - INFO - allennlp.training.trainer - GPU 3 memory usage MB: 4127
2018-04-03 11:49:50,890 - INFO - allennlp.training.trainer - Training
2018-04-03 12:39:37,850 - INFO - allennlp.training.trainer - Validating
2018-04-03 12:41:53,433 - INFO - allennlp.training.trainer - Training loss : 2.245358    Validation loss : 3.425685 
2018-04-03 12:41:53,434 - INFO - allennlp.training.trainer - Training f1 : 0.776126    Validation f1 : 0.671364 
2018-04-03 12:41:53,434 - INFO - allennlp.training.trainer - Training em : 0.635246    Validation em : 0.522030 
2018-04-03 12:41:53,434 - INFO - allennlp.training.trainer - Training end_acc : 0.717046    Validation end_acc : 0.610655 
2018-04-03 12:41:53,434 - INFO - allennlp.training.trainer - Training start_acc : 0.680315    Validation start_acc : 0.565988 
2018-04-03 12:41:53,434 - INFO - allennlp.training.trainer - Training span_acc : 0.580477    Validation span_acc : 0.470070 
2018-04-03 12:41:53,435 - INFO - allennlp.training.trainer - Epoch duration: 00:52:04
2018-04-03 12:41:53,435 - INFO - allennlp.training.trainer - Estimated training time remaining: 02:36:44
2018-04-03 12:41:53,435 - INFO - allennlp.training.trainer - Epoch 17/19
2018-04-03 12:41:53,435 - INFO - allennlp.training.trainer - Peak CPU memory usage MB: 10533.468
2018-04-03 12:41:53,916 - INFO - allennlp.training.trainer - GPU 0 memory usage MB: 8219
2018-04-03 12:41:53,916 - INFO - allennlp.training.trainer - GPU 1 memory usage MB: 8219
2018-04-03 12:41:53,916 - INFO - allennlp.training.trainer - GPU 2 memory usage MB: 4711
2018-04-03 12:41:53,916 - INFO - allennlp.training.trainer - GPU 3 memory usage MB: 256
2018-04-03 12:41:53,918 - INFO - allennlp.training.trainer - Training
2018-04-03 13:31:48,334 - INFO - allennlp.training.trainer - Validating
2018-04-03 13:34:07,089 - INFO - allennlp.training.trainer - Training loss : 2.215045    Validation loss : 3.536871 
2018-04-03 13:34:07,096 - INFO - allennlp.training.trainer - Training f1 : 0.779364    Validation f1 : 0.671048 
2018-04-03 13:34:07,096 - INFO - allennlp.training.trainer - Training em : 0.637560    Validation em : 0.520207 
2018-04-03 13:34:07,097 - INFO - allennlp.training.trainer - Training end_acc : 0.720596    Validation end_acc : 0.609541 
2018-04-03 13:34:07,097 - INFO - allennlp.training.trainer - Training start_acc : 0.683179    Validation start_acc : 0.568419 
2018-04-03 13:34:07,097 - INFO - allennlp.training.trainer - Training span_acc : 0.582034    Validation span_acc : 0.470576 
2018-04-03 13:34:07,097 - INFO - allennlp.training.trainer - Epoch duration: 00:52:13
2018-04-03 13:34:07,097 - INFO - allennlp.training.trainer - Estimated training time remaining: 01:44:29
2018-04-03 13:34:07,097 - INFO - allennlp.training.trainer - Epoch 18/19
2018-04-03 13:34:07,098 - INFO - allennlp.training.trainer - Peak CPU memory usage MB: 10548.476
2018-04-03 13:34:07,661 - INFO - allennlp.training.trainer - GPU 0 memory usage MB: 8219
2018-04-03 13:34:07,661 - INFO - allennlp.training.trainer - GPU 1 memory usage MB: 8219
2018-04-03 13:34:07,661 - INFO - allennlp.training.trainer - GPU 2 memory usage MB: 4713
2018-04-03 13:34:07,661 - INFO - allennlp.training.trainer - GPU 3 memory usage MB: 4127
2018-04-03 13:34:07,663 - INFO - allennlp.training.trainer - Training
2018-04-03 14:23:49,472 - INFO - allennlp.training.trainer - Validating
2018-04-03 14:26:12,337 - INFO - allennlp.training.trainer - Training loss : 2.204081    Validation loss : 3.476285 
2018-04-03 14:26:12,340 - INFO - allennlp.training.trainer - Training f1 : 0.781995    Validation f1 : 0.670878 
2018-04-03 14:26:12,340 - INFO - allennlp.training.trainer - Training em : 0.641294    Validation em : 0.520612 
2018-04-03 14:26:12,340 - INFO - allennlp.training.trainer - Training end_acc : 0.722234    Validation end_acc : 0.609541 
2018-04-03 14:26:12,340 - INFO - allennlp.training.trainer - Training start_acc : 0.687176    Validation start_acc : 0.561531 
2018-04-03 14:26:12,341 - INFO - allennlp.training.trainer - Training span_acc : 0.586226    Validation span_acc : 0.465613 
2018-04-03 14:26:12,341 - INFO - allennlp.training.trainer - Epoch duration: 00:52:05
2018-04-03 14:26:12,341 - INFO - allennlp.training.trainer - Estimated training time remaining: 00:52:14
2018-04-03 14:26:12,341 - INFO - allennlp.training.trainer - Epoch 19/19
2018-04-03 14:26:12,341 - INFO - allennlp.training.trainer - Peak CPU memory usage MB: 10561.648
2018-04-03 14:26:12,796 - INFO - allennlp.training.trainer - GPU 0 memory usage MB: 8219
2018-04-03 14:26:12,796 - INFO - allennlp.training.trainer - GPU 1 memory usage MB: 8219
2018-04-03 14:26:12,796 - INFO - allennlp.training.trainer - GPU 2 memory usage MB: 4713
2018-04-03 14:26:12,796 - INFO - allennlp.training.trainer - GPU 3 memory usage MB: 4127
2018-04-03 14:26:12,798 - INFO - allennlp.training.trainer - Training
2018-04-03 15:16:17,568 - INFO - allennlp.training.trainer - Validating
2018-04-03 15:18:36,443 - INFO - allennlp.training.trainer - Training loss : 2.079319    Validation loss : 3.468560 
2018-04-03 15:18:36,447 - INFO - allennlp.training.trainer - Training f1 : 0.794953    Validation f1 : 0.673824 
2018-04-03 15:18:36,447 - INFO - allennlp.training.trainer - Training em : 0.656595    Validation em : 0.522334 
2018-04-03 15:18:36,447 - INFO - allennlp.training.trainer - Training end_acc : 0.737387    Validation end_acc : 0.612782 
2018-04-03 15:18:36,447 - INFO - allennlp.training.trainer - Training start_acc : 0.700439    Validation start_acc : 0.567001 
2018-04-03 15:18:36,447 - INFO - allennlp.training.trainer - Training span_acc : 0.601677    Validation span_acc : 0.471184 
2018-04-03 15:18:36,447 - INFO - allennlp.training.trainer - Epoch duration: 00:52:24
2018-04-03 15:18:36,449 - INFO - allennlp.models.archival - archiving weights and vocabulary to output/joint_001_0/model.tar.gz
2018-04-03 15:18:41,517 - INFO - allennlp.commands.train - Metrics: {
  "training_duration": "17:24:56",
  "training_start_epoch": 0,
  "training_epochs": 20,
  "training_start_acc": 0.7004386617951919,
  "training_end_acc": 0.7373870417244104,
  "training_span_acc": 0.6016767646688276,
  "training_em": 0.6565953888971607,
  "training_f1": 0.794952880206012,
  "training_loss": 2.0793187618255615,
  "validation_start_acc": 0.5670009115770283,
  "validation_end_acc": 0.6127823356629191,
  "validation_span_acc": 0.4711840372733718,
  "validation_em": 0.5223336371923427,
  "validation_f1": 0.6738242969250741,
  "validation_loss": 3.468560218811035,
  "best_validation_em": 0.5270940950065837,
  "best_epoch": 15
}
