data/squad/train-v1.1.json
data/squad/dev-v1.1.json
2018-04-03 14:16:48,256 - INFO - allennlp.common.params - dataset_reader.type = squad
2018-04-03 14:16:48,257 - INFO - allennlp.common.params - dataset_reader.tokenizer.type = word
2018-04-03 14:16:48,258 - INFO - allennlp.common.params - dataset_reader.tokenizer.word_splitter.type = spacy
2018-04-03 14:16:48,258 - INFO - allennlp.common.params - dataset_reader.tokenizer.word_splitter.language = en_core_web_sm
2018-04-03 14:16:48,258 - INFO - allennlp.common.params - dataset_reader.tokenizer.word_splitter.pos_tags = False
2018-04-03 14:16:48,258 - INFO - allennlp.common.params - dataset_reader.tokenizer.word_splitter.parse = False
2018-04-03 14:16:48,258 - INFO - allennlp.common.params - dataset_reader.tokenizer.word_splitter.ner = False
2018-04-03 14:16:49,157 - INFO - allennlp.common.params - dataset_reader.tokenizer.word_filter.type = pass_through
2018-04-03 14:16:49,157 - INFO - allennlp.common.params - dataset_reader.tokenizer.word_stemmer.type = pass_through
2018-04-03 14:16:49,157 - INFO - allennlp.common.params - dataset_reader.tokenizer.start_tokens = None
2018-04-03 14:16:49,157 - INFO - allennlp.common.params - dataset_reader.tokenizer.end_tokens = None
2018-04-03 14:16:49,158 - INFO - allennlp.common.params - dataset_reader.token_indexers.tokens.type = single_id
2018-04-03 14:16:49,158 - INFO - allennlp.common.params - dataset_reader.token_indexers.tokens.namespace = tokens
2018-04-03 14:16:49,158 - INFO - allennlp.common.params - dataset_reader.token_indexers.tokens.lowercase_tokens = True
2018-04-03 14:16:49,158 - INFO - allennlp.common.params - dataset_reader.token_indexers.token_characters.type = characters
2018-04-03 14:16:49,158 - INFO - allennlp.common.params - dataset_reader.token_indexers.token_characters.namespace = token_characters
2018-04-03 14:16:49,158 - INFO - allennlp.common.params - dataset_reader.token_indexers.token_characters.character_tokenizer.byte_encoding = utf-8
2018-04-03 14:16:49,158 - INFO - allennlp.common.params - dataset_reader.token_indexers.token_characters.character_tokenizer.lowercase_characters = False
2018-04-03 14:16:49,158 - INFO - allennlp.common.params - dataset_reader.token_indexers.token_characters.character_tokenizer.start_tokens = [259]
2018-04-03 14:16:49,158 - INFO - allennlp.common.params - dataset_reader.token_indexers.token_characters.character_tokenizer.end_tokens = [260]
2018-04-03 14:16:49,159 - INFO - allennlp.common.params - dataset_reader.lazy = False
2018-04-03 14:16:49,159 - INFO - allennlp.common.params - validation_dataset_reader = None
2018-04-03 14:16:49,159 - INFO - allennlp.common.params - train_data_path = data/joint_nqa_001_0.1/train-v1.1.json
2018-04-03 14:16:49,159 - INFO - allennlp.commands.train - Reading training data from data/joint_nqa_001_0.1/train-v1.1.json
2018-04-03 14:16:49,175 - INFO - allennlp.data.dataset_readers.reading_comprehension.squad - Reading file at data/joint_nqa_001_0.1/train-v1.1.json
2018-04-03 14:16:51,012 - INFO - allennlp.data.dataset_readers.reading_comprehension.squad - Reading the dataset
Index Error
---


NUMBER OF INSTANCES: 


---- 96077
2018-04-03 14:18:35,366 - INFO - allennlp.common.params - validation_data_path = data/joint_nqa_001_0.1/dev-v1.1.json
2018-04-03 14:18:35,367 - INFO - allennlp.commands.train - Reading validation data from data/joint_nqa_001_0.1/dev-v1.1.json
2018-04-03 14:18:35,368 - INFO - allennlp.data.dataset_readers.reading_comprehension.squad - Reading file at data/joint_nqa_001_0.1/dev-v1.1.json
2018-04-03 14:18:35,394 - INFO - allennlp.data.dataset_readers.reading_comprehension.squad - Reading the dataset
Index Error
Index Error
---


NUMBER OF INSTANCES: 


---- 10915
2018-04-03 14:18:45,780 - INFO - allennlp.common.params - test_data_path = None
2018-04-03 14:18:45,780 - INFO - allennlp.commands.train - Creating a vocabulary using validation, train data.
2018-04-03 14:18:45,780 - INFO - allennlp.common.params - vocabulary.directory_path = None
2018-04-03 14:18:45,780 - INFO - allennlp.common.params - vocabulary.min_count = None
2018-04-03 14:18:45,780 - INFO - allennlp.common.params - vocabulary.max_vocab_size = None
2018-04-03 14:18:45,780 - INFO - allennlp.common.params - vocabulary.non_padded_namespaces = ('*tags', '*labels')
2018-04-03 14:18:45,780 - INFO - allennlp.common.params - vocabulary.only_include_pretrained_words = False
2018-04-03 14:18:45,780 - INFO - allennlp.data.vocabulary - Fitting token dictionary from dataset.
2018-04-03 14:23:18,700 - INFO - allennlp.common.params - model.type = bidaf
2018-04-03 14:23:18,704 - INFO - allennlp.common.params - model.text_field_embedder.type = basic
2018-04-03 14:23:18,704 - INFO - allennlp.common.params - model.text_field_embedder.tokens.type = embedding
2018-04-03 14:23:18,705 - INFO - allennlp.common.params - model.text_field_embedder.tokens.num_embeddings = None
2018-04-03 14:23:18,705 - INFO - allennlp.common.params - model.text_field_embedder.tokens.vocab_namespace = tokens
2018-04-03 14:23:18,705 - INFO - allennlp.common.params - model.text_field_embedder.tokens.embedding_dim = 100
2018-04-03 14:23:18,705 - INFO - allennlp.common.params - model.text_field_embedder.tokens.pretrained_file = https://s3-us-west-2.amazonaws.com/allennlp/datasets/glove/glove.6B.100d.txt.gz
2018-04-03 14:23:18,705 - INFO - allennlp.common.params - model.text_field_embedder.tokens.projection_dim = None
2018-04-03 14:23:18,705 - INFO - allennlp.common.params - model.text_field_embedder.tokens.trainable = False
2018-04-03 14:23:18,705 - INFO - allennlp.common.params - model.text_field_embedder.tokens.padding_index = None
2018-04-03 14:23:18,706 - INFO - allennlp.common.params - model.text_field_embedder.tokens.max_norm = None
2018-04-03 14:23:18,706 - INFO - allennlp.common.params - model.text_field_embedder.tokens.norm_type = 2.0
2018-04-03 14:23:18,706 - INFO - allennlp.common.params - model.text_field_embedder.tokens.scale_grad_by_freq = False
2018-04-03 14:23:18,706 - INFO - allennlp.common.params - model.text_field_embedder.tokens.sparse = False
2018-04-03 14:23:18,720 - INFO - allennlp.modules.token_embedders.embedding - Reading embeddings from file
2018-04-03 14:23:31,056 - INFO - allennlp.modules.token_embedders.embedding - Initializing pre-trained embedding layer
2018-04-03 14:23:32,044 - INFO - allennlp.common.params - model.text_field_embedder.token_characters.type = character_encoding
2018-04-03 14:23:32,044 - INFO - allennlp.common.params - model.text_field_embedder.token_characters.embedding.num_embeddings = 262
2018-04-03 14:23:32,044 - INFO - allennlp.common.params - model.text_field_embedder.token_characters.embedding.vocab_namespace = token_characters
2018-04-03 14:23:32,044 - INFO - allennlp.common.params - model.text_field_embedder.token_characters.embedding.embedding_dim = 16
2018-04-03 14:23:32,044 - INFO - allennlp.common.params - model.text_field_embedder.token_characters.embedding.pretrained_file = None
2018-04-03 14:23:32,044 - INFO - allennlp.common.params - model.text_field_embedder.token_characters.embedding.projection_dim = None
2018-04-03 14:23:32,045 - INFO - allennlp.common.params - model.text_field_embedder.token_characters.embedding.trainable = True
2018-04-03 14:23:32,045 - INFO - allennlp.common.params - model.text_field_embedder.token_characters.embedding.padding_index = None
2018-04-03 14:23:32,045 - INFO - allennlp.common.params - model.text_field_embedder.token_characters.embedding.max_norm = None
2018-04-03 14:23:32,045 - INFO - allennlp.common.params - model.text_field_embedder.token_characters.embedding.norm_type = 2.0
2018-04-03 14:23:32,045 - INFO - allennlp.common.params - model.text_field_embedder.token_characters.embedding.scale_grad_by_freq = False
2018-04-03 14:23:32,045 - INFO - allennlp.common.params - model.text_field_embedder.token_characters.embedding.sparse = False
2018-04-03 14:23:32,045 - INFO - allennlp.common.params - model.text_field_embedder.token_characters.encoder.type = cnn
2018-04-03 14:23:32,045 - INFO - allennlp.common.params - model.text_field_embedder.token_characters.encoder.embedding_dim = 16
2018-04-03 14:23:32,046 - INFO - allennlp.common.params - model.text_field_embedder.token_characters.encoder.output_dim = None
2018-04-03 14:23:32,046 - INFO - allennlp.common.params - model.text_field_embedder.token_characters.encoder.num_filters = 100
2018-04-03 14:23:32,046 - INFO - allennlp.common.params - model.text_field_embedder.token_characters.encoder.conv_layer_activation = relu
2018-04-03 14:23:32,046 - INFO - allennlp.common.params - model.text_field_embedder.token_characters.encoder.ngram_filter_sizes = [5]
2018-04-03 14:23:32,048 - INFO - allennlp.common.params - model.text_field_embedder.token_characters.dropout = 0.2
2018-04-03 14:23:32,048 - INFO - allennlp.common.params - model.num_highway_layers = 2
2018-04-03 14:23:32,048 - INFO - allennlp.common.params - model.phrase_layer.type = lstm
2018-04-03 14:23:32,048 - INFO - allennlp.common.params - model.phrase_layer.batch_first = True
2018-04-03 14:23:32,048 - INFO - allennlp.common.params - Converting Params object to dict; logging of default values will not occur when dictionary parameters are used subsequently.
2018-04-03 14:23:32,048 - INFO - allennlp.common.params - CURRENTLY DEFINED PARAMETERS: 
2018-04-03 14:23:32,048 - INFO - allennlp.common.params - model.phrase_layer.bidirectional = True
2018-04-03 14:23:32,048 - INFO - allennlp.common.params - model.phrase_layer.input_size = 200
2018-04-03 14:23:32,048 - INFO - allennlp.common.params - model.phrase_layer.hidden_size = 100
2018-04-03 14:23:32,048 - INFO - allennlp.common.params - model.phrase_layer.num_layers = 1
2018-04-03 14:23:32,048 - INFO - allennlp.common.params - model.phrase_layer.dropout = 0.2
2018-04-03 14:23:32,049 - INFO - allennlp.common.params - model.phrase_layer.batch_first = True
2018-04-03 14:23:32,051 - INFO - allennlp.common.params - model.similarity_function.type = linear
2018-04-03 14:23:32,051 - INFO - allennlp.common.params - model.similarity_function.tensor_1_dim = 200
2018-04-03 14:23:32,051 - INFO - allennlp.common.params - model.similarity_function.tensor_2_dim = 200
2018-04-03 14:23:32,051 - INFO - allennlp.common.params - model.similarity_function.combination = x,y,x*y
2018-04-03 14:23:32,051 - INFO - allennlp.common.params - model.similarity_function.activation = linear
2018-04-03 14:23:32,051 - INFO - allennlp.common.params - model.modeling_layer.type = lstm
2018-04-03 14:23:32,051 - INFO - allennlp.common.params - model.modeling_layer.batch_first = True
2018-04-03 14:23:32,051 - INFO - allennlp.common.params - Converting Params object to dict; logging of default values will not occur when dictionary parameters are used subsequently.
2018-04-03 14:23:32,051 - INFO - allennlp.common.params - CURRENTLY DEFINED PARAMETERS: 
2018-04-03 14:23:32,051 - INFO - allennlp.common.params - model.modeling_layer.bidirectional = True
2018-04-03 14:23:32,051 - INFO - allennlp.common.params - model.modeling_layer.input_size = 800
2018-04-03 14:23:32,051 - INFO - allennlp.common.params - model.modeling_layer.hidden_size = 100
2018-04-03 14:23:32,052 - INFO - allennlp.common.params - model.modeling_layer.num_layers = 2
2018-04-03 14:23:32,052 - INFO - allennlp.common.params - model.modeling_layer.dropout = 0.2
2018-04-03 14:23:32,052 - INFO - allennlp.common.params - model.modeling_layer.batch_first = True
2018-04-03 14:23:32,058 - INFO - allennlp.common.params - model.span_end_encoder.type = lstm
2018-04-03 14:23:32,058 - INFO - allennlp.common.params - model.span_end_encoder.batch_first = True
2018-04-03 14:23:32,058 - INFO - allennlp.common.params - Converting Params object to dict; logging of default values will not occur when dictionary parameters are used subsequently.
2018-04-03 14:23:32,059 - INFO - allennlp.common.params - CURRENTLY DEFINED PARAMETERS: 
2018-04-03 14:23:32,059 - INFO - allennlp.common.params - model.span_end_encoder.bidirectional = True
2018-04-03 14:23:32,059 - INFO - allennlp.common.params - model.span_end_encoder.input_size = 1400
2018-04-03 14:23:32,059 - INFO - allennlp.common.params - model.span_end_encoder.hidden_size = 100
2018-04-03 14:23:32,059 - INFO - allennlp.common.params - model.span_end_encoder.num_layers = 1
2018-04-03 14:23:32,059 - INFO - allennlp.common.params - model.span_end_encoder.dropout = 0.2
2018-04-03 14:23:32,059 - INFO - allennlp.common.params - model.span_end_encoder.batch_first = True
2018-04-03 14:23:32,067 - INFO - allennlp.common.params - model.dropout = 0.2
2018-04-03 14:23:32,067 - INFO - allennlp.common.params - model.initializer = []
2018-04-03 14:23:32,067 - INFO - allennlp.common.params - model.regularizer = []
2018-04-03 14:23:32,067 - INFO - allennlp.common.params - model.mask_lstms = True
2018-04-03 14:23:32,069 - INFO - allennlp.nn.initializers - Initializing parameters
2018-04-03 14:23:32,069 - INFO - allennlp.nn.initializers - Done initializing parameters; the following parameters are using their default initialization from their code
2018-04-03 14:23:32,069 - INFO - allennlp.nn.initializers -    _highway_layer._module._layers.0.bias
2018-04-03 14:23:32,069 - INFO - allennlp.nn.initializers -    _highway_layer._module._layers.0.weight
2018-04-03 14:23:32,069 - INFO - allennlp.nn.initializers -    _highway_layer._module._layers.1.bias
2018-04-03 14:23:32,069 - INFO - allennlp.nn.initializers -    _highway_layer._module._layers.1.weight
2018-04-03 14:23:32,070 - INFO - allennlp.nn.initializers -    _matrix_attention._similarity_function._bias
2018-04-03 14:23:32,070 - INFO - allennlp.nn.initializers -    _matrix_attention._similarity_function._weight_vector
2018-04-03 14:23:32,070 - INFO - allennlp.nn.initializers -    _modeling_layer._module.bias_hh_l0
2018-04-03 14:23:32,070 - INFO - allennlp.nn.initializers -    _modeling_layer._module.bias_hh_l0_reverse
2018-04-03 14:23:32,070 - INFO - allennlp.nn.initializers -    _modeling_layer._module.bias_hh_l1
2018-04-03 14:23:32,070 - INFO - allennlp.nn.initializers -    _modeling_layer._module.bias_hh_l1_reverse
2018-04-03 14:23:32,070 - INFO - allennlp.nn.initializers -    _modeling_layer._module.bias_ih_l0
2018-04-03 14:23:32,070 - INFO - allennlp.nn.initializers -    _modeling_layer._module.bias_ih_l0_reverse
2018-04-03 14:23:32,070 - INFO - allennlp.nn.initializers -    _modeling_layer._module.bias_ih_l1
2018-04-03 14:23:32,070 - INFO - allennlp.nn.initializers -    _modeling_layer._module.bias_ih_l1_reverse
2018-04-03 14:23:32,070 - INFO - allennlp.nn.initializers -    _modeling_layer._module.weight_hh_l0
2018-04-03 14:23:32,070 - INFO - allennlp.nn.initializers -    _modeling_layer._module.weight_hh_l0_reverse
2018-04-03 14:23:32,070 - INFO - allennlp.nn.initializers -    _modeling_layer._module.weight_hh_l1
2018-04-03 14:23:32,070 - INFO - allennlp.nn.initializers -    _modeling_layer._module.weight_hh_l1_reverse
2018-04-03 14:23:32,070 - INFO - allennlp.nn.initializers -    _modeling_layer._module.weight_ih_l0
2018-04-03 14:23:32,070 - INFO - allennlp.nn.initializers -    _modeling_layer._module.weight_ih_l0_reverse
2018-04-03 14:23:32,070 - INFO - allennlp.nn.initializers -    _modeling_layer._module.weight_ih_l1
2018-04-03 14:23:32,070 - INFO - allennlp.nn.initializers -    _modeling_layer._module.weight_ih_l1_reverse
2018-04-03 14:23:32,070 - INFO - allennlp.nn.initializers -    _phrase_layer._module.bias_hh_l0
2018-04-03 14:23:32,071 - INFO - allennlp.nn.initializers -    _phrase_layer._module.bias_hh_l0_reverse
2018-04-03 14:23:32,071 - INFO - allennlp.nn.initializers -    _phrase_layer._module.bias_ih_l0
2018-04-03 14:23:32,071 - INFO - allennlp.nn.initializers -    _phrase_layer._module.bias_ih_l0_reverse
2018-04-03 14:23:32,071 - INFO - allennlp.nn.initializers -    _phrase_layer._module.weight_hh_l0
2018-04-03 14:23:32,071 - INFO - allennlp.nn.initializers -    _phrase_layer._module.weight_hh_l0_reverse
2018-04-03 14:23:32,071 - INFO - allennlp.nn.initializers -    _phrase_layer._module.weight_ih_l0
2018-04-03 14:23:32,071 - INFO - allennlp.nn.initializers -    _phrase_layer._module.weight_ih_l0_reverse
2018-04-03 14:23:32,071 - INFO - allennlp.nn.initializers -    _span_end_encoder._module.bias_hh_l0
2018-04-03 14:23:32,071 - INFO - allennlp.nn.initializers -    _span_end_encoder._module.bias_hh_l0_reverse
2018-04-03 14:23:32,071 - INFO - allennlp.nn.initializers -    _span_end_encoder._module.bias_ih_l0
2018-04-03 14:23:32,071 - INFO - allennlp.nn.initializers -    _span_end_encoder._module.bias_ih_l0_reverse
2018-04-03 14:23:32,071 - INFO - allennlp.nn.initializers -    _span_end_encoder._module.weight_hh_l0
2018-04-03 14:23:32,071 - INFO - allennlp.nn.initializers -    _span_end_encoder._module.weight_hh_l0_reverse
2018-04-03 14:23:32,071 - INFO - allennlp.nn.initializers -    _span_end_encoder._module.weight_ih_l0
2018-04-03 14:23:32,071 - INFO - allennlp.nn.initializers -    _span_end_encoder._module.weight_ih_l0_reverse
2018-04-03 14:23:32,071 - INFO - allennlp.nn.initializers -    _span_end_predictor._module.bias
2018-04-03 14:23:32,071 - INFO - allennlp.nn.initializers -    _span_end_predictor._module.weight
2018-04-03 14:23:32,071 - INFO - allennlp.nn.initializers -    _span_start_predictor._module.bias
2018-04-03 14:23:32,071 - INFO - allennlp.nn.initializers -    _span_start_predictor._module.weight
2018-04-03 14:23:32,071 - INFO - allennlp.nn.initializers -    _text_field_embedder.token_embedder_token_characters._embedding._module.weight
2018-04-03 14:23:32,072 - INFO - allennlp.nn.initializers -    _text_field_embedder.token_embedder_token_characters._encoder._module.conv_layer_0.bias
2018-04-03 14:23:32,072 - INFO - allennlp.nn.initializers -    _text_field_embedder.token_embedder_token_characters._encoder._module.conv_layer_0.weight
2018-04-03 14:23:32,072 - INFO - allennlp.nn.initializers -    _text_field_embedder.token_embedder_tokens.weight
2018-04-03 14:23:32,072 - INFO - allennlp.common.params - iterator.type = bucket
2018-04-03 14:23:32,072 - INFO - allennlp.common.params - iterator.sorting_keys = [['passage', 'num_tokens'], ['question', 'num_tokens']]
2018-04-03 14:23:32,072 - INFO - allennlp.common.params - iterator.padding_noise = 0.1
2018-04-03 14:23:32,072 - INFO - allennlp.common.params - iterator.biggest_batch_first = False
2018-04-03 14:23:32,072 - INFO - allennlp.common.params - iterator.batch_size = 10
2018-04-03 14:23:32,072 - INFO - allennlp.common.params - iterator.instances_per_epoch = None
2018-04-03 14:23:32,072 - INFO - allennlp.common.params - iterator.max_instances_in_memory = None
2018-04-03 14:23:32,072 - INFO - allennlp.common.params - trainer.patience = 10
2018-04-03 14:23:32,072 - INFO - allennlp.common.params - trainer.validation_metric = +em
2018-04-03 14:23:32,073 - INFO - allennlp.common.params - trainer.num_epochs = 20
2018-04-03 14:23:32,073 - INFO - allennlp.common.params - trainer.cuda_device = 0
2018-04-03 14:23:32,073 - INFO - allennlp.common.params - trainer.grad_norm = 5.0
2018-04-03 14:23:32,073 - INFO - allennlp.common.params - trainer.grad_clipping = None
2018-04-03 14:23:40,933 - INFO - allennlp.common.params - trainer.optimizer.type = adam
2018-04-03 14:23:40,934 - INFO - allennlp.common.params - trainer.optimizer.parameter_groups = None
2018-04-03 14:23:40,934 - INFO - allennlp.common.params - Converting Params object to dict; logging of default values will not occur when dictionary parameters are used subsequently.
2018-04-03 14:23:40,934 - INFO - allennlp.common.params - CURRENTLY DEFINED PARAMETERS: 
2018-04-03 14:23:40,934 - INFO - allennlp.common.params - trainer.optimizer.betas = [0.9, 0.9]
2018-04-03 14:23:40,934 - INFO - allennlp.common.params - trainer.learning_rate_scheduler.type = reduce_on_plateau
2018-04-03 14:23:40,934 - INFO - allennlp.common.params - Converting Params object to dict; logging of default values will not occur when dictionary parameters are used subsequently.
2018-04-03 14:23:40,934 - INFO - allennlp.common.params - CURRENTLY DEFINED PARAMETERS: 
2018-04-03 14:23:40,934 - INFO - allennlp.common.params - trainer.learning_rate_scheduler.factor = 0.5
2018-04-03 14:23:40,934 - INFO - allennlp.common.params - trainer.learning_rate_scheduler.mode = max
2018-04-03 14:23:40,935 - INFO - allennlp.common.params - trainer.learning_rate_scheduler.patience = 2
2018-04-03 14:23:40,935 - INFO - allennlp.common.params - trainer.num_serialized_models_to_keep = None
2018-04-03 14:23:40,935 - INFO - allennlp.common.params - trainer.keep_serialized_model_every_num_seconds = None
2018-04-03 14:23:40,935 - INFO - allennlp.common.params - trainer.model_save_interval = None
2018-04-03 14:23:40,935 - INFO - allennlp.common.params - trainer.summary_interval = 100
2018-04-03 14:23:40,935 - INFO - allennlp.common.params - trainer.histogram_interval = None
2018-04-03 14:23:40,947 - INFO - allennlp.common.params - evaluate_on_test = False
2018-04-03 14:23:40,948 - INFO - allennlp.training.trainer - Beginning training.
2018-04-03 14:23:40,948 - INFO - allennlp.training.trainer - Epoch 0/19
2018-04-03 14:23:40,948 - INFO - allennlp.training.trainer - Peak CPU memory usage MB: 8571.168
2018-04-03 14:23:41,137 - INFO - allennlp.training.trainer - GPU 0 memory usage MB: 452
2018-04-03 14:23:41,137 - INFO - allennlp.training.trainer - GPU 1 memory usage MB: 1
2018-04-03 14:23:41,138 - INFO - allennlp.training.trainer - GPU 2 memory usage MB: 1
2018-04-03 14:23:41,138 - INFO - allennlp.training.trainer - GPU 3 memory usage MB: 1
2018-04-03 14:23:41,139 - INFO - allennlp.training.trainer - Training
2018-04-03 15:31:57,349 - INFO - allennlp.training.trainer - Validating
2018-04-03 15:35:29,492 - INFO - allennlp.training.trainer - Best validation performance so far. Copying weights to 'output/joint_001_0.1/best.th'.
2018-04-03 15:35:31,590 - INFO - allennlp.training.trainer - Training loss : 5.337928    Validation loss : 3.713522 
2018-04-03 15:35:31,590 - INFO - allennlp.training.trainer - Training f1 : 0.410806    Validation f1 : 0.586606 
2018-04-03 15:35:31,590 - INFO - allennlp.training.trainer - Training start_acc : 0.335481    Validation start_acc : 0.492258 
2018-04-03 15:35:31,591 - INFO - allennlp.training.trainer - Training end_acc : 0.368361    Validation end_acc : 0.529638 
2018-04-03 15:35:31,591 - INFO - allennlp.training.trainer - Training span_acc : 0.254827    Validation span_acc : 0.387357 
2018-04-03 15:35:31,591 - INFO - allennlp.training.trainer - Training em : 0.285178    Validation em : 0.431425 
2018-04-03 15:35:31,592 - INFO - allennlp.training.trainer - Epoch duration: 01:11:50
2018-04-03 15:35:31,592 - INFO - allennlp.training.trainer - Estimated training time remaining: 22:45:02
2018-04-03 15:35:31,592 - INFO - allennlp.training.trainer - Epoch 1/19
2018-04-03 15:35:31,592 - INFO - allennlp.training.trainer - Peak CPU memory usage MB: 12869.628
2018-04-03 15:35:32,660 - INFO - allennlp.training.trainer - GPU 0 memory usage MB: 6724
2018-04-03 15:35:32,660 - INFO - allennlp.training.trainer - GPU 1 memory usage MB: 11700
2018-04-03 15:35:32,660 - INFO - allennlp.training.trainer - GPU 2 memory usage MB: 1572
2018-04-03 15:35:32,660 - INFO - allennlp.training.trainer - GPU 3 memory usage MB: 11
2018-04-03 15:35:32,662 - INFO - allennlp.training.trainer - Training
2018-04-03 16:37:08,706 - INFO - allennlp.training.trainer - Validating
2018-04-03 16:39:53,464 - INFO - allennlp.training.trainer - Best validation performance so far. Copying weights to 'output/joint_001_0.1/best.th'.
2018-04-03 16:39:56,327 - INFO - allennlp.training.trainer - Training loss : 3.684983    Validation loss : 3.455242 
2018-04-03 16:39:56,329 - INFO - allennlp.training.trainer - Training f1 : 0.602530    Validation f1 : 0.620818 
2018-04-03 16:39:56,329 - INFO - allennlp.training.trainer - Training start_acc : 0.501993    Validation start_acc : 0.516903 
2018-04-03 16:39:56,329 - INFO - allennlp.training.trainer - Training end_acc : 0.542034    Validation end_acc : 0.562071 
2018-04-03 16:39:56,329 - INFO - allennlp.training.trainer - Training span_acc : 0.404717    Validation span_acc : 0.415208 
2018-04-03 16:39:56,329 - INFO - allennlp.training.trainer - Training em : 0.453095    Validation em : 0.463949 
2018-04-03 16:39:56,330 - INFO - allennlp.training.trainer - Epoch duration: 01:04:24
2018-04-03 16:39:56,330 - INFO - allennlp.training.trainer - Estimated training time remaining: 20:26:18
2018-04-03 16:39:56,330 - INFO - allennlp.training.trainer - Epoch 2/19
2018-04-03 16:39:56,330 - INFO - allennlp.training.trainer - Peak CPU memory usage MB: 12893.08
2018-04-03 16:39:56,848 - INFO - allennlp.training.trainer - GPU 0 memory usage MB: 6724
2018-04-03 16:39:56,849 - INFO - allennlp.training.trainer - GPU 1 memory usage MB: 11700
2018-04-03 16:39:56,849 - INFO - allennlp.training.trainer - GPU 2 memory usage MB: 1572
2018-04-03 16:39:56,849 - INFO - allennlp.training.trainer - GPU 3 memory usage MB: 2575
2018-04-03 16:39:56,851 - INFO - allennlp.training.trainer - Training
2018-04-03 17:45:17,125 - INFO - allennlp.training.trainer - Validating
2018-04-03 17:48:07,073 - INFO - allennlp.training.trainer - Best validation performance so far. Copying weights to 'output/joint_001_0.1/best.th'.
2018-04-03 17:48:08,732 - INFO - allennlp.training.trainer - Training loss : 3.378108    Validation loss : 3.308999 
2018-04-03 17:48:08,733 - INFO - allennlp.training.trainer - Training f1 : 0.638061    Validation f1 : 0.643716 
2018-04-03 17:48:08,733 - INFO - allennlp.training.trainer - Training start_acc : 0.536351    Validation start_acc : 0.538250 
2018-04-03 17:48:08,733 - INFO - allennlp.training.trainer - Training end_acc : 0.576423    Validation end_acc : 0.581677 
2018-04-03 17:48:08,733 - INFO - allennlp.training.trainer - Training span_acc : 0.438430    Validation span_acc : 0.442327 
2018-04-03 17:48:08,733 - INFO - allennlp.training.trainer - Training em : 0.488858    Validation em : 0.490151 
2018-04-03 17:48:08,734 - INFO - allennlp.training.trainer - Epoch duration: 01:08:12
2018-04-03 17:48:08,734 - INFO - allennlp.training.trainer - Estimated training time remaining: 19:18:37
2018-04-03 17:48:08,734 - INFO - allennlp.training.trainer - Epoch 3/19
2018-04-03 17:48:08,734 - INFO - allennlp.training.trainer - Peak CPU memory usage MB: 12912.512
2018-04-03 17:48:09,029 - INFO - allennlp.training.trainer - GPU 0 memory usage MB: 6726
2018-04-03 17:48:09,029 - INFO - allennlp.training.trainer - GPU 1 memory usage MB: 11700
2018-04-03 17:48:09,029 - INFO - allennlp.training.trainer - GPU 2 memory usage MB: 1572
2018-04-03 17:48:09,029 - INFO - allennlp.training.trainer - GPU 3 memory usage MB: 2575
2018-04-03 17:48:09,030 - INFO - allennlp.training.trainer - Training
2018-04-03 18:54:13,062 - INFO - allennlp.training.trainer - Validating
2018-04-03 18:57:00,261 - INFO - allennlp.training.trainer - Training loss : 3.222764    Validation loss : 3.322598 
2018-04-03 18:57:00,264 - INFO - allennlp.training.trainer - Training f1 : 0.657544    Validation f1 : 0.642926 
2018-04-03 18:57:00,265 - INFO - allennlp.training.trainer - Training start_acc : 0.554836    Validation start_acc : 0.535227 
2018-04-03 18:57:00,265 - INFO - allennlp.training.trainer - Training end_acc : 0.593774    Validation end_acc : 0.578012 
2018-04-03 18:57:00,265 - INFO - allennlp.training.trainer - Training span_acc : 0.456467    Validation span_acc : 0.433807 
2018-04-03 18:57:00,266 - INFO - allennlp.training.trainer - Training em : 0.508446    Validation em : 0.485387 
2018-04-03 18:57:00,266 - INFO - allennlp.training.trainer - Epoch duration: 01:08:51
2018-04-03 18:57:00,266 - INFO - allennlp.training.trainer - Estimated training time remaining: 18:13:17
2018-04-03 18:57:00,266 - INFO - allennlp.training.trainer - Epoch 4/19
2018-04-03 18:57:00,267 - INFO - allennlp.training.trainer - Peak CPU memory usage MB: 12932.224
2018-04-03 18:57:00,920 - INFO - allennlp.training.trainer - GPU 0 memory usage MB: 9475
2018-04-03 18:57:00,920 - INFO - allennlp.training.trainer - GPU 1 memory usage MB: 11700
2018-04-03 18:57:00,920 - INFO - allennlp.training.trainer - GPU 2 memory usage MB: 1572
2018-04-03 18:57:00,920 - INFO - allennlp.training.trainer - GPU 3 memory usage MB: 2575
2018-04-03 18:57:00,922 - INFO - allennlp.training.trainer - Training
2018-04-03 20:03:16,357 - INFO - allennlp.training.trainer - Validating
2018-04-03 20:06:02,652 - INFO - allennlp.training.trainer - Best validation performance so far. Copying weights to 'output/joint_001_0.1/best.th'.
2018-04-03 20:06:05,282 - INFO - allennlp.training.trainer - Training loss : 3.129650    Validation loss : 3.318983 
2018-04-03 20:06:05,283 - INFO - allennlp.training.trainer - Training f1 : 0.670710    Validation f1 : 0.649744 
2018-04-03 20:06:05,284 - INFO - allennlp.training.trainer - Training start_acc : 0.567285    Validation start_acc : 0.544938 
2018-04-03 20:06:05,284 - INFO - allennlp.training.trainer - Training end_acc : 0.607315    Validation end_acc : 0.586441 
2018-04-03 20:06:05,284 - INFO - allennlp.training.trainer - Training span_acc : 0.468707    Validation span_acc : 0.443885 
2018-04-03 20:06:05,284 - INFO - allennlp.training.trainer - Training em : 0.520936    Validation em : 0.494457 
2018-04-03 20:06:05,284 - INFO - allennlp.training.trainer - Epoch duration: 01:09:05
2018-04-03 20:06:05,284 - INFO - allennlp.training.trainer - Estimated training time remaining: 17:07:13
2018-04-03 20:06:05,284 - INFO - allennlp.training.trainer - Epoch 5/19
2018-04-03 20:06:05,284 - INFO - allennlp.training.trainer - Peak CPU memory usage MB: 12951.292
2018-04-03 20:06:05,714 - INFO - allennlp.training.trainer - GPU 0 memory usage MB: 9475
2018-04-03 20:06:05,714 - INFO - allennlp.training.trainer - GPU 1 memory usage MB: 11700
2018-04-03 20:06:05,714 - INFO - allennlp.training.trainer - GPU 2 memory usage MB: 1572
2018-04-03 20:06:05,714 - INFO - allennlp.training.trainer - GPU 3 memory usage MB: 2575
2018-04-03 20:06:05,715 - INFO - allennlp.training.trainer - Training
2018-04-03 21:10:31,170 - INFO - allennlp.training.trainer - Validating
2018-04-03 21:14:24,494 - INFO - allennlp.training.trainer - Best validation performance so far. Copying weights to 'output/joint_001_0.1/best.th'.
2018-04-03 21:14:27,734 - INFO - allennlp.training.trainer - Training loss : 3.091851    Validation loss : 3.329104 
2018-04-03 21:14:27,937 - INFO - allennlp.training.trainer - Training f1 : 0.677676    Validation f1 : 0.649889 
2018-04-03 21:14:27,937 - INFO - allennlp.training.trainer - Training start_acc : 0.575507    Validation start_acc : 0.544755 
2018-04-03 21:14:27,937 - INFO - allennlp.training.trainer - Training end_acc : 0.614757    Validation end_acc : 0.587723 
2018-04-03 21:14:27,937 - INFO - allennlp.training.trainer - Training span_acc : 0.474442    Validation span_acc : 0.446175 
2018-04-03 21:14:27,937 - INFO - allennlp.training.trainer - Training em : 0.526890    Validation em : 0.498580 
2018-04-03 21:14:27,938 - INFO - allennlp.training.trainer - Epoch duration: 01:08:22
2018-04-03 21:14:27,938 - INFO - allennlp.training.trainer - Estimated training time remaining: 15:58:29
2018-04-03 21:14:27,938 - INFO - allennlp.training.trainer - Epoch 6/19
2018-04-03 21:14:27,938 - INFO - allennlp.training.trainer - Peak CPU memory usage MB: 12971.492
2018-04-03 21:14:28,701 - INFO - allennlp.training.trainer - GPU 0 memory usage MB: 4539
2018-04-03 21:14:28,702 - INFO - allennlp.training.trainer - GPU 1 memory usage MB: 11700
2018-04-03 21:14:28,702 - INFO - allennlp.training.trainer - GPU 2 memory usage MB: 1
2018-04-03 21:14:28,702 - INFO - allennlp.training.trainer - GPU 3 memory usage MB: 2575
2018-04-03 21:14:28,703 - INFO - allennlp.training.trainer - Training
2018-04-03 22:17:48,246 - INFO - allennlp.training.trainer - Validating
2018-04-03 22:20:43,622 - INFO - allennlp.training.trainer - Training loss : 3.059499    Validation loss : 3.393207 
2018-04-03 22:20:43,623 - INFO - allennlp.training.trainer - Training f1 : 0.680397    Validation f1 : 0.645146 
2018-04-03 22:20:43,623 - INFO - allennlp.training.trainer - Training start_acc : 0.580368    Validation start_acc : 0.537700 
2018-04-03 22:20:43,624 - INFO - allennlp.training.trainer - Training end_acc : 0.617723    Validation end_acc : 0.584333 
2018-04-03 22:20:43,624 - INFO - allennlp.training.trainer - Training span_acc : 0.478293    Validation span_acc : 0.438388 
2018-04-03 22:20:43,624 - INFO - allennlp.training.trainer - Training em : 0.529450    Validation em : 0.488410 
2018-04-03 22:20:43,625 - INFO - allennlp.training.trainer - Epoch duration: 01:06:15
2018-04-03 22:20:43,625 - INFO - allennlp.training.trainer - Estimated training time remaining: 14:45:56
2018-04-03 22:20:43,625 - INFO - allennlp.training.trainer - Epoch 7/19
2018-04-03 22:20:43,625 - INFO - allennlp.training.trainer - Peak CPU memory usage MB: 12989.92
2018-04-03 22:20:44,068 - INFO - allennlp.training.trainer - GPU 0 memory usage MB: 4540
2018-04-03 22:20:44,068 - INFO - allennlp.training.trainer - GPU 1 memory usage MB: 11700
2018-04-03 22:20:44,068 - INFO - allennlp.training.trainer - GPU 2 memory usage MB: 1
2018-04-03 22:20:44,068 - INFO - allennlp.training.trainer - GPU 3 memory usage MB: 2575
2018-04-03 22:20:44,069 - INFO - allennlp.training.trainer - Training
2018-04-03 23:24:47,514 - INFO - allennlp.training.trainer - Validating
2018-04-03 23:27:32,621 - INFO - allennlp.training.trainer - Training loss : 3.064318    Validation loss : 3.425923 
2018-04-03 23:27:32,622 - INFO - allennlp.training.trainer - Training f1 : 0.681988    Validation f1 : 0.647906 
2018-04-03 23:27:32,622 - INFO - allennlp.training.trainer - Training start_acc : 0.580795    Validation start_acc : 0.543930 
2018-04-03 23:27:32,622 - INFO - allennlp.training.trainer - Training end_acc : 0.620253    Validation end_acc : 0.591938 
2018-04-03 23:27:32,622 - INFO - allennlp.training.trainer - Training span_acc : 0.479928    Validation span_acc : 0.449382 
2018-04-03 23:27:32,622 - INFO - allennlp.training.trainer - Training em : 0.532687    Validation em : 0.496473 
2018-04-03 23:27:32,622 - INFO - allennlp.training.trainer - Epoch duration: 01:06:48
2018-04-03 23:27:32,623 - INFO - allennlp.training.trainer - Estimated training time remaining: 13:35:47
2018-04-03 23:27:32,623 - INFO - allennlp.training.trainer - Epoch 8/19
2018-04-03 23:27:32,623 - INFO - allennlp.training.trainer - Peak CPU memory usage MB: 13008.66
2018-04-03 23:27:33,108 - INFO - allennlp.training.trainer - GPU 0 memory usage MB: 4540
2018-04-03 23:27:33,109 - INFO - allennlp.training.trainer - GPU 1 memory usage MB: 11700
2018-04-03 23:27:33,109 - INFO - allennlp.training.trainer - GPU 2 memory usage MB: 1
2018-04-03 23:27:33,109 - INFO - allennlp.training.trainer - GPU 3 memory usage MB: 2575
2018-04-03 23:27:33,110 - INFO - allennlp.training.trainer - Training
2018-04-04 00:33:29,278 - INFO - allennlp.training.trainer - Validating
2018-04-04 00:36:14,585 - INFO - allennlp.training.trainer - Training loss : 3.092228    Validation loss : 3.419742 
2018-04-04 00:36:14,587 - INFO - allennlp.training.trainer - Training f1 : 0.681106    Validation f1 : 0.642597 
2018-04-04 00:36:14,587 - INFO - allennlp.training.trainer - Training start_acc : 0.582158    Validation start_acc : 0.539808 
2018-04-04 00:36:14,587 - INFO - allennlp.training.trainer - Training end_acc : 0.617369    Validation end_acc : 0.580852 
2018-04-04 00:36:14,588 - INFO - allennlp.training.trainer - Training span_acc : 0.479709    Validation span_acc : 0.437197 
2018-04-04 00:36:14,588 - INFO - allennlp.training.trainer - Training em : 0.531615    Validation em : 0.485845 
2018-04-04 00:36:14,588 - INFO - allennlp.training.trainer - Epoch duration: 01:08:41
2018-04-04 00:36:14,588 - INFO - allennlp.training.trainer - Estimated training time remaining: 12:28:41
2018-04-04 00:36:14,588 - INFO - allennlp.training.trainer - Epoch 9/19
2018-04-04 00:36:14,588 - INFO - allennlp.training.trainer - Peak CPU memory usage MB: 13028.052
2018-04-04 00:36:15,093 - INFO - allennlp.training.trainer - GPU 0 memory usage MB: 4541
2018-04-04 00:36:15,093 - INFO - allennlp.training.trainer - GPU 1 memory usage MB: 11700
2018-04-04 00:36:15,093 - INFO - allennlp.training.trainer - GPU 2 memory usage MB: 1
2018-04-04 00:36:15,094 - INFO - allennlp.training.trainer - GPU 3 memory usage MB: 2575
2018-04-04 00:36:15,095 - INFO - allennlp.training.trainer - Training
2018-04-04 01:41:15,751 - INFO - allennlp.training.trainer - Validating
2018-04-04 01:43:49,450 - INFO - allennlp.training.trainer - Best validation performance so far. Copying weights to 'output/joint_001_0.1/best.th'.
2018-04-04 01:43:51,529 - INFO - allennlp.training.trainer - Training loss : 2.811399    Validation loss : 3.368398 
2018-04-04 01:43:51,530 - INFO - allennlp.training.trainer - Training f1 : 0.712769    Validation f1 : 0.661243 
2018-04-04 01:43:51,530 - INFO - allennlp.training.trainer - Training start_acc : 0.611489    Validation start_acc : 0.554375 
2018-04-04 01:43:51,531 - INFO - allennlp.training.trainer - Training end_acc : 0.650197    Validation end_acc : 0.596519 
2018-04-04 01:43:51,531 - INFO - allennlp.training.trainer - Training span_acc : 0.510299    Validation span_acc : 0.456161 
2018-04-04 01:43:51,531 - INFO - allennlp.training.trainer - Training em : 0.563444    Validation em : 0.506459 
2018-04-04 01:43:51,532 - INFO - allennlp.training.trainer - Epoch duration: 01:07:36
2018-04-04 01:43:51,532 - INFO - allennlp.training.trainer - Estimated training time remaining: 11:20:10
2018-04-04 01:43:51,532 - INFO - allennlp.training.trainer - Epoch 10/19
2018-04-04 01:43:51,532 - INFO - allennlp.training.trainer - Peak CPU memory usage MB: 13047.524
2018-04-04 01:43:52,441 - INFO - allennlp.training.trainer - GPU 0 memory usage MB: 4977
2018-04-04 01:43:52,441 - INFO - allennlp.training.trainer - GPU 1 memory usage MB: 1
2018-04-04 01:43:52,441 - INFO - allennlp.training.trainer - GPU 2 memory usage MB: 1
2018-04-04 01:43:52,441 - INFO - allennlp.training.trainer - GPU 3 memory usage MB: 2575
2018-04-04 01:43:52,443 - INFO - allennlp.training.trainer - Training
2018-04-04 02:46:58,289 - INFO - allennlp.training.trainer - Validating
2018-04-04 02:49:38,183 - INFO - allennlp.training.trainer - Training loss : 2.678236    Validation loss : 3.419475 
2018-04-04 02:49:38,184 - INFO - allennlp.training.trainer - Training f1 : 0.726621    Validation f1 : 0.662902 
2018-04-04 02:49:38,184 - INFO - allennlp.training.trainer - Training start_acc : 0.626966    Validation start_acc : 0.555749 
2018-04-04 02:49:38,185 - INFO - allennlp.training.trainer - Training end_acc : 0.666642    Validation end_acc : 0.597526 
2018-04-04 02:49:38,185 - INFO - allennlp.training.trainer - Training span_acc : 0.527088    Validation span_acc : 0.455337 
2018-04-04 02:49:38,185 - INFO - allennlp.training.trainer - Training em : 0.579858    Validation em : 0.506093 
2018-04-04 02:49:38,186 - INFO - allennlp.training.trainer - Epoch duration: 01:05:46
2018-04-04 02:49:38,186 - INFO - allennlp.training.trainer - Estimated training time remaining: 10:10:19
2018-04-04 02:49:38,186 - INFO - allennlp.training.trainer - Epoch 11/19
2018-04-04 02:49:38,186 - INFO - allennlp.training.trainer - Peak CPU memory usage MB: 13066.148
2018-04-04 02:49:38,670 - INFO - allennlp.training.trainer - GPU 0 memory usage MB: 4977
2018-04-04 02:49:38,670 - INFO - allennlp.training.trainer - GPU 1 memory usage MB: 1
2018-04-04 02:49:38,670 - INFO - allennlp.training.trainer - GPU 2 memory usage MB: 1
2018-04-04 02:49:38,670 - INFO - allennlp.training.trainer - GPU 3 memory usage MB: 2575
2018-04-04 02:49:38,672 - INFO - allennlp.training.trainer - Training
2018-04-04 03:52:36,363 - INFO - allennlp.training.trainer - Validating
2018-04-04 03:55:07,881 - INFO - allennlp.training.trainer - Best validation performance so far. Copying weights to 'output/joint_001_0.1/best.th'.
2018-04-04 03:55:08,716 - INFO - allennlp.training.trainer - Training loss : 2.657618    Validation loss : 3.394476 
2018-04-04 03:55:08,717 - INFO - allennlp.training.trainer - Training f1 : 0.731517    Validation f1 : 0.665362 
2018-04-04 03:55:08,718 - INFO - allennlp.training.trainer - Training start_acc : 0.633440    Validation start_acc : 0.555108 
2018-04-04 03:55:08,718 - INFO - allennlp.training.trainer - Training end_acc : 0.669120    Validation end_acc : 0.598168 
2018-04-04 03:55:08,719 - INFO - allennlp.training.trainer - Training span_acc : 0.532136    Validation span_acc : 0.458818 
2018-04-04 03:55:08,719 - INFO - allennlp.training.trainer - Training em : 0.584833    Validation em : 0.508566 
2018-04-04 03:55:08,719 - INFO - allennlp.training.trainer - Epoch duration: 01:05:30
2018-04-04 03:55:08,719 - INFO - allennlp.training.trainer - Estimated training time remaining: 09:00:58
2018-04-04 03:55:08,720 - INFO - allennlp.training.trainer - Epoch 12/19
2018-04-04 03:55:08,720 - INFO - allennlp.training.trainer - Peak CPU memory usage MB: 13085.032
2018-04-04 03:55:09,191 - INFO - allennlp.training.trainer - GPU 0 memory usage MB: 4977
2018-04-04 03:55:09,192 - INFO - allennlp.training.trainer - GPU 1 memory usage MB: 1
2018-04-04 03:55:09,192 - INFO - allennlp.training.trainer - GPU 2 memory usage MB: 1
2018-04-04 03:55:09,192 - INFO - allennlp.training.trainer - GPU 3 memory usage MB: 2575
2018-04-04 03:55:09,194 - INFO - allennlp.training.trainer - Training
2018-04-04 04:58:19,156 - INFO - allennlp.training.trainer - Validating
2018-04-04 05:00:50,015 - INFO - allennlp.training.trainer - Best validation performance so far. Copying weights to 'output/joint_001_0.1/best.th'.
2018-04-04 05:00:52,386 - INFO - allennlp.training.trainer - Training loss : 2.595649    Validation loss : 3.449091 
2018-04-04 05:00:52,386 - INFO - allennlp.training.trainer - Training f1 : 0.737432    Validation f1 : 0.662653 
2018-04-04 05:00:52,387 - INFO - allennlp.training.trainer - Training start_acc : 0.639893    Validation start_acc : 0.558681 
2018-04-04 05:00:52,388 - INFO - allennlp.training.trainer - Training end_acc : 0.674886    Validation end_acc : 0.597710 
2018-04-04 05:00:52,388 - INFO - allennlp.training.trainer - Training span_acc : 0.538110    Validation span_acc : 0.460192 
2018-04-04 05:00:52,388 - INFO - allennlp.training.trainer - Training em : 0.590401    Validation em : 0.512597 
2018-04-04 05:00:52,388 - INFO - allennlp.training.trainer - Epoch duration: 01:05:43
2018-04-04 05:00:52,389 - INFO - allennlp.training.trainer - Estimated training time remaining: 07:52:20
2018-04-04 05:00:52,389 - INFO - allennlp.training.trainer - Epoch 13/19
2018-04-04 05:00:52,389 - INFO - allennlp.training.trainer - Peak CPU memory usage MB: 13102.52
2018-04-04 05:00:52,889 - INFO - allennlp.training.trainer - GPU 0 memory usage MB: 4977
2018-04-04 05:00:52,889 - INFO - allennlp.training.trainer - GPU 1 memory usage MB: 1
2018-04-04 05:00:52,889 - INFO - allennlp.training.trainer - GPU 2 memory usage MB: 1
2018-04-04 05:00:52,889 - INFO - allennlp.training.trainer - GPU 3 memory usage MB: 2575
2018-04-04 05:00:52,891 - INFO - allennlp.training.trainer - Training
2018-04-04 06:04:04,530 - INFO - allennlp.training.trainer - Validating
2018-04-04 06:06:44,038 - INFO - allennlp.training.trainer - Training loss : 2.572229    Validation loss : 3.436297 
2018-04-04 06:06:44,046 - INFO - allennlp.training.trainer - Training f1 : 0.740297    Validation f1 : 0.660730 
2018-04-04 06:06:44,046 - INFO - allennlp.training.trainer - Training start_acc : 0.641652    Validation start_acc : 0.551993 
2018-04-04 06:06:44,046 - INFO - allennlp.training.trainer - Training end_acc : 0.677353    Validation end_acc : 0.595602 
2018-04-04 06:06:44,046 - INFO - allennlp.training.trainer - Training span_acc : 0.540067    Validation span_acc : 0.456619 
2018-04-04 06:06:44,046 - INFO - allennlp.training.trainer - Training em : 0.592421    Validation em : 0.506917 
2018-04-04 06:06:44,046 - INFO - allennlp.training.trainer - Epoch duration: 01:05:51
2018-04-04 06:06:44,047 - INFO - allennlp.training.trainer - Estimated training time remaining: 06:44:09
2018-04-04 06:06:44,047 - INFO - allennlp.training.trainer - Epoch 14/19
2018-04-04 06:06:44,047 - INFO - allennlp.training.trainer - Peak CPU memory usage MB: 13121.58
2018-04-04 06:06:44,624 - INFO - allennlp.training.trainer - GPU 0 memory usage MB: 4977
2018-04-04 06:06:44,624 - INFO - allennlp.training.trainer - GPU 1 memory usage MB: 1
2018-04-04 06:06:44,624 - INFO - allennlp.training.trainer - GPU 2 memory usage MB: 1
2018-04-04 06:06:44,624 - INFO - allennlp.training.trainer - GPU 3 memory usage MB: 2575
2018-04-04 06:06:44,626 - INFO - allennlp.training.trainer - Training
2018-04-04 07:09:33,448 - INFO - allennlp.training.trainer - Validating
2018-04-04 07:12:04,510 - INFO - allennlp.training.trainer - Training loss : 2.523420    Validation loss : 3.510985 
2018-04-04 07:12:04,511 - INFO - allennlp.training.trainer - Training f1 : 0.747051    Validation f1 : 0.664016 
2018-04-04 07:12:04,512 - INFO - allennlp.training.trainer - Training start_acc : 0.649073    Validation start_acc : 0.560971 
2018-04-04 07:12:04,512 - INFO - allennlp.training.trainer - Training end_acc : 0.687730    Validation end_acc : 0.600916 
2018-04-04 07:12:04,513 - INFO - allennlp.training.trainer - Training span_acc : 0.548831    Validation span_acc : 0.461292 
2018-04-04 07:12:04,513 - INFO - allennlp.training.trainer - Training em : 0.600560    Validation em : 0.509666 
2018-04-04 07:12:04,513 - INFO - allennlp.training.trainer - Epoch duration: 01:05:20
2018-04-04 07:12:04,513 - INFO - allennlp.training.trainer - Estimated training time remaining: 05:36:07
2018-04-04 07:12:04,513 - INFO - allennlp.training.trainer - Epoch 15/19
2018-04-04 07:12:04,513 - INFO - allennlp.training.trainer - Peak CPU memory usage MB: 13137.288
2018-04-04 07:12:04,976 - INFO - allennlp.training.trainer - GPU 0 memory usage MB: 4977
2018-04-04 07:12:04,977 - INFO - allennlp.training.trainer - GPU 1 memory usage MB: 1
2018-04-04 07:12:04,977 - INFO - allennlp.training.trainer - GPU 2 memory usage MB: 1
2018-04-04 07:12:04,977 - INFO - allennlp.training.trainer - GPU 3 memory usage MB: 2575
2018-04-04 07:12:04,979 - INFO - allennlp.training.trainer - Training
2018-04-04 08:15:17,163 - INFO - allennlp.training.trainer - Validating
2018-04-04 08:17:48,521 - INFO - allennlp.training.trainer - Training loss : 2.560570    Validation loss : 3.481692 
2018-04-04 08:17:48,522 - INFO - allennlp.training.trainer - Training f1 : 0.745356    Validation f1 : 0.660634 
2018-04-04 08:17:48,523 - INFO - allennlp.training.trainer - Training start_acc : 0.647002    Validation start_acc : 0.552909 
2018-04-04 08:17:48,523 - INFO - allennlp.training.trainer - Training end_acc : 0.683722    Validation end_acc : 0.594137 
2018-04-04 08:17:48,523 - INFO - allennlp.training.trainer - Training span_acc : 0.546978    Validation span_acc : 0.453596 
2018-04-04 08:17:48,524 - INFO - allennlp.training.trainer - Training em : 0.599196    Validation em : 0.504352 
2018-04-04 08:17:48,524 - INFO - allennlp.training.trainer - Epoch duration: 01:05:44
2018-04-04 08:17:48,524 - INFO - allennlp.training.trainer - Estimated training time remaining: 04:28:31
2018-04-04 08:17:48,524 - INFO - allennlp.training.trainer - Epoch 16/19
2018-04-04 08:17:48,524 - INFO - allennlp.training.trainer - Peak CPU memory usage MB: 13156.372
2018-04-04 08:17:49,005 - INFO - allennlp.training.trainer - GPU 0 memory usage MB: 4977
2018-04-04 08:17:49,005 - INFO - allennlp.training.trainer - GPU 1 memory usage MB: 1
2018-04-04 08:17:49,005 - INFO - allennlp.training.trainer - GPU 2 memory usage MB: 1
2018-04-04 08:17:49,005 - INFO - allennlp.training.trainer - GPU 3 memory usage MB: 2575
2018-04-04 08:17:49,007 - INFO - allennlp.training.trainer - Training
2018-04-04 09:20:46,326 - INFO - allennlp.training.trainer - Validating
2018-04-04 09:23:16,863 - INFO - allennlp.training.trainer - Training loss : 2.352898    Validation loss : 3.545454 
2018-04-04 09:23:16,864 - INFO - allennlp.training.trainer - Training f1 : 0.767140    Validation f1 : 0.665444 
2018-04-04 09:23:16,865 - INFO - allennlp.training.trainer - Training start_acc : 0.671108    Validation start_acc : 0.559780 
2018-04-04 09:23:16,865 - INFO - allennlp.training.trainer - Training end_acc : 0.707328    Validation end_acc : 0.601008 
2018-04-04 09:23:16,865 - INFO - allennlp.training.trainer - Training span_acc : 0.571614    Validation span_acc : 0.461200 
2018-04-04 09:23:16,866 - INFO - allennlp.training.trainer - Training em : 0.624187    Validation em : 0.510399 
2018-04-04 09:23:16,866 - INFO - allennlp.training.trainer - Epoch duration: 01:05:28
2018-04-04 09:23:16,866 - INFO - allennlp.training.trainer - Estimated training time remaining: 03:21:06
2018-04-04 09:23:16,866 - INFO - allennlp.training.trainer - Epoch 17/19
2018-04-04 09:23:16,866 - INFO - allennlp.training.trainer - Peak CPU memory usage MB: 13173.476
2018-04-04 09:23:17,324 - INFO - allennlp.training.trainer - GPU 0 memory usage MB: 4977
2018-04-04 09:23:17,324 - INFO - allennlp.training.trainer - GPU 1 memory usage MB: 1
2018-04-04 09:23:17,324 - INFO - allennlp.training.trainer - GPU 2 memory usage MB: 1
2018-04-04 09:23:17,324 - INFO - allennlp.training.trainer - GPU 3 memory usage MB: 2575
2018-04-04 09:23:17,326 - INFO - allennlp.training.trainer - Training
2018-04-04 10:26:32,381 - INFO - allennlp.training.trainer - Validating
2018-04-04 10:29:03,074 - INFO - allennlp.training.trainer - Best validation performance so far. Copying weights to 'output/joint_001_0.1/best.th'.
2018-04-04 10:29:03,813 - INFO - allennlp.training.trainer - Training loss : 2.297076    Validation loss : 3.602093 
2018-04-04 10:29:03,813 - INFO - allennlp.training.trainer - Training f1 : 0.773954    Validation f1 : 0.666742 
2018-04-04 10:29:03,814 - INFO - allennlp.training.trainer - Training start_acc : 0.677488    Validation start_acc : 0.561521 
2018-04-04 10:29:03,814 - INFO - allennlp.training.trainer - Training end_acc : 0.716051    Validation end_acc : 0.601741 
2018-04-04 10:29:03,815 - INFO - allennlp.training.trainer - Training span_acc : 0.578307    Validation span_acc : 0.464956 
2018-04-04 10:29:03,815 - INFO - allennlp.training.trainer - Training em : 0.631254    Validation em : 0.514430 
2018-04-04 10:29:03,816 - INFO - allennlp.training.trainer - Epoch duration: 01:05:46
2018-04-04 10:29:03,816 - INFO - allennlp.training.trainer - Estimated training time remaining: 02:13:55
2018-04-04 10:29:03,816 - INFO - allennlp.training.trainer - Epoch 18/19
2018-04-04 10:29:03,816 - INFO - allennlp.training.trainer - Peak CPU memory usage MB: 13192.156
2018-04-04 10:29:04,267 - INFO - allennlp.training.trainer - GPU 0 memory usage MB: 4977
2018-04-04 10:29:04,267 - INFO - allennlp.training.trainer - GPU 1 memory usage MB: 1
2018-04-04 10:29:04,267 - INFO - allennlp.training.trainer - GPU 2 memory usage MB: 1
2018-04-04 10:29:04,268 - INFO - allennlp.training.trainer - GPU 3 memory usage MB: 2575
2018-04-04 10:29:04,269 - INFO - allennlp.training.trainer - Training
2018-04-04 11:31:11,566 - INFO - allennlp.training.trainer - Validating
2018-04-04 11:33:43,814 - INFO - allennlp.training.trainer - Training loss : 2.243017    Validation loss : 3.646585 
2018-04-04 11:33:43,817 - INFO - allennlp.training.trainer - Training f1 : 0.777771    Validation f1 : 0.661122 
2018-04-04 11:33:43,817 - INFO - allennlp.training.trainer - Training start_acc : 0.682702    Validation start_acc : 0.555841 
2018-04-04 11:33:43,817 - INFO - allennlp.training.trainer - Training end_acc : 0.719798    Validation end_acc : 0.598717 
2018-04-04 11:33:43,817 - INFO - allennlp.training.trainer - Training span_acc : 0.583938    Validation span_acc : 0.460650 
2018-04-04 11:33:43,817 - INFO - allennlp.training.trainer - Training em : 0.636635    Validation em : 0.507650 
2018-04-04 11:33:43,817 - INFO - allennlp.training.trainer - Epoch duration: 01:04:40
2018-04-04 11:33:43,818 - INFO - allennlp.training.trainer - Estimated training time remaining: 01:06:50
2018-04-04 11:33:43,818 - INFO - allennlp.training.trainer - Epoch 19/19
2018-04-04 11:33:43,818 - INFO - allennlp.training.trainer - Peak CPU memory usage MB: 13210.576
2018-04-04 11:33:44,322 - INFO - allennlp.training.trainer - GPU 0 memory usage MB: 4977
2018-04-04 11:33:44,322 - INFO - allennlp.training.trainer - GPU 1 memory usage MB: 1
2018-04-04 11:33:44,322 - INFO - allennlp.training.trainer - GPU 2 memory usage MB: 1
2018-04-04 11:33:44,322 - INFO - allennlp.training.trainer - GPU 3 memory usage MB: 2575
2018-04-04 11:33:44,323 - INFO - allennlp.training.trainer - Training
2018-04-04 12:36:59,300 - INFO - allennlp.training.trainer - Validating
2018-04-04 12:39:30,184 - INFO - allennlp.training.trainer - Training loss : 2.219950    Validation loss : 3.566610 
2018-04-04 12:39:30,185 - INFO - allennlp.training.trainer - Training f1 : 0.779323    Validation f1 : 0.666104 
2018-04-04 12:39:30,185 - INFO - allennlp.training.trainer - Training start_acc : 0.684794    Validation start_acc : 0.559505 
2018-04-04 12:39:30,186 - INFO - allennlp.training.trainer - Training end_acc : 0.722327    Validation end_acc : 0.601283 
2018-04-04 12:39:30,186 - INFO - allennlp.training.trainer - Training span_acc : 0.585988    Validation span_acc : 0.464956 
2018-04-04 12:39:30,186 - INFO - allennlp.training.trainer - Training em : 0.638623    Validation em : 0.512322 
2018-04-04 12:39:30,187 - INFO - allennlp.training.trainer - Epoch duration: 01:05:46
2018-04-04 12:39:30,194 - INFO - allennlp.models.archival - archiving weights and vocabulary to output/joint_001_0.1/model.tar.gz
2018-04-04 12:39:34,699 - INFO - allennlp.commands.train - Metrics: {
  "training_duration": "22:15:49",
  "training_start_epoch": 0,
  "training_epochs": 20,
  "training_start_acc": 0.6847944877546135,
  "training_end_acc": 0.7223268836454094,
  "training_span_acc": 0.585988321866836,
  "training_em": 0.6386231876515711,
  "training_f1": 0.7793227680529482,
  "training_loss": 2.2199504375457764,
  "validation_start_acc": 0.5595052679798442,
  "validation_end_acc": 0.6012826385707741,
  "validation_span_acc": 0.46495648190563443,
  "validation_em": 0.512322491983509,
  "validation_f1": 0.6661040591942026,
  "validation_loss": 3.566610097885132,
  "best_validation_em": 0.5144296839212094,
  "best_epoch": 17
}
