2018-04-15 19:04:52,293 - WARNING - allennlp.commands.fine_tune - You passed parameters for the model in your configuration file, but we are ignoring them, using instead the model parameters in the archive.
2018-04-15 19:04:52,294 - INFO - allennlp.common.params - vocabulary = None
2018-04-15 19:04:52,690 - INFO - allennlp.common.params - iterator.type = bucket
2018-04-15 19:04:52,690 - INFO - allennlp.common.params - iterator.sorting_keys = [['passage', 'num_tokens'], ['question', 'num_tokens']]
2018-04-15 19:04:52,691 - INFO - allennlp.common.params - iterator.padding_noise = 0.1
2018-04-15 19:04:52,691 - INFO - allennlp.common.params - iterator.biggest_batch_first = False
2018-04-15 19:04:52,691 - INFO - allennlp.common.params - iterator.batch_size = 15
2018-04-15 19:04:52,691 - INFO - allennlp.common.params - iterator.instances_per_epoch = None
2018-04-15 19:04:52,691 - INFO - allennlp.common.params - iterator.max_instances_in_memory = None
2018-04-15 19:04:52,691 - INFO - allennlp.common.params - dataset_reader.type = squad
2018-04-15 19:04:52,691 - INFO - allennlp.common.params - dataset_reader.tokenizer.type = word
2018-04-15 19:04:52,692 - INFO - allennlp.common.params - dataset_reader.tokenizer.word_splitter.type = spacy
2018-04-15 19:04:52,692 - INFO - allennlp.common.params - dataset_reader.tokenizer.word_splitter.language = en_core_web_sm
2018-04-15 19:04:52,692 - INFO - allennlp.common.params - dataset_reader.tokenizer.word_splitter.pos_tags = False
2018-04-15 19:04:52,692 - INFO - allennlp.common.params - dataset_reader.tokenizer.word_splitter.parse = False
2018-04-15 19:04:52,692 - INFO - allennlp.common.params - dataset_reader.tokenizer.word_splitter.ner = False
2018-04-15 19:04:53,125 - INFO - allennlp.common.params - dataset_reader.tokenizer.word_filter.type = pass_through
2018-04-15 19:04:53,125 - INFO - allennlp.common.params - dataset_reader.tokenizer.word_stemmer.type = pass_through
2018-04-15 19:04:53,125 - INFO - allennlp.common.params - dataset_reader.tokenizer.start_tokens = None
2018-04-15 19:04:53,126 - INFO - allennlp.common.params - dataset_reader.tokenizer.end_tokens = None
2018-04-15 19:04:53,126 - INFO - allennlp.common.params - dataset_reader.token_indexers.tokens.type = single_id
2018-04-15 19:04:53,126 - INFO - allennlp.common.params - dataset_reader.token_indexers.tokens.namespace = tokens
2018-04-15 19:04:53,126 - INFO - allennlp.common.params - dataset_reader.token_indexers.tokens.lowercase_tokens = True
2018-04-15 19:04:53,126 - INFO - allennlp.common.params - dataset_reader.token_indexers.token_characters.type = characters
2018-04-15 19:04:53,126 - INFO - allennlp.common.params - dataset_reader.token_indexers.token_characters.namespace = token_characters
2018-04-15 19:04:53,127 - INFO - allennlp.common.params - dataset_reader.token_indexers.token_characters.character_tokenizer.byte_encoding = utf-8
2018-04-15 19:04:53,127 - INFO - allennlp.common.params - dataset_reader.token_indexers.token_characters.character_tokenizer.lowercase_characters = False
2018-04-15 19:04:53,127 - INFO - allennlp.common.params - dataset_reader.token_indexers.token_characters.character_tokenizer.start_tokens = [259]
2018-04-15 19:04:53,127 - INFO - allennlp.common.params - dataset_reader.token_indexers.token_characters.character_tokenizer.end_tokens = [260]
2018-04-15 19:04:53,127 - INFO - allennlp.common.params - dataset_reader.lazy = False
2018-04-15 19:04:53,127 - INFO - allennlp.common.params - validation_dataset_reader = None
2018-04-15 19:04:53,127 - INFO - allennlp.common.params - train_data_path = data/active_learning/active_learning_2/classifier_top1/train-v1.1.json
2018-04-15 19:04:53,127 - INFO - allennlp.commands.train - Reading training data from data/active_learning/active_learning_2/classifier_top1/train-v1.1.json
2018-04-15 19:04:53,130 - INFO - allennlp.data.dataset_readers.reading_comprehension.squad - Reading file at data/active_learning/active_learning_2/classifier_top1/train-v1.1.json
2018-04-15 19:04:53,691 - INFO - allennlp.data.dataset_readers.reading_comprehension.squad - Reading the dataset
0
80201
2018-04-15 19:06:09,987 - INFO - allennlp.common.params - validation_data_path = data/active_learning/active_learning_2/classifier_top1/dev-v1.1.json
2018-04-15 19:06:09,987 - INFO - allennlp.commands.train - Reading validation data from data/active_learning/active_learning_2/classifier_top1/dev-v1.1.json
2018-04-15 19:06:09,989 - INFO - allennlp.data.dataset_readers.reading_comprehension.squad - Reading file at data/active_learning/active_learning_2/classifier_top1/dev-v1.1.json
2018-04-15 19:06:10,014 - INFO - allennlp.data.dataset_readers.reading_comprehension.squad - Reading the dataset
0
9143
2018-04-15 19:06:19,019 - INFO - allennlp.common.params - test_data_path = None
2018-04-15 19:06:19,019 - INFO - allennlp.common.params - trainer.patience = 10
2018-04-15 19:06:19,019 - INFO - allennlp.common.params - trainer.validation_metric = +em
2018-04-15 19:06:19,019 - INFO - allennlp.common.params - trainer.num_epochs = 15
2018-04-15 19:06:19,019 - INFO - allennlp.common.params - trainer.cuda_device = 0
2018-04-15 19:06:19,019 - INFO - allennlp.common.params - trainer.grad_norm = 5.0
2018-04-15 19:06:19,019 - INFO - allennlp.common.params - trainer.grad_clipping = None
2018-04-15 19:06:26,578 - INFO - allennlp.common.params - trainer.optimizer.type = adam
2018-04-15 19:06:26,578 - INFO - allennlp.common.params - trainer.optimizer.parameter_groups = None
2018-04-15 19:06:26,578 - INFO - allennlp.common.params - Converting Params object to dict; logging of default values will not occur when dictionary parameters are used subsequently.
2018-04-15 19:06:26,578 - INFO - allennlp.common.params - CURRENTLY DEFINED PARAMETERS: 
2018-04-15 19:06:26,578 - INFO - allennlp.common.params - trainer.optimizer.betas = [0.9, 0.9]
2018-04-15 19:06:26,578 - INFO - allennlp.common.params - trainer.learning_rate_scheduler.type = reduce_on_plateau
2018-04-15 19:06:26,578 - INFO - allennlp.common.params - Converting Params object to dict; logging of default values will not occur when dictionary parameters are used subsequently.
2018-04-15 19:06:26,579 - INFO - allennlp.common.params - CURRENTLY DEFINED PARAMETERS: 
2018-04-15 19:06:26,579 - INFO - allennlp.common.params - trainer.learning_rate_scheduler.factor = 0.5
2018-04-15 19:06:26,579 - INFO - allennlp.common.params - trainer.learning_rate_scheduler.mode = max
2018-04-15 19:06:26,579 - INFO - allennlp.common.params - trainer.learning_rate_scheduler.patience = 2
2018-04-15 19:06:26,579 - INFO - allennlp.common.params - trainer.num_serialized_models_to_keep = None
2018-04-15 19:06:26,579 - INFO - allennlp.common.params - trainer.keep_serialized_model_every_num_seconds = None
2018-04-15 19:06:26,579 - INFO - allennlp.common.params - trainer.model_save_interval = None
2018-04-15 19:06:26,579 - INFO - allennlp.common.params - trainer.summary_interval = 100
2018-04-15 19:06:26,579 - INFO - allennlp.common.params - trainer.histogram_interval = None
2018-04-15 19:06:26,590 - INFO - allennlp.common.params - evaluate_on_test = False
2018-04-15 19:06:26,591 - INFO - allennlp.training.trainer - Beginning training.
2018-04-15 19:06:26,591 - INFO - allennlp.training.trainer - Epoch 0/14
2018-04-15 19:06:26,591 - INFO - allennlp.training.trainer - Peak CPU memory usage MB: 5994.128
2018-04-15 19:06:26,739 - INFO - allennlp.training.trainer - GPU 0 memory usage MB: 21971
2018-04-15 19:06:26,739 - INFO - allennlp.training.trainer - GPU 1 memory usage MB: 21829
2018-04-15 19:06:26,739 - INFO - allennlp.training.trainer - GPU 2 memory usage MB: 450
2018-04-15 19:06:26,739 - INFO - allennlp.training.trainer - GPU 3 memory usage MB: 1
2018-04-15 19:06:26,740 - INFO - allennlp.training.trainer - Training
2018-04-15 19:40:57,878 - INFO - allennlp.training.trainer - Validating
2018-04-15 19:42:41,669 - INFO - allennlp.training.trainer - Best validation performance so far. Copying weights to 'output/active_classifier_top_1_fn-joint/best.th'.
2018-04-15 19:42:42,160 - INFO - allennlp.training.trainer - Training start_acc : 0.699991    Validation start_acc : 0.715629 
2018-04-15 19:42:42,161 - INFO - allennlp.training.trainer - Training f1 : 0.797473    Validation f1 : 0.811267 
2018-04-15 19:42:42,162 - INFO - allennlp.training.trainer - Training end_acc : 0.744766    Validation end_acc : 0.760144 
2018-04-15 19:42:42,162 - INFO - allennlp.training.trainer - Training loss : 1.899422    Validation loss : 1.719593 
2018-04-15 19:42:42,162 - INFO - allennlp.training.trainer - Training span_acc : 0.609656    Validation span_acc : 0.619162 
2018-04-15 19:42:42,163 - INFO - allennlp.training.trainer - Training em : 0.666014    Validation em : 0.671552 
2018-04-15 19:42:42,163 - INFO - allennlp.training.trainer - Epoch duration: 00:36:15
2018-04-15 19:42:42,163 - INFO - allennlp.training.trainer - Estimated training time remaining: 08:27:38
2018-04-15 19:42:42,163 - INFO - allennlp.models.archival - archiving weights and vocabulary to output/active_classifier_top_1_fn-joint/model.tar.gz
2018-04-15 19:42:45,341 - INFO - allennlp.training.trainer - Epoch 1/14
2018-04-15 19:42:45,341 - INFO - allennlp.training.trainer - Peak CPU memory usage MB: 8441.716
2018-04-15 19:42:45,575 - INFO - allennlp.training.trainer - GPU 0 memory usage MB: 21971
2018-04-15 19:42:45,575 - INFO - allennlp.training.trainer - GPU 1 memory usage MB: 21829
2018-04-15 19:42:45,575 - INFO - allennlp.training.trainer - GPU 2 memory usage MB: 8365
2018-04-15 19:42:45,576 - INFO - allennlp.training.trainer - GPU 3 memory usage MB: 1
2018-04-15 19:42:45,577 - INFO - allennlp.training.trainer - Training
2018-04-15 20:15:32,009 - INFO - allennlp.training.trainer - Validating
2018-04-15 20:16:56,943 - INFO - allennlp.training.trainer - Training start_acc : 0.712136    Validation start_acc : 0.699661 
2018-04-15 20:16:56,945 - INFO - allennlp.training.trainer - Training f1 : 0.805821    Validation f1 : 0.796283 
2018-04-15 20:16:56,945 - INFO - allennlp.training.trainer - Training end_acc : 0.753270    Validation end_acc : 0.741332 
2018-04-15 20:16:56,945 - INFO - allennlp.training.trainer - Training loss : 1.816524    Validation loss : 1.877715 
2018-04-15 20:16:56,946 - INFO - allennlp.training.trainer - Training span_acc : 0.620865    Validation span_acc : 0.597616 
2018-04-15 20:16:56,946 - INFO - allennlp.training.trainer - Training em : 0.675640    Validation em : 0.653287 
2018-04-15 20:16:56,946 - INFO - allennlp.training.trainer - Epoch duration: 00:34:11
2018-04-15 20:16:56,946 - INFO - allennlp.training.trainer - Estimated training time remaining: 07:38:17
2018-04-15 20:16:56,947 - INFO - allennlp.models.archival - archiving weights and vocabulary to output/active_classifier_top_1_fn-joint/model.tar.gz
2018-04-15 20:16:59,911 - INFO - allennlp.training.trainer - Epoch 2/14
2018-04-15 20:16:59,911 - INFO - allennlp.training.trainer - Peak CPU memory usage MB: 8455.804
2018-04-15 20:17:00,141 - INFO - allennlp.training.trainer - GPU 0 memory usage MB: 21971
2018-04-15 20:17:00,141 - INFO - allennlp.training.trainer - GPU 1 memory usage MB: 21829
2018-04-15 20:17:00,142 - INFO - allennlp.training.trainer - GPU 2 memory usage MB: 8365
2018-04-15 20:17:00,142 - INFO - allennlp.training.trainer - GPU 3 memory usage MB: 1
2018-04-15 20:17:00,143 - INFO - allennlp.training.trainer - Training
2018-04-15 20:48:39,287 - INFO - allennlp.training.trainer - Validating
2018-04-15 20:50:02,074 - INFO - allennlp.training.trainer - Training start_acc : 0.724742    Validation start_acc : 0.681833 
2018-04-15 20:50:02,075 - INFO - allennlp.training.trainer - Training f1 : 0.816282    Validation f1 : 0.780589 
2018-04-15 20:50:02,076 - INFO - allennlp.training.trainer - Training end_acc : 0.765439    Validation end_acc : 0.729957 
2018-04-15 20:50:02,076 - INFO - allennlp.training.trainer - Training loss : 1.722065    Validation loss : 2.004481 
2018-04-15 20:50:02,076 - INFO - allennlp.training.trainer - Training span_acc : 0.635142    Validation span_acc : 0.586569 
2018-04-15 20:50:02,077 - INFO - allennlp.training.trainer - Training em : 0.689293    Validation em : 0.636662 
2018-04-15 20:50:02,077 - INFO - allennlp.training.trainer - Epoch duration: 00:33:02
2018-04-15 20:50:02,077 - INFO - allennlp.training.trainer - Estimated training time remaining: 06:54:21
2018-04-15 20:50:02,077 - INFO - allennlp.models.archival - archiving weights and vocabulary to output/active_classifier_top_1_fn-joint/model.tar.gz
2018-04-15 20:50:04,940 - INFO - allennlp.training.trainer - Epoch 3/14
2018-04-15 20:50:04,941 - INFO - allennlp.training.trainer - Peak CPU memory usage MB: 8470.948
2018-04-15 20:50:05,173 - INFO - allennlp.training.trainer - GPU 0 memory usage MB: 21971
2018-04-15 20:50:05,173 - INFO - allennlp.training.trainer - GPU 1 memory usage MB: 21829
2018-04-15 20:50:05,173 - INFO - allennlp.training.trainer - GPU 2 memory usage MB: 8365
2018-04-15 20:50:05,173 - INFO - allennlp.training.trainer - GPU 3 memory usage MB: 1
2018-04-15 20:50:05,175 - INFO - allennlp.training.trainer - Training
2018-04-15 21:22:50,642 - INFO - allennlp.training.trainer - Validating
2018-04-15 21:24:14,686 - INFO - allennlp.training.trainer - Training start_acc : 0.737173    Validation start_acc : 0.673083 
2018-04-15 21:24:14,687 - INFO - allennlp.training.trainer - Training f1 : 0.824893    Validation f1 : 0.775510 
2018-04-15 21:24:14,688 - INFO - allennlp.training.trainer - Training end_acc : 0.773968    Validation end_acc : 0.720661 
2018-04-15 21:24:14,688 - INFO - allennlp.training.trainer - Training loss : 1.632199    Validation loss : 2.118299 
2018-04-15 21:24:14,688 - INFO - allennlp.training.trainer - Training span_acc : 0.648708    Validation span_acc : 0.578803 
2018-04-15 21:24:14,689 - INFO - allennlp.training.trainer - Training em : 0.700353    Validation em : 0.633381 
2018-04-15 21:24:14,689 - INFO - allennlp.training.trainer - Epoch duration: 00:34:09
2018-04-15 21:24:14,689 - INFO - allennlp.training.trainer - Estimated training time remaining: 06:18:57
2018-04-15 21:24:14,690 - INFO - allennlp.models.archival - archiving weights and vocabulary to output/active_classifier_top_1_fn-joint/model.tar.gz
2018-04-15 21:24:17,580 - INFO - allennlp.training.trainer - Epoch 4/14
2018-04-15 21:24:17,581 - INFO - allennlp.training.trainer - Peak CPU memory usage MB: 8485.22
2018-04-15 21:24:17,797 - INFO - allennlp.training.trainer - GPU 0 memory usage MB: 21971
2018-04-15 21:24:17,798 - INFO - allennlp.training.trainer - GPU 1 memory usage MB: 21829
2018-04-15 21:24:17,798 - INFO - allennlp.training.trainer - GPU 2 memory usage MB: 8365
2018-04-15 21:24:17,798 - INFO - allennlp.training.trainer - GPU 3 memory usage MB: 1
2018-04-15 21:24:17,800 - INFO - allennlp.training.trainer - Training
