2018-04-15 19:40:17,545 - WARNING - allennlp.commands.fine_tune - You passed parameters for the model in your configuration file, but we are ignoring them, using instead the model parameters in the archive.
2018-04-15 19:40:17,545 - INFO - allennlp.common.params - vocabulary = None
2018-04-15 19:40:17,814 - INFO - allennlp.common.params - iterator.type = bucket
2018-04-15 19:40:17,814 - INFO - allennlp.common.params - iterator.sorting_keys = [['passage', 'num_tokens'], ['question', 'num_tokens']]
2018-04-15 19:40:17,814 - INFO - allennlp.common.params - iterator.padding_noise = 0.1
2018-04-15 19:40:17,815 - INFO - allennlp.common.params - iterator.biggest_batch_first = False
2018-04-15 19:40:17,815 - INFO - allennlp.common.params - iterator.batch_size = 15
2018-04-15 19:40:17,815 - INFO - allennlp.common.params - iterator.instances_per_epoch = None
2018-04-15 19:40:17,815 - INFO - allennlp.common.params - iterator.max_instances_in_memory = None
2018-04-15 19:40:17,815 - INFO - allennlp.common.params - dataset_reader.type = squad
2018-04-15 19:40:17,815 - INFO - allennlp.common.params - dataset_reader.tokenizer.type = word
2018-04-15 19:40:17,815 - INFO - allennlp.common.params - dataset_reader.tokenizer.word_splitter.type = spacy
2018-04-15 19:40:17,815 - INFO - allennlp.common.params - dataset_reader.tokenizer.word_splitter.language = en_core_web_sm
2018-04-15 19:40:17,815 - INFO - allennlp.common.params - dataset_reader.tokenizer.word_splitter.pos_tags = False
2018-04-15 19:40:17,815 - INFO - allennlp.common.params - dataset_reader.tokenizer.word_splitter.parse = False
2018-04-15 19:40:17,815 - INFO - allennlp.common.params - dataset_reader.tokenizer.word_splitter.ner = False
2018-04-15 19:40:18,233 - INFO - allennlp.common.params - dataset_reader.tokenizer.word_filter.type = pass_through
2018-04-15 19:40:18,233 - INFO - allennlp.common.params - dataset_reader.tokenizer.word_stemmer.type = pass_through
2018-04-15 19:40:18,233 - INFO - allennlp.common.params - dataset_reader.tokenizer.start_tokens = None
2018-04-15 19:40:18,233 - INFO - allennlp.common.params - dataset_reader.tokenizer.end_tokens = None
2018-04-15 19:40:18,233 - INFO - allennlp.common.params - dataset_reader.token_indexers.tokens.type = single_id
2018-04-15 19:40:18,233 - INFO - allennlp.common.params - dataset_reader.token_indexers.tokens.namespace = tokens
2018-04-15 19:40:18,233 - INFO - allennlp.common.params - dataset_reader.token_indexers.tokens.lowercase_tokens = True
2018-04-15 19:40:18,234 - INFO - allennlp.common.params - dataset_reader.token_indexers.token_characters.type = characters
2018-04-15 19:40:18,234 - INFO - allennlp.common.params - dataset_reader.token_indexers.token_characters.namespace = token_characters
2018-04-15 19:40:18,234 - INFO - allennlp.common.params - dataset_reader.token_indexers.token_characters.character_tokenizer.byte_encoding = utf-8
2018-04-15 19:40:18,234 - INFO - allennlp.common.params - dataset_reader.token_indexers.token_characters.character_tokenizer.lowercase_characters = False
2018-04-15 19:40:18,234 - INFO - allennlp.common.params - dataset_reader.token_indexers.token_characters.character_tokenizer.start_tokens = [259]
2018-04-15 19:40:18,234 - INFO - allennlp.common.params - dataset_reader.token_indexers.token_characters.character_tokenizer.end_tokens = [260]
2018-04-15 19:40:18,234 - INFO - allennlp.common.params - dataset_reader.lazy = False
2018-04-15 19:40:18,234 - INFO - allennlp.common.params - validation_dataset_reader = None
2018-04-15 19:40:18,234 - INFO - allennlp.common.params - train_data_path = data/active_learning/active_learning_2/classifier_top1/classifier_top1.json
2018-04-15 19:40:18,234 - INFO - allennlp.commands.train - Reading training data from data/active_learning/active_learning_2/classifier_top1/classifier_top1.json
2018-04-15 19:40:18,239 - INFO - allennlp.data.dataset_readers.reading_comprehension.squad - Reading file at data/active_learning/active_learning_2/classifier_top1/classifier_top1.json
2018-04-15 19:40:18,273 - INFO - allennlp.data.dataset_readers.reading_comprehension.squad - Reading the dataset
0
873
2018-04-15 19:40:28,830 - INFO - allennlp.common.params - validation_data_path = data/active_learning/active_learning_2/classifier_top1/dev-v1.1.json
2018-04-15 19:40:28,830 - INFO - allennlp.commands.train - Reading validation data from data/active_learning/active_learning_2/classifier_top1/dev-v1.1.json
2018-04-15 19:40:28,831 - INFO - allennlp.data.dataset_readers.reading_comprehension.squad - Reading file at data/active_learning/active_learning_2/classifier_top1/dev-v1.1.json
2018-04-15 19:40:28,922 - INFO - allennlp.data.dataset_readers.reading_comprehension.squad - Reading the dataset
0
9143
2018-04-15 19:40:38,850 - INFO - allennlp.common.params - test_data_path = None
2018-04-15 19:40:38,852 - INFO - allennlp.common.params - trainer.patience = 10
2018-04-15 19:40:38,852 - INFO - allennlp.common.params - trainer.validation_metric = +em
2018-04-15 19:40:38,852 - INFO - allennlp.common.params - trainer.num_epochs = 15
2018-04-15 19:40:38,852 - INFO - allennlp.common.params - trainer.cuda_device = 0
2018-04-15 19:40:38,852 - INFO - allennlp.common.params - trainer.grad_norm = 5.0
2018-04-15 19:40:38,852 - INFO - allennlp.common.params - trainer.grad_clipping = None
2018-04-15 19:40:45,594 - INFO - allennlp.common.params - trainer.optimizer.type = adam
2018-04-15 19:40:45,594 - INFO - allennlp.common.params - trainer.optimizer.parameter_groups = None
2018-04-15 19:40:45,594 - INFO - allennlp.common.params - Converting Params object to dict; logging of default values will not occur when dictionary parameters are used subsequently.
2018-04-15 19:40:45,594 - INFO - allennlp.common.params - CURRENTLY DEFINED PARAMETERS: 
2018-04-15 19:40:45,594 - INFO - allennlp.common.params - trainer.optimizer.betas = [0.9, 0.9]
2018-04-15 19:40:45,594 - INFO - allennlp.common.params - trainer.learning_rate_scheduler.type = reduce_on_plateau
2018-04-15 19:40:45,594 - INFO - allennlp.common.params - Converting Params object to dict; logging of default values will not occur when dictionary parameters are used subsequently.
2018-04-15 19:40:45,595 - INFO - allennlp.common.params - CURRENTLY DEFINED PARAMETERS: 
2018-04-15 19:40:45,595 - INFO - allennlp.common.params - trainer.learning_rate_scheduler.factor = 0.5
2018-04-15 19:40:45,595 - INFO - allennlp.common.params - trainer.learning_rate_scheduler.mode = max
2018-04-15 19:40:45,595 - INFO - allennlp.common.params - trainer.learning_rate_scheduler.patience = 2
2018-04-15 19:40:45,595 - INFO - allennlp.common.params - trainer.num_serialized_models_to_keep = None
2018-04-15 19:40:45,595 - INFO - allennlp.common.params - trainer.keep_serialized_model_every_num_seconds = None
2018-04-15 19:40:45,595 - INFO - allennlp.common.params - trainer.model_save_interval = None
2018-04-15 19:40:45,595 - INFO - allennlp.common.params - trainer.summary_interval = 100
2018-04-15 19:40:45,595 - INFO - allennlp.common.params - trainer.histogram_interval = None
2018-04-15 19:40:45,608 - INFO - allennlp.common.params - evaluate_on_test = False
2018-04-15 19:40:45,608 - INFO - allennlp.training.trainer - Beginning training.
2018-04-15 19:40:45,608 - INFO - allennlp.training.trainer - Epoch 0/14
2018-04-15 19:40:45,608 - INFO - allennlp.training.trainer - Peak CPU memory usage MB: 2488.948
2018-04-15 19:40:45,723 - INFO - allennlp.training.trainer - GPU 0 memory usage MB: 1
2018-04-15 19:40:45,724 - INFO - allennlp.training.trainer - GPU 1 memory usage MB: 450
2018-04-15 19:40:45,724 - INFO - allennlp.training.trainer - GPU 2 memory usage MB: 1
2018-04-15 19:40:45,724 - INFO - allennlp.training.trainer - GPU 3 memory usage MB: 1
2018-04-15 19:40:45,725 - INFO - allennlp.training.trainer - Training
2018-04-15 19:41:59,570 - INFO - allennlp.training.trainer - Validating
2018-04-15 19:43:41,576 - INFO - allennlp.training.trainer - Best validation performance so far. Copying weights to 'output/active_classifier_top_1_fn-selected/best.th'.
2018-04-15 19:43:42,274 - INFO - allennlp.training.trainer - Training span_acc : 0.619702    Validation span_acc : 0.656896 
2018-04-15 19:43:42,274 - INFO - allennlp.training.trainer - Training em : 0.665521    Validation em : 0.705239 
2018-04-15 19:43:42,276 - INFO - allennlp.training.trainer - Training f1 : 0.722201    Validation f1 : 0.832305 
2018-04-15 19:43:42,276 - INFO - allennlp.training.trainer - Training loss : 3.413333    Validation loss : 1.578376 
2018-04-15 19:43:42,276 - INFO - allennlp.training.trainer - Training start_acc : 0.631157    Validation start_acc : 0.747676 
2018-04-15 19:43:42,276 - INFO - allennlp.training.trainer - Training end_acc : 0.696449    Validation end_acc : 0.789347 
2018-04-15 19:43:42,277 - INFO - allennlp.training.trainer - Epoch duration: 00:02:56
2018-04-15 19:43:42,277 - INFO - allennlp.training.trainer - Estimated training time remaining: 00:41:13
2018-04-15 19:43:42,278 - INFO - allennlp.models.archival - archiving weights and vocabulary to output/active_classifier_top_1_fn-selected/model.tar.gz
2018-04-15 19:43:45,210 - INFO - allennlp.training.trainer - Epoch 1/14
2018-04-15 19:43:45,210 - INFO - allennlp.training.trainer - Peak CPU memory usage MB: 3002.992
2018-04-15 19:43:45,401 - INFO - allennlp.training.trainer - GPU 0 memory usage MB: 1
2018-04-15 19:43:45,401 - INFO - allennlp.training.trainer - GPU 1 memory usage MB: 6484
2018-04-15 19:43:45,402 - INFO - allennlp.training.trainer - GPU 2 memory usage MB: 1
2018-04-15 19:43:45,402 - INFO - allennlp.training.trainer - GPU 3 memory usage MB: 1
2018-04-15 19:43:45,404 - INFO - allennlp.training.trainer - Training
2018-04-15 19:44:51,294 - INFO - allennlp.training.trainer - Validating
2018-04-15 19:46:12,226 - INFO - allennlp.training.trainer - Training span_acc : 0.749141    Validation span_acc : 0.643334 
2018-04-15 19:46:12,228 - INFO - allennlp.training.trainer - Training em : 0.776632    Validation em : 0.688067 
2018-04-15 19:46:12,228 - INFO - allennlp.training.trainer - Training f1 : 0.829602    Validation f1 : 0.818273 
2018-04-15 19:46:12,230 - INFO - allennlp.training.trainer - Training loss : 1.831009    Validation loss : 1.627665 
2018-04-15 19:46:12,230 - INFO - allennlp.training.trainer - Training start_acc : 0.774341    Validation start_acc : 0.742973 
2018-04-15 19:46:12,230 - INFO - allennlp.training.trainer - Training end_acc : 0.815578    Validation end_acc : 0.771738 
2018-04-15 19:46:12,231 - INFO - allennlp.training.trainer - Epoch duration: 00:02:27
2018-04-15 19:46:12,231 - INFO - allennlp.training.trainer - Estimated training time remaining: 00:35:23
2018-04-15 19:46:12,231 - INFO - allennlp.models.archival - archiving weights and vocabulary to output/active_classifier_top_1_fn-selected/model.tar.gz
2018-04-15 19:46:16,071 - INFO - allennlp.training.trainer - Epoch 2/14
2018-04-15 19:46:16,072 - INFO - allennlp.training.trainer - Peak CPU memory usage MB: 3006.268
2018-04-15 19:46:16,275 - INFO - allennlp.training.trainer - GPU 0 memory usage MB: 1
2018-04-15 19:46:16,276 - INFO - allennlp.training.trainer - GPU 1 memory usage MB: 8041
2018-04-15 19:46:16,276 - INFO - allennlp.training.trainer - GPU 2 memory usage MB: 1
2018-04-15 19:46:16,276 - INFO - allennlp.training.trainer - GPU 3 memory usage MB: 1
2018-04-15 19:46:16,278 - INFO - allennlp.training.trainer - Training
2018-04-15 19:47:21,405 - INFO - allennlp.training.trainer - Validating
2018-04-15 19:48:44,432 - INFO - allennlp.training.trainer - Training span_acc : 0.837342    Validation span_acc : 0.624850 
2018-04-15 19:48:44,433 - INFO - allennlp.training.trainer - Training em : 0.847652    Validation em : 0.672536 
2018-04-15 19:48:44,434 - INFO - allennlp.training.trainer - Training f1 : 0.898758    Validation f1 : 0.803704 
2018-04-15 19:48:44,434 - INFO - allennlp.training.trainer - Training loss : 0.920975    Validation loss : 1.749015 
2018-04-15 19:48:44,434 - INFO - allennlp.training.trainer - Training start_acc : 0.875143    Validation start_acc : 0.727332 
2018-04-15 19:48:44,434 - INFO - allennlp.training.trainer - Training end_acc : 0.884307    Validation end_acc : 0.756973 
2018-04-15 19:48:44,435 - INFO - allennlp.training.trainer - Epoch duration: 00:02:28
2018-04-15 19:48:44,435 - INFO - allennlp.training.trainer - Estimated training time remaining: 00:31:55
2018-04-15 19:48:44,435 - INFO - allennlp.models.archival - archiving weights and vocabulary to output/active_classifier_top_1_fn-selected/model.tar.gz
2018-04-15 19:48:47,321 - INFO - allennlp.training.trainer - Epoch 3/14
2018-04-15 19:48:47,322 - INFO - allennlp.training.trainer - Peak CPU memory usage MB: 3006.6
2018-04-15 19:48:47,479 - INFO - allennlp.training.trainer - GPU 0 memory usage MB: 1
2018-04-15 19:48:47,480 - INFO - allennlp.training.trainer - GPU 1 memory usage MB: 8041
2018-04-15 19:48:47,480 - INFO - allennlp.training.trainer - GPU 2 memory usage MB: 11
2018-04-15 19:48:47,480 - INFO - allennlp.training.trainer - GPU 3 memory usage MB: 1
2018-04-15 19:48:47,482 - INFO - allennlp.training.trainer - Training
2018-04-15 19:49:51,595 - INFO - allennlp.training.trainer - Validating
2018-04-15 19:51:14,343 - INFO - allennlp.training.trainer - Training span_acc : 0.893471    Validation span_acc : 0.609209 
2018-04-15 19:51:14,345 - INFO - allennlp.training.trainer - Training em : 0.901489    Validation em : 0.655584 
2018-04-15 19:51:14,345 - INFO - allennlp.training.trainer - Training f1 : 0.937475    Validation f1 : 0.786229 
2018-04-15 19:51:14,345 - INFO - allennlp.training.trainer - Training loss : 0.559203    Validation loss : 1.982220 
2018-04-15 19:51:14,345 - INFO - allennlp.training.trainer - Training start_acc : 0.914089    Validation start_acc : 0.717270 
2018-04-15 19:51:14,346 - INFO - allennlp.training.trainer - Training end_acc : 0.934708    Validation end_acc : 0.734004 
2018-04-15 19:51:14,346 - INFO - allennlp.training.trainer - Epoch duration: 00:02:27
2018-04-15 19:51:14,346 - INFO - allennlp.training.trainer - Estimated training time remaining: 00:28:49
2018-04-15 19:51:14,347 - INFO - allennlp.models.archival - archiving weights and vocabulary to output/active_classifier_top_1_fn-selected/model.tar.gz
2018-04-15 19:51:17,313 - INFO - allennlp.training.trainer - Epoch 4/14
2018-04-15 19:51:17,313 - INFO - allennlp.training.trainer - Peak CPU memory usage MB: 3006.652
2018-04-15 19:51:17,467 - INFO - allennlp.training.trainer - GPU 0 memory usage MB: 1
2018-04-15 19:51:17,468 - INFO - allennlp.training.trainer - GPU 1 memory usage MB: 8042
2018-04-15 19:51:17,468 - INFO - allennlp.training.trainer - GPU 2 memory usage MB: 11
2018-04-15 19:51:17,468 - INFO - allennlp.training.trainer - GPU 3 memory usage MB: 1
2018-04-15 19:51:17,470 - INFO - allennlp.training.trainer - Training
2018-04-15 19:52:21,788 - INFO - allennlp.training.trainer - Validating
2018-04-15 19:53:43,397 - INFO - allennlp.training.trainer - Training span_acc : 0.928981    Validation span_acc : 0.612819 
2018-04-15 19:53:43,399 - INFO - allennlp.training.trainer - Training em : 0.936999    Validation em : 0.659302 
2018-04-15 19:53:43,399 - INFO - allennlp.training.trainer - Training f1 : 0.964458    Validation f1 : 0.789415 
2018-04-15 19:53:43,399 - INFO - allennlp.training.trainer - Training loss : 0.336258    Validation loss : 2.015439 
2018-04-15 19:53:43,399 - INFO - allennlp.training.trainer - Training start_acc : 0.941581    Validation start_acc : 0.721317 
2018-04-15 19:53:43,399 - INFO - allennlp.training.trainer - Training end_acc : 0.966781    Validation end_acc : 0.739692 
2018-04-15 19:53:43,399 - INFO - allennlp.training.trainer - Epoch duration: 00:02:26
2018-04-15 19:53:43,400 - INFO - allennlp.training.trainer - Estimated training time remaining: 00:25:55
2018-04-15 19:53:43,401 - INFO - allennlp.models.archival - archiving weights and vocabulary to output/active_classifier_top_1_fn-selected/model.tar.gz
2018-04-15 19:53:46,622 - INFO - allennlp.training.trainer - Epoch 5/14
2018-04-15 19:53:46,626 - INFO - allennlp.training.trainer - Peak CPU memory usage MB: 3006.856
2018-04-15 19:53:46,795 - INFO - allennlp.training.trainer - GPU 0 memory usage MB: 1
2018-04-15 19:53:46,795 - INFO - allennlp.training.trainer - GPU 1 memory usage MB: 8042
2018-04-15 19:53:46,795 - INFO - allennlp.training.trainer - GPU 2 memory usage MB: 11
2018-04-15 19:53:46,795 - INFO - allennlp.training.trainer - GPU 3 memory usage MB: 1
2018-04-15 19:53:46,797 - INFO - allennlp.training.trainer - Training
2018-04-15 19:54:50,851 - INFO - allennlp.training.trainer - Validating
2018-04-15 19:56:13,532 - INFO - allennlp.training.trainer - Training span_acc : 0.956472    Validation span_acc : 0.615225 
2018-04-15 19:56:13,534 - INFO - allennlp.training.trainer - Training em : 0.959908    Validation em : 0.661271 
2018-04-15 19:56:13,535 - INFO - allennlp.training.trainer - Training f1 : 0.977000    Validation f1 : 0.791674 
2018-04-15 19:56:13,535 - INFO - allennlp.training.trainer - Training loss : 0.178833    Validation loss : 2.065079 
2018-04-15 19:56:13,535 - INFO - allennlp.training.trainer - Training start_acc : 0.965636    Validation start_acc : 0.720442 
2018-04-15 19:56:13,536 - INFO - allennlp.training.trainer - Training end_acc : 0.978236    Validation end_acc : 0.741004 
2018-04-15 19:56:13,536 - INFO - allennlp.training.trainer - Epoch duration: 00:02:26
2018-04-15 19:56:13,536 - INFO - allennlp.training.trainer - Estimated training time remaining: 00:23:11
2018-04-15 19:56:13,536 - INFO - allennlp.models.archival - archiving weights and vocabulary to output/active_classifier_top_1_fn-selected/model.tar.gz
2018-04-15 19:56:16,598 - INFO - allennlp.training.trainer - Epoch 6/14
2018-04-15 19:56:16,599 - INFO - allennlp.training.trainer - Peak CPU memory usage MB: 3006.912
2018-04-15 19:56:16,755 - INFO - allennlp.training.trainer - GPU 0 memory usage MB: 1
2018-04-15 19:56:16,757 - INFO - allennlp.training.trainer - GPU 1 memory usage MB: 8042
2018-04-15 19:56:16,758 - INFO - allennlp.training.trainer - GPU 2 memory usage MB: 460
2018-04-15 19:56:16,758 - INFO - allennlp.training.trainer - GPU 3 memory usage MB: 1
2018-04-15 19:56:16,760 - INFO - allennlp.training.trainer - Training
2018-04-15 19:57:20,566 - INFO - allennlp.training.trainer - Validating
2018-04-15 19:58:44,788 - INFO - allennlp.training.trainer - Training span_acc : 0.962199    Validation span_acc : 0.619162 
2018-04-15 19:58:44,790 - INFO - allennlp.training.trainer - Training em : 0.966781    Validation em : 0.668818 
2018-04-15 19:58:44,791 - INFO - allennlp.training.trainer - Training f1 : 0.982307    Validation f1 : 0.800354 
2018-04-15 19:58:44,791 - INFO - allennlp.training.trainer - Training loss : 0.163414    Validation loss : 2.081234 
2018-04-15 19:58:44,791 - INFO - allennlp.training.trainer - Training start_acc : 0.967927    Validation start_acc : 0.723942 
2018-04-15 19:58:44,791 - INFO - allennlp.training.trainer - Training end_acc : 0.986254    Validation end_acc : 0.753254 
2018-04-15 19:58:44,791 - INFO - allennlp.training.trainer - Epoch duration: 00:02:28
2018-04-15 19:58:44,791 - INFO - allennlp.training.trainer - Estimated training time remaining: 00:20:33
2018-04-15 19:58:44,792 - INFO - allennlp.models.archival - archiving weights and vocabulary to output/active_classifier_top_1_fn-selected/model.tar.gz
2018-04-15 19:58:47,716 - INFO - allennlp.training.trainer - Epoch 7/14
2018-04-15 19:58:47,717 - INFO - allennlp.training.trainer - Peak CPU memory usage MB: 3007.016
2018-04-15 19:58:47,873 - INFO - allennlp.training.trainer - GPU 0 memory usage MB: 1
2018-04-15 19:58:47,874 - INFO - allennlp.training.trainer - GPU 1 memory usage MB: 8043
2018-04-15 19:58:47,874 - INFO - allennlp.training.trainer - GPU 2 memory usage MB: 460
2018-04-15 19:58:47,874 - INFO - allennlp.training.trainer - GPU 3 memory usage MB: 1
2018-04-15 19:58:47,875 - INFO - allennlp.training.trainer - Training
2018-04-15 19:59:45,263 - INFO - allennlp.training.trainer - Validating
2018-04-15 20:01:06,106 - INFO - allennlp.training.trainer - Training span_acc : 0.972509    Validation span_acc : 0.616209 
2018-04-15 20:01:06,109 - INFO - allennlp.training.trainer - Training em : 0.974800    Validation em : 0.665318 
2018-04-15 20:01:06,110 - INFO - allennlp.training.trainer - Training f1 : 0.986915    Validation f1 : 0.795263 
2018-04-15 20:01:06,110 - INFO - allennlp.training.trainer - Training loss : 0.145168    Validation loss : 2.141803 
2018-04-15 20:01:06,110 - INFO - allennlp.training.trainer - Training start_acc : 0.975945    Validation start_acc : 0.722520 
2018-04-15 20:01:06,110 - INFO - allennlp.training.trainer - Training end_acc : 0.988545    Validation end_acc : 0.747348 
2018-04-15 20:01:06,110 - INFO - allennlp.training.trainer - Epoch duration: 00:02:18
2018-04-15 20:01:06,110 - INFO - allennlp.training.trainer - Estimated training time remaining: 00:17:47
2018-04-15 20:01:06,112 - INFO - allennlp.models.archival - archiving weights and vocabulary to output/active_classifier_top_1_fn-selected/model.tar.gz
2018-04-15 20:01:09,052 - INFO - allennlp.training.trainer - Epoch 8/14
2018-04-15 20:01:09,053 - INFO - allennlp.training.trainer - Peak CPU memory usage MB: 3007.228
2018-04-15 20:01:09,218 - INFO - allennlp.training.trainer - GPU 0 memory usage MB: 1
2018-04-15 20:01:09,218 - INFO - allennlp.training.trainer - GPU 1 memory usage MB: 11319
2018-04-15 20:01:09,218 - INFO - allennlp.training.trainer - GPU 2 memory usage MB: 9683
2018-04-15 20:01:09,218 - INFO - allennlp.training.trainer - GPU 3 memory usage MB: 1
2018-04-15 20:01:09,220 - INFO - allennlp.training.trainer - Training
2018-04-15 20:02:06,578 - INFO - allennlp.training.trainer - Validating
2018-04-15 20:03:37,403 - INFO - allennlp.training.trainer - Training span_acc : 0.978236    Validation span_acc : 0.612272 
2018-04-15 20:03:37,610 - INFO - allennlp.training.trainer - Training em : 0.981672    Validation em : 0.660287 
2018-04-15 20:03:37,610 - INFO - allennlp.training.trainer - Training f1 : 0.988668    Validation f1 : 0.791385 
2018-04-15 20:03:37,610 - INFO - allennlp.training.trainer - Training loss : 0.086475    Validation loss : 2.233603 
2018-04-15 20:03:37,610 - INFO - allennlp.training.trainer - Training start_acc : 0.979381    Validation start_acc : 0.720223 
2018-04-15 20:03:37,610 - INFO - allennlp.training.trainer - Training end_acc : 0.991982    Validation end_acc : 0.742535 
2018-04-15 20:03:37,610 - INFO - allennlp.training.trainer - Epoch duration: 00:02:28
2018-04-15 20:03:37,610 - INFO - allennlp.training.trainer - Estimated training time remaining: 00:15:14
2018-04-15 20:03:37,611 - INFO - allennlp.models.archival - archiving weights and vocabulary to output/active_classifier_top_1_fn-selected/model.tar.gz
2018-04-15 20:03:41,135 - INFO - allennlp.training.trainer - Epoch 9/14
2018-04-15 20:03:41,135 - INFO - allennlp.training.trainer - Peak CPU memory usage MB: 3007.424
2018-04-15 20:03:41,276 - INFO - allennlp.training.trainer - GPU 0 memory usage MB: 1
2018-04-15 20:03:41,277 - INFO - allennlp.training.trainer - GPU 1 memory usage MB: 11319
2018-04-15 20:03:41,277 - INFO - allennlp.training.trainer - GPU 2 memory usage MB: 9684
2018-04-15 20:03:41,277 - INFO - allennlp.training.trainer - GPU 3 memory usage MB: 1
2018-04-15 20:03:41,279 - INFO - allennlp.training.trainer - Training
2018-04-15 20:04:39,263 - INFO - allennlp.training.trainer - Validating
2018-04-15 20:06:04,551 - INFO - allennlp.training.trainer - Training span_acc : 0.982818    Validation span_acc : 0.612600 
2018-04-15 20:06:04,553 - INFO - allennlp.training.trainer - Training em : 0.985109    Validation em : 0.660724 
2018-04-15 20:06:04,554 - INFO - allennlp.training.trainer - Training f1 : 0.991325    Validation f1 : 0.792511 
2018-04-15 20:06:04,554 - INFO - allennlp.training.trainer - Training loss : 0.075736    Validation loss : 2.245642 
2018-04-15 20:06:04,554 - INFO - allennlp.training.trainer - Training start_acc : 0.985109    Validation start_acc : 0.720223 
2018-04-15 20:06:04,554 - INFO - allennlp.training.trainer - Training end_acc : 0.994273    Validation end_acc : 0.743629 
2018-04-15 20:06:04,554 - INFO - allennlp.training.trainer - Epoch duration: 00:02:23
2018-04-15 20:06:04,555 - INFO - allennlp.training.trainer - Estimated training time remaining: 00:12:39
2018-04-15 20:06:04,555 - INFO - allennlp.models.archival - archiving weights and vocabulary to output/active_classifier_top_1_fn-selected/model.tar.gz
2018-04-15 20:06:10,442 - INFO - allennlp.training.trainer - Epoch 10/14
2018-04-15 20:06:10,442 - INFO - allennlp.training.trainer - Peak CPU memory usage MB: 3007.424
2018-04-15 20:06:10,568 - INFO - allennlp.training.trainer - GPU 0 memory usage MB: 1
2018-04-15 20:06:10,568 - INFO - allennlp.training.trainer - GPU 1 memory usage MB: 11319
2018-04-15 20:06:10,568 - INFO - allennlp.training.trainer - GPU 2 memory usage MB: 9684
2018-04-15 20:06:10,568 - INFO - allennlp.training.trainer - GPU 3 memory usage MB: 1
2018-04-15 20:06:10,570 - INFO - allennlp.training.trainer - Training
2018-04-15 20:07:07,718 - INFO - allennlp.training.trainer - Validating
2018-04-15 20:08:32,314 - INFO - allennlp.training.trainer - Ran out of patience.  Stopping training.
2018-04-15 20:08:32,315 - INFO - allennlp.models.archival - archiving weights and vocabulary to output/active_classifier_top_1_fn-selected/model.tar.gz
2018-04-15 20:08:35,686 - INFO - allennlp.commands.fine_tune - Metrics: {
  "training_duration": "00:27:46",
  "training_start_epoch": 0,
  "training_epochs": 10,
  "training_start_acc": 0.9862542955326461,
  "training_end_acc": 0.993127147766323,
  "training_span_acc": 0.981672394043528,
  "training_em": 0.983963344788087,
  "training_f1": 0.9891563116767074,
  "training_loss": 0.0518314354121685,
  "validation_start_acc": 0.7178169091107951,
  "validation_end_acc": 0.7407853002296839,
  "validation_span_acc": 0.6083342447774254,
  "validation_em": 0.657005359291261,
  "validation_f1": 0.7897362900819983,
  "validation_loss": 2.310255765914917,
  "best_validation_em": 0.7052389806409275,
  "best_epoch": 0
}
0
10570
0
4871
