2018-04-15 19:41:30,407 - INFO - allennlp.common.params - dataset_reader.type = squad
2018-04-15 19:41:30,407 - INFO - allennlp.common.params - dataset_reader.tokenizer.type = word
2018-04-15 19:41:30,407 - INFO - allennlp.common.params - dataset_reader.tokenizer.word_splitter.type = spacy
2018-04-15 19:41:30,407 - INFO - allennlp.common.params - dataset_reader.tokenizer.word_splitter.language = en_core_web_sm
2018-04-15 19:41:30,407 - INFO - allennlp.common.params - dataset_reader.tokenizer.word_splitter.pos_tags = False
2018-04-15 19:41:30,407 - INFO - allennlp.common.params - dataset_reader.tokenizer.word_splitter.parse = False
2018-04-15 19:41:30,407 - INFO - allennlp.common.params - dataset_reader.tokenizer.word_splitter.ner = False
2018-04-15 19:41:30,851 - INFO - allennlp.common.params - dataset_reader.tokenizer.word_filter.type = pass_through
2018-04-15 19:41:30,852 - INFO - allennlp.common.params - dataset_reader.tokenizer.word_stemmer.type = pass_through
2018-04-15 19:41:30,852 - INFO - allennlp.common.params - dataset_reader.tokenizer.start_tokens = None
2018-04-15 19:41:30,852 - INFO - allennlp.common.params - dataset_reader.tokenizer.end_tokens = None
2018-04-15 19:41:30,852 - INFO - allennlp.common.params - dataset_reader.token_indexers.tokens.type = single_id
2018-04-15 19:41:30,852 - INFO - allennlp.common.params - dataset_reader.token_indexers.tokens.namespace = tokens
2018-04-15 19:41:30,852 - INFO - allennlp.common.params - dataset_reader.token_indexers.tokens.lowercase_tokens = True
2018-04-15 19:41:30,853 - INFO - allennlp.common.params - dataset_reader.token_indexers.token_characters.type = characters
2018-04-15 19:41:30,853 - INFO - allennlp.common.params - dataset_reader.token_indexers.token_characters.namespace = token_characters
2018-04-15 19:41:30,853 - INFO - allennlp.common.params - dataset_reader.token_indexers.token_characters.character_tokenizer.byte_encoding = utf-8
2018-04-15 19:41:30,853 - INFO - allennlp.common.params - dataset_reader.token_indexers.token_characters.character_tokenizer.lowercase_characters = False
2018-04-15 19:41:30,853 - INFO - allennlp.common.params - dataset_reader.token_indexers.token_characters.character_tokenizer.start_tokens = [259]
2018-04-15 19:41:30,853 - INFO - allennlp.common.params - dataset_reader.token_indexers.token_characters.character_tokenizer.end_tokens = [260]
2018-04-15 19:41:30,853 - INFO - allennlp.common.params - dataset_reader.lazy = False
2018-04-15 19:41:30,853 - INFO - allennlp.common.params - validation_dataset_reader = None
2018-04-15 19:41:30,853 - INFO - allennlp.common.params - train_data_path = data/active_learning/active_learning_2/classifier_top1/train-v1.1.json
2018-04-15 19:41:30,853 - INFO - allennlp.commands.train - Reading training data from data/active_learning/active_learning_2/classifier_top1/train-v1.1.json
2018-04-15 19:41:30,857 - INFO - allennlp.data.dataset_readers.reading_comprehension.squad - Reading file at data/active_learning/active_learning_2/classifier_top1/train-v1.1.json
2018-04-15 19:41:31,667 - INFO - allennlp.data.dataset_readers.reading_comprehension.squad - Reading the dataset
0
80201
2018-04-15 19:42:44,767 - INFO - allennlp.common.params - validation_data_path = data/active_learning/active_learning_2/classifier_top1/dev-v1.1.json
2018-04-15 19:42:44,770 - INFO - allennlp.commands.train - Reading validation data from data/active_learning/active_learning_2/classifier_top1/dev-v1.1.json
2018-04-15 19:42:44,776 - INFO - allennlp.data.dataset_readers.reading_comprehension.squad - Reading file at data/active_learning/active_learning_2/classifier_top1/dev-v1.1.json
2018-04-15 19:42:44,852 - INFO - allennlp.data.dataset_readers.reading_comprehension.squad - Reading the dataset
0
9143
2018-04-15 19:42:53,688 - INFO - allennlp.common.params - test_data_path = None
2018-04-15 19:42:53,688 - INFO - allennlp.commands.train - Creating a vocabulary using train, validation data.
2018-04-15 19:42:53,688 - INFO - allennlp.common.params - vocabulary.directory_path = None
2018-04-15 19:42:53,688 - INFO - allennlp.common.params - vocabulary.min_count = None
2018-04-15 19:42:53,688 - INFO - allennlp.common.params - vocabulary.max_vocab_size = None
2018-04-15 19:42:53,688 - INFO - allennlp.common.params - vocabulary.non_padded_namespaces = ('*tags', '*labels')
2018-04-15 19:42:53,688 - INFO - allennlp.common.params - vocabulary.only_include_pretrained_words = False
2018-04-15 19:42:53,688 - INFO - allennlp.data.vocabulary - Fitting token dictionary from dataset.
2018-04-15 19:45:24,647 - INFO - allennlp.common.params - model.type = bidaf
2018-04-15 19:45:24,648 - INFO - allennlp.common.params - model.text_field_embedder.type = basic
2018-04-15 19:45:24,648 - INFO - allennlp.common.params - model.text_field_embedder.tokens.type = embedding
2018-04-15 19:45:24,648 - INFO - allennlp.common.params - model.text_field_embedder.tokens.num_embeddings = None
2018-04-15 19:45:24,648 - INFO - allennlp.common.params - model.text_field_embedder.tokens.vocab_namespace = tokens
2018-04-15 19:45:24,648 - INFO - allennlp.common.params - model.text_field_embedder.tokens.embedding_dim = 100
2018-04-15 19:45:24,648 - INFO - allennlp.common.params - model.text_field_embedder.tokens.pretrained_file = https://s3-us-west-2.amazonaws.com/allennlp/datasets/glove/glove.6B.100d.txt.gz
2018-04-15 19:45:24,648 - INFO - allennlp.common.params - model.text_field_embedder.tokens.projection_dim = None
2018-04-15 19:45:24,648 - INFO - allennlp.common.params - model.text_field_embedder.tokens.trainable = False
2018-04-15 19:45:24,648 - INFO - allennlp.common.params - model.text_field_embedder.tokens.padding_index = None
2018-04-15 19:45:24,648 - INFO - allennlp.common.params - model.text_field_embedder.tokens.max_norm = None
2018-04-15 19:45:24,649 - INFO - allennlp.common.params - model.text_field_embedder.tokens.norm_type = 2.0
2018-04-15 19:45:24,649 - INFO - allennlp.common.params - model.text_field_embedder.tokens.scale_grad_by_freq = False
2018-04-15 19:45:24,649 - INFO - allennlp.common.params - model.text_field_embedder.tokens.sparse = False
2018-04-15 19:45:24,657 - INFO - allennlp.modules.token_embedders.embedding - Reading embeddings from file
2018-04-15 19:45:32,490 - INFO - allennlp.modules.token_embedders.embedding - Initializing pre-trained embedding layer
2018-04-15 19:45:33,443 - INFO - allennlp.common.params - model.text_field_embedder.token_characters.type = character_encoding
2018-04-15 19:45:33,443 - INFO - allennlp.common.params - model.text_field_embedder.token_characters.embedding.num_embeddings = 262
2018-04-15 19:45:33,443 - INFO - allennlp.common.params - model.text_field_embedder.token_characters.embedding.vocab_namespace = token_characters
2018-04-15 19:45:33,443 - INFO - allennlp.common.params - model.text_field_embedder.token_characters.embedding.embedding_dim = 16
2018-04-15 19:45:33,444 - INFO - allennlp.common.params - model.text_field_embedder.token_characters.embedding.pretrained_file = None
2018-04-15 19:45:33,444 - INFO - allennlp.common.params - model.text_field_embedder.token_characters.embedding.projection_dim = None
2018-04-15 19:45:33,444 - INFO - allennlp.common.params - model.text_field_embedder.token_characters.embedding.trainable = True
2018-04-15 19:45:33,444 - INFO - allennlp.common.params - model.text_field_embedder.token_characters.embedding.padding_index = None
2018-04-15 19:45:33,444 - INFO - allennlp.common.params - model.text_field_embedder.token_characters.embedding.max_norm = None
2018-04-15 19:45:33,444 - INFO - allennlp.common.params - model.text_field_embedder.token_characters.embedding.norm_type = 2.0
2018-04-15 19:45:33,444 - INFO - allennlp.common.params - model.text_field_embedder.token_characters.embedding.scale_grad_by_freq = False
2018-04-15 19:45:33,444 - INFO - allennlp.common.params - model.text_field_embedder.token_characters.embedding.sparse = False
2018-04-15 19:45:33,444 - INFO - allennlp.common.params - model.text_field_embedder.token_characters.encoder.type = cnn
2018-04-15 19:45:33,445 - INFO - allennlp.common.params - model.text_field_embedder.token_characters.encoder.embedding_dim = 16
2018-04-15 19:45:33,445 - INFO - allennlp.common.params - model.text_field_embedder.token_characters.encoder.output_dim = None
2018-04-15 19:45:33,445 - INFO - allennlp.common.params - model.text_field_embedder.token_characters.encoder.num_filters = 100
2018-04-15 19:45:33,445 - INFO - allennlp.common.params - model.text_field_embedder.token_characters.encoder.conv_layer_activation = relu
2018-04-15 19:45:33,445 - INFO - allennlp.common.params - model.text_field_embedder.token_characters.encoder.ngram_filter_sizes = [5]
2018-04-15 19:45:33,447 - INFO - allennlp.common.params - model.text_field_embedder.token_characters.dropout = 0.2
2018-04-15 19:45:33,447 - INFO - allennlp.common.params - model.num_highway_layers = 2
2018-04-15 19:45:33,447 - INFO - allennlp.common.params - model.phrase_layer.type = lstm
2018-04-15 19:45:33,447 - INFO - allennlp.common.params - model.phrase_layer.batch_first = True
2018-04-15 19:45:33,447 - INFO - allennlp.common.params - Converting Params object to dict; logging of default values will not occur when dictionary parameters are used subsequently.
2018-04-15 19:45:33,447 - INFO - allennlp.common.params - CURRENTLY DEFINED PARAMETERS: 
2018-04-15 19:45:33,448 - INFO - allennlp.common.params - model.phrase_layer.bidirectional = True
2018-04-15 19:45:33,448 - INFO - allennlp.common.params - model.phrase_layer.input_size = 200
2018-04-15 19:45:33,448 - INFO - allennlp.common.params - model.phrase_layer.hidden_size = 100
2018-04-15 19:45:33,448 - INFO - allennlp.common.params - model.phrase_layer.num_layers = 1
2018-04-15 19:45:33,448 - INFO - allennlp.common.params - model.phrase_layer.dropout = 0.2
2018-04-15 19:45:33,448 - INFO - allennlp.common.params - model.phrase_layer.batch_first = True
2018-04-15 19:45:33,450 - INFO - allennlp.common.params - model.similarity_function.type = linear
2018-04-15 19:45:33,450 - INFO - allennlp.common.params - model.similarity_function.tensor_1_dim = 200
2018-04-15 19:45:33,450 - INFO - allennlp.common.params - model.similarity_function.tensor_2_dim = 200
2018-04-15 19:45:33,450 - INFO - allennlp.common.params - model.similarity_function.combination = x,y,x*y
2018-04-15 19:45:33,450 - INFO - allennlp.common.params - model.similarity_function.activation = linear
2018-04-15 19:45:33,450 - INFO - allennlp.common.params - model.modeling_layer.type = lstm
2018-04-15 19:45:33,450 - INFO - allennlp.common.params - model.modeling_layer.batch_first = True
2018-04-15 19:45:33,451 - INFO - allennlp.common.params - Converting Params object to dict; logging of default values will not occur when dictionary parameters are used subsequently.
2018-04-15 19:45:33,451 - INFO - allennlp.common.params - CURRENTLY DEFINED PARAMETERS: 
2018-04-15 19:45:33,451 - INFO - allennlp.common.params - model.modeling_layer.bidirectional = True
2018-04-15 19:45:33,451 - INFO - allennlp.common.params - model.modeling_layer.input_size = 800
2018-04-15 19:45:33,451 - INFO - allennlp.common.params - model.modeling_layer.hidden_size = 100
2018-04-15 19:45:33,451 - INFO - allennlp.common.params - model.modeling_layer.num_layers = 2
2018-04-15 19:45:33,451 - INFO - allennlp.common.params - model.modeling_layer.dropout = 0.2
2018-04-15 19:45:33,451 - INFO - allennlp.common.params - model.modeling_layer.batch_first = True
2018-04-15 19:45:33,458 - INFO - allennlp.common.params - model.span_end_encoder.type = lstm
2018-04-15 19:45:33,458 - INFO - allennlp.common.params - model.span_end_encoder.batch_first = True
2018-04-15 19:45:33,458 - INFO - allennlp.common.params - Converting Params object to dict; logging of default values will not occur when dictionary parameters are used subsequently.
2018-04-15 19:45:33,458 - INFO - allennlp.common.params - CURRENTLY DEFINED PARAMETERS: 
2018-04-15 19:45:33,458 - INFO - allennlp.common.params - model.span_end_encoder.bidirectional = True
2018-04-15 19:45:33,458 - INFO - allennlp.common.params - model.span_end_encoder.input_size = 1400
2018-04-15 19:45:33,458 - INFO - allennlp.common.params - model.span_end_encoder.hidden_size = 100
2018-04-15 19:45:33,458 - INFO - allennlp.common.params - model.span_end_encoder.num_layers = 1
2018-04-15 19:45:33,458 - INFO - allennlp.common.params - model.span_end_encoder.dropout = 0.2
2018-04-15 19:45:33,458 - INFO - allennlp.common.params - model.span_end_encoder.batch_first = True
2018-04-15 19:45:33,466 - INFO - allennlp.common.params - model.dropout = 0.2
2018-04-15 19:45:33,466 - INFO - allennlp.common.params - model.initializer = []
2018-04-15 19:45:33,466 - INFO - allennlp.common.params - model.regularizer = []
2018-04-15 19:45:33,466 - INFO - allennlp.common.params - model.mask_lstms = True
2018-04-15 19:45:33,466 - INFO - allennlp.common.params - model.total_items = 89344
2018-04-15 19:45:33,468 - INFO - allennlp.nn.initializers - Initializing parameters
2018-04-15 19:45:33,468 - INFO - allennlp.nn.initializers - Done initializing parameters; the following parameters are using their default initialization from their code
2018-04-15 19:45:33,469 - INFO - allennlp.nn.initializers -    _highway_layer._module._layers.0.bias
2018-04-15 19:45:33,469 - INFO - allennlp.nn.initializers -    _highway_layer._module._layers.0.weight
2018-04-15 19:45:33,469 - INFO - allennlp.nn.initializers -    _highway_layer._module._layers.1.bias
2018-04-15 19:45:33,469 - INFO - allennlp.nn.initializers -    _highway_layer._module._layers.1.weight
2018-04-15 19:45:33,469 - INFO - allennlp.nn.initializers -    _matrix_attention._similarity_function._bias
2018-04-15 19:45:33,469 - INFO - allennlp.nn.initializers -    _matrix_attention._similarity_function._weight_vector
2018-04-15 19:45:33,469 - INFO - allennlp.nn.initializers -    _modeling_layer._module.bias_hh_l0
2018-04-15 19:45:33,469 - INFO - allennlp.nn.initializers -    _modeling_layer._module.bias_hh_l0_reverse
2018-04-15 19:45:33,469 - INFO - allennlp.nn.initializers -    _modeling_layer._module.bias_hh_l1
2018-04-15 19:45:33,469 - INFO - allennlp.nn.initializers -    _modeling_layer._module.bias_hh_l1_reverse
2018-04-15 19:45:33,469 - INFO - allennlp.nn.initializers -    _modeling_layer._module.bias_ih_l0
2018-04-15 19:45:33,469 - INFO - allennlp.nn.initializers -    _modeling_layer._module.bias_ih_l0_reverse
2018-04-15 19:45:33,469 - INFO - allennlp.nn.initializers -    _modeling_layer._module.bias_ih_l1
2018-04-15 19:45:33,469 - INFO - allennlp.nn.initializers -    _modeling_layer._module.bias_ih_l1_reverse
2018-04-15 19:45:33,469 - INFO - allennlp.nn.initializers -    _modeling_layer._module.weight_hh_l0
2018-04-15 19:45:33,469 - INFO - allennlp.nn.initializers -    _modeling_layer._module.weight_hh_l0_reverse
2018-04-15 19:45:33,469 - INFO - allennlp.nn.initializers -    _modeling_layer._module.weight_hh_l1
2018-04-15 19:45:33,469 - INFO - allennlp.nn.initializers -    _modeling_layer._module.weight_hh_l1_reverse
2018-04-15 19:45:33,469 - INFO - allennlp.nn.initializers -    _modeling_layer._module.weight_ih_l0
2018-04-15 19:45:33,470 - INFO - allennlp.nn.initializers -    _modeling_layer._module.weight_ih_l0_reverse
2018-04-15 19:45:33,470 - INFO - allennlp.nn.initializers -    _modeling_layer._module.weight_ih_l1
2018-04-15 19:45:33,470 - INFO - allennlp.nn.initializers -    _modeling_layer._module.weight_ih_l1_reverse
2018-04-15 19:45:33,470 - INFO - allennlp.nn.initializers -    _phrase_layer._module.bias_hh_l0
2018-04-15 19:45:33,470 - INFO - allennlp.nn.initializers -    _phrase_layer._module.bias_hh_l0_reverse
2018-04-15 19:45:33,470 - INFO - allennlp.nn.initializers -    _phrase_layer._module.bias_ih_l0
2018-04-15 19:45:33,470 - INFO - allennlp.nn.initializers -    _phrase_layer._module.bias_ih_l0_reverse
2018-04-15 19:45:33,470 - INFO - allennlp.nn.initializers -    _phrase_layer._module.weight_hh_l0
2018-04-15 19:45:33,470 - INFO - allennlp.nn.initializers -    _phrase_layer._module.weight_hh_l0_reverse
2018-04-15 19:45:33,470 - INFO - allennlp.nn.initializers -    _phrase_layer._module.weight_ih_l0
2018-04-15 19:45:33,470 - INFO - allennlp.nn.initializers -    _phrase_layer._module.weight_ih_l0_reverse
2018-04-15 19:45:33,470 - INFO - allennlp.nn.initializers -    _span_end_encoder._module.bias_hh_l0
2018-04-15 19:45:33,470 - INFO - allennlp.nn.initializers -    _span_end_encoder._module.bias_hh_l0_reverse
2018-04-15 19:45:33,470 - INFO - allennlp.nn.initializers -    _span_end_encoder._module.bias_ih_l0
2018-04-15 19:45:33,470 - INFO - allennlp.nn.initializers -    _span_end_encoder._module.bias_ih_l0_reverse
2018-04-15 19:45:33,470 - INFO - allennlp.nn.initializers -    _span_end_encoder._module.weight_hh_l0
2018-04-15 19:45:33,470 - INFO - allennlp.nn.initializers -    _span_end_encoder._module.weight_hh_l0_reverse
2018-04-15 19:45:33,470 - INFO - allennlp.nn.initializers -    _span_end_encoder._module.weight_ih_l0
2018-04-15 19:45:33,470 - INFO - allennlp.nn.initializers -    _span_end_encoder._module.weight_ih_l0_reverse
2018-04-15 19:45:33,470 - INFO - allennlp.nn.initializers -    _span_end_predictor._module.bias
2018-04-15 19:45:33,471 - INFO - allennlp.nn.initializers -    _span_end_predictor._module.weight
2018-04-15 19:45:33,471 - INFO - allennlp.nn.initializers -    _span_start_predictor._module.bias
2018-04-15 19:45:33,471 - INFO - allennlp.nn.initializers -    _span_start_predictor._module.weight
2018-04-15 19:45:33,471 - INFO - allennlp.nn.initializers -    _text_field_embedder.token_embedder_token_characters._embedding._module.weight
2018-04-15 19:45:33,471 - INFO - allennlp.nn.initializers -    _text_field_embedder.token_embedder_token_characters._encoder._module.conv_layer_0.bias
2018-04-15 19:45:33,471 - INFO - allennlp.nn.initializers -    _text_field_embedder.token_embedder_token_characters._encoder._module.conv_layer_0.weight
2018-04-15 19:45:33,471 - INFO - allennlp.nn.initializers -    _text_field_embedder.token_embedder_tokens.weight
2018-04-15 19:45:33,471 - INFO - allennlp.common.params - iterator.type = bucket
2018-04-15 19:45:33,471 - INFO - allennlp.common.params - iterator.sorting_keys = [['passage', 'num_tokens'], ['question', 'num_tokens']]
2018-04-15 19:45:33,471 - INFO - allennlp.common.params - iterator.padding_noise = 0.1
2018-04-15 19:45:33,471 - INFO - allennlp.common.params - iterator.biggest_batch_first = False
2018-04-15 19:45:33,471 - INFO - allennlp.common.params - iterator.batch_size = 15
2018-04-15 19:45:33,471 - INFO - allennlp.common.params - iterator.instances_per_epoch = None
2018-04-15 19:45:33,471 - INFO - allennlp.common.params - iterator.max_instances_in_memory = None
2018-04-15 19:45:33,472 - INFO - allennlp.common.params - trainer.patience = 10
2018-04-15 19:45:33,472 - INFO - allennlp.common.params - trainer.validation_metric = +em
2018-04-15 19:45:33,472 - INFO - allennlp.common.params - trainer.num_epochs = 20
2018-04-15 19:45:33,472 - INFO - allennlp.common.params - trainer.cuda_device = 0
2018-04-15 19:45:33,472 - INFO - allennlp.common.params - trainer.grad_norm = 5.0
2018-04-15 19:45:33,472 - INFO - allennlp.common.params - trainer.grad_clipping = None
2018-04-15 19:45:37,134 - INFO - allennlp.common.params - trainer.optimizer.type = adam
2018-04-15 19:45:37,135 - INFO - allennlp.common.params - trainer.optimizer.parameter_groups = None
2018-04-15 19:45:37,135 - INFO - allennlp.common.params - Converting Params object to dict; logging of default values will not occur when dictionary parameters are used subsequently.
2018-04-15 19:45:37,135 - INFO - allennlp.common.params - CURRENTLY DEFINED PARAMETERS: 
2018-04-15 19:45:37,135 - INFO - allennlp.common.params - trainer.optimizer.betas = [0.9, 0.9]
2018-04-15 19:45:37,135 - INFO - allennlp.common.params - trainer.learning_rate_scheduler.type = reduce_on_plateau
2018-04-15 19:45:37,135 - INFO - allennlp.common.params - Converting Params object to dict; logging of default values will not occur when dictionary parameters are used subsequently.
2018-04-15 19:45:37,136 - INFO - allennlp.common.params - CURRENTLY DEFINED PARAMETERS: 
2018-04-15 19:45:37,136 - INFO - allennlp.common.params - trainer.learning_rate_scheduler.factor = 0.5
2018-04-15 19:45:37,136 - INFO - allennlp.common.params - trainer.learning_rate_scheduler.mode = max
2018-04-15 19:45:37,136 - INFO - allennlp.common.params - trainer.learning_rate_scheduler.patience = 2
2018-04-15 19:45:37,136 - INFO - allennlp.common.params - trainer.num_serialized_models_to_keep = None
2018-04-15 19:45:37,136 - INFO - allennlp.common.params - trainer.keep_serialized_model_every_num_seconds = None
2018-04-15 19:45:37,136 - INFO - allennlp.common.params - trainer.model_save_interval = None
2018-04-15 19:45:37,136 - INFO - allennlp.common.params - trainer.summary_interval = 100
2018-04-15 19:45:37,136 - INFO - allennlp.common.params - trainer.histogram_interval = None
2018-04-15 19:45:37,147 - INFO - allennlp.common.params - evaluate_on_test = False
2018-04-15 19:45:37,147 - INFO - allennlp.training.trainer - Beginning training.
2018-04-15 19:45:37,147 - INFO - allennlp.training.trainer - Epoch 0/19
2018-04-15 19:45:37,147 - INFO - allennlp.training.trainer - Peak CPU memory usage MB: 5979.1
2018-04-15 19:45:37,351 - INFO - allennlp.training.trainer - GPU 0 memory usage MB: 451
2018-04-15 19:45:37,352 - INFO - allennlp.training.trainer - GPU 1 memory usage MB: 1
2018-04-15 19:45:37,352 - INFO - allennlp.training.trainer - GPU 2 memory usage MB: 1
2018-04-15 19:45:37,352 - INFO - allennlp.training.trainer - GPU 3 memory usage MB: 1
2018-04-15 19:45:37,354 - INFO - allennlp.training.trainer - Training
2018-04-15 20:19:45,336 - INFO - allennlp.training.trainer - Validating
2018-04-15 20:21:25,631 - INFO - allennlp.training.trainer - Best validation performance so far. Copying weights to 'output/active_classifier_top_1_scratch/best.th'.
2018-04-15 20:21:26,142 - INFO - allennlp.training.trainer - Training f1 : 0.387510    Validation f1 : 0.613073 
2018-04-15 20:21:26,143 - INFO - allennlp.training.trainer - Training span_acc : 0.242965    Validation span_acc : 0.416712 
2018-04-15 20:21:26,143 - INFO - allennlp.training.trainer - Training start_acc : 0.321442    Validation start_acc : 0.517554 
2018-04-15 20:21:26,144 - INFO - allennlp.training.trainer - Training loss : 5.233335    Validation loss : 3.357350 
2018-04-15 20:21:26,144 - INFO - allennlp.training.trainer - Training end_acc : 0.349871    Validation end_acc : 0.560866 
2018-04-15 20:21:26,145 - INFO - allennlp.training.trainer - Training em : 0.271431    Validation em : 0.462540 
2018-04-15 20:21:26,145 - INFO - allennlp.training.trainer - Epoch duration: 00:35:48
2018-04-15 20:21:26,145 - INFO - allennlp.training.trainer - Estimated training time remaining: 11:20:30
2018-04-15 20:21:26,145 - INFO - allennlp.models.archival - archiving weights and vocabulary to output/active_classifier_top_1_scratch/model.tar.gz
2018-04-15 20:21:29,159 - INFO - allennlp.training.trainer - Epoch 1/19
2018-04-15 20:21:29,159 - INFO - allennlp.training.trainer - Peak CPU memory usage MB: 8434.74
2018-04-15 20:21:29,463 - INFO - allennlp.training.trainer - GPU 0 memory usage MB: 8399
2018-04-15 20:21:29,463 - INFO - allennlp.training.trainer - GPU 1 memory usage MB: 1
2018-04-15 20:21:29,463 - INFO - allennlp.training.trainer - GPU 2 memory usage MB: 1
2018-04-15 20:21:29,464 - INFO - allennlp.training.trainer - GPU 3 memory usage MB: 1
2018-04-15 20:21:29,465 - INFO - allennlp.training.trainer - Training
2018-04-15 20:54:10,032 - INFO - allennlp.training.trainer - Validating
2018-04-15 20:55:32,724 - INFO - allennlp.training.trainer - Best validation performance so far. Copying weights to 'output/active_classifier_top_1_scratch/best.th'.
2018-04-15 20:55:33,259 - INFO - allennlp.training.trainer - Training f1 : 0.632783    Validation f1 : 0.673307 
2018-04-15 20:55:33,259 - INFO - allennlp.training.trainer - Training span_acc : 0.437937    Validation span_acc : 0.469321 
2018-04-15 20:55:33,260 - INFO - allennlp.training.trainer - Training start_acc : 0.534071    Validation start_acc : 0.573554 
2018-04-15 20:55:33,260 - INFO - allennlp.training.trainer - Training loss : 3.296097    Validation loss : 2.907267 
2018-04-15 20:55:33,261 - INFO - allennlp.training.trainer - Training end_acc : 0.575392    Validation end_acc : 0.614678 
2018-04-15 20:55:33,261 - INFO - allennlp.training.trainer - Training em : 0.488971    Validation em : 0.519961 
2018-04-15 20:55:33,262 - INFO - allennlp.training.trainer - Epoch duration: 00:34:04
2018-04-15 20:55:33,262 - INFO - allennlp.training.trainer - Estimated training time remaining: 10:29:25
2018-04-15 20:55:33,262 - INFO - allennlp.models.archival - archiving weights and vocabulary to output/active_classifier_top_1_scratch/model.tar.gz
2018-04-15 20:55:36,315 - INFO - allennlp.training.trainer - Epoch 2/19
2018-04-15 20:55:36,317 - INFO - allennlp.training.trainer - Peak CPU memory usage MB: 8449.54
2018-04-15 20:55:36,621 - INFO - allennlp.training.trainer - GPU 0 memory usage MB: 8399
2018-04-15 20:55:36,622 - INFO - allennlp.training.trainer - GPU 1 memory usage MB: 1
2018-04-15 20:55:36,622 - INFO - allennlp.training.trainer - GPU 2 memory usage MB: 1
2018-04-15 20:55:36,622 - INFO - allennlp.training.trainer - GPU 3 memory usage MB: 1
2018-04-15 20:55:36,624 - INFO - allennlp.training.trainer - Training
