2018-04-04 02:44:11,755 - INFO - allennlp.common.params - dataset_reader.type = squad
2018-04-04 02:44:11,756 - INFO - allennlp.common.params - dataset_reader.tokenizer.type = word
2018-04-04 02:44:11,757 - INFO - allennlp.common.params - dataset_reader.tokenizer.word_splitter.type = spacy
2018-04-04 02:44:11,757 - INFO - allennlp.common.params - dataset_reader.tokenizer.word_splitter.language = en_core_web_sm
2018-04-04 02:44:11,757 - INFO - allennlp.common.params - dataset_reader.tokenizer.word_splitter.pos_tags = False
2018-04-04 02:44:11,757 - INFO - allennlp.common.params - dataset_reader.tokenizer.word_splitter.parse = False
2018-04-04 02:44:11,757 - INFO - allennlp.common.params - dataset_reader.tokenizer.word_splitter.ner = False
2018-04-04 02:44:13,268 - INFO - allennlp.common.params - dataset_reader.tokenizer.word_filter.type = pass_through
2018-04-04 02:44:13,268 - INFO - allennlp.common.params - dataset_reader.tokenizer.word_stemmer.type = pass_through
2018-04-04 02:44:13,268 - INFO - allennlp.common.params - dataset_reader.tokenizer.start_tokens = None
2018-04-04 02:44:13,268 - INFO - allennlp.common.params - dataset_reader.tokenizer.end_tokens = None
2018-04-04 02:44:13,269 - INFO - allennlp.common.params - dataset_reader.token_indexers.tokens.type = single_id
2018-04-04 02:44:13,269 - INFO - allennlp.common.params - dataset_reader.token_indexers.tokens.namespace = tokens
2018-04-04 02:44:13,269 - INFO - allennlp.common.params - dataset_reader.token_indexers.tokens.lowercase_tokens = True
2018-04-04 02:44:13,269 - INFO - allennlp.common.params - dataset_reader.token_indexers.token_characters.type = characters
2018-04-04 02:44:13,269 - INFO - allennlp.common.params - dataset_reader.token_indexers.token_characters.namespace = token_characters
2018-04-04 02:44:13,269 - INFO - allennlp.common.params - dataset_reader.token_indexers.token_characters.character_tokenizer.byte_encoding = utf-8
2018-04-04 02:44:13,269 - INFO - allennlp.common.params - dataset_reader.token_indexers.token_characters.character_tokenizer.lowercase_characters = False
2018-04-04 02:44:13,270 - INFO - allennlp.common.params - dataset_reader.token_indexers.token_characters.character_tokenizer.start_tokens = [259]
2018-04-04 02:44:13,270 - INFO - allennlp.common.params - dataset_reader.token_indexers.token_characters.character_tokenizer.end_tokens = [260]
2018-04-04 02:44:13,270 - INFO - allennlp.common.params - dataset_reader.lazy = False
2018-04-04 02:44:13,270 - INFO - allennlp.common.params - validation_dataset_reader = None
2018-04-04 02:44:13,270 - INFO - allennlp.common.params - train_data_path = data/NewsQA/train-v1.1.json
2018-04-04 02:44:13,270 - INFO - allennlp.commands.train - Reading training data from data/NewsQA/train-v1.1.json
2018-04-04 02:44:13,274 - INFO - allennlp.data.dataset_readers.reading_comprehension.squad - Reading file at data/NewsQA/train-v1.1.json
2018-04-04 02:44:15,466 - INFO - allennlp.data.dataset_readers.reading_comprehension.squad - Reading the dataset
Index Error
---


NUMBER OF INSTANCES: 


---- 87375
2018-04-04 02:49:12,438 - INFO - allennlp.common.params - validation_data_path = data/NewsQA/dev-v1.1.json
2018-04-04 02:49:12,439 - INFO - allennlp.commands.train - Reading validation data from data/NewsQA/dev-v1.1.json
2018-04-04 02:49:12,440 - INFO - allennlp.data.dataset_readers.reading_comprehension.squad - Reading file at data/NewsQA/dev-v1.1.json
2018-04-04 02:49:12,527 - INFO - allennlp.data.dataset_readers.reading_comprehension.squad - Reading the dataset
---


NUMBER OF INSTANCES: 


---- 4943
2018-04-04 02:49:27,633 - INFO - allennlp.common.params - test_data_path = None
2018-04-04 02:49:27,633 - INFO - allennlp.commands.train - Creating a vocabulary using validation, train data.
2018-04-04 02:49:27,633 - INFO - allennlp.common.params - vocabulary.directory_path = None
2018-04-04 02:49:27,633 - INFO - allennlp.common.params - vocabulary.min_count = None
2018-04-04 02:49:27,633 - INFO - allennlp.common.params - vocabulary.max_vocab_size = None
2018-04-04 02:49:27,633 - INFO - allennlp.common.params - vocabulary.non_padded_namespaces = ('*tags', '*labels')
2018-04-04 02:49:27,633 - INFO - allennlp.common.params - vocabulary.only_include_pretrained_words = False
2018-04-04 02:49:27,634 - INFO - allennlp.data.vocabulary - Fitting token dictionary from dataset.
2018-04-04 03:05:24,072 - INFO - allennlp.common.params - model.type = bidaf
2018-04-04 03:05:24,072 - INFO - allennlp.common.params - model.text_field_embedder.type = basic
2018-04-04 03:05:24,073 - INFO - allennlp.common.params - model.text_field_embedder.tokens.type = embedding
2018-04-04 03:05:24,073 - INFO - allennlp.common.params - model.text_field_embedder.tokens.num_embeddings = None
2018-04-04 03:05:24,073 - INFO - allennlp.common.params - model.text_field_embedder.tokens.vocab_namespace = tokens
2018-04-04 03:05:24,073 - INFO - allennlp.common.params - model.text_field_embedder.tokens.embedding_dim = 100
2018-04-04 03:05:24,073 - INFO - allennlp.common.params - model.text_field_embedder.tokens.pretrained_file = https://s3-us-west-2.amazonaws.com/allennlp/datasets/glove/glove.6B.100d.txt.gz
2018-04-04 03:05:24,073 - INFO - allennlp.common.params - model.text_field_embedder.tokens.projection_dim = None
2018-04-04 03:05:24,073 - INFO - allennlp.common.params - model.text_field_embedder.tokens.trainable = False
2018-04-04 03:05:24,073 - INFO - allennlp.common.params - model.text_field_embedder.tokens.padding_index = None
2018-04-04 03:05:24,073 - INFO - allennlp.common.params - model.text_field_embedder.tokens.max_norm = None
2018-04-04 03:05:24,073 - INFO - allennlp.common.params - model.text_field_embedder.tokens.norm_type = 2.0
2018-04-04 03:05:24,073 - INFO - allennlp.common.params - model.text_field_embedder.tokens.scale_grad_by_freq = False
2018-04-04 03:05:24,073 - INFO - allennlp.common.params - model.text_field_embedder.tokens.sparse = False
2018-04-04 03:05:24,081 - INFO - allennlp.modules.token_embedders.embedding - Reading embeddings from file
2018-04-04 03:05:33,373 - INFO - allennlp.modules.token_embedders.embedding - Initializing pre-trained embedding layer
2018-04-04 03:05:34,443 - INFO - allennlp.common.params - model.text_field_embedder.token_characters.type = character_encoding
2018-04-04 03:05:34,443 - INFO - allennlp.common.params - model.text_field_embedder.token_characters.embedding.num_embeddings = 262
2018-04-04 03:05:34,443 - INFO - allennlp.common.params - model.text_field_embedder.token_characters.embedding.vocab_namespace = token_characters
2018-04-04 03:05:34,443 - INFO - allennlp.common.params - model.text_field_embedder.token_characters.embedding.embedding_dim = 16
2018-04-04 03:05:34,443 - INFO - allennlp.common.params - model.text_field_embedder.token_characters.embedding.pretrained_file = None
2018-04-04 03:05:34,443 - INFO - allennlp.common.params - model.text_field_embedder.token_characters.embedding.projection_dim = None
2018-04-04 03:05:34,443 - INFO - allennlp.common.params - model.text_field_embedder.token_characters.embedding.trainable = True
2018-04-04 03:05:34,443 - INFO - allennlp.common.params - model.text_field_embedder.token_characters.embedding.padding_index = None
2018-04-04 03:05:34,443 - INFO - allennlp.common.params - model.text_field_embedder.token_characters.embedding.max_norm = None
2018-04-04 03:05:34,444 - INFO - allennlp.common.params - model.text_field_embedder.token_characters.embedding.norm_type = 2.0
2018-04-04 03:05:34,444 - INFO - allennlp.common.params - model.text_field_embedder.token_characters.embedding.scale_grad_by_freq = False
2018-04-04 03:05:34,444 - INFO - allennlp.common.params - model.text_field_embedder.token_characters.embedding.sparse = False
2018-04-04 03:05:34,444 - INFO - allennlp.common.params - model.text_field_embedder.token_characters.encoder.type = cnn
2018-04-04 03:05:34,444 - INFO - allennlp.common.params - model.text_field_embedder.token_characters.encoder.embedding_dim = 16
2018-04-04 03:05:34,445 - INFO - allennlp.common.params - model.text_field_embedder.token_characters.encoder.output_dim = None
2018-04-04 03:05:34,445 - INFO - allennlp.common.params - model.text_field_embedder.token_characters.encoder.num_filters = 100
2018-04-04 03:05:34,445 - INFO - allennlp.common.params - model.text_field_embedder.token_characters.encoder.conv_layer_activation = relu
2018-04-04 03:05:34,445 - INFO - allennlp.common.params - model.text_field_embedder.token_characters.encoder.ngram_filter_sizes = [5]
2018-04-04 03:05:34,447 - INFO - allennlp.common.params - model.text_field_embedder.token_characters.dropout = 0.2
2018-04-04 03:05:34,447 - INFO - allennlp.common.params - model.num_highway_layers = 2
2018-04-04 03:05:34,447 - INFO - allennlp.common.params - model.phrase_layer.type = lstm
2018-04-04 03:05:34,447 - INFO - allennlp.common.params - model.phrase_layer.batch_first = True
2018-04-04 03:05:34,447 - INFO - allennlp.common.params - Converting Params object to dict; logging of default values will not occur when dictionary parameters are used subsequently.
2018-04-04 03:05:34,447 - INFO - allennlp.common.params - CURRENTLY DEFINED PARAMETERS: 
2018-04-04 03:05:34,448 - INFO - allennlp.common.params - model.phrase_layer.bidirectional = True
2018-04-04 03:05:34,448 - INFO - allennlp.common.params - model.phrase_layer.input_size = 200
2018-04-04 03:05:34,448 - INFO - allennlp.common.params - model.phrase_layer.hidden_size = 100
2018-04-04 03:05:34,448 - INFO - allennlp.common.params - model.phrase_layer.num_layers = 1
2018-04-04 03:05:34,448 - INFO - allennlp.common.params - model.phrase_layer.dropout = 0.2
2018-04-04 03:05:34,448 - INFO - allennlp.common.params - model.phrase_layer.batch_first = True
2018-04-04 03:05:34,450 - INFO - allennlp.common.params - model.similarity_function.type = linear
2018-04-04 03:05:34,450 - INFO - allennlp.common.params - model.similarity_function.tensor_1_dim = 200
2018-04-04 03:05:34,450 - INFO - allennlp.common.params - model.similarity_function.tensor_2_dim = 200
2018-04-04 03:05:34,451 - INFO - allennlp.common.params - model.similarity_function.combination = x,y,x*y
2018-04-04 03:05:34,451 - INFO - allennlp.common.params - model.similarity_function.activation = linear
2018-04-04 03:05:34,451 - INFO - allennlp.common.params - model.modeling_layer.type = lstm
2018-04-04 03:05:34,451 - INFO - allennlp.common.params - model.modeling_layer.batch_first = True
2018-04-04 03:05:34,451 - INFO - allennlp.common.params - Converting Params object to dict; logging of default values will not occur when dictionary parameters are used subsequently.
2018-04-04 03:05:34,451 - INFO - allennlp.common.params - CURRENTLY DEFINED PARAMETERS: 
2018-04-04 03:05:34,451 - INFO - allennlp.common.params - model.modeling_layer.bidirectional = True
2018-04-04 03:05:34,451 - INFO - allennlp.common.params - model.modeling_layer.input_size = 800
2018-04-04 03:05:34,451 - INFO - allennlp.common.params - model.modeling_layer.hidden_size = 100
2018-04-04 03:05:34,451 - INFO - allennlp.common.params - model.modeling_layer.num_layers = 2
2018-04-04 03:05:34,451 - INFO - allennlp.common.params - model.modeling_layer.dropout = 0.2
2018-04-04 03:05:34,452 - INFO - allennlp.common.params - model.modeling_layer.batch_first = True
2018-04-04 03:05:34,460 - INFO - allennlp.common.params - model.span_end_encoder.type = lstm
2018-04-04 03:05:34,460 - INFO - allennlp.common.params - model.span_end_encoder.batch_first = True
2018-04-04 03:05:34,460 - INFO - allennlp.common.params - Converting Params object to dict; logging of default values will not occur when dictionary parameters are used subsequently.
2018-04-04 03:05:34,460 - INFO - allennlp.common.params - CURRENTLY DEFINED PARAMETERS: 
2018-04-04 03:05:34,460 - INFO - allennlp.common.params - model.span_end_encoder.bidirectional = True
2018-04-04 03:05:34,460 - INFO - allennlp.common.params - model.span_end_encoder.input_size = 1400
2018-04-04 03:05:34,460 - INFO - allennlp.common.params - model.span_end_encoder.hidden_size = 100
2018-04-04 03:05:34,460 - INFO - allennlp.common.params - model.span_end_encoder.num_layers = 1
2018-04-04 03:05:34,460 - INFO - allennlp.common.params - model.span_end_encoder.dropout = 0.2
2018-04-04 03:05:34,461 - INFO - allennlp.common.params - model.span_end_encoder.batch_first = True
2018-04-04 03:05:34,470 - INFO - allennlp.common.params - model.dropout = 0.2
2018-04-04 03:05:34,470 - INFO - allennlp.common.params - model.initializer = []
2018-04-04 03:05:34,470 - INFO - allennlp.common.params - model.regularizer = []
2018-04-04 03:05:34,471 - INFO - allennlp.common.params - model.mask_lstms = True
2018-04-04 03:05:34,473 - INFO - allennlp.nn.initializers - Initializing parameters
2018-04-04 03:05:34,473 - INFO - allennlp.nn.initializers - Done initializing parameters; the following parameters are using their default initialization from their code
2018-04-04 03:05:34,473 - INFO - allennlp.nn.initializers -    _highway_layer._module._layers.0.bias
2018-04-04 03:05:34,473 - INFO - allennlp.nn.initializers -    _highway_layer._module._layers.0.weight
2018-04-04 03:05:34,474 - INFO - allennlp.nn.initializers -    _highway_layer._module._layers.1.bias
2018-04-04 03:05:34,474 - INFO - allennlp.nn.initializers -    _highway_layer._module._layers.1.weight
2018-04-04 03:05:34,474 - INFO - allennlp.nn.initializers -    _matrix_attention._similarity_function._bias
2018-04-04 03:05:34,474 - INFO - allennlp.nn.initializers -    _matrix_attention._similarity_function._weight_vector
2018-04-04 03:05:34,474 - INFO - allennlp.nn.initializers -    _modeling_layer._module.bias_hh_l0
2018-04-04 03:05:34,474 - INFO - allennlp.nn.initializers -    _modeling_layer._module.bias_hh_l0_reverse
2018-04-04 03:05:34,474 - INFO - allennlp.nn.initializers -    _modeling_layer._module.bias_hh_l1
2018-04-04 03:05:34,474 - INFO - allennlp.nn.initializers -    _modeling_layer._module.bias_hh_l1_reverse
2018-04-04 03:05:34,474 - INFO - allennlp.nn.initializers -    _modeling_layer._module.bias_ih_l0
2018-04-04 03:05:34,474 - INFO - allennlp.nn.initializers -    _modeling_layer._module.bias_ih_l0_reverse
2018-04-04 03:05:34,474 - INFO - allennlp.nn.initializers -    _modeling_layer._module.bias_ih_l1
2018-04-04 03:05:34,474 - INFO - allennlp.nn.initializers -    _modeling_layer._module.bias_ih_l1_reverse
2018-04-04 03:05:34,474 - INFO - allennlp.nn.initializers -    _modeling_layer._module.weight_hh_l0
2018-04-04 03:05:34,474 - INFO - allennlp.nn.initializers -    _modeling_layer._module.weight_hh_l0_reverse
2018-04-04 03:05:34,474 - INFO - allennlp.nn.initializers -    _modeling_layer._module.weight_hh_l1
2018-04-04 03:05:34,474 - INFO - allennlp.nn.initializers -    _modeling_layer._module.weight_hh_l1_reverse
2018-04-04 03:05:34,475 - INFO - allennlp.nn.initializers -    _modeling_layer._module.weight_ih_l0
2018-04-04 03:05:34,475 - INFO - allennlp.nn.initializers -    _modeling_layer._module.weight_ih_l0_reverse
2018-04-04 03:05:34,475 - INFO - allennlp.nn.initializers -    _modeling_layer._module.weight_ih_l1
2018-04-04 03:05:34,475 - INFO - allennlp.nn.initializers -    _modeling_layer._module.weight_ih_l1_reverse
2018-04-04 03:05:34,475 - INFO - allennlp.nn.initializers -    _phrase_layer._module.bias_hh_l0
2018-04-04 03:05:34,475 - INFO - allennlp.nn.initializers -    _phrase_layer._module.bias_hh_l0_reverse
2018-04-04 03:05:34,475 - INFO - allennlp.nn.initializers -    _phrase_layer._module.bias_ih_l0
2018-04-04 03:05:34,475 - INFO - allennlp.nn.initializers -    _phrase_layer._module.bias_ih_l0_reverse
2018-04-04 03:05:34,475 - INFO - allennlp.nn.initializers -    _phrase_layer._module.weight_hh_l0
2018-04-04 03:05:34,475 - INFO - allennlp.nn.initializers -    _phrase_layer._module.weight_hh_l0_reverse
2018-04-04 03:05:34,475 - INFO - allennlp.nn.initializers -    _phrase_layer._module.weight_ih_l0
2018-04-04 03:05:34,475 - INFO - allennlp.nn.initializers -    _phrase_layer._module.weight_ih_l0_reverse
2018-04-04 03:05:34,475 - INFO - allennlp.nn.initializers -    _span_end_encoder._module.bias_hh_l0
2018-04-04 03:05:34,475 - INFO - allennlp.nn.initializers -    _span_end_encoder._module.bias_hh_l0_reverse
2018-04-04 03:05:34,475 - INFO - allennlp.nn.initializers -    _span_end_encoder._module.bias_ih_l0
2018-04-04 03:05:34,475 - INFO - allennlp.nn.initializers -    _span_end_encoder._module.bias_ih_l0_reverse
2018-04-04 03:05:34,475 - INFO - allennlp.nn.initializers -    _span_end_encoder._module.weight_hh_l0
2018-04-04 03:05:34,476 - INFO - allennlp.nn.initializers -    _span_end_encoder._module.weight_hh_l0_reverse
2018-04-04 03:05:34,476 - INFO - allennlp.nn.initializers -    _span_end_encoder._module.weight_ih_l0
2018-04-04 03:05:34,476 - INFO - allennlp.nn.initializers -    _span_end_encoder._module.weight_ih_l0_reverse
2018-04-04 03:05:34,476 - INFO - allennlp.nn.initializers -    _span_end_predictor._module.bias
2018-04-04 03:05:34,476 - INFO - allennlp.nn.initializers -    _span_end_predictor._module.weight
2018-04-04 03:05:34,476 - INFO - allennlp.nn.initializers -    _span_start_predictor._module.bias
2018-04-04 03:05:34,476 - INFO - allennlp.nn.initializers -    _span_start_predictor._module.weight
2018-04-04 03:05:34,476 - INFO - allennlp.nn.initializers -    _text_field_embedder.token_embedder_token_characters._embedding._module.weight
2018-04-04 03:05:34,476 - INFO - allennlp.nn.initializers -    _text_field_embedder.token_embedder_token_characters._encoder._module.conv_layer_0.bias
2018-04-04 03:05:34,476 - INFO - allennlp.nn.initializers -    _text_field_embedder.token_embedder_token_characters._encoder._module.conv_layer_0.weight
2018-04-04 03:05:34,476 - INFO - allennlp.nn.initializers -    _text_field_embedder.token_embedder_tokens.weight
2018-04-04 03:05:34,476 - INFO - allennlp.common.params - iterator.type = bucket
2018-04-04 03:05:34,476 - INFO - allennlp.common.params - iterator.sorting_keys = [['passage', 'num_tokens'], ['question', 'num_tokens']]
2018-04-04 03:05:34,476 - INFO - allennlp.common.params - iterator.padding_noise = 0.1
2018-04-04 03:05:34,477 - INFO - allennlp.common.params - iterator.biggest_batch_first = False
2018-04-04 03:05:34,477 - INFO - allennlp.common.params - iterator.batch_size = 15
2018-04-04 03:05:34,477 - INFO - allennlp.common.params - iterator.instances_per_epoch = None
2018-04-04 03:05:34,477 - INFO - allennlp.common.params - iterator.max_instances_in_memory = None
2018-04-04 03:05:34,477 - INFO - allennlp.common.params - trainer.patience = 10
2018-04-04 03:05:34,477 - INFO - allennlp.common.params - trainer.validation_metric = +em
2018-04-04 03:05:34,477 - INFO - allennlp.common.params - trainer.num_epochs = 20
2018-04-04 03:05:34,477 - INFO - allennlp.common.params - trainer.cuda_device = 0
2018-04-04 03:05:34,477 - INFO - allennlp.common.params - trainer.grad_norm = 5.0
2018-04-04 03:05:34,477 - INFO - allennlp.common.params - trainer.grad_clipping = None
2018-04-04 03:05:40,971 - INFO - allennlp.common.params - trainer.optimizer.type = adam
2018-04-04 03:05:40,974 - INFO - allennlp.common.params - trainer.optimizer.parameter_groups = None
2018-04-04 03:05:40,974 - INFO - allennlp.common.params - Converting Params object to dict; logging of default values will not occur when dictionary parameters are used subsequently.
2018-04-04 03:05:40,974 - INFO - allennlp.common.params - CURRENTLY DEFINED PARAMETERS: 
2018-04-04 03:05:40,974 - INFO - allennlp.common.params - trainer.optimizer.betas = [0.9, 0.9]
2018-04-04 03:05:40,974 - INFO - allennlp.common.params - trainer.learning_rate_scheduler.type = reduce_on_plateau
2018-04-04 03:05:40,974 - INFO - allennlp.common.params - Converting Params object to dict; logging of default values will not occur when dictionary parameters are used subsequently.
2018-04-04 03:05:40,974 - INFO - allennlp.common.params - CURRENTLY DEFINED PARAMETERS: 
2018-04-04 03:05:40,974 - INFO - allennlp.common.params - trainer.learning_rate_scheduler.factor = 0.5
2018-04-04 03:05:40,974 - INFO - allennlp.common.params - trainer.learning_rate_scheduler.mode = max
2018-04-04 03:05:40,974 - INFO - allennlp.common.params - trainer.learning_rate_scheduler.patience = 2
2018-04-04 03:05:40,975 - INFO - allennlp.common.params - trainer.num_serialized_models_to_keep = None
2018-04-04 03:05:40,975 - INFO - allennlp.common.params - trainer.keep_serialized_model_every_num_seconds = None
2018-04-04 03:05:40,975 - INFO - allennlp.common.params - trainer.model_save_interval = None
2018-04-04 03:05:40,975 - INFO - allennlp.common.params - trainer.summary_interval = 100
2018-04-04 03:05:40,975 - INFO - allennlp.common.params - trainer.histogram_interval = None
2018-04-04 03:05:41,005 - INFO - allennlp.common.params - evaluate_on_test = False
2018-04-04 03:05:41,005 - INFO - allennlp.training.trainer - Beginning training.
2018-04-04 03:05:41,005 - INFO - allennlp.training.trainer - Epoch 0/19
2018-04-04 03:05:41,006 - INFO - allennlp.training.trainer - Peak CPU memory usage MB: 17196.876
2018-04-04 03:05:41,677 - INFO - allennlp.training.trainer - GPU 0 memory usage MB: 448
2018-04-04 03:05:41,678 - INFO - allennlp.training.trainer - GPU 1 memory usage MB: 1401
2018-04-04 03:05:41,678 - INFO - allennlp.training.trainer - GPU 2 memory usage MB: 11700
2018-04-04 03:05:41,678 - INFO - allennlp.training.trainer - GPU 3 memory usage MB: 761
2018-04-04 03:05:41,679 - INFO - allennlp.training.trainer - Training
2018-04-04 05:19:44,809 - INFO - allennlp.training.trainer - Validating
2018-04-04 05:23:07,307 - INFO - allennlp.training.trainer - Best validation performance so far. Copying weights to 'output/newsqa_emb/best.th'.
2018-04-04 05:23:10,491 - INFO - allennlp.training.trainer - Training loss : 7.586972    Validation loss : 5.561876 
2018-04-04 05:23:10,492 - INFO - allennlp.training.trainer - Training start_acc : 0.197356    Validation start_acc : 0.336031 
2018-04-04 05:23:10,493 - INFO - allennlp.training.trainer - Training f1 : 0.276761    Validation f1 : 0.438297 
2018-04-04 05:23:10,494 - INFO - allennlp.training.trainer - Training em : 0.158009    Validation em : 0.287477 
2018-04-04 05:23:10,494 - INFO - allennlp.training.trainer - Training span_acc : 0.138690    Validation span_acc : 0.259154 
2018-04-04 05:23:10,494 - INFO - allennlp.training.trainer - Training end_acc : 0.231004    Validation end_acc : 0.386810 
2018-04-04 05:23:10,494 - INFO - allennlp.training.trainer - Epoch duration: 02:17:29
2018-04-04 05:23:10,494 - INFO - allennlp.training.trainer - Estimated training time remaining: 19:32:20
2018-04-04 05:23:10,494 - INFO - allennlp.training.trainer - Epoch 1/19
2018-04-04 05:23:10,494 - INFO - allennlp.training.trainer - Peak CPU memory usage MB: 27251.772
2018-04-04 05:23:11,333 - INFO - allennlp.training.trainer - GPU 0 memory usage MB: 12036
2018-04-04 05:23:11,333 - INFO - allennlp.training.trainer - GPU 1 memory usage MB: 1401
2018-04-04 05:23:11,333 - INFO - allennlp.training.trainer - GPU 2 memory usage MB: 11700
2018-04-04 05:23:11,334 - INFO - allennlp.training.trainer - GPU 3 memory usage MB: 761
2018-04-04 05:23:11,336 - INFO - allennlp.training.trainer - Training
2018-04-04 07:20:49,614 - INFO - allennlp.training.trainer - Validating
2018-04-04 07:23:08,839 - INFO - allennlp.training.trainer - Best validation performance so far. Copying weights to 'output/newsqa_emb/best.th'.
2018-04-04 07:23:09,911 - INFO - allennlp.training.trainer - Training loss : 5.412200    Validation loss : 5.097838 
2018-04-04 07:23:09,912 - INFO - allennlp.training.trainer - Training start_acc : 0.352401    Validation start_acc : 0.378515 
2018-04-04 07:23:09,912 - INFO - allennlp.training.trainer - Training f1 : 0.456108    Validation f1 : 0.488918 
2018-04-04 07:23:09,912 - INFO - allennlp.training.trainer - Training em : 0.305877    Validation em : 0.331580 
2018-04-04 07:23:09,912 - INFO - allennlp.training.trainer - Training span_acc : 0.273579    Validation span_acc : 0.300627 
2018-04-04 07:23:09,912 - INFO - allennlp.training.trainer - Training end_acc : 0.398512    Validation end_acc : 0.429092 
2018-04-04 07:23:09,912 - INFO - allennlp.training.trainer - Epoch duration: 01:59:59
2018-04-04 07:23:09,913 - INFO - allennlp.training.trainer - Estimated training time remaining: 14:37:20
2018-04-04 07:23:09,913 - INFO - allennlp.training.trainer - Epoch 2/19
2018-04-04 07:23:09,913 - INFO - allennlp.training.trainer - Peak CPU memory usage MB: 27281.664
2018-04-04 07:23:10,720 - INFO - allennlp.training.trainer - GPU 0 memory usage MB: 12016
2018-04-04 07:23:10,721 - INFO - allennlp.training.trainer - GPU 1 memory usage MB: 1401
2018-04-04 07:23:10,721 - INFO - allennlp.training.trainer - GPU 2 memory usage MB: 11700
2018-04-04 07:23:10,721 - INFO - allennlp.training.trainer - GPU 3 memory usage MB: 761
2018-04-04 07:23:10,723 - INFO - allennlp.training.trainer - Training
2018-04-04 09:19:37,562 - INFO - allennlp.training.trainer - Validating
2018-04-04 09:22:52,292 - INFO - allennlp.training.trainer - Best validation performance so far. Copying weights to 'output/newsqa_emb/best.th'.
2018-04-04 09:22:53,533 - INFO - allennlp.training.trainer - Training loss : 4.986613    Validation loss : 4.930889 
2018-04-04 09:22:53,534 - INFO - allennlp.training.trainer - Training start_acc : 0.391004    Validation start_acc : 0.393081 
2018-04-04 09:22:53,535 - INFO - allennlp.training.trainer - Training f1 : 0.498440    Validation f1 : 0.509222 
2018-04-04 09:22:53,535 - INFO - allennlp.training.trainer - Training em : 0.344835    Validation em : 0.356868 
2018-04-04 09:22:53,535 - INFO - allennlp.training.trainer - Training span_acc : 0.309963    Validation span_acc : 0.320858 
2018-04-04 09:22:53,536 - INFO - allennlp.training.trainer - Training end_acc : 0.435983    Validation end_acc : 0.447704 
2018-04-04 09:22:53,536 - INFO - allennlp.training.trainer - Epoch duration: 01:59:43
2018-04-04 09:22:53,536 - INFO - allennlp.training.trainer - Estimated training time remaining: 11:37:31
2018-04-04 09:22:53,536 - INFO - allennlp.training.trainer - Epoch 3/19
2018-04-04 09:22:53,536 - INFO - allennlp.training.trainer - Peak CPU memory usage MB: 27290.384
2018-04-04 09:22:54,361 - INFO - allennlp.training.trainer - GPU 0 memory usage MB: 12018
2018-04-04 09:22:54,361 - INFO - allennlp.training.trainer - GPU 1 memory usage MB: 1401
2018-04-04 09:22:54,361 - INFO - allennlp.training.trainer - GPU 2 memory usage MB: 11700
2018-04-04 09:22:54,361 - INFO - allennlp.training.trainer - GPU 3 memory usage MB: 761
2018-04-04 09:22:54,363 - INFO - allennlp.training.trainer - Training
2018-04-04 11:16:00,940 - INFO - allennlp.training.trainer - Validating
2018-04-04 11:18:11,208 - INFO - allennlp.training.trainer - Best validation performance so far. Copying weights to 'output/newsqa_emb/best.th'.
2018-04-04 11:18:11,708 - INFO - allennlp.training.trainer - Training loss : 4.759820    Validation loss : 4.864905 
2018-04-04 11:18:11,710 - INFO - allennlp.training.trainer - Training start_acc : 0.411605    Validation start_acc : 0.403601 
2018-04-04 11:18:11,711 - INFO - allennlp.training.trainer - Training f1 : 0.520057    Validation f1 : 0.510492 
2018-04-04 11:18:11,711 - INFO - allennlp.training.trainer - Training em : 0.365379    Validation em : 0.362735 
2018-04-04 11:18:11,711 - INFO - allennlp.training.trainer - Training span_acc : 0.329259    Validation span_acc : 0.326927 
2018-04-04 11:18:11,711 - INFO - allennlp.training.trainer - Training end_acc : 0.457007    Validation end_acc : 0.447502 
2018-04-04 11:18:11,711 - INFO - allennlp.training.trainer - Epoch duration: 01:55:18
2018-04-04 11:18:11,711 - INFO - allennlp.training.trainer - Estimated training time remaining: 08:50:02
2018-04-04 11:18:11,712 - INFO - allennlp.training.trainer - Epoch 4/19
2018-04-04 11:18:11,712 - INFO - allennlp.training.trainer - Peak CPU memory usage MB: 27303.3
2018-04-04 11:18:12,554 - INFO - allennlp.training.trainer - GPU 0 memory usage MB: 12018
2018-04-04 11:18:12,555 - INFO - allennlp.training.trainer - GPU 1 memory usage MB: 1401
2018-04-04 11:18:12,555 - INFO - allennlp.training.trainer - GPU 2 memory usage MB: 1
2018-04-04 11:18:12,555 - INFO - allennlp.training.trainer - GPU 3 memory usage MB: 761
2018-04-04 11:18:12,556 - INFO - allennlp.training.trainer - Training
2018-04-04 12:56:25,801 - INFO - allennlp.training.trainer - Validating
2018-04-04 12:58:37,273 - INFO - allennlp.training.trainer - Best validation performance so far. Copying weights to 'output/newsqa_emb/best.th'.
2018-04-04 12:58:40,410 - INFO - allennlp.training.trainer - Training loss : 4.606558    Validation loss : 4.935622 
2018-04-04 12:58:40,413 - INFO - allennlp.training.trainer - Training start_acc : 0.426781    Validation start_acc : 0.406636 
2018-04-04 12:58:40,413 - INFO - allennlp.training.trainer - Training f1 : 0.535636    Validation f1 : 0.522664 
2018-04-04 12:58:40,413 - INFO - allennlp.training.trainer - Training em : 0.379010    Validation em : 0.366377 
2018-04-04 12:58:40,413 - INFO - allennlp.training.trainer - Training span_acc : 0.342363    Validation span_acc : 0.330164 
2018-04-04 12:58:40,413 - INFO - allennlp.training.trainer - Training end_acc : 0.471725    Validation end_acc : 0.455391 
2018-04-04 12:58:40,413 - INFO - allennlp.training.trainer - Epoch duration: 01:40:28
2018-04-04 12:58:40,413 - INFO - allennlp.training.trainer - Estimated training time remaining: 05:38:58
2018-04-04 12:58:40,414 - INFO - allennlp.training.trainer - Epoch 5/19
2018-04-04 12:58:40,414 - INFO - allennlp.training.trainer - Peak CPU memory usage MB: 27315.128
2018-04-04 12:58:41,730 - INFO - allennlp.training.trainer - GPU 0 memory usage MB: 12018
2018-04-04 12:58:41,731 - INFO - allennlp.training.trainer - GPU 1 memory usage MB: 1401
2018-04-04 12:58:41,731 - INFO - allennlp.training.trainer - GPU 2 memory usage MB: 1
2018-04-04 12:58:41,731 - INFO - allennlp.training.trainer - GPU 3 memory usage MB: 761
2018-04-04 12:58:41,734 - INFO - allennlp.training.trainer - Training
2018-04-04 14:47:48,521 - INFO - allennlp.training.trainer - Validating
2018-04-04 14:50:01,232 - INFO - allennlp.training.trainer - Best validation performance so far. Copying weights to 'output/newsqa_emb/best.th'.
2018-04-04 14:50:04,111 - INFO - allennlp.training.trainer - Training loss : 4.500628    Validation loss : 4.910851 
2018-04-04 14:50:04,111 - INFO - allennlp.training.trainer - Training start_acc : 0.435285    Validation start_acc : 0.410884 
2018-04-04 14:50:04,111 - INFO - allennlp.training.trainer - Training f1 : 0.545597    Validation f1 : 0.523609 
2018-04-04 14:50:04,113 - INFO - allennlp.training.trainer - Training em : 0.388074    Validation em : 0.376087 
2018-04-04 14:50:04,113 - INFO - allennlp.training.trainer - Training span_acc : 0.350856    Validation span_acc : 0.338458 
2018-04-04 14:50:04,113 - INFO - allennlp.training.trainer - Training end_acc : 0.482049    Validation end_acc : 0.458628 
2018-04-04 14:50:04,113 - INFO - allennlp.training.trainer - Epoch duration: 01:51:23
2018-04-04 14:50:04,114 - INFO - allennlp.training.trainer - Estimated training time remaining: 03:23:33
2018-04-04 14:50:04,114 - INFO - allennlp.training.trainer - Epoch 6/19
2018-04-04 14:50:04,114 - INFO - allennlp.training.trainer - Peak CPU memory usage MB: 27327.456
2018-04-04 14:50:05,033 - INFO - allennlp.training.trainer - GPU 0 memory usage MB: 11031
2018-04-04 14:50:05,033 - INFO - allennlp.training.trainer - GPU 1 memory usage MB: 1401
2018-04-04 14:50:05,034 - INFO - allennlp.training.trainer - GPU 2 memory usage MB: 1
2018-04-04 14:50:05,034 - INFO - allennlp.training.trainer - GPU 3 memory usage MB: 761
2018-04-04 14:50:05,035 - INFO - allennlp.training.trainer - Training
2018-04-04 16:41:48,709 - INFO - allennlp.training.trainer - Validating
2018-04-04 16:44:10,730 - INFO - allennlp.training.trainer - Training loss : 4.431759    Validation loss : 4.895329 
2018-04-04 16:44:10,732 - INFO - allennlp.training.trainer - Training start_acc : 0.446649    Validation start_acc : 0.410682 
2018-04-04 16:44:10,732 - INFO - allennlp.training.trainer - Training f1 : 0.554316    Validation f1 : 0.522733 
2018-04-04 16:44:10,732 - INFO - allennlp.training.trainer - Training em : 0.396589    Validation em : 0.372041 
2018-04-04 16:44:10,732 - INFO - allennlp.training.trainer - Training span_acc : 0.359783    Validation span_acc : 0.335828 
2018-04-04 16:44:10,732 - INFO - allennlp.training.trainer - Training end_acc : 0.489854    Validation end_acc : 0.453166 
2018-04-04 16:44:10,732 - INFO - allennlp.training.trainer - Epoch duration: 01:54:06
2018-04-04 16:44:10,732 - INFO - allennlp.training.trainer - Estimated training time remaining: 01:20:03
2018-04-04 16:44:10,733 - INFO - allennlp.training.trainer - Epoch 7/19
2018-04-04 16:44:10,733 - INFO - allennlp.training.trainer - Peak CPU memory usage MB: 27334.44
2018-04-04 16:44:11,562 - INFO - allennlp.training.trainer - GPU 0 memory usage MB: 11032
2018-04-04 16:44:11,562 - INFO - allennlp.training.trainer - GPU 1 memory usage MB: 1401
2018-04-04 16:44:11,562 - INFO - allennlp.training.trainer - GPU 2 memory usage MB: 11700
2018-04-04 16:44:11,562 - INFO - allennlp.training.trainer - GPU 3 memory usage MB: 761
2018-04-04 16:44:11,564 - INFO - allennlp.training.trainer - Training
2018-04-04 18:38:44,155 - INFO - allennlp.training.trainer - Validating
2018-04-04 18:41:07,427 - INFO - allennlp.training.trainer - Training loss : 4.357761    Validation loss : 4.847565 
2018-04-04 18:41:07,429 - INFO - allennlp.training.trainer - Training start_acc : 0.451124    Validation start_acc : 0.408052 
2018-04-04 18:41:07,429 - INFO - allennlp.training.trainer - Training f1 : 0.560891    Validation f1 : 0.514899 
2018-04-04 18:41:07,429 - INFO - allennlp.training.trainer - Training em : 0.402072    Validation em : 0.364758 
2018-04-04 18:41:07,429 - INFO - allennlp.training.trainer - Training span_acc : 0.365024    Validation span_acc : 0.328748 
2018-04-04 18:41:07,429 - INFO - allennlp.training.trainer - Training end_acc : 0.499010    Validation end_acc : 0.448918 
2018-04-04 18:41:07,430 - INFO - allennlp.training.trainer - Epoch duration: 01:56:56
2018-04-04 18:41:07,430 - INFO - allennlp.training.trainer - Estimated training time remaining: 23:23:09
2018-04-04 18:41:07,430 - INFO - allennlp.training.trainer - Epoch 8/19
2018-04-04 18:41:07,430 - INFO - allennlp.training.trainer - Peak CPU memory usage MB: 27349.176
2018-04-04 18:41:08,444 - INFO - allennlp.training.trainer - GPU 0 memory usage MB: 12196
2018-04-04 18:41:08,445 - INFO - allennlp.training.trainer - GPU 1 memory usage MB: 1401
2018-04-04 18:41:08,445 - INFO - allennlp.training.trainer - GPU 2 memory usage MB: 11700
2018-04-04 18:41:08,445 - INFO - allennlp.training.trainer - GPU 3 memory usage MB: 761
2018-04-04 18:41:08,447 - INFO - allennlp.training.trainer - Training
2018-04-04 20:38:05,626 - INFO - allennlp.training.trainer - Validating
2018-04-04 20:40:28,815 - INFO - allennlp.training.trainer - Training loss : 4.315384    Validation loss : 4.939113 
2018-04-04 20:40:28,819 - INFO - allennlp.training.trainer - Training start_acc : 0.458793    Validation start_acc : 0.405826 
2018-04-04 20:40:28,819 - INFO - allennlp.training.trainer - Training f1 : 0.567376    Validation f1 : 0.518410 
2018-04-04 20:40:28,819 - INFO - allennlp.training.trainer - Training em : 0.408618    Validation em : 0.368197 
2018-04-04 20:40:28,820 - INFO - allennlp.training.trainer - Training span_acc : 0.371731    Validation span_acc : 0.328343 
2018-04-04 20:40:28,820 - INFO - allennlp.training.trainer - Training end_acc : 0.504629    Validation end_acc : 0.452357 
2018-04-04 20:40:28,820 - INFO - allennlp.training.trainer - Epoch duration: 01:59:21
2018-04-04 20:40:28,820 - INFO - allennlp.training.trainer - Estimated training time remaining: 21:29:11
2018-04-04 20:40:28,820 - INFO - allennlp.training.trainer - Epoch 9/19
2018-04-04 20:40:28,821 - INFO - allennlp.training.trainer - Peak CPU memory usage MB: 27359.66
2018-04-04 20:40:30,066 - INFO - allennlp.training.trainer - GPU 0 memory usage MB: 12196
2018-04-04 20:40:30,067 - INFO - allennlp.training.trainer - GPU 1 memory usage MB: 1401
2018-04-04 20:40:30,067 - INFO - allennlp.training.trainer - GPU 2 memory usage MB: 11700
2018-04-04 20:40:30,067 - INFO - allennlp.training.trainer - GPU 3 memory usage MB: 761
2018-04-04 20:40:30,069 - INFO - allennlp.training.trainer - Training
