data/squad/train-v1.1.json
data/NewsQA/train-v1.1.json
2018-04-05 15:23:40,825 - INFO - allennlp.common.params - dataset_reader.type = squad
2018-04-05 15:23:40,826 - INFO - allennlp.common.params - dataset_reader.tokenizer.type = word
2018-04-05 15:23:40,826 - INFO - allennlp.common.params - dataset_reader.tokenizer.word_splitter.type = spacy
2018-04-05 15:23:40,826 - INFO - allennlp.common.params - dataset_reader.tokenizer.word_splitter.language = en_core_web_sm
2018-04-05 15:23:40,826 - INFO - allennlp.common.params - dataset_reader.tokenizer.word_splitter.pos_tags = False
2018-04-05 15:23:40,826 - INFO - allennlp.common.params - dataset_reader.tokenizer.word_splitter.parse = False
2018-04-05 15:23:40,826 - INFO - allennlp.common.params - dataset_reader.tokenizer.word_splitter.ner = False
2018-04-05 15:23:41,323 - INFO - allennlp.common.params - dataset_reader.tokenizer.word_filter.type = pass_through
2018-04-05 15:23:41,324 - INFO - allennlp.common.params - dataset_reader.tokenizer.word_stemmer.type = pass_through
2018-04-05 15:23:41,324 - INFO - allennlp.common.params - dataset_reader.tokenizer.start_tokens = None
2018-04-05 15:23:41,324 - INFO - allennlp.common.params - dataset_reader.tokenizer.end_tokens = None
2018-04-05 15:23:41,325 - INFO - allennlp.common.params - dataset_reader.token_indexers.tokens.type = single_id
2018-04-05 15:23:41,325 - INFO - allennlp.common.params - dataset_reader.token_indexers.tokens.namespace = tokens
2018-04-05 15:23:41,325 - INFO - allennlp.common.params - dataset_reader.token_indexers.tokens.lowercase_tokens = True
2018-04-05 15:23:41,325 - INFO - allennlp.common.params - dataset_reader.token_indexers.token_characters.type = characters
2018-04-05 15:23:41,325 - INFO - allennlp.common.params - dataset_reader.token_indexers.token_characters.namespace = token_characters
2018-04-05 15:23:41,325 - INFO - allennlp.common.params - dataset_reader.token_indexers.token_characters.character_tokenizer.byte_encoding = utf-8
2018-04-05 15:23:41,326 - INFO - allennlp.common.params - dataset_reader.token_indexers.token_characters.character_tokenizer.lowercase_characters = False
2018-04-05 15:23:41,326 - INFO - allennlp.common.params - dataset_reader.token_indexers.token_characters.character_tokenizer.start_tokens = [259]
2018-04-05 15:23:41,326 - INFO - allennlp.common.params - dataset_reader.token_indexers.token_characters.character_tokenizer.end_tokens = [260]
2018-04-05 15:23:41,326 - INFO - allennlp.common.params - dataset_reader.lazy = False
2018-04-05 15:23:41,326 - INFO - allennlp.common.params - validation_dataset_reader = None
2018-04-05 15:23:41,326 - INFO - allennlp.common.params - train_data_path = data/joint_nqa_001_0.1/train-v1.1.json
2018-04-05 15:23:41,326 - INFO - allennlp.commands.train - Reading training data from data/joint_nqa_001_0.1/train-v1.1.json
2018-04-05 15:23:41,337 - INFO - allennlp.data.dataset_readers.reading_comprehension.squad - Reading file at data/joint_nqa_001_0.1/train-v1.1.json
2018-04-05 15:23:41,962 - INFO - allennlp.data.dataset_readers.reading_comprehension.squad - Reading the dataset
Index Error
---


NUMBER OF INSTANCES: 


---- 94929
2018-04-05 15:25:47,780 - INFO - allennlp.common.params - validation_data_path = data/joint_nqa_001_0.1/dev-v1.1.json
2018-04-05 15:25:47,784 - INFO - allennlp.commands.train - Reading validation data from data/joint_nqa_001_0.1/dev-v1.1.json
2018-04-05 15:25:47,790 - INFO - allennlp.data.dataset_readers.reading_comprehension.squad - Reading file at data/joint_nqa_001_0.1/dev-v1.1.json
2018-04-05 15:25:47,820 - INFO - allennlp.data.dataset_readers.reading_comprehension.squad - Reading the dataset
---


NUMBER OF INSTANCES: 


---- 10927
2018-04-05 15:26:01,369 - INFO - allennlp.common.params - test_data_path = None
2018-04-05 15:26:01,373 - INFO - allennlp.commands.train - Creating a vocabulary using validation, train data.
2018-04-05 15:26:01,373 - INFO - allennlp.common.params - vocabulary.directory_path = None
2018-04-05 15:26:01,373 - INFO - allennlp.common.params - vocabulary.min_count = None
2018-04-05 15:26:01,373 - INFO - allennlp.common.params - vocabulary.max_vocab_size = None
2018-04-05 15:26:01,373 - INFO - allennlp.common.params - vocabulary.non_padded_namespaces = ('*tags', '*labels')
2018-04-05 15:26:01,373 - INFO - allennlp.common.params - vocabulary.only_include_pretrained_words = False
2018-04-05 15:26:01,373 - INFO - allennlp.data.vocabulary - Fitting token dictionary from dataset.
2018-04-05 15:31:25,799 - INFO - allennlp.common.params - model.type = bidaf
2018-04-05 15:31:25,800 - INFO - allennlp.common.params - model.text_field_embedder.type = basic
2018-04-05 15:31:25,801 - INFO - allennlp.common.params - model.text_field_embedder.tokens.type = embedding
2018-04-05 15:31:25,801 - INFO - allennlp.common.params - model.text_field_embedder.tokens.num_embeddings = None
2018-04-05 15:31:25,801 - INFO - allennlp.common.params - model.text_field_embedder.tokens.vocab_namespace = tokens
2018-04-05 15:31:25,801 - INFO - allennlp.common.params - model.text_field_embedder.tokens.embedding_dim = 100
2018-04-05 15:31:25,801 - INFO - allennlp.common.params - model.text_field_embedder.tokens.pretrained_file = https://s3-us-west-2.amazonaws.com/allennlp/datasets/glove/glove.6B.100d.txt.gz
2018-04-05 15:31:25,801 - INFO - allennlp.common.params - model.text_field_embedder.tokens.projection_dim = None
2018-04-05 15:31:25,801 - INFO - allennlp.common.params - model.text_field_embedder.tokens.trainable = False
2018-04-05 15:31:25,801 - INFO - allennlp.common.params - model.text_field_embedder.tokens.padding_index = None
2018-04-05 15:31:25,801 - INFO - allennlp.common.params - model.text_field_embedder.tokens.max_norm = None
2018-04-05 15:31:25,801 - INFO - allennlp.common.params - model.text_field_embedder.tokens.norm_type = 2.0
2018-04-05 15:31:25,801 - INFO - allennlp.common.params - model.text_field_embedder.tokens.scale_grad_by_freq = False
2018-04-05 15:31:25,801 - INFO - allennlp.common.params - model.text_field_embedder.tokens.sparse = False
2018-04-05 15:31:25,810 - INFO - allennlp.modules.token_embedders.embedding - Reading embeddings from file
2018-04-05 15:31:34,803 - INFO - allennlp.modules.token_embedders.embedding - Initializing pre-trained embedding layer
2018-04-05 15:31:35,862 - INFO - allennlp.common.params - model.text_field_embedder.token_characters.type = character_encoding
2018-04-05 15:31:35,862 - INFO - allennlp.common.params - model.text_field_embedder.token_characters.embedding.num_embeddings = 262
2018-04-05 15:31:35,862 - INFO - allennlp.common.params - model.text_field_embedder.token_characters.embedding.vocab_namespace = token_characters
2018-04-05 15:31:35,862 - INFO - allennlp.common.params - model.text_field_embedder.token_characters.embedding.embedding_dim = 16
2018-04-05 15:31:35,862 - INFO - allennlp.common.params - model.text_field_embedder.token_characters.embedding.pretrained_file = None
2018-04-05 15:31:35,862 - INFO - allennlp.common.params - model.text_field_embedder.token_characters.embedding.projection_dim = None
2018-04-05 15:31:35,862 - INFO - allennlp.common.params - model.text_field_embedder.token_characters.embedding.trainable = True
2018-04-05 15:31:35,862 - INFO - allennlp.common.params - model.text_field_embedder.token_characters.embedding.padding_index = None
2018-04-05 15:31:35,862 - INFO - allennlp.common.params - model.text_field_embedder.token_characters.embedding.max_norm = None
2018-04-05 15:31:35,863 - INFO - allennlp.common.params - model.text_field_embedder.token_characters.embedding.norm_type = 2.0
2018-04-05 15:31:35,863 - INFO - allennlp.common.params - model.text_field_embedder.token_characters.embedding.scale_grad_by_freq = False
2018-04-05 15:31:35,863 - INFO - allennlp.common.params - model.text_field_embedder.token_characters.embedding.sparse = False
2018-04-05 15:31:35,863 - INFO - allennlp.common.params - model.text_field_embedder.token_characters.encoder.type = cnn
2018-04-05 15:31:35,863 - INFO - allennlp.common.params - model.text_field_embedder.token_characters.encoder.embedding_dim = 16
2018-04-05 15:31:35,863 - INFO - allennlp.common.params - model.text_field_embedder.token_characters.encoder.output_dim = None
2018-04-05 15:31:35,863 - INFO - allennlp.common.params - model.text_field_embedder.token_characters.encoder.num_filters = 100
2018-04-05 15:31:35,863 - INFO - allennlp.common.params - model.text_field_embedder.token_characters.encoder.conv_layer_activation = relu
2018-04-05 15:31:35,864 - INFO - allennlp.common.params - model.text_field_embedder.token_characters.encoder.ngram_filter_sizes = [5]
2018-04-05 15:31:35,865 - INFO - allennlp.common.params - model.text_field_embedder.token_characters.dropout = 0.2
2018-04-05 15:31:35,866 - INFO - allennlp.common.params - model.num_highway_layers = 2
2018-04-05 15:31:35,866 - INFO - allennlp.common.params - model.phrase_layer.type = lstm
2018-04-05 15:31:35,866 - INFO - allennlp.common.params - model.phrase_layer.batch_first = True
2018-04-05 15:31:35,866 - INFO - allennlp.common.params - Converting Params object to dict; logging of default values will not occur when dictionary parameters are used subsequently.
2018-04-05 15:31:35,866 - INFO - allennlp.common.params - CURRENTLY DEFINED PARAMETERS: 
2018-04-05 15:31:35,866 - INFO - allennlp.common.params - model.phrase_layer.bidirectional = True
2018-04-05 15:31:35,866 - INFO - allennlp.common.params - model.phrase_layer.input_size = 200
2018-04-05 15:31:35,866 - INFO - allennlp.common.params - model.phrase_layer.hidden_size = 100
2018-04-05 15:31:35,866 - INFO - allennlp.common.params - model.phrase_layer.num_layers = 1
2018-04-05 15:31:35,866 - INFO - allennlp.common.params - model.phrase_layer.dropout = 0.2
2018-04-05 15:31:35,866 - INFO - allennlp.common.params - model.phrase_layer.batch_first = True
2018-04-05 15:31:35,868 - INFO - allennlp.common.params - model.similarity_function.type = linear
2018-04-05 15:31:35,868 - INFO - allennlp.common.params - model.similarity_function.tensor_1_dim = 200
2018-04-05 15:31:35,868 - INFO - allennlp.common.params - model.similarity_function.tensor_2_dim = 200
2018-04-05 15:31:35,868 - INFO - allennlp.common.params - model.similarity_function.combination = x,y,x*y
2018-04-05 15:31:35,869 - INFO - allennlp.common.params - model.similarity_function.activation = linear
2018-04-05 15:31:35,869 - INFO - allennlp.common.params - model.modeling_layer.type = lstm
2018-04-05 15:31:35,869 - INFO - allennlp.common.params - model.modeling_layer.batch_first = True
2018-04-05 15:31:35,869 - INFO - allennlp.common.params - Converting Params object to dict; logging of default values will not occur when dictionary parameters are used subsequently.
2018-04-05 15:31:35,869 - INFO - allennlp.common.params - CURRENTLY DEFINED PARAMETERS: 
2018-04-05 15:31:35,869 - INFO - allennlp.common.params - model.modeling_layer.bidirectional = True
2018-04-05 15:31:35,869 - INFO - allennlp.common.params - model.modeling_layer.input_size = 800
2018-04-05 15:31:35,869 - INFO - allennlp.common.params - model.modeling_layer.hidden_size = 100
2018-04-05 15:31:35,869 - INFO - allennlp.common.params - model.modeling_layer.num_layers = 2
2018-04-05 15:31:35,869 - INFO - allennlp.common.params - model.modeling_layer.dropout = 0.2
2018-04-05 15:31:35,869 - INFO - allennlp.common.params - model.modeling_layer.batch_first = True
2018-04-05 15:31:35,876 - INFO - allennlp.common.params - model.span_end_encoder.type = lstm
2018-04-05 15:31:35,876 - INFO - allennlp.common.params - model.span_end_encoder.batch_first = True
2018-04-05 15:31:35,876 - INFO - allennlp.common.params - Converting Params object to dict; logging of default values will not occur when dictionary parameters are used subsequently.
2018-04-05 15:31:35,876 - INFO - allennlp.common.params - CURRENTLY DEFINED PARAMETERS: 
2018-04-05 15:31:35,876 - INFO - allennlp.common.params - model.span_end_encoder.bidirectional = True
2018-04-05 15:31:35,876 - INFO - allennlp.common.params - model.span_end_encoder.input_size = 1400
2018-04-05 15:31:35,876 - INFO - allennlp.common.params - model.span_end_encoder.hidden_size = 100
2018-04-05 15:31:35,876 - INFO - allennlp.common.params - model.span_end_encoder.num_layers = 1
2018-04-05 15:31:35,876 - INFO - allennlp.common.params - model.span_end_encoder.dropout = 0.2
2018-04-05 15:31:35,876 - INFO - allennlp.common.params - model.span_end_encoder.batch_first = True
2018-04-05 15:31:35,884 - INFO - allennlp.common.params - model.dropout = 0.2
2018-04-05 15:31:35,885 - INFO - allennlp.common.params - model.initializer = []
2018-04-05 15:31:35,885 - INFO - allennlp.common.params - model.regularizer = []
2018-04-05 15:31:35,885 - INFO - allennlp.common.params - model.mask_lstms = True
2018-04-05 15:31:35,887 - INFO - allennlp.nn.initializers - Initializing parameters
2018-04-05 15:31:35,887 - INFO - allennlp.nn.initializers - Done initializing parameters; the following parameters are using their default initialization from their code
2018-04-05 15:31:35,887 - INFO - allennlp.nn.initializers -    _highway_layer._module._layers.0.bias
2018-04-05 15:31:35,887 - INFO - allennlp.nn.initializers -    _highway_layer._module._layers.0.weight
2018-04-05 15:31:35,887 - INFO - allennlp.nn.initializers -    _highway_layer._module._layers.1.bias
2018-04-05 15:31:35,887 - INFO - allennlp.nn.initializers -    _highway_layer._module._layers.1.weight
2018-04-05 15:31:35,887 - INFO - allennlp.nn.initializers -    _matrix_attention._similarity_function._bias
2018-04-05 15:31:35,887 - INFO - allennlp.nn.initializers -    _matrix_attention._similarity_function._weight_vector
2018-04-05 15:31:35,887 - INFO - allennlp.nn.initializers -    _modeling_layer._module.bias_hh_l0
2018-04-05 15:31:35,887 - INFO - allennlp.nn.initializers -    _modeling_layer._module.bias_hh_l0_reverse
2018-04-05 15:31:35,887 - INFO - allennlp.nn.initializers -    _modeling_layer._module.bias_hh_l1
2018-04-05 15:31:35,887 - INFO - allennlp.nn.initializers -    _modeling_layer._module.bias_hh_l1_reverse
2018-04-05 15:31:35,887 - INFO - allennlp.nn.initializers -    _modeling_layer._module.bias_ih_l0
2018-04-05 15:31:35,887 - INFO - allennlp.nn.initializers -    _modeling_layer._module.bias_ih_l0_reverse
2018-04-05 15:31:35,887 - INFO - allennlp.nn.initializers -    _modeling_layer._module.bias_ih_l1
2018-04-05 15:31:35,888 - INFO - allennlp.nn.initializers -    _modeling_layer._module.bias_ih_l1_reverse
2018-04-05 15:31:35,888 - INFO - allennlp.nn.initializers -    _modeling_layer._module.weight_hh_l0
2018-04-05 15:31:35,888 - INFO - allennlp.nn.initializers -    _modeling_layer._module.weight_hh_l0_reverse
2018-04-05 15:31:35,888 - INFO - allennlp.nn.initializers -    _modeling_layer._module.weight_hh_l1
2018-04-05 15:31:35,888 - INFO - allennlp.nn.initializers -    _modeling_layer._module.weight_hh_l1_reverse
2018-04-05 15:31:35,888 - INFO - allennlp.nn.initializers -    _modeling_layer._module.weight_ih_l0
2018-04-05 15:31:35,888 - INFO - allennlp.nn.initializers -    _modeling_layer._module.weight_ih_l0_reverse
2018-04-05 15:31:35,888 - INFO - allennlp.nn.initializers -    _modeling_layer._module.weight_ih_l1
2018-04-05 15:31:35,888 - INFO - allennlp.nn.initializers -    _modeling_layer._module.weight_ih_l1_reverse
2018-04-05 15:31:35,888 - INFO - allennlp.nn.initializers -    _phrase_layer._module.bias_hh_l0
2018-04-05 15:31:35,888 - INFO - allennlp.nn.initializers -    _phrase_layer._module.bias_hh_l0_reverse
2018-04-05 15:31:35,888 - INFO - allennlp.nn.initializers -    _phrase_layer._module.bias_ih_l0
2018-04-05 15:31:35,888 - INFO - allennlp.nn.initializers -    _phrase_layer._module.bias_ih_l0_reverse
2018-04-05 15:31:35,888 - INFO - allennlp.nn.initializers -    _phrase_layer._module.weight_hh_l0
2018-04-05 15:31:35,888 - INFO - allennlp.nn.initializers -    _phrase_layer._module.weight_hh_l0_reverse
2018-04-05 15:31:35,888 - INFO - allennlp.nn.initializers -    _phrase_layer._module.weight_ih_l0
2018-04-05 15:31:35,888 - INFO - allennlp.nn.initializers -    _phrase_layer._module.weight_ih_l0_reverse
2018-04-05 15:31:35,888 - INFO - allennlp.nn.initializers -    _span_end_encoder._module.bias_hh_l0
2018-04-05 15:31:35,888 - INFO - allennlp.nn.initializers -    _span_end_encoder._module.bias_hh_l0_reverse
2018-04-05 15:31:35,888 - INFO - allennlp.nn.initializers -    _span_end_encoder._module.bias_ih_l0
2018-04-05 15:31:35,889 - INFO - allennlp.nn.initializers -    _span_end_encoder._module.bias_ih_l0_reverse
2018-04-05 15:31:35,889 - INFO - allennlp.nn.initializers -    _span_end_encoder._module.weight_hh_l0
2018-04-05 15:31:35,889 - INFO - allennlp.nn.initializers -    _span_end_encoder._module.weight_hh_l0_reverse
2018-04-05 15:31:35,889 - INFO - allennlp.nn.initializers -    _span_end_encoder._module.weight_ih_l0
2018-04-05 15:31:35,889 - INFO - allennlp.nn.initializers -    _span_end_encoder._module.weight_ih_l0_reverse
2018-04-05 15:31:35,889 - INFO - allennlp.nn.initializers -    _span_end_predictor._module.bias
2018-04-05 15:31:35,889 - INFO - allennlp.nn.initializers -    _span_end_predictor._module.weight
2018-04-05 15:31:35,889 - INFO - allennlp.nn.initializers -    _span_start_predictor._module.bias
2018-04-05 15:31:35,889 - INFO - allennlp.nn.initializers -    _span_start_predictor._module.weight
2018-04-05 15:31:35,889 - INFO - allennlp.nn.initializers -    _text_field_embedder.token_embedder_token_characters._embedding._module.weight
2018-04-05 15:31:35,889 - INFO - allennlp.nn.initializers -    _text_field_embedder.token_embedder_token_characters._encoder._module.conv_layer_0.bias
2018-04-05 15:31:35,889 - INFO - allennlp.nn.initializers -    _text_field_embedder.token_embedder_token_characters._encoder._module.conv_layer_0.weight
2018-04-05 15:31:35,889 - INFO - allennlp.nn.initializers -    _text_field_embedder.token_embedder_tokens.weight
2018-04-05 15:31:35,889 - INFO - allennlp.common.params - iterator.type = bucket
2018-04-05 15:31:35,889 - INFO - allennlp.common.params - iterator.sorting_keys = [['passage', 'num_tokens'], ['question', 'num_tokens']]
2018-04-05 15:31:35,889 - INFO - allennlp.common.params - iterator.padding_noise = 0.1
2018-04-05 15:31:35,889 - INFO - allennlp.common.params - iterator.biggest_batch_first = False
2018-04-05 15:31:35,890 - INFO - allennlp.common.params - iterator.batch_size = 10
2018-04-05 15:31:35,890 - INFO - allennlp.common.params - iterator.instances_per_epoch = None
2018-04-05 15:31:35,890 - INFO - allennlp.common.params - iterator.max_instances_in_memory = None
2018-04-05 15:31:35,890 - INFO - allennlp.common.params - trainer.patience = 10
2018-04-05 15:31:35,890 - INFO - allennlp.common.params - trainer.validation_metric = +em
2018-04-05 15:31:35,890 - INFO - allennlp.common.params - trainer.num_epochs = 20
2018-04-05 15:31:35,890 - INFO - allennlp.common.params - trainer.cuda_device = 0
2018-04-05 15:31:35,890 - INFO - allennlp.common.params - trainer.grad_norm = 5.0
2018-04-05 15:31:35,890 - INFO - allennlp.common.params - trainer.grad_clipping = None
2018-04-05 15:31:39,709 - INFO - allennlp.common.params - trainer.optimizer.type = adam
2018-04-05 15:31:39,713 - INFO - allennlp.common.params - trainer.optimizer.parameter_groups = None
2018-04-05 15:31:39,714 - INFO - allennlp.common.params - Converting Params object to dict; logging of default values will not occur when dictionary parameters are used subsequently.
2018-04-05 15:31:39,714 - INFO - allennlp.common.params - CURRENTLY DEFINED PARAMETERS: 
2018-04-05 15:31:39,714 - INFO - allennlp.common.params - trainer.optimizer.betas = [0.9, 0.9]
2018-04-05 15:31:39,714 - INFO - allennlp.common.params - trainer.learning_rate_scheduler.type = reduce_on_plateau
2018-04-05 15:31:39,714 - INFO - allennlp.common.params - Converting Params object to dict; logging of default values will not occur when dictionary parameters are used subsequently.
2018-04-05 15:31:39,714 - INFO - allennlp.common.params - CURRENTLY DEFINED PARAMETERS: 
2018-04-05 15:31:39,714 - INFO - allennlp.common.params - trainer.learning_rate_scheduler.factor = 0.5
2018-04-05 15:31:39,714 - INFO - allennlp.common.params - trainer.learning_rate_scheduler.mode = max
2018-04-05 15:31:39,714 - INFO - allennlp.common.params - trainer.learning_rate_scheduler.patience = 2
2018-04-05 15:31:39,714 - INFO - allennlp.common.params - trainer.num_serialized_models_to_keep = None
2018-04-05 15:31:39,714 - INFO - allennlp.common.params - trainer.keep_serialized_model_every_num_seconds = None
2018-04-05 15:31:39,715 - INFO - allennlp.common.params - trainer.model_save_interval = None
2018-04-05 15:31:39,715 - INFO - allennlp.common.params - trainer.summary_interval = 100
2018-04-05 15:31:39,715 - INFO - allennlp.common.params - trainer.histogram_interval = None
2018-04-05 15:31:39,751 - INFO - allennlp.common.params - evaluate_on_test = False
2018-04-05 15:31:39,755 - INFO - allennlp.training.trainer - Beginning training.
2018-04-05 15:31:39,755 - INFO - allennlp.training.trainer - Epoch 0/19
2018-04-05 15:31:39,756 - INFO - allennlp.training.trainer - Peak CPU memory usage MB: 8313.8
2018-04-05 15:31:39,995 - INFO - allennlp.training.trainer - GPU 0 memory usage MB: 8219
2018-04-05 15:31:39,996 - INFO - allennlp.training.trainer - GPU 1 memory usage MB: 8219
2018-04-05 15:31:39,996 - INFO - allennlp.training.trainer - GPU 2 memory usage MB: 451
2018-04-05 15:31:39,996 - INFO - allennlp.training.trainer - GPU 3 memory usage MB: 1
2018-04-05 15:31:39,997 - INFO - allennlp.training.trainer - Training
2018-04-05 16:38:29,231 - INFO - allennlp.training.trainer - Validating
2018-04-05 16:42:09,615 - INFO - allennlp.training.trainer - Best validation performance so far. Copying weights to 'output/joint_nqa_001_0.1/best.th'.
2018-04-05 16:42:10,123 - INFO - allennlp.training.trainer - Training f1 : 0.393623    Validation f1 : 0.586535 
2018-04-05 16:42:10,124 - INFO - allennlp.training.trainer - Training loss : 5.435149    Validation loss : 3.861840 
2018-04-05 16:42:10,124 - INFO - allennlp.training.trainer - Training span_acc : 0.241170    Validation span_acc : 0.378603 
2018-04-05 16:42:10,124 - INFO - allennlp.training.trainer - Training em : 0.269865    Validation em : 0.423080 
2018-04-05 16:42:10,124 - INFO - allennlp.training.trainer - Training start_acc : 0.320281    Validation start_acc : 0.486318 
2018-04-05 16:42:10,124 - INFO - allennlp.training.trainer - Training end_acc : 0.352537    Validation end_acc : 0.528599 
2018-04-05 16:42:10,124 - INFO - allennlp.training.trainer - Epoch duration: 01:10:30
2018-04-05 16:42:10,124 - INFO - allennlp.training.trainer - Estimated training time remaining: 22:19:37
2018-04-05 16:42:10,125 - INFO - allennlp.models.archival - archiving weights and vocabulary to output/joint_nqa_001_0.1/model.tar.gz
2018-04-05 16:42:14,861 - INFO - allennlp.training.trainer - Epoch 1/19
2018-04-05 16:42:14,861 - INFO - allennlp.training.trainer - Peak CPU memory usage MB: 12452.0
2018-04-05 16:42:15,258 - INFO - allennlp.training.trainer - GPU 0 memory usage MB: 8219
2018-04-05 16:42:15,258 - INFO - allennlp.training.trainer - GPU 1 memory usage MB: 8219
2018-04-05 16:42:15,258 - INFO - allennlp.training.trainer - GPU 2 memory usage MB: 4306
2018-04-05 16:42:15,258 - INFO - allennlp.training.trainer - GPU 3 memory usage MB: 11700
2018-04-05 16:42:15,260 - INFO - allennlp.training.trainer - Training
2018-04-05 17:44:03,231 - INFO - allennlp.training.trainer - Validating
2018-04-05 17:47:00,938 - INFO - allennlp.training.trainer - Best validation performance so far. Copying weights to 'output/joint_nqa_001_0.1/best.th'.
2018-04-05 17:47:03,073 - INFO - allennlp.training.trainer - Training f1 : 0.613265    Validation f1 : 0.620508 
2018-04-05 17:47:03,074 - INFO - allennlp.training.trainer - Training loss : 3.574454    Validation loss : 3.532188 
2018-04-05 17:47:03,075 - INFO - allennlp.training.trainer - Training span_acc : 0.415742    Validation span_acc : 0.415485 
2018-04-05 17:47:03,076 - INFO - allennlp.training.trainer - Training em : 0.464653    Validation em : 0.461700 
2018-04-05 17:47:03,076 - INFO - allennlp.training.trainer - Training start_acc : 0.514395    Validation start_acc : 0.522559 
2018-04-05 17:47:03,076 - INFO - allennlp.training.trainer - Training end_acc : 0.554730    Validation end_acc : 0.563009 
2018-04-05 17:47:03,076 - INFO - allennlp.training.trainer - Epoch duration: 01:04:48
2018-04-05 17:47:03,077 - INFO - allennlp.training.trainer - Estimated training time remaining: 20:18:29
2018-04-05 17:47:03,077 - INFO - allennlp.models.archival - archiving weights and vocabulary to output/joint_nqa_001_0.1/model.tar.gz
2018-04-05 17:47:07,069 - INFO - allennlp.training.trainer - Epoch 2/19
2018-04-05 17:47:07,070 - INFO - allennlp.training.trainer - Peak CPU memory usage MB: 12474.092
2018-04-05 17:47:07,418 - INFO - allennlp.training.trainer - GPU 0 memory usage MB: 8219
2018-04-05 17:47:07,418 - INFO - allennlp.training.trainer - GPU 1 memory usage MB: 8219
2018-04-05 17:47:07,418 - INFO - allennlp.training.trainer - GPU 2 memory usage MB: 4781
2018-04-05 17:47:07,419 - INFO - allennlp.training.trainer - GPU 3 memory usage MB: 11700
2018-04-05 17:47:07,420 - INFO - allennlp.training.trainer - Training
2018-04-05 18:50:57,209 - INFO - allennlp.training.trainer - Validating
2018-04-05 18:53:52,577 - INFO - allennlp.training.trainer - Best validation performance so far. Copying weights to 'output/joint_nqa_001_0.1/best.th'.
2018-04-05 18:53:53,275 - INFO - allennlp.training.trainer - Training f1 : 0.654095    Validation f1 : 0.641357 
2018-04-05 18:53:53,276 - INFO - allennlp.training.trainer - Training loss : 3.235964    Validation loss : 3.488578 
2018-04-05 18:53:53,277 - INFO - allennlp.training.trainer - Training span_acc : 0.456868    Validation span_acc : 0.429121 
2018-04-05 18:53:53,277 - INFO - allennlp.training.trainer - Training em : 0.506737    Validation em : 0.481376 
2018-04-05 18:53:53,278 - INFO - allennlp.training.trainer - Training start_acc : 0.554688    Validation start_acc : 0.528324 
2018-04-05 18:53:53,278 - INFO - allennlp.training.trainer - Training end_acc : 0.593180    Validation end_acc : 0.575272 
2018-04-05 18:53:53,278 - INFO - allennlp.training.trainer - Epoch duration: 01:06:46
2018-04-05 18:53:53,278 - INFO - allennlp.training.trainer - Estimated training time remaining: 19:05:56
2018-04-05 18:53:53,278 - INFO - allennlp.models.archival - archiving weights and vocabulary to output/joint_nqa_001_0.1/model.tar.gz
2018-04-05 18:53:57,757 - INFO - allennlp.training.trainer - Epoch 3/19
2018-04-05 18:53:57,757 - INFO - allennlp.training.trainer - Peak CPU memory usage MB: 12494.044
2018-04-05 18:53:58,183 - INFO - allennlp.training.trainer - GPU 0 memory usage MB: 8219
2018-04-05 18:53:58,184 - INFO - allennlp.training.trainer - GPU 1 memory usage MB: 8219
2018-04-05 18:53:58,184 - INFO - allennlp.training.trainer - GPU 2 memory usage MB: 4781
2018-04-05 18:53:58,184 - INFO - allennlp.training.trainer - GPU 3 memory usage MB: 11700
2018-04-05 18:53:58,185 - INFO - allennlp.training.trainer - Training
2018-04-05 19:55:18,122 - INFO - allennlp.training.trainer - Validating
2018-04-05 19:58:12,994 - INFO - allennlp.training.trainer - Best validation performance so far. Copying weights to 'output/joint_nqa_001_0.1/best.th'.
2018-04-05 19:58:14,618 - INFO - allennlp.training.trainer - Training f1 : 0.675518    Validation f1 : 0.643824 
2018-04-05 19:58:14,618 - INFO - allennlp.training.trainer - Training loss : 3.054118    Validation loss : 3.406643 
2018-04-05 19:58:14,619 - INFO - allennlp.training.trainer - Training span_acc : 0.478663    Validation span_acc : 0.436899 
2018-04-05 19:58:14,619 - INFO - allennlp.training.trainer - Training em : 0.529764    Validation em : 0.483481 
2018-04-05 19:58:14,619 - INFO - allennlp.training.trainer - Training start_acc : 0.575441    Validation start_acc : 0.536286 
2018-04-05 19:58:14,620 - INFO - allennlp.training.trainer - Training end_acc : 0.616092    Validation end_acc : 0.585065 
2018-04-05 19:58:14,620 - INFO - allennlp.training.trainer - Epoch duration: 01:04:16
2018-04-05 19:58:14,620 - INFO - allennlp.training.trainer - Estimated training time remaining: 17:46:19
2018-04-05 19:58:14,621 - INFO - allennlp.models.archival - archiving weights and vocabulary to output/joint_nqa_001_0.1/model.tar.gz
2018-04-05 19:58:18,331 - INFO - allennlp.training.trainer - Epoch 4/19
2018-04-05 19:58:18,332 - INFO - allennlp.training.trainer - Peak CPU memory usage MB: 12511.248
2018-04-05 19:58:18,687 - INFO - allennlp.training.trainer - GPU 0 memory usage MB: 8219
2018-04-05 19:58:18,687 - INFO - allennlp.training.trainer - GPU 1 memory usage MB: 8219
2018-04-05 19:58:18,688 - INFO - allennlp.training.trainer - GPU 2 memory usage MB: 4781
2018-04-05 19:58:18,688 - INFO - allennlp.training.trainer - GPU 3 memory usage MB: 11700
2018-04-05 19:58:18,689 - INFO - allennlp.training.trainer - Training
2018-04-05 21:01:24,850 - INFO - allennlp.training.trainer - Validating
2018-04-05 21:04:25,836 - INFO - allennlp.training.trainer - Best validation performance so far. Copying weights to 'output/joint_nqa_001_0.1/best.th'.
2018-04-05 21:04:30,097 - INFO - allennlp.training.trainer - Training f1 : 0.689912    Validation f1 : 0.650539 
2018-04-05 21:04:30,098 - INFO - allennlp.training.trainer - Training loss : 2.960550    Validation loss : 3.328447 
2018-04-05 21:04:30,098 - INFO - allennlp.training.trainer - Training span_acc : 0.496761    Validation span_acc : 0.441384 
2018-04-05 21:04:30,098 - INFO - allennlp.training.trainer - Training em : 0.546482    Validation em : 0.489064 
2018-04-05 21:04:30,098 - INFO - allennlp.training.trainer - Training start_acc : 0.591442    Validation start_acc : 0.547085 
2018-04-05 21:04:30,099 - INFO - allennlp.training.trainer - Training end_acc : 0.631914    Validation end_acc : 0.590830 
2018-04-05 21:04:30,099 - INFO - allennlp.training.trainer - Epoch duration: 01:06:11
2018-04-05 21:04:30,099 - INFO - allennlp.training.trainer - Estimated training time remaining: 16:38:31
2018-04-05 21:04:30,101 - INFO - allennlp.models.archival - archiving weights and vocabulary to output/joint_nqa_001_0.1/model.tar.gz
2018-04-05 21:04:34,782 - INFO - allennlp.training.trainer - Epoch 5/19
2018-04-05 21:04:34,784 - INFO - allennlp.training.trainer - Peak CPU memory usage MB: 12528.716
2018-04-05 21:04:35,201 - INFO - allennlp.training.trainer - GPU 0 memory usage MB: 8219
2018-04-05 21:04:35,202 - INFO - allennlp.training.trainer - GPU 1 memory usage MB: 8219
2018-04-05 21:04:35,202 - INFO - allennlp.training.trainer - GPU 2 memory usage MB: 7629
2018-04-05 21:04:35,202 - INFO - allennlp.training.trainer - GPU 3 memory usage MB: 11700
2018-04-05 21:04:35,203 - INFO - allennlp.training.trainer - Training
2018-04-05 22:06:21,754 - INFO - allennlp.training.trainer - Validating
2018-04-05 22:09:17,349 - INFO - allennlp.training.trainer - Best validation performance so far. Copying weights to 'output/joint_nqa_001_0.1/best.th'.
2018-04-05 22:09:18,140 - INFO - allennlp.training.trainer - Training f1 : 0.694465    Validation f1 : 0.646827 
2018-04-05 22:09:18,142 - INFO - allennlp.training.trainer - Training loss : 2.925165    Validation loss : 3.415496 
2018-04-05 22:09:18,142 - INFO - allennlp.training.trainer - Training span_acc : 0.500111    Validation span_acc : 0.445136 
2018-04-05 22:09:18,143 - INFO - allennlp.training.trainer - Training em : 0.551402    Validation em : 0.491901 
2018-04-05 22:09:18,143 - INFO - allennlp.training.trainer - Training start_acc : 0.597647    Validation start_acc : 0.544340 
2018-04-05 22:09:18,143 - INFO - allennlp.training.trainer - Training end_acc : 0.634285    Validation end_acc : 0.588359 
2018-04-05 22:09:18,143 - INFO - allennlp.training.trainer - Epoch duration: 01:04:43
2018-04-05 22:09:18,143 - INFO - allennlp.training.trainer - Estimated training time remaining: 15:27:49
2018-04-05 22:09:18,143 - INFO - allennlp.models.archival - archiving weights and vocabulary to output/joint_nqa_001_0.1/model.tar.gz
2018-04-05 22:09:22,018 - INFO - allennlp.training.trainer - Epoch 6/19
2018-04-05 22:09:22,019 - INFO - allennlp.training.trainer - Peak CPU memory usage MB: 12547.42
2018-04-05 22:09:22,382 - INFO - allennlp.training.trainer - GPU 0 memory usage MB: 8219
2018-04-05 22:09:22,382 - INFO - allennlp.training.trainer - GPU 1 memory usage MB: 8219
2018-04-05 22:09:22,383 - INFO - allennlp.training.trainer - GPU 2 memory usage MB: 7629
2018-04-05 22:09:22,383 - INFO - allennlp.training.trainer - GPU 3 memory usage MB: 11700
2018-04-05 22:09:22,384 - INFO - allennlp.training.trainer - Training
2018-04-05 23:13:11,790 - INFO - allennlp.training.trainer - Validating
2018-04-05 23:16:08,495 - INFO - allennlp.training.trainer - Training f1 : 0.698964    Validation f1 : 0.648757 
2018-04-05 23:16:08,498 - INFO - allennlp.training.trainer - Training loss : 2.900814    Validation loss : 3.463574 
2018-04-05 23:16:08,499 - INFO - allennlp.training.trainer - Training span_acc : 0.507474    Validation span_acc : 0.442482 
2018-04-05 23:16:08,499 - INFO - allennlp.training.trainer - Training em : 0.557448    Validation em : 0.488698 
2018-04-05 23:16:08,499 - INFO - allennlp.training.trainer - Training start_acc : 0.604241    Validation start_acc : 0.551661 
2018-04-05 23:16:08,499 - INFO - allennlp.training.trainer - Training end_acc : 0.639573    Validation end_acc : 0.586163 
2018-04-05 23:16:08,499 - INFO - allennlp.training.trainer - Epoch duration: 01:06:46
2018-04-05 23:16:08,499 - INFO - allennlp.training.trainer - Estimated training time remaining: 14:22:36
2018-04-05 23:16:08,503 - INFO - allennlp.models.archival - archiving weights and vocabulary to output/joint_nqa_001_0.1/model.tar.gz
2018-04-05 23:16:13,056 - INFO - allennlp.training.trainer - Epoch 7/19
2018-04-05 23:16:13,056 - INFO - allennlp.training.trainer - Peak CPU memory usage MB: 12564.9
2018-04-05 23:16:13,445 - INFO - allennlp.training.trainer - GPU 0 memory usage MB: 8219
2018-04-05 23:16:13,446 - INFO - allennlp.training.trainer - GPU 1 memory usage MB: 8219
2018-04-05 23:16:13,446 - INFO - allennlp.training.trainer - GPU 2 memory usage MB: 10483
2018-04-05 23:16:13,446 - INFO - allennlp.training.trainer - GPU 3 memory usage MB: 11700
2018-04-05 23:16:13,447 - INFO - allennlp.training.trainer - Training
2018-04-06 00:18:13,753 - INFO - allennlp.training.trainer - Validating
2018-04-06 00:21:09,490 - INFO - allennlp.training.trainer - Training f1 : 0.699138    Validation f1 : 0.646870 
2018-04-06 00:21:09,492 - INFO - allennlp.training.trainer - Training loss : 2.914535    Validation loss : 3.467789 
2018-04-06 00:21:09,492 - INFO - allennlp.training.trainer - Training span_acc : 0.506400    Validation span_acc : 0.443855 
2018-04-06 00:21:09,492 - INFO - allennlp.training.trainer - Training em : 0.556332    Validation em : 0.487691 
2018-04-06 00:21:09,492 - INFO - allennlp.training.trainer - Training start_acc : 0.603282    Validation start_acc : 0.539398 
2018-04-06 00:21:09,492 - INFO - allennlp.training.trainer - Training end_acc : 0.640352    Validation end_acc : 0.587993 
2018-04-06 00:21:09,492 - INFO - allennlp.training.trainer - Epoch duration: 01:04:56
2018-04-06 00:21:09,492 - INFO - allennlp.training.trainer - Estimated training time remaining: 13:14:14
2018-04-06 00:21:09,493 - INFO - allennlp.models.archival - archiving weights and vocabulary to output/joint_nqa_001_0.1/model.tar.gz
2018-04-06 00:21:15,807 - INFO - allennlp.training.trainer - Epoch 8/19
2018-04-06 00:21:15,808 - INFO - allennlp.training.trainer - Peak CPU memory usage MB: 12582.972
2018-04-06 00:21:16,976 - INFO - allennlp.training.trainer - GPU 0 memory usage MB: 8219
2018-04-06 00:21:16,977 - INFO - allennlp.training.trainer - GPU 1 memory usage MB: 8219
2018-04-06 00:21:16,977 - INFO - allennlp.training.trainer - GPU 2 memory usage MB: 10483
2018-04-06 00:21:16,977 - INFO - allennlp.training.trainer - GPU 3 memory usage MB: 11700
2018-04-06 00:21:16,979 - INFO - allennlp.training.trainer - Training
2018-04-06 01:25:18,771 - INFO - allennlp.training.trainer - Validating
2018-04-06 01:28:16,717 - INFO - allennlp.training.trainer - Training f1 : 0.702988    Validation f1 : 0.649382 
2018-04-06 01:28:16,718 - INFO - allennlp.training.trainer - Training loss : 2.902323    Validation loss : 3.438044 
2018-04-06 01:28:16,719 - INFO - allennlp.training.trainer - Training span_acc : 0.510592    Validation span_acc : 0.440194 
2018-04-06 01:28:16,719 - INFO - allennlp.training.trainer - Training em : 0.561356    Validation em : 0.487325 
2018-04-06 01:28:16,719 - INFO - allennlp.training.trainer - Training start_acc : 0.607907    Validation start_acc : 0.540313 
2018-04-06 01:28:16,719 - INFO - allennlp.training.trainer - Training end_acc : 0.643765    Validation end_acc : 0.589366 
2018-04-06 01:28:16,719 - INFO - allennlp.training.trainer - Epoch duration: 01:07:00
2018-04-06 01:28:16,720 - INFO - allennlp.training.trainer - Estimated training time remaining: 12:09:11
2018-04-06 01:28:16,720 - INFO - allennlp.models.archival - archiving weights and vocabulary to output/joint_nqa_001_0.1/model.tar.gz
2018-04-06 01:28:22,312 - INFO - allennlp.training.trainer - Epoch 9/19
2018-04-06 01:28:22,313 - INFO - allennlp.training.trainer - Peak CPU memory usage MB: 12602.316
2018-04-06 01:28:22,771 - INFO - allennlp.training.trainer - GPU 0 memory usage MB: 8219
2018-04-06 01:28:22,772 - INFO - allennlp.training.trainer - GPU 1 memory usage MB: 8219
2018-04-06 01:28:22,772 - INFO - allennlp.training.trainer - GPU 2 memory usage MB: 10483
2018-04-06 01:28:22,772 - INFO - allennlp.training.trainer - GPU 3 memory usage MB: 11700
2018-04-06 01:28:22,774 - INFO - allennlp.training.trainer - Training
2018-04-06 02:32:42,654 - INFO - allennlp.training.trainer - Validating
2018-04-06 02:35:37,446 - INFO - allennlp.training.trainer - Best validation performance so far. Copying weights to 'output/joint_nqa_001_0.1/best.th'.
2018-04-06 02:35:37,957 - INFO - allennlp.training.trainer - Training f1 : 0.732462    Validation f1 : 0.659998 
2018-04-06 02:35:37,958 - INFO - allennlp.training.trainer - Training loss : 2.630549    Validation loss : 3.303431 
2018-04-06 02:35:37,958 - INFO - allennlp.training.trainer - Training span_acc : 0.544007    Validation span_acc : 0.455477 
2018-04-06 02:35:37,958 - INFO - allennlp.training.trainer - Training em : 0.594602    Validation em : 0.500046 
2018-04-06 02:35:37,959 - INFO - allennlp.training.trainer - Training start_acc : 0.638509    Validation start_acc : 0.556237 
2018-04-06 02:35:37,959 - INFO - allennlp.training.trainer - Training end_acc : 0.673398    Validation end_acc : 0.603551 
2018-04-06 02:35:37,959 - INFO - allennlp.training.trainer - Epoch duration: 01:07:15
2018-04-06 02:35:37,959 - INFO - allennlp.training.trainer - Estimated training time remaining: 11:03:58
2018-04-06 02:35:37,960 - INFO - allennlp.models.archival - archiving weights and vocabulary to output/joint_nqa_001_0.1/model.tar.gz
2018-04-06 02:35:41,963 - INFO - allennlp.training.trainer - Epoch 10/19
2018-04-06 02:35:41,963 - INFO - allennlp.training.trainer - Peak CPU memory usage MB: 12621.232
2018-04-06 02:35:42,319 - INFO - allennlp.training.trainer - GPU 0 memory usage MB: 8219
2018-04-06 02:35:42,319 - INFO - allennlp.training.trainer - GPU 1 memory usage MB: 8219
2018-04-06 02:35:42,319 - INFO - allennlp.training.trainer - GPU 2 memory usage MB: 10483
2018-04-06 02:35:42,319 - INFO - allennlp.training.trainer - GPU 3 memory usage MB: 11700
2018-04-06 02:35:42,321 - INFO - allennlp.training.trainer - Training
2018-04-06 03:37:37,141 - INFO - allennlp.training.trainer - Validating
2018-04-06 03:40:41,282 - INFO - allennlp.training.trainer - Best validation performance so far. Copying weights to 'output/joint_nqa_001_0.1/best.th'.
2018-04-06 03:40:43,361 - INFO - allennlp.training.trainer - Training f1 : 0.742852    Validation f1 : 0.660827 
2018-04-06 03:40:43,362 - INFO - allennlp.training.trainer - Training loss : 2.552024    Validation loss : 3.337221 
2018-04-06 03:40:43,362 - INFO - allennlp.training.trainer - Training span_acc : 0.554551    Validation span_acc : 0.458772 
2018-04-06 03:40:43,362 - INFO - allennlp.training.trainer - Training em : 0.605273    Validation em : 0.506818 
2018-04-06 03:40:43,363 - INFO - allennlp.training.trainer - Training start_acc : 0.649148    Validation start_acc : 0.554590 
2018-04-06 03:40:43,363 - INFO - allennlp.training.trainer - Training end_acc : 0.685049    Validation end_acc : 0.600988 
2018-04-06 03:40:43,363 - INFO - allennlp.training.trainer - Epoch duration: 01:05:01
2018-04-06 03:40:43,363 - INFO - allennlp.training.trainer - Estimated training time remaining: 09:56:30
2018-04-06 03:40:43,363 - INFO - allennlp.models.archival - archiving weights and vocabulary to output/joint_nqa_001_0.1/model.tar.gz
2018-04-06 03:40:47,118 - INFO - allennlp.training.trainer - Epoch 11/19
2018-04-06 03:40:47,122 - INFO - allennlp.training.trainer - Peak CPU memory usage MB: 12640.484
2018-04-06 03:40:47,672 - INFO - allennlp.training.trainer - GPU 0 memory usage MB: 8219
2018-04-06 03:40:47,673 - INFO - allennlp.training.trainer - GPU 1 memory usage MB: 8219
2018-04-06 03:40:47,673 - INFO - allennlp.training.trainer - GPU 2 memory usage MB: 10483
2018-04-06 03:40:47,673 - INFO - allennlp.training.trainer - GPU 3 memory usage MB: 11700
2018-04-06 03:40:47,675 - INFO - allennlp.training.trainer - Training
2018-04-06 04:42:19,852 - INFO - allennlp.training.trainer - Validating
2018-04-06 04:45:07,766 - INFO - allennlp.training.trainer - Training f1 : 0.746720    Validation f1 : 0.659595 
2018-04-06 04:45:07,767 - INFO - allennlp.training.trainer - Training loss : 2.510637    Validation loss : 3.382346 
2018-04-06 04:45:07,768 - INFO - allennlp.training.trainer - Training span_acc : 0.561156    Validation span_acc : 0.452549 
2018-04-06 04:45:07,769 - INFO - allennlp.training.trainer - Training em : 0.611046    Validation em : 0.499222 
2018-04-06 04:45:07,769 - INFO - allennlp.training.trainer - Training start_acc : 0.656080    Validation start_acc : 0.551844 
2018-04-06 04:45:07,769 - INFO - allennlp.training.trainer - Training end_acc : 0.690031    Validation end_acc : 0.598517 
2018-04-06 04:45:07,769 - INFO - allennlp.training.trainer - Epoch duration: 01:04:20
2018-04-06 04:45:07,769 - INFO - allennlp.training.trainer - Estimated training time remaining: 08:48:58
2018-04-06 04:45:07,781 - INFO - allennlp.models.archival - archiving weights and vocabulary to output/joint_nqa_001_0.1/model.tar.gz
2018-04-06 04:45:11,369 - INFO - allennlp.training.trainer - Epoch 12/19
2018-04-06 04:45:11,370 - INFO - allennlp.training.trainer - Peak CPU memory usage MB: 12658.544
2018-04-06 04:45:11,792 - INFO - allennlp.training.trainer - GPU 0 memory usage MB: 8219
2018-04-06 04:45:11,792 - INFO - allennlp.training.trainer - GPU 1 memory usage MB: 8219
2018-04-06 04:45:11,792 - INFO - allennlp.training.trainer - GPU 2 memory usage MB: 10483
2018-04-06 04:45:11,792 - INFO - allennlp.training.trainer - GPU 3 memory usage MB: 161
2018-04-06 04:45:11,794 - INFO - allennlp.training.trainer - Training
2018-04-06 05:45:16,137 - INFO - allennlp.training.trainer - Validating
2018-04-06 05:48:21,890 - INFO - allennlp.training.trainer - Training f1 : 0.748617    Validation f1 : 0.660120 
2018-04-06 05:48:21,892 - INFO - allennlp.training.trainer - Training loss : 2.505570    Validation loss : 3.395815 
2018-04-06 05:48:21,892 - INFO - allennlp.training.trainer - Training span_acc : 0.563948    Validation span_acc : 0.458314 
2018-04-06 05:48:21,892 - INFO - allennlp.training.trainer - Training em : 0.613722    Validation em : 0.505903 
2018-04-06 05:48:21,893 - INFO - allennlp.training.trainer - Training start_acc : 0.658661    Validation start_acc : 0.554864 
2018-04-06 05:48:21,893 - INFO - allennlp.training.trainer - Training end_acc : 0.690463    Validation end_acc : 0.602727 
2018-04-06 05:48:21,893 - INFO - allennlp.training.trainer - Epoch duration: 01:03:10
2018-04-06 05:48:21,893 - INFO - allennlp.training.trainer - Estimated training time remaining: 07:41:18
2018-04-06 05:48:21,894 - INFO - allennlp.models.archival - archiving weights and vocabulary to output/joint_nqa_001_0.1/model.tar.gz
2018-04-06 05:48:25,907 - INFO - allennlp.training.trainer - Epoch 13/19
2018-04-06 05:48:25,907 - INFO - allennlp.training.trainer - Peak CPU memory usage MB: 12675.904
2018-04-06 05:48:26,346 - INFO - allennlp.training.trainer - GPU 0 memory usage MB: 8219
2018-04-06 05:48:26,347 - INFO - allennlp.training.trainer - GPU 1 memory usage MB: 8219
2018-04-06 05:48:26,347 - INFO - allennlp.training.trainer - GPU 2 memory usage MB: 10483
2018-04-06 05:48:26,347 - INFO - allennlp.training.trainer - GPU 3 memory usage MB: 11444
2018-04-06 05:48:26,348 - INFO - allennlp.training.trainer - Training
2018-04-06 06:48:51,904 - INFO - allennlp.training.trainer - Validating
2018-04-06 06:51:47,184 - INFO - allennlp.training.trainer - Training f1 : 0.751465    Validation f1 : 0.658208 
2018-04-06 06:51:47,185 - INFO - allennlp.training.trainer - Training loss : 2.472214    Validation loss : 3.421533 
2018-04-06 06:51:47,185 - INFO - allennlp.training.trainer - Training span_acc : 0.567224    Validation span_acc : 0.448064 
2018-04-06 06:51:47,185 - INFO - allennlp.training.trainer - Training em : 0.616987    Validation em : 0.496111 
2018-04-06 06:51:47,185 - INFO - allennlp.training.trainer - Training start_acc : 0.661347    Validation start_acc : 0.552942 
2018-04-06 06:51:47,185 - INFO - allennlp.training.trainer - Training end_acc : 0.694224    Validation end_acc : 0.598792 
2018-04-06 06:51:47,186 - INFO - allennlp.training.trainer - Epoch duration: 01:03:21
2018-04-06 06:51:47,186 - INFO - allennlp.training.trainer - Estimated training time remaining: 06:34:20
2018-04-06 06:51:47,187 - INFO - allennlp.models.archival - archiving weights and vocabulary to output/joint_nqa_001_0.1/model.tar.gz
2018-04-06 06:51:50,802 - INFO - allennlp.training.trainer - Epoch 14/19
2018-04-06 06:51:50,802 - INFO - allennlp.training.trainer - Peak CPU memory usage MB: 12698.348
2018-04-06 06:51:51,192 - INFO - allennlp.training.trainer - GPU 0 memory usage MB: 8219
2018-04-06 06:51:51,192 - INFO - allennlp.training.trainer - GPU 1 memory usage MB: 8219
2018-04-06 06:51:51,192 - INFO - allennlp.training.trainer - GPU 2 memory usage MB: 10484
2018-04-06 06:51:51,192 - INFO - allennlp.training.trainer - GPU 3 memory usage MB: 11444
2018-04-06 06:51:51,194 - INFO - allennlp.training.trainer - Training
2018-04-06 07:52:25,331 - INFO - allennlp.training.trainer - Validating
2018-04-06 07:55:23,000 - INFO - allennlp.training.trainer - Best validation performance so far. Copying weights to 'output/joint_nqa_001_0.1/best.th'.
2018-04-06 07:55:25,019 - INFO - allennlp.training.trainer - Training f1 : 0.772326    Validation f1 : 0.668823 
2018-04-06 07:55:25,019 - INFO - allennlp.training.trainer - Training loss : 2.275603    Validation loss : 3.404348 
2018-04-06 07:55:25,023 - INFO - allennlp.training.trainer - Training span_acc : 0.590241    Validation span_acc : 0.463256 
2018-04-06 07:55:25,023 - INFO - allennlp.training.trainer - Training em : 0.640310    Validation em : 0.510570 
2018-04-06 07:55:25,023 - INFO - allennlp.training.trainer - Training start_acc : 0.684048    Validation start_acc : 0.558799 
2018-04-06 07:55:25,023 - INFO - allennlp.training.trainer - Training end_acc : 0.715208    Validation end_acc : 0.610598 
2018-04-06 07:55:25,023 - INFO - allennlp.training.trainer - Epoch duration: 01:03:34
2018-04-06 07:55:25,024 - INFO - allennlp.training.trainer - Estimated training time remaining: 05:27:55
2018-04-06 07:55:25,226 - INFO - allennlp.models.archival - archiving weights and vocabulary to output/joint_nqa_001_0.1/model.tar.gz
2018-04-06 07:55:31,617 - INFO - allennlp.training.trainer - Epoch 15/19
2018-04-06 07:55:31,617 - INFO - allennlp.training.trainer - Peak CPU memory usage MB: 12715.616
2018-04-06 07:55:32,077 - INFO - allennlp.training.trainer - GPU 0 memory usage MB: 8219
2018-04-06 07:55:32,078 - INFO - allennlp.training.trainer - GPU 1 memory usage MB: 8219
2018-04-06 07:55:32,078 - INFO - allennlp.training.trainer - GPU 2 memory usage MB: 10484
2018-04-06 07:55:32,078 - INFO - allennlp.training.trainer - GPU 3 memory usage MB: 11444
2018-04-06 07:55:32,080 - INFO - allennlp.training.trainer - Training
2018-04-06 08:55:42,151 - INFO - allennlp.training.trainer - Validating
2018-04-06 08:58:37,274 - INFO - allennlp.training.trainer - Training f1 : 0.777328    Validation f1 : 0.664469 
2018-04-06 08:58:37,276 - INFO - allennlp.training.trainer - Training loss : 2.235918    Validation loss : 3.421979 
2018-04-06 08:58:37,276 - INFO - allennlp.training.trainer - Training span_acc : 0.595814    Validation span_acc : 0.461151 
2018-04-06 08:58:37,276 - INFO - allennlp.training.trainer - Training em : 0.646178    Validation em : 0.509472 
2018-04-06 08:58:37,277 - INFO - allennlp.training.trainer - Training start_acc : 0.688883    Validation start_acc : 0.557244 
2018-04-06 08:58:37,277 - INFO - allennlp.training.trainer - Training end_acc : 0.721128    Validation end_acc : 0.609682 
2018-04-06 08:58:37,277 - INFO - allennlp.training.trainer - Epoch duration: 01:03:05
2018-04-06 08:58:37,277 - INFO - allennlp.training.trainer - Estimated training time remaining: 04:21:44
2018-04-06 08:58:37,278 - INFO - allennlp.models.archival - archiving weights and vocabulary to output/joint_nqa_001_0.1/model.tar.gz
2018-04-06 08:58:40,881 - INFO - allennlp.training.trainer - Epoch 16/19
2018-04-06 08:58:40,881 - INFO - allennlp.training.trainer - Peak CPU memory usage MB: 12732.904
2018-04-06 08:58:41,308 - INFO - allennlp.training.trainer - GPU 0 memory usage MB: 8219
2018-04-06 08:58:41,309 - INFO - allennlp.training.trainer - GPU 1 memory usage MB: 8219
2018-04-06 08:58:41,309 - INFO - allennlp.training.trainer - GPU 2 memory usage MB: 10484
2018-04-06 08:58:41,309 - INFO - allennlp.training.trainer - GPU 3 memory usage MB: 11444
2018-04-06 08:58:41,310 - INFO - allennlp.training.trainer - Training
2018-04-06 09:58:49,709 - INFO - allennlp.training.trainer - Validating
2018-04-06 10:01:43,585 - INFO - allennlp.training.trainer - Best validation performance so far. Copying weights to 'output/joint_nqa_001_0.1/best.th'.
2018-04-06 10:01:44,112 - INFO - allennlp.training.trainer - Training f1 : 0.778698    Validation f1 : 0.667750 
2018-04-06 10:01:44,113 - INFO - allennlp.training.trainer - Training loss : 2.218014    Validation loss : 3.381510 
2018-04-06 10:01:44,114 - INFO - allennlp.training.trainer - Training span_acc : 0.598310    Validation span_acc : 0.466276 
2018-04-06 10:01:44,114 - INFO - allennlp.training.trainer - Training em : 0.648348    Validation em : 0.513407 
2018-04-06 10:01:44,114 - INFO - allennlp.training.trainer - Training start_acc : 0.691159    Validation start_acc : 0.562918 
2018-04-06 10:01:44,114 - INFO - allennlp.training.trainer - Training end_acc : 0.722930    Validation end_acc : 0.608584 
2018-04-06 10:01:44,114 - INFO - allennlp.training.trainer - Epoch duration: 01:03:03
2018-04-06 10:01:44,114 - INFO - allennlp.training.trainer - Estimated training time remaining: 03:15:53
2018-04-06 10:01:44,115 - INFO - allennlp.models.archival - archiving weights and vocabulary to output/joint_nqa_001_0.1/model.tar.gz
2018-04-06 10:01:47,451 - INFO - allennlp.training.trainer - Epoch 17/19
2018-04-06 10:01:47,452 - INFO - allennlp.training.trainer - Peak CPU memory usage MB: 12752.184
2018-04-06 10:01:47,844 - INFO - allennlp.training.trainer - GPU 0 memory usage MB: 8219
2018-04-06 10:01:47,845 - INFO - allennlp.training.trainer - GPU 1 memory usage MB: 8219
2018-04-06 10:01:47,845 - INFO - allennlp.training.trainer - GPU 2 memory usage MB: 10484
2018-04-06 10:01:47,845 - INFO - allennlp.training.trainer - GPU 3 memory usage MB: 11444
2018-04-06 10:01:47,847 - INFO - allennlp.training.trainer - Training
2018-04-06 11:01:54,119 - INFO - allennlp.training.trainer - Validating
2018-04-06 11:04:47,653 - INFO - allennlp.training.trainer - Best validation performance so far. Copying weights to 'output/joint_nqa_001_0.1/best.th'.
2018-04-06 11:04:48,405 - INFO - allennlp.training.trainer - Training f1 : 0.781008    Validation f1 : 0.666929 
2018-04-06 11:04:48,406 - INFO - allennlp.training.trainer - Training loss : 2.211500    Validation loss : 3.563857 
2018-04-06 11:04:48,407 - INFO - allennlp.training.trainer - Training span_acc : 0.601323    Validation span_acc : 0.467374 
2018-04-06 11:04:48,407 - INFO - allennlp.training.trainer - Training em : 0.650950    Validation em : 0.515237 
2018-04-06 11:04:48,407 - INFO - allennlp.training.trainer - Training start_acc : 0.694034    Validation start_acc : 0.563833 
2018-04-06 11:04:48,407 - INFO - allennlp.training.trainer - Training end_acc : 0.725437    Validation end_acc : 0.611238 
2018-04-06 11:04:48,407 - INFO - allennlp.training.trainer - Epoch duration: 01:03:00
2018-04-06 11:04:48,408 - INFO - allennlp.training.trainer - Estimated training time remaining: 02:10:20
2018-04-06 11:04:48,408 - INFO - allennlp.models.archival - archiving weights and vocabulary to output/joint_nqa_001_0.1/model.tar.gz
2018-04-06 11:04:52,070 - INFO - allennlp.training.trainer - Epoch 18/19
2018-04-06 11:04:52,070 - INFO - allennlp.training.trainer - Peak CPU memory usage MB: 12767.824
2018-04-06 11:04:52,546 - INFO - allennlp.training.trainer - GPU 0 memory usage MB: 8219
2018-04-06 11:04:52,546 - INFO - allennlp.training.trainer - GPU 1 memory usage MB: 8219
2018-04-06 11:04:52,546 - INFO - allennlp.training.trainer - GPU 2 memory usage MB: 10484
2018-04-06 11:04:52,546 - INFO - allennlp.training.trainer - GPU 3 memory usage MB: 11444
2018-04-06 11:04:52,548 - INFO - allennlp.training.trainer - Training
2018-04-06 12:05:19,004 - INFO - allennlp.training.trainer - Validating
2018-04-06 12:08:13,655 - INFO - allennlp.training.trainer - Training f1 : 0.787353    Validation f1 : 0.661364 
2018-04-06 12:08:13,656 - INFO - allennlp.training.trainer - Training loss : 2.161341    Validation loss : 3.462921 
2018-04-06 12:08:13,656 - INFO - allennlp.training.trainer - Training span_acc : 0.608244    Validation span_acc : 0.457948 
2018-04-06 12:08:13,656 - INFO - allennlp.training.trainer - Training em : 0.658703    Validation em : 0.504347 
2018-04-06 12:08:13,657 - INFO - allennlp.training.trainer - Training start_acc : 0.698469    Validation start_acc : 0.560172 
2018-04-06 12:08:13,657 - INFO - allennlp.training.trainer - Training end_acc : 0.732379    Validation end_acc : 0.602178 
2018-04-06 12:08:13,657 - INFO - allennlp.training.trainer - Epoch duration: 01:03:21
2018-04-06 12:08:13,657 - INFO - allennlp.training.trainer - Estimated training time remaining: 01:05:04
2018-04-06 12:08:13,658 - INFO - allennlp.models.archival - archiving weights and vocabulary to output/joint_nqa_001_0.1/model.tar.gz
2018-04-06 12:08:17,741 - INFO - allennlp.training.trainer - Epoch 19/19
2018-04-06 12:08:17,741 - INFO - allennlp.training.trainer - Peak CPU memory usage MB: 12786.02
2018-04-06 12:08:18,242 - INFO - allennlp.training.trainer - GPU 0 memory usage MB: 8219
2018-04-06 12:08:18,242 - INFO - allennlp.training.trainer - GPU 1 memory usage MB: 8219
2018-04-06 12:08:18,242 - INFO - allennlp.training.trainer - GPU 2 memory usage MB: 5736
2018-04-06 12:08:18,242 - INFO - allennlp.training.trainer - GPU 3 memory usage MB: 11444
2018-04-06 12:08:18,245 - INFO - allennlp.training.trainer - Training
2018-04-06 13:08:43,111 - INFO - allennlp.training.trainer - Validating
2018-04-06 13:11:38,689 - INFO - allennlp.training.trainer - Training f1 : 0.785944    Validation f1 : 0.666872 
2018-04-06 13:11:38,691 - INFO - allennlp.training.trainer - Training loss : 2.149087    Validation loss : 3.447407 
2018-04-06 13:11:38,691 - INFO - allennlp.training.trainer - Training span_acc : 0.607939    Validation span_acc : 0.460877 
2018-04-06 13:11:38,691 - INFO - allennlp.training.trainer - Training em : 0.657439    Validation em : 0.508374 
2018-04-06 13:11:38,692 - INFO - allennlp.training.trainer - Training start_acc : 0.700934    Validation start_acc : 0.558708 
2018-04-06 13:11:38,692 - INFO - allennlp.training.trainer - Training end_acc : 0.730904    Validation end_acc : 0.609865 
2018-04-06 13:11:38,692 - INFO - allennlp.training.trainer - Epoch duration: 01:03:20
2018-04-06 13:11:38,693 - INFO - allennlp.models.archival - archiving weights and vocabulary to output/joint_nqa_001_0.1/model.tar.gz
2018-04-06 13:11:44,461 - INFO - allennlp.models.archival - archiving weights and vocabulary to output/joint_nqa_001_0.1/model.tar.gz
2018-04-06 13:11:49,285 - INFO - allennlp.commands.train - Metrics: {
  "training_duration": "21:40:04",
  "training_start_epoch": 0,
  "training_epochs": 20,
  "training_start_acc": 0.7009343825385288,
  "training_end_acc": 0.7309041494169326,
  "training_span_acc": 0.6079385646114465,
  "training_em": 0.6574387173571827,
  "training_f1": 0.7859438623651761,
  "training_loss": 2.1490867137908936,
  "validation_start_acc": 0.5587077880479546,
  "validation_end_acc": 0.6098654708520179,
  "validation_span_acc": 0.46087672737256336,
  "validation_em": 0.5083737530886794,
  "validation_f1": 0.6668721589687673,
  "validation_loss": 3.4474072456359863,
  "best_validation_em": 0.5152374851285806,
  "best_epoch": 17
}
