2018-04-02 18:27:36,581 - INFO - allennlp.common.params - dataset_reader.type = squad
2018-04-02 18:27:36,581 - INFO - allennlp.common.params - dataset_reader.tokenizer.type = word
2018-04-02 18:27:36,581 - INFO - allennlp.common.params - dataset_reader.tokenizer.word_splitter.type = spacy
2018-04-02 18:27:36,582 - INFO - allennlp.common.params - dataset_reader.tokenizer.word_splitter.language = en_core_web_sm
2018-04-02 18:27:36,582 - INFO - allennlp.common.params - dataset_reader.tokenizer.word_splitter.pos_tags = False
2018-04-02 18:27:36,582 - INFO - allennlp.common.params - dataset_reader.tokenizer.word_splitter.parse = False
2018-04-02 18:27:36,582 - INFO - allennlp.common.params - dataset_reader.tokenizer.word_splitter.ner = False
2018-04-02 18:27:37,328 - INFO - allennlp.common.params - dataset_reader.tokenizer.word_filter.type = pass_through
2018-04-02 18:27:37,329 - INFO - allennlp.common.params - dataset_reader.tokenizer.word_stemmer.type = pass_through
2018-04-02 18:27:37,329 - INFO - allennlp.common.params - dataset_reader.tokenizer.start_tokens = None
2018-04-02 18:27:37,329 - INFO - allennlp.common.params - dataset_reader.tokenizer.end_tokens = None
2018-04-02 18:27:37,329 - INFO - allennlp.common.params - dataset_reader.token_indexers.tokens.type = single_id
2018-04-02 18:27:37,329 - INFO - allennlp.common.params - dataset_reader.token_indexers.tokens.namespace = tokens
2018-04-02 18:27:37,329 - INFO - allennlp.common.params - dataset_reader.token_indexers.tokens.lowercase_tokens = True
2018-04-02 18:27:37,329 - INFO - allennlp.common.params - dataset_reader.token_indexers.token_characters.type = characters
2018-04-02 18:27:37,330 - INFO - allennlp.common.params - dataset_reader.token_indexers.token_characters.namespace = token_characters
2018-04-02 18:27:37,330 - INFO - allennlp.common.params - dataset_reader.token_indexers.token_characters.character_tokenizer.byte_encoding = utf-8
2018-04-02 18:27:37,330 - INFO - allennlp.common.params - dataset_reader.token_indexers.token_characters.character_tokenizer.lowercase_characters = False
2018-04-02 18:27:37,330 - INFO - allennlp.common.params - dataset_reader.token_indexers.token_characters.character_tokenizer.start_tokens = [259]
2018-04-02 18:27:37,330 - INFO - allennlp.common.params - dataset_reader.token_indexers.token_characters.character_tokenizer.end_tokens = [260]
2018-04-02 18:27:37,330 - INFO - allennlp.common.params - dataset_reader.lazy = False
2018-04-02 18:27:37,330 - INFO - allennlp.common.params - validation_dataset_reader = None
2018-04-02 18:27:37,330 - INFO - allennlp.common.params - train_data_path = data/NewsQA/train-v1.1.json
2018-04-02 18:27:37,330 - INFO - allennlp.commands.train - Reading training data from data/NewsQA/train-v1.1.json
2018-04-02 18:27:37,333 - INFO - allennlp.data.dataset_readers.reading_comprehension.squad - Reading file at data/NewsQA/train-v1.1.json
2018-04-02 18:27:38,562 - INFO - allennlp.data.dataset_readers.reading_comprehension.squad - Reading the dataset
Index Error
---


NUMBER OF INSTANCES: 


---- 87375
2018-04-02 18:31:41,727 - INFO - allennlp.common.params - validation_data_path = data/NewsQA/dev-v1.1.json
2018-04-02 18:31:41,728 - INFO - allennlp.commands.train - Reading validation data from data/NewsQA/dev-v1.1.json
2018-04-02 18:31:41,729 - INFO - allennlp.data.dataset_readers.reading_comprehension.squad - Reading file at data/NewsQA/dev-v1.1.json
2018-04-02 18:31:41,795 - INFO - allennlp.data.dataset_readers.reading_comprehension.squad - Reading the dataset
---


NUMBER OF INSTANCES: 


---- 4943
2018-04-02 18:31:53,706 - INFO - allennlp.common.params - test_data_path = None
2018-04-02 18:31:53,706 - INFO - allennlp.commands.train - Creating a vocabulary using train, validation data.
2018-04-02 18:31:53,707 - INFO - allennlp.common.params - vocabulary.directory_path = None
2018-04-02 18:31:53,707 - INFO - allennlp.common.params - vocabulary.min_count = None
2018-04-02 18:31:53,707 - INFO - allennlp.common.params - vocabulary.max_vocab_size = None
2018-04-02 18:31:53,707 - INFO - allennlp.common.params - vocabulary.non_padded_namespaces = ('*tags', '*labels')
2018-04-02 18:31:53,707 - INFO - allennlp.common.params - vocabulary.only_include_pretrained_words = False
2018-04-02 18:31:53,707 - INFO - allennlp.data.vocabulary - Fitting token dictionary from dataset.
2018-04-02 18:43:07,118 - INFO - allennlp.common.params - model.type = bidaf
2018-04-02 18:43:07,118 - INFO - allennlp.common.params - model.text_field_embedder.type = basic
2018-04-02 18:43:07,119 - INFO - allennlp.common.params - model.text_field_embedder.tokens.type = embedding
2018-04-02 18:43:07,119 - INFO - allennlp.common.params - model.text_field_embedder.tokens.num_embeddings = None
2018-04-02 18:43:07,119 - INFO - allennlp.common.params - model.text_field_embedder.tokens.vocab_namespace = tokens
2018-04-02 18:43:07,119 - INFO - allennlp.common.params - model.text_field_embedder.tokens.embedding_dim = 100
2018-04-02 18:43:07,119 - INFO - allennlp.common.params - model.text_field_embedder.tokens.pretrained_file = https://s3-us-west-2.amazonaws.com/allennlp/datasets/glove/glove.6B.100d.txt.gz
2018-04-02 18:43:07,119 - INFO - allennlp.common.params - model.text_field_embedder.tokens.projection_dim = None
2018-04-02 18:43:07,119 - INFO - allennlp.common.params - model.text_field_embedder.tokens.trainable = False
2018-04-02 18:43:07,119 - INFO - allennlp.common.params - model.text_field_embedder.tokens.padding_index = None
2018-04-02 18:43:07,119 - INFO - allennlp.common.params - model.text_field_embedder.tokens.max_norm = None
2018-04-02 18:43:07,119 - INFO - allennlp.common.params - model.text_field_embedder.tokens.norm_type = 2.0
2018-04-02 18:43:07,119 - INFO - allennlp.common.params - model.text_field_embedder.tokens.scale_grad_by_freq = False
2018-04-02 18:43:07,119 - INFO - allennlp.common.params - model.text_field_embedder.tokens.sparse = False
2018-04-02 18:43:07,126 - INFO - allennlp.modules.token_embedders.embedding - Reading embeddings from file
2018-04-02 18:43:14,876 - INFO - allennlp.modules.token_embedders.embedding - Initializing pre-trained embedding layer
2018-04-02 18:43:15,785 - INFO - allennlp.common.params - model.text_field_embedder.token_characters.type = character_encoding
2018-04-02 18:43:15,786 - INFO - allennlp.common.params - model.text_field_embedder.token_characters.embedding.num_embeddings = 262
2018-04-02 18:43:15,786 - INFO - allennlp.common.params - model.text_field_embedder.token_characters.embedding.vocab_namespace = token_characters
2018-04-02 18:43:15,786 - INFO - allennlp.common.params - model.text_field_embedder.token_characters.embedding.embedding_dim = 16
2018-04-02 18:43:15,786 - INFO - allennlp.common.params - model.text_field_embedder.token_characters.embedding.pretrained_file = None
2018-04-02 18:43:15,786 - INFO - allennlp.common.params - model.text_field_embedder.token_characters.embedding.projection_dim = None
2018-04-02 18:43:15,786 - INFO - allennlp.common.params - model.text_field_embedder.token_characters.embedding.trainable = True
2018-04-02 18:43:15,786 - INFO - allennlp.common.params - model.text_field_embedder.token_characters.embedding.padding_index = None
2018-04-02 18:43:15,786 - INFO - allennlp.common.params - model.text_field_embedder.token_characters.embedding.max_norm = None
2018-04-02 18:43:15,786 - INFO - allennlp.common.params - model.text_field_embedder.token_characters.embedding.norm_type = 2.0
2018-04-02 18:43:15,786 - INFO - allennlp.common.params - model.text_field_embedder.token_characters.embedding.scale_grad_by_freq = False
2018-04-02 18:43:15,786 - INFO - allennlp.common.params - model.text_field_embedder.token_characters.embedding.sparse = False
2018-04-02 18:43:15,787 - INFO - allennlp.common.params - model.text_field_embedder.token_characters.encoder.type = cnn
2018-04-02 18:43:15,787 - INFO - allennlp.common.params - model.text_field_embedder.token_characters.encoder.embedding_dim = 16
2018-04-02 18:43:15,787 - INFO - allennlp.common.params - model.text_field_embedder.token_characters.encoder.output_dim = None
2018-04-02 18:43:15,787 - INFO - allennlp.common.params - model.text_field_embedder.token_characters.encoder.num_filters = 100
2018-04-02 18:43:15,787 - INFO - allennlp.common.params - model.text_field_embedder.token_characters.encoder.conv_layer_activation = relu
2018-04-02 18:43:15,787 - INFO - allennlp.common.params - model.text_field_embedder.token_characters.encoder.ngram_filter_sizes = [5]
2018-04-02 18:43:15,789 - INFO - allennlp.common.params - model.text_field_embedder.token_characters.dropout = 0.2
2018-04-02 18:43:15,789 - INFO - allennlp.common.params - model.num_highway_layers = 2
2018-04-02 18:43:15,789 - INFO - allennlp.common.params - model.phrase_layer.type = lstm
2018-04-02 18:43:15,789 - INFO - allennlp.common.params - model.phrase_layer.batch_first = True
2018-04-02 18:43:15,790 - INFO - allennlp.common.params - Converting Params object to dict; logging of default values will not occur when dictionary parameters are used subsequently.
2018-04-02 18:43:15,790 - INFO - allennlp.common.params - CURRENTLY DEFINED PARAMETERS: 
2018-04-02 18:43:15,790 - INFO - allennlp.common.params - model.phrase_layer.bidirectional = True
2018-04-02 18:43:15,790 - INFO - allennlp.common.params - model.phrase_layer.input_size = 200
2018-04-02 18:43:15,790 - INFO - allennlp.common.params - model.phrase_layer.hidden_size = 100
2018-04-02 18:43:15,790 - INFO - allennlp.common.params - model.phrase_layer.num_layers = 1
2018-04-02 18:43:15,790 - INFO - allennlp.common.params - model.phrase_layer.dropout = 0.2
2018-04-02 18:43:15,790 - INFO - allennlp.common.params - model.phrase_layer.batch_first = True
2018-04-02 18:43:15,792 - INFO - allennlp.common.params - model.similarity_function.type = linear
2018-04-02 18:43:15,792 - INFO - allennlp.common.params - model.similarity_function.tensor_1_dim = 200
2018-04-02 18:43:15,792 - INFO - allennlp.common.params - model.similarity_function.tensor_2_dim = 200
2018-04-02 18:43:15,792 - INFO - allennlp.common.params - model.similarity_function.combination = x,y,x*y
2018-04-02 18:43:15,792 - INFO - allennlp.common.params - model.similarity_function.activation = linear
2018-04-02 18:43:15,792 - INFO - allennlp.common.params - model.modeling_layer.type = lstm
2018-04-02 18:43:15,792 - INFO - allennlp.common.params - model.modeling_layer.batch_first = True
2018-04-02 18:43:15,793 - INFO - allennlp.common.params - Converting Params object to dict; logging of default values will not occur when dictionary parameters are used subsequently.
2018-04-02 18:43:15,793 - INFO - allennlp.common.params - CURRENTLY DEFINED PARAMETERS: 
2018-04-02 18:43:15,793 - INFO - allennlp.common.params - model.modeling_layer.bidirectional = True
2018-04-02 18:43:15,793 - INFO - allennlp.common.params - model.modeling_layer.input_size = 800
2018-04-02 18:43:15,793 - INFO - allennlp.common.params - model.modeling_layer.hidden_size = 100
2018-04-02 18:43:15,793 - INFO - allennlp.common.params - model.modeling_layer.num_layers = 2
2018-04-02 18:43:15,793 - INFO - allennlp.common.params - model.modeling_layer.dropout = 0.2
2018-04-02 18:43:15,793 - INFO - allennlp.common.params - model.modeling_layer.batch_first = True
2018-04-02 18:43:15,800 - INFO - allennlp.common.params - model.span_end_encoder.type = lstm
2018-04-02 18:43:15,800 - INFO - allennlp.common.params - model.span_end_encoder.batch_first = True
2018-04-02 18:43:15,800 - INFO - allennlp.common.params - Converting Params object to dict; logging of default values will not occur when dictionary parameters are used subsequently.
2018-04-02 18:43:15,800 - INFO - allennlp.common.params - CURRENTLY DEFINED PARAMETERS: 
2018-04-02 18:43:15,800 - INFO - allennlp.common.params - model.span_end_encoder.bidirectional = True
2018-04-02 18:43:15,800 - INFO - allennlp.common.params - model.span_end_encoder.input_size = 1400
2018-04-02 18:43:15,800 - INFO - allennlp.common.params - model.span_end_encoder.hidden_size = 100
2018-04-02 18:43:15,800 - INFO - allennlp.common.params - model.span_end_encoder.num_layers = 1
2018-04-02 18:43:15,800 - INFO - allennlp.common.params - model.span_end_encoder.dropout = 0.2
2018-04-02 18:43:15,800 - INFO - allennlp.common.params - model.span_end_encoder.batch_first = True
2018-04-02 18:43:15,808 - INFO - allennlp.common.params - model.dropout = 0.2
2018-04-02 18:43:15,808 - INFO - allennlp.common.params - model.initializer = []
2018-04-02 18:43:15,808 - INFO - allennlp.common.params - model.regularizer = []
2018-04-02 18:43:15,808 - INFO - allennlp.common.params - model.mask_lstms = True
2018-04-02 18:43:15,810 - INFO - allennlp.nn.initializers - Initializing parameters
2018-04-02 18:43:15,810 - INFO - allennlp.nn.initializers - Done initializing parameters; the following parameters are using their default initialization from their code
2018-04-02 18:43:15,810 - INFO - allennlp.nn.initializers -    _highway_layer._module._layers.0.bias
2018-04-02 18:43:15,811 - INFO - allennlp.nn.initializers -    _highway_layer._module._layers.0.weight
2018-04-02 18:43:15,811 - INFO - allennlp.nn.initializers -    _highway_layer._module._layers.1.bias
2018-04-02 18:43:15,811 - INFO - allennlp.nn.initializers -    _highway_layer._module._layers.1.weight
2018-04-02 18:43:15,811 - INFO - allennlp.nn.initializers -    _matrix_attention._similarity_function._bias
2018-04-02 18:43:15,811 - INFO - allennlp.nn.initializers -    _matrix_attention._similarity_function._weight_vector
2018-04-02 18:43:15,811 - INFO - allennlp.nn.initializers -    _modeling_layer._module.bias_hh_l0
2018-04-02 18:43:15,811 - INFO - allennlp.nn.initializers -    _modeling_layer._module.bias_hh_l0_reverse
2018-04-02 18:43:15,811 - INFO - allennlp.nn.initializers -    _modeling_layer._module.bias_hh_l1
2018-04-02 18:43:15,811 - INFO - allennlp.nn.initializers -    _modeling_layer._module.bias_hh_l1_reverse
2018-04-02 18:43:15,811 - INFO - allennlp.nn.initializers -    _modeling_layer._module.bias_ih_l0
2018-04-02 18:43:15,811 - INFO - allennlp.nn.initializers -    _modeling_layer._module.bias_ih_l0_reverse
2018-04-02 18:43:15,811 - INFO - allennlp.nn.initializers -    _modeling_layer._module.bias_ih_l1
2018-04-02 18:43:15,811 - INFO - allennlp.nn.initializers -    _modeling_layer._module.bias_ih_l1_reverse
2018-04-02 18:43:15,811 - INFO - allennlp.nn.initializers -    _modeling_layer._module.weight_hh_l0
2018-04-02 18:43:15,811 - INFO - allennlp.nn.initializers -    _modeling_layer._module.weight_hh_l0_reverse
2018-04-02 18:43:15,811 - INFO - allennlp.nn.initializers -    _modeling_layer._module.weight_hh_l1
2018-04-02 18:43:15,811 - INFO - allennlp.nn.initializers -    _modeling_layer._module.weight_hh_l1_reverse
2018-04-02 18:43:15,811 - INFO - allennlp.nn.initializers -    _modeling_layer._module.weight_ih_l0
2018-04-02 18:43:15,811 - INFO - allennlp.nn.initializers -    _modeling_layer._module.weight_ih_l0_reverse
2018-04-02 18:43:15,811 - INFO - allennlp.nn.initializers -    _modeling_layer._module.weight_ih_l1
2018-04-02 18:43:15,812 - INFO - allennlp.nn.initializers -    _modeling_layer._module.weight_ih_l1_reverse
2018-04-02 18:43:15,812 - INFO - allennlp.nn.initializers -    _phrase_layer._module.bias_hh_l0
2018-04-02 18:43:15,812 - INFO - allennlp.nn.initializers -    _phrase_layer._module.bias_hh_l0_reverse
2018-04-02 18:43:15,812 - INFO - allennlp.nn.initializers -    _phrase_layer._module.bias_ih_l0
2018-04-02 18:43:15,812 - INFO - allennlp.nn.initializers -    _phrase_layer._module.bias_ih_l0_reverse
2018-04-02 18:43:15,812 - INFO - allennlp.nn.initializers -    _phrase_layer._module.weight_hh_l0
2018-04-02 18:43:15,812 - INFO - allennlp.nn.initializers -    _phrase_layer._module.weight_hh_l0_reverse
2018-04-02 18:43:15,812 - INFO - allennlp.nn.initializers -    _phrase_layer._module.weight_ih_l0
2018-04-02 18:43:15,812 - INFO - allennlp.nn.initializers -    _phrase_layer._module.weight_ih_l0_reverse
2018-04-02 18:43:15,812 - INFO - allennlp.nn.initializers -    _span_end_encoder._module.bias_hh_l0
2018-04-02 18:43:15,812 - INFO - allennlp.nn.initializers -    _span_end_encoder._module.bias_hh_l0_reverse
2018-04-02 18:43:15,812 - INFO - allennlp.nn.initializers -    _span_end_encoder._module.bias_ih_l0
2018-04-02 18:43:15,812 - INFO - allennlp.nn.initializers -    _span_end_encoder._module.bias_ih_l0_reverse
2018-04-02 18:43:15,812 - INFO - allennlp.nn.initializers -    _span_end_encoder._module.weight_hh_l0
2018-04-02 18:43:15,812 - INFO - allennlp.nn.initializers -    _span_end_encoder._module.weight_hh_l0_reverse
2018-04-02 18:43:15,812 - INFO - allennlp.nn.initializers -    _span_end_encoder._module.weight_ih_l0
2018-04-02 18:43:15,812 - INFO - allennlp.nn.initializers -    _span_end_encoder._module.weight_ih_l0_reverse
2018-04-02 18:43:15,812 - INFO - allennlp.nn.initializers -    _span_end_predictor._module.bias
2018-04-02 18:43:15,812 - INFO - allennlp.nn.initializers -    _span_end_predictor._module.weight
2018-04-02 18:43:15,812 - INFO - allennlp.nn.initializers -    _span_start_predictor._module.bias
2018-04-02 18:43:15,813 - INFO - allennlp.nn.initializers -    _span_start_predictor._module.weight
2018-04-02 18:43:15,813 - INFO - allennlp.nn.initializers -    _text_field_embedder.token_embedder_token_characters._embedding._module.weight
2018-04-02 18:43:15,813 - INFO - allennlp.nn.initializers -    _text_field_embedder.token_embedder_token_characters._encoder._module.conv_layer_0.bias
2018-04-02 18:43:15,813 - INFO - allennlp.nn.initializers -    _text_field_embedder.token_embedder_token_characters._encoder._module.conv_layer_0.weight
2018-04-02 18:43:15,813 - INFO - allennlp.nn.initializers -    _text_field_embedder.token_embedder_tokens.weight
2018-04-02 18:43:15,813 - INFO - allennlp.common.params - iterator.type = bucket
2018-04-02 18:43:15,813 - INFO - allennlp.common.params - iterator.sorting_keys = [['passage', 'num_tokens'], ['question', 'num_tokens']]
2018-04-02 18:43:15,813 - INFO - allennlp.common.params - iterator.padding_noise = 0.1
2018-04-02 18:43:15,813 - INFO - allennlp.common.params - iterator.biggest_batch_first = False
2018-04-02 18:43:15,813 - INFO - allennlp.common.params - iterator.batch_size = 5
2018-04-02 18:43:15,813 - INFO - allennlp.common.params - iterator.instances_per_epoch = None
2018-04-02 18:43:15,813 - INFO - allennlp.common.params - iterator.max_instances_in_memory = None
2018-04-02 18:43:15,813 - INFO - allennlp.common.params - trainer.patience = 10
2018-04-02 18:43:15,814 - INFO - allennlp.common.params - trainer.validation_metric = +em
2018-04-02 18:43:15,814 - INFO - allennlp.common.params - trainer.num_epochs = 20
2018-04-02 18:43:15,814 - INFO - allennlp.common.params - trainer.cuda_device = 0
2018-04-02 18:43:15,814 - INFO - allennlp.common.params - trainer.grad_norm = 5.0
2018-04-02 18:43:15,814 - INFO - allennlp.common.params - trainer.grad_clipping = None
2018-04-02 18:43:23,577 - INFO - allennlp.common.params - trainer.optimizer.type = adam
2018-04-02 18:43:23,577 - INFO - allennlp.common.params - trainer.optimizer.parameter_groups = None
2018-04-02 18:43:23,577 - INFO - allennlp.common.params - Converting Params object to dict; logging of default values will not occur when dictionary parameters are used subsequently.
2018-04-02 18:43:23,577 - INFO - allennlp.common.params - CURRENTLY DEFINED PARAMETERS: 
2018-04-02 18:43:23,577 - INFO - allennlp.common.params - trainer.optimizer.betas = [0.9, 0.9]
2018-04-02 18:43:23,577 - INFO - allennlp.common.params - trainer.learning_rate_scheduler.type = reduce_on_plateau
2018-04-02 18:43:23,577 - INFO - allennlp.common.params - Converting Params object to dict; logging of default values will not occur when dictionary parameters are used subsequently.
2018-04-02 18:43:23,577 - INFO - allennlp.common.params - CURRENTLY DEFINED PARAMETERS: 
2018-04-02 18:43:23,577 - INFO - allennlp.common.params - trainer.learning_rate_scheduler.factor = 0.5
2018-04-02 18:43:23,578 - INFO - allennlp.common.params - trainer.learning_rate_scheduler.mode = max
2018-04-02 18:43:23,578 - INFO - allennlp.common.params - trainer.learning_rate_scheduler.patience = 2
2018-04-02 18:43:23,578 - INFO - allennlp.common.params - trainer.num_serialized_models_to_keep = None
2018-04-02 18:43:23,578 - INFO - allennlp.common.params - trainer.keep_serialized_model_every_num_seconds = None
2018-04-02 18:43:23,578 - INFO - allennlp.common.params - trainer.model_save_interval = None
2018-04-02 18:43:23,578 - INFO - allennlp.common.params - trainer.summary_interval = 100
2018-04-02 18:43:23,578 - INFO - allennlp.common.params - trainer.histogram_interval = None
2018-04-02 18:43:23,593 - INFO - allennlp.common.params - evaluate_on_test = False
2018-04-02 18:43:23,593 - INFO - allennlp.training.trainer - Beginning training.
2018-04-02 18:43:23,593 - INFO - allennlp.training.trainer - Epoch 0/19
2018-04-02 18:43:23,593 - INFO - allennlp.training.trainer - Peak CPU memory usage MB: 17199.028
2018-04-02 18:43:23,950 - INFO - allennlp.training.trainer - GPU 0 memory usage MB: 448
2018-04-02 18:43:23,950 - INFO - allennlp.training.trainer - GPU 1 memory usage MB: 1
2018-04-02 18:43:23,950 - INFO - allennlp.training.trainer - GPU 2 memory usage MB: 1
2018-04-02 18:43:23,951 - INFO - allennlp.training.trainer - GPU 3 memory usage MB: 1
2018-04-02 18:43:23,952 - INFO - allennlp.training.trainer - Training
2018-04-02 22:51:57,246 - INFO - allennlp.training.trainer - Validating
2018-04-02 22:57:48,741 - INFO - allennlp.training.trainer - Best validation performance so far. Copying weights to 'output/newsqa_batchsize_5/best.th'.
2018-04-02 22:57:50,115 - INFO - allennlp.training.trainer - Training em : 0.162575    Validation em : 0.274732 
2018-04-02 22:57:50,116 - INFO - allennlp.training.trainer - Training span_acc : 0.143039    Validation span_acc : 0.244993 
2018-04-02 22:57:50,118 - INFO - allennlp.training.trainer - Training start_acc : 0.208607    Validation start_acc : 0.322072 
2018-04-02 22:57:50,119 - INFO - allennlp.training.trainer - Training f1 : 0.286381    Validation f1 : 0.426344 
2018-04-02 22:57:50,119 - INFO - allennlp.training.trainer - Training loss : 7.485718    Validation loss : 5.793692 
2018-04-02 22:57:50,119 - INFO - allennlp.training.trainer - Training end_acc : 0.238741    Validation end_acc : 0.370423 
2018-04-02 22:57:50,119 - INFO - allennlp.training.trainer - Epoch duration: 04:14:26
2018-04-02 22:57:50,120 - INFO - allennlp.training.trainer - Estimated training time remaining: 08:34:24
2018-04-02 22:57:50,120 - INFO - allennlp.training.trainer - Epoch 1/19
2018-04-02 22:57:50,120 - INFO - allennlp.training.trainer - Peak CPU memory usage MB: 27266.108
2018-04-02 22:57:50,899 - INFO - allennlp.training.trainer - GPU 0 memory usage MB: 12530
2018-04-02 22:57:50,899 - INFO - allennlp.training.trainer - GPU 1 memory usage MB: 1
2018-04-02 22:57:50,899 - INFO - allennlp.training.trainer - GPU 2 memory usage MB: 1
2018-04-02 22:57:50,899 - INFO - allennlp.training.trainer - GPU 3 memory usage MB: 1
2018-04-02 22:57:50,901 - INFO - allennlp.training.trainer - Training
2018-04-03 03:01:34,371 - INFO - allennlp.training.trainer - Validating
2018-04-03 03:06:29,917 - INFO - allennlp.training.trainer - Training em : 0.220807    Validation em : 0.261582 
2018-04-03 03:06:29,919 - INFO - allennlp.training.trainer - Training span_acc : 0.195468    Validation span_acc : 0.236698 
2018-04-03 03:06:29,919 - INFO - allennlp.training.trainer - Training start_acc : 0.279210    Validation start_acc : 0.314586 
2018-04-03 03:06:29,919 - INFO - allennlp.training.trainer - Training f1 : 0.365545    Validation f1 : 0.414520 
2018-04-03 03:06:29,919 - INFO - allennlp.training.trainer - Training loss : 6.620538    Validation loss : 6.087761 
2018-04-03 03:06:29,920 - INFO - allennlp.training.trainer - Training end_acc : 0.308303    Validation end_acc : 0.361926 
2018-04-03 03:06:29,920 - INFO - allennlp.training.trainer - Epoch duration: 04:08:39
2018-04-03 03:06:29,921 - INFO - allennlp.training.trainer - Estimated training time remaining: 03:27:56
2018-04-03 03:06:29,921 - INFO - allennlp.training.trainer - Epoch 2/19
2018-04-03 03:06:29,921 - INFO - allennlp.training.trainer - Peak CPU memory usage MB: 27315.232
2018-04-03 03:06:30,757 - INFO - allennlp.training.trainer - GPU 0 memory usage MB: 15028
2018-04-03 03:06:30,758 - INFO - allennlp.training.trainer - GPU 1 memory usage MB: 1
2018-04-03 03:06:30,758 - INFO - allennlp.training.trainer - GPU 2 memory usage MB: 1
2018-04-03 03:06:30,758 - INFO - allennlp.training.trainer - GPU 3 memory usage MB: 1
2018-04-03 03:06:30,761 - INFO - allennlp.training.trainer - Training
2018-04-03 07:09:15,327 - INFO - allennlp.training.trainer - Validating
2018-04-03 07:14:11,221 - INFO - allennlp.training.trainer - Training em : 0.182283    Validation em : 0.229618 
2018-04-03 07:14:11,224 - INFO - allennlp.training.trainer - Training span_acc : 0.161591    Validation span_acc : 0.202711 
2018-04-03 07:14:11,224 - INFO - allennlp.training.trainer - Training start_acc : 0.245368    Validation start_acc : 0.288489 
2018-04-03 07:14:11,224 - INFO - allennlp.training.trainer - Training f1 : 0.323602    Validation f1 : 0.380156 
2018-04-03 07:14:11,225 - INFO - allennlp.training.trainer - Training loss : 7.298323    Validation loss : 6.611003 
2018-04-03 07:14:11,225 - INFO - allennlp.training.trainer - Training end_acc : 0.266804    Validation end_acc : 0.323892 
2018-04-03 07:14:11,225 - INFO - allennlp.training.trainer - Epoch duration: 04:07:41
2018-04-03 07:14:11,226 - INFO - allennlp.training.trainer - Estimated training time remaining: 22:54:29
2018-04-03 07:14:11,226 - INFO - allennlp.training.trainer - Epoch 3/19
2018-04-03 07:14:11,226 - INFO - allennlp.training.trainer - Peak CPU memory usage MB: 27349.648
2018-04-03 07:14:12,159 - INFO - allennlp.training.trainer - GPU 0 memory usage MB: 15030
2018-04-03 07:14:12,160 - INFO - allennlp.training.trainer - GPU 1 memory usage MB: 1
2018-04-03 07:14:12,160 - INFO - allennlp.training.trainer - GPU 2 memory usage MB: 1
2018-04-03 07:14:12,160 - INFO - allennlp.training.trainer - GPU 3 memory usage MB: 1
2018-04-03 07:14:12,161 - INFO - allennlp.training.trainer - Training
2018-04-03 11:10:36,983 - INFO - allennlp.training.trainer - Validating
2018-04-03 11:15:29,653 - INFO - allennlp.training.trainer - Training em : 0.148784    Validation em : 0.169128 
2018-04-03 11:15:29,656 - INFO - allennlp.training.trainer - Training span_acc : 0.129465    Validation span_acc : 0.146672 
2018-04-03 11:15:29,656 - INFO - allennlp.training.trainer - Training start_acc : 0.207645    Validation start_acc : 0.216468 
2018-04-03 11:15:29,657 - INFO - allennlp.training.trainer - Training f1 : 0.282673    Validation f1 : 0.296059 
2018-04-03 11:15:29,657 - INFO - allennlp.training.trainer - Training loss : 8.131351    Validation loss : 7.992124 
2018-04-03 11:15:29,657 - INFO - allennlp.training.trainer - Training end_acc : 0.229059    Validation end_acc : 0.241554 
2018-04-03 11:15:29,657 - INFO - allennlp.training.trainer - Epoch duration: 04:01:18
2018-04-03 11:15:29,657 - INFO - allennlp.training.trainer - Estimated training time remaining: 18:08:24
2018-04-03 11:15:29,658 - INFO - allennlp.training.trainer - Epoch 4/19
2018-04-03 11:15:29,658 - INFO - allennlp.training.trainer - Peak CPU memory usage MB: 27381.924
2018-04-03 11:15:30,488 - INFO - allennlp.training.trainer - GPU 0 memory usage MB: 15030
2018-04-03 11:15:30,488 - INFO - allennlp.training.trainer - GPU 1 memory usage MB: 1
2018-04-03 11:15:30,489 - INFO - allennlp.training.trainer - GPU 2 memory usage MB: 1
2018-04-03 11:15:30,489 - INFO - allennlp.training.trainer - GPU 3 memory usage MB: 1
2018-04-03 11:15:30,491 - INFO - allennlp.training.trainer - Training
2018-04-03 15:11:22,787 - INFO - allennlp.training.trainer - Validating
2018-04-03 15:16:36,901 - INFO - allennlp.training.trainer - Training em : 0.140406    Validation em : 0.186729 
2018-04-03 15:16:36,907 - INFO - allennlp.training.trainer - Training span_acc : 0.122575    Validation span_acc : 0.165891 
2018-04-03 15:16:36,907 - INFO - allennlp.training.trainer - Training start_acc : 0.198775    Validation start_acc : 0.247421 
2018-04-03 15:16:36,907 - INFO - allennlp.training.trainer - Training f1 : 0.275620    Validation f1 : 0.327652 
2018-04-03 15:16:36,907 - INFO - allennlp.training.trainer - Training loss : 8.086433    Validation loss : 6.962264 
2018-04-03 15:16:36,907 - INFO - allennlp.training.trainer - Training end_acc : 0.226999    Validation end_acc : 0.292333 
2018-04-03 15:16:36,908 - INFO - allennlp.training.trainer - Epoch duration: 04:01:07
2018-04-03 15:16:36,908 - INFO - allennlp.training.trainer - Estimated training time remaining: 13:39:39
2018-04-03 15:16:36,908 - INFO - allennlp.training.trainer - Epoch 5/19
2018-04-03 15:16:36,908 - INFO - allennlp.training.trainer - Peak CPU memory usage MB: 27413.396
2018-04-03 15:16:37,701 - INFO - allennlp.training.trainer - GPU 0 memory usage MB: 17679
2018-04-03 15:16:37,701 - INFO - allennlp.training.trainer - GPU 1 memory usage MB: 1
2018-04-03 15:16:37,701 - INFO - allennlp.training.trainer - GPU 2 memory usage MB: 1
2018-04-03 15:16:37,701 - INFO - allennlp.training.trainer - GPU 3 memory usage MB: 1
2018-04-03 15:16:37,704 - INFO - allennlp.training.trainer - Training
2018-04-03 19:15:21,845 - INFO - allennlp.training.trainer - Validating
2018-04-03 19:20:17,400 - INFO - allennlp.training.trainer - Training em : 0.106781    Validation em : 0.133724 
2018-04-03 19:20:17,402 - INFO - allennlp.training.trainer - Training span_acc : 0.092361    Validation span_acc : 0.120170 
2018-04-03 19:20:17,402 - INFO - allennlp.training.trainer - Training start_acc : 0.158283    Validation start_acc : 0.188752 
2018-04-03 19:20:17,403 - INFO - allennlp.training.trainer - Training f1 : 0.232259    Validation f1 : 0.261463 
2018-04-03 19:20:17,404 - INFO - allennlp.training.trainer - Training loss : 8.746620    Validation loss : 7.943247 
2018-04-03 19:20:17,404 - INFO - allennlp.training.trainer - Training end_acc : 0.186793    Validation end_acc : 0.227190 
2018-04-03 19:20:17,404 - INFO - allennlp.training.trainer - Epoch duration: 04:03:40
2018-04-03 19:20:17,404 - INFO - allennlp.training.trainer - Estimated training time remaining: 09:26:05
2018-04-03 19:20:17,404 - INFO - allennlp.training.trainer - Epoch 6/19
2018-04-03 19:20:17,405 - INFO - allennlp.training.trainer - Peak CPU memory usage MB: 27413.396
2018-04-03 19:20:18,287 - INFO - allennlp.training.trainer - GPU 0 memory usage MB: 17679
2018-04-03 19:20:18,288 - INFO - allennlp.training.trainer - GPU 1 memory usage MB: 210
2018-04-03 19:20:18,288 - INFO - allennlp.training.trainer - GPU 2 memory usage MB: 210
2018-04-03 19:20:18,288 - INFO - allennlp.training.trainer - GPU 3 memory usage MB: 1
2018-04-03 19:20:18,291 - INFO - allennlp.training.trainer - Training
2018-04-03 23:19:15,647 - INFO - allennlp.training.trainer - Validating
2018-04-03 23:24:11,956 - INFO - allennlp.training.trainer - Training em : 0.018312    Validation em : 0.001416 
2018-04-03 23:24:11,958 - INFO - allennlp.training.trainer - Training span_acc : 0.014810    Validation span_acc : 0.001416 
2018-04-03 23:24:11,958 - INFO - allennlp.training.trainer - Training start_acc : 0.038730    Validation start_acc : 0.028121 
2018-04-03 23:24:11,958 - INFO - allennlp.training.trainer - Training f1 : 0.093954    Validation f1 : 0.079836 
2018-04-03 23:24:11,958 - INFO - allennlp.training.trainer - Training loss : 12.472486    Validation loss : 12.286522 
2018-04-03 23:24:11,958 - INFO - allennlp.training.trainer - Training end_acc : 0.045482    Validation end_acc : 0.012543 
2018-04-03 23:24:11,959 - INFO - allennlp.training.trainer - Epoch duration: 04:03:54
2018-04-03 23:24:11,959 - INFO - allennlp.training.trainer - Estimated training time remaining: 05:15:46
2018-04-03 23:24:11,960 - INFO - allennlp.training.trainer - Epoch 7/19
2018-04-03 23:24:11,960 - INFO - allennlp.training.trainer - Peak CPU memory usage MB: 27413.396
2018-04-03 23:24:12,775 - INFO - allennlp.training.trainer - GPU 0 memory usage MB: 17679
2018-04-03 23:24:12,775 - INFO - allennlp.training.trainer - GPU 1 memory usage MB: 1
2018-04-03 23:24:12,775 - INFO - allennlp.training.trainer - GPU 2 memory usage MB: 1
2018-04-03 23:24:12,776 - INFO - allennlp.training.trainer - GPU 3 memory usage MB: 1
2018-04-03 23:24:12,777 - INFO - allennlp.training.trainer - Training
2018-04-04 03:22:26,975 - INFO - allennlp.training.trainer - Validating
2018-04-04 03:27:24,609 - INFO - allennlp.training.trainer - Training em : 0.002243    Validation em : 0.008901 
2018-04-04 03:27:24,610 - INFO - allennlp.training.trainer - Training span_acc : 0.001476    Validation span_acc : 0.005260 
2018-04-04 03:27:24,610 - INFO - allennlp.training.trainer - Training start_acc : 0.015657    Validation start_acc : 0.022658 
2018-04-04 03:27:24,611 - INFO - allennlp.training.trainer - Training f1 : 0.068344    Validation f1 : 0.049807 
2018-04-04 03:27:24,611 - INFO - allennlp.training.trainer - Training loss : 13.878042    Validation loss : 12.224087 
2018-04-04 03:27:24,612 - INFO - allennlp.training.trainer - Training end_acc : 0.011868    Validation end_acc : 0.015375 
2018-04-04 03:27:24,612 - INFO - allennlp.training.trainer - Epoch duration: 04:03:12
2018-04-04 03:27:24,612 - INFO - allennlp.training.trainer - Estimated training time remaining: 01:06:01
2018-04-04 03:27:24,612 - INFO - allennlp.training.trainer - Epoch 8/19
2018-04-04 03:27:24,613 - INFO - allennlp.training.trainer - Peak CPU memory usage MB: 27413.396
2018-04-04 03:27:25,469 - INFO - allennlp.training.trainer - GPU 0 memory usage MB: 20403
2018-04-04 03:27:25,469 - INFO - allennlp.training.trainer - GPU 1 memory usage MB: 1
2018-04-04 03:27:25,470 - INFO - allennlp.training.trainer - GPU 2 memory usage MB: 1
2018-04-04 03:27:25,470 - INFO - allennlp.training.trainer - GPU 3 memory usage MB: 1
2018-04-04 03:27:25,472 - INFO - allennlp.training.trainer - Training
2018-04-04 07:23:31,400 - INFO - allennlp.training.trainer - Validating
2018-04-04 07:28:36,044 - INFO - allennlp.training.trainer - Training em : 0.002163    Validation em : 0.011127 
2018-04-04 07:28:36,045 - INFO - allennlp.training.trainer - Training span_acc : 0.001454    Validation span_acc : 0.006676 
2018-04-04 07:28:36,045 - INFO - allennlp.training.trainer - Training start_acc : 0.016046    Validation start_acc : 0.030953 
2018-04-04 07:28:36,046 - INFO - allennlp.training.trainer - Training f1 : 0.065387    Validation f1 : 0.062352 
2018-04-04 07:28:36,046 - INFO - allennlp.training.trainer - Training loss : 14.175032    Validation loss : 13.205657 
2018-04-04 07:28:36,047 - INFO - allennlp.training.trainer - Training end_acc : 0.012109    Validation end_acc : 0.019017 
2018-04-04 07:28:36,047 - INFO - allennlp.training.trainer - Epoch duration: 04:01:11
2018-04-04 07:28:36,047 - INFO - allennlp.training.trainer - Estimated training time remaining: 20:55:15
2018-04-04 07:28:36,047 - INFO - allennlp.training.trainer - Epoch 9/19
2018-04-04 07:28:36,048 - INFO - allennlp.training.trainer - Peak CPU memory usage MB: 27413.396
2018-04-04 07:28:36,899 - INFO - allennlp.training.trainer - GPU 0 memory usage MB: 20403
2018-04-04 07:28:36,899 - INFO - allennlp.training.trainer - GPU 1 memory usage MB: 1
2018-04-04 07:28:36,899 - INFO - allennlp.training.trainer - GPU 2 memory usage MB: 1
2018-04-04 07:28:36,900 - INFO - allennlp.training.trainer - GPU 3 memory usage MB: 1
2018-04-04 07:28:36,901 - INFO - allennlp.training.trainer - Training
2018-04-04 11:25:45,376 - INFO - allennlp.training.trainer - Validating
2018-04-04 11:30:42,040 - INFO - allennlp.training.trainer - Training em : 0.001179    Validation em : 0.006271 
2018-04-04 11:30:42,042 - INFO - allennlp.training.trainer - Training span_acc : 0.000721    Validation span_acc : 0.004248 
2018-04-04 11:30:42,042 - INFO - allennlp.training.trainer - Training start_acc : 0.011319    Validation start_acc : 0.025895 
2018-04-04 11:30:42,043 - INFO - allennlp.training.trainer - Training f1 : 0.063899    Validation f1 : 0.057748 
2018-04-04 11:30:42,043 - INFO - allennlp.training.trainer - Training loss : 15.757015    Validation loss : 12.548304 
2018-04-04 11:30:42,044 - INFO - allennlp.training.trainer - Training end_acc : 0.010976    Validation end_acc : 0.016994 
2018-04-04 11:30:42,044 - INFO - allennlp.training.trainer - Epoch duration: 04:02:05
2018-04-04 11:30:42,044 - INFO - allennlp.training.trainer - Estimated training time remaining: 16:47:18
2018-04-04 11:30:42,044 - INFO - allennlp.training.trainer - Epoch 10/19
2018-04-04 11:30:42,045 - INFO - allennlp.training.trainer - Peak CPU memory usage MB: 27413.396
2018-04-04 11:30:42,823 - INFO - allennlp.training.trainer - GPU 0 memory usage MB: 20403
2018-04-04 11:30:42,823 - INFO - allennlp.training.trainer - GPU 1 memory usage MB: 1
2018-04-04 11:30:42,823 - INFO - allennlp.training.trainer - GPU 2 memory usage MB: 1
2018-04-04 11:30:42,823 - INFO - allennlp.training.trainer - GPU 3 memory usage MB: 1
2018-04-04 11:30:42,825 - INFO - allennlp.training.trainer - Training
2018-04-04 15:23:32,323 - INFO - allennlp.training.trainer - Validating
2018-04-04 15:28:30,583 - INFO - allennlp.training.trainer - Ran out of patience.  Stopping training.
2018-04-04 15:28:30,618 - INFO - allennlp.models.archival - archiving weights and vocabulary to output/newsqa_batchsize_5/model.tar.gz
2018-04-04 15:28:34,750 - INFO - allennlp.commands.train - Metrics: {
  "training_duration": "20:45:06",
  "training_start_epoch": 0,
  "training_epochs": 10,
  "training_start_acc": 0.012223175965665236,
  "training_end_acc": 0.015645207439198856,
  "training_span_acc": 0.000949928469241774,
  "training_em": 0.001636623748211731,
  "training_f1": 0.06861686028641523,
  "training_loss": 13.991734504699707,
  "validation_start_acc": 0.03317823184301032,
  "validation_end_acc": 0.023669836131903703,
  "validation_span_acc": 0.006676107626947198,
  "validation_em": 0.008901476835929597,
  "validation_f1": 0.06861922956885087,
  "validation_loss": 12.048582077026367,
  "best_validation_em": 0.27473194416346347,
  "best_epoch": 0
}
