2018-03-29 21:43:19,184 - INFO - allennlp.common.params - dataset_reader.type = squad
2018-03-29 21:43:19,185 - INFO - allennlp.common.params - dataset_reader.tokenizer.type = word
2018-03-29 21:43:19,185 - INFO - allennlp.common.params - dataset_reader.tokenizer.word_splitter.type = spacy
2018-03-29 21:43:19,185 - INFO - allennlp.common.params - dataset_reader.tokenizer.word_splitter.language = en_core_web_sm
2018-03-29 21:43:19,185 - INFO - allennlp.common.params - dataset_reader.tokenizer.word_splitter.pos_tags = False
2018-03-29 21:43:19,185 - INFO - allennlp.common.params - dataset_reader.tokenizer.word_splitter.parse = False
2018-03-29 21:43:19,185 - INFO - allennlp.common.params - dataset_reader.tokenizer.word_splitter.ner = False
2018-03-29 21:43:19,782 - INFO - allennlp.common.params - dataset_reader.tokenizer.word_filter.type = pass_through
2018-03-29 21:43:19,783 - INFO - allennlp.common.params - dataset_reader.tokenizer.word_stemmer.type = pass_through
2018-03-29 21:43:19,783 - INFO - allennlp.common.params - dataset_reader.tokenizer.start_tokens = None
2018-03-29 21:43:19,783 - INFO - allennlp.common.params - dataset_reader.tokenizer.end_tokens = None
2018-03-29 21:43:19,783 - INFO - allennlp.common.params - dataset_reader.token_indexers.tokens.type = single_id
2018-03-29 21:43:19,783 - INFO - allennlp.common.params - dataset_reader.token_indexers.tokens.namespace = tokens
2018-03-29 21:43:19,784 - INFO - allennlp.common.params - dataset_reader.token_indexers.tokens.lowercase_tokens = True
2018-03-29 21:43:19,784 - INFO - allennlp.common.params - dataset_reader.token_indexers.token_characters.type = characters
2018-03-29 21:43:19,784 - INFO - allennlp.common.params - dataset_reader.token_indexers.token_characters.namespace = token_characters
2018-03-29 21:43:19,784 - INFO - allennlp.common.params - dataset_reader.token_indexers.token_characters.character_tokenizer.byte_encoding = utf-8
2018-03-29 21:43:19,784 - INFO - allennlp.common.params - dataset_reader.token_indexers.token_characters.character_tokenizer.lowercase_characters = False
2018-03-29 21:43:19,784 - INFO - allennlp.common.params - dataset_reader.token_indexers.token_characters.character_tokenizer.start_tokens = [259]
2018-03-29 21:43:19,784 - INFO - allennlp.common.params - dataset_reader.token_indexers.token_characters.character_tokenizer.end_tokens = [260]
2018-03-29 21:43:19,784 - INFO - allennlp.common.params - dataset_reader.lazy = False
2018-03-29 21:43:19,785 - INFO - allennlp.common.params - validation_dataset_reader = None
2018-03-29 21:43:19,785 - INFO - allennlp.common.params - train_data_path = data/squad/train-v1.1.json
2018-03-29 21:43:19,785 - INFO - allennlp.commands.train - Reading training data from data/squad/train-v1.1.json
2018-03-29 21:43:19,790 - INFO - allennlp.data.dataset_readers.reading_comprehension.squad - Reading file at data/squad/train-v1.1.json
2018-03-29 21:43:20,659 - INFO - allennlp.data.dataset_readers.reading_comprehension.squad - Reading the dataset
---


NUMBER OF INSTANCES: 


---- 87599
2018-03-29 21:44:49,344 - INFO - allennlp.common.params - validation_data_path = data/squad/dev-v1.1.json
2018-03-29 21:44:49,548 - INFO - allennlp.commands.train - Reading validation data from data/squad/dev-v1.1.json
2018-03-29 21:44:49,753 - INFO - allennlp.data.dataset_readers.reading_comprehension.squad - Reading file at data/squad/dev-v1.1.json
2018-03-29 21:44:50,118 - INFO - allennlp.data.dataset_readers.reading_comprehension.squad - Reading the dataset
---


NUMBER OF INSTANCES: 


---- 10570
2018-03-29 21:45:00,003 - INFO - allennlp.common.params - test_data_path = None
2018-03-29 21:45:00,004 - INFO - allennlp.commands.train - Creating a vocabulary using validation, train data.
2018-03-29 21:45:00,004 - INFO - allennlp.common.params - vocabulary.directory_path = None
2018-03-29 21:45:00,004 - INFO - allennlp.common.params - vocabulary.min_count = None
2018-03-29 21:45:00,004 - INFO - allennlp.common.params - vocabulary.max_vocab_size = None
2018-03-29 21:45:00,004 - INFO - allennlp.common.params - vocabulary.non_padded_namespaces = ('*tags', '*labels')
2018-03-29 21:45:00,004 - INFO - allennlp.common.params - vocabulary.only_include_pretrained_words = False
2018-03-29 21:45:00,005 - INFO - allennlp.data.vocabulary - Fitting token dictionary from dataset.
2018-03-29 21:48:11,499 - INFO - allennlp.common.params - model.type = bidaf
2018-03-29 21:48:11,500 - INFO - allennlp.common.params - model.text_field_embedder.type = basic
2018-03-29 21:48:11,500 - INFO - allennlp.common.params - model.text_field_embedder.tokens.type = embedding
2018-03-29 21:48:11,500 - INFO - allennlp.common.params - model.text_field_embedder.tokens.num_embeddings = None
2018-03-29 21:48:11,501 - INFO - allennlp.common.params - model.text_field_embedder.tokens.vocab_namespace = tokens
2018-03-29 21:48:11,501 - INFO - allennlp.common.params - model.text_field_embedder.tokens.embedding_dim = 100
2018-03-29 21:48:11,501 - INFO - allennlp.common.params - model.text_field_embedder.tokens.pretrained_file = https://s3-us-west-2.amazonaws.com/allennlp/datasets/glove/glove.6B.100d.txt.gz
2018-03-29 21:48:11,501 - INFO - allennlp.common.params - model.text_field_embedder.tokens.projection_dim = None
2018-03-29 21:48:11,501 - INFO - allennlp.common.params - model.text_field_embedder.tokens.trainable = True
2018-03-29 21:48:11,501 - INFO - allennlp.common.params - model.text_field_embedder.tokens.padding_index = None
2018-03-29 21:48:11,501 - INFO - allennlp.common.params - model.text_field_embedder.tokens.max_norm = None
2018-03-29 21:48:11,501 - INFO - allennlp.common.params - model.text_field_embedder.tokens.norm_type = 2.0
2018-03-29 21:48:11,501 - INFO - allennlp.common.params - model.text_field_embedder.tokens.scale_grad_by_freq = False
2018-03-29 21:48:11,501 - INFO - allennlp.common.params - model.text_field_embedder.tokens.sparse = False
2018-03-29 21:48:11,510 - INFO - allennlp.modules.token_embedders.embedding - Reading embeddings from file
2018-03-29 21:48:21,552 - INFO - allennlp.modules.token_embedders.embedding - Initializing pre-trained embedding layer
2018-03-29 21:48:22,675 - INFO - allennlp.common.params - model.text_field_embedder.token_characters.type = character_encoding
2018-03-29 21:48:22,675 - INFO - allennlp.common.params - model.text_field_embedder.token_characters.embedding.num_embeddings = 262
2018-03-29 21:48:22,675 - INFO - allennlp.common.params - model.text_field_embedder.token_characters.embedding.vocab_namespace = token_characters
2018-03-29 21:48:22,676 - INFO - allennlp.common.params - model.text_field_embedder.token_characters.embedding.embedding_dim = 16
2018-03-29 21:48:22,676 - INFO - allennlp.common.params - model.text_field_embedder.token_characters.embedding.pretrained_file = None
2018-03-29 21:48:22,676 - INFO - allennlp.common.params - model.text_field_embedder.token_characters.embedding.projection_dim = None
2018-03-29 21:48:22,676 - INFO - allennlp.common.params - model.text_field_embedder.token_characters.embedding.trainable = True
2018-03-29 21:48:22,676 - INFO - allennlp.common.params - model.text_field_embedder.token_characters.embedding.padding_index = None
2018-03-29 21:48:22,676 - INFO - allennlp.common.params - model.text_field_embedder.token_characters.embedding.max_norm = None
2018-03-29 21:48:22,676 - INFO - allennlp.common.params - model.text_field_embedder.token_characters.embedding.norm_type = 2.0
2018-03-29 21:48:22,676 - INFO - allennlp.common.params - model.text_field_embedder.token_characters.embedding.scale_grad_by_freq = False
2018-03-29 21:48:22,676 - INFO - allennlp.common.params - model.text_field_embedder.token_characters.embedding.sparse = False
2018-03-29 21:48:22,677 - INFO - allennlp.common.params - model.text_field_embedder.token_characters.encoder.type = cnn
2018-03-29 21:48:22,677 - INFO - allennlp.common.params - model.text_field_embedder.token_characters.encoder.embedding_dim = 16
2018-03-29 21:48:22,677 - INFO - allennlp.common.params - model.text_field_embedder.token_characters.encoder.output_dim = None
2018-03-29 21:48:22,677 - INFO - allennlp.common.params - model.text_field_embedder.token_characters.encoder.num_filters = 100
2018-03-29 21:48:22,677 - INFO - allennlp.common.params - model.text_field_embedder.token_characters.encoder.conv_layer_activation = relu
2018-03-29 21:48:22,677 - INFO - allennlp.common.params - model.text_field_embedder.token_characters.encoder.ngram_filter_sizes = [5]
2018-03-29 21:48:22,679 - INFO - allennlp.common.params - model.text_field_embedder.token_characters.dropout = 0.2
2018-03-29 21:48:22,679 - INFO - allennlp.common.params - model.num_highway_layers = 2
2018-03-29 21:48:22,680 - INFO - allennlp.common.params - model.phrase_layer.type = lstm
2018-03-29 21:48:22,680 - INFO - allennlp.common.params - model.phrase_layer.batch_first = True
2018-03-29 21:48:22,680 - INFO - allennlp.common.params - Converting Params object to dict; logging of default values will not occur when dictionary parameters are used subsequently.
2018-03-29 21:48:22,680 - INFO - allennlp.common.params - CURRENTLY DEFINED PARAMETERS: 
2018-03-29 21:48:22,680 - INFO - allennlp.common.params - model.phrase_layer.bidirectional = True
2018-03-29 21:48:22,680 - INFO - allennlp.common.params - model.phrase_layer.input_size = 200
2018-03-29 21:48:22,680 - INFO - allennlp.common.params - model.phrase_layer.hidden_size = 100
2018-03-29 21:48:22,680 - INFO - allennlp.common.params - model.phrase_layer.num_layers = 1
2018-03-29 21:48:22,680 - INFO - allennlp.common.params - model.phrase_layer.dropout = 0.2
2018-03-29 21:48:22,680 - INFO - allennlp.common.params - model.phrase_layer.batch_first = True
2018-03-29 21:48:22,683 - INFO - allennlp.common.params - model.similarity_function.type = linear
2018-03-29 21:48:22,683 - INFO - allennlp.common.params - model.similarity_function.tensor_1_dim = 200
2018-03-29 21:48:22,683 - INFO - allennlp.common.params - model.similarity_function.tensor_2_dim = 200
2018-03-29 21:48:22,683 - INFO - allennlp.common.params - model.similarity_function.combination = x,y,x*y
2018-03-29 21:48:22,683 - INFO - allennlp.common.params - model.similarity_function.activation = linear
2018-03-29 21:48:22,683 - INFO - allennlp.common.params - model.modeling_layer.type = lstm
2018-03-29 21:48:22,683 - INFO - allennlp.common.params - model.modeling_layer.batch_first = True
2018-03-29 21:48:22,683 - INFO - allennlp.common.params - Converting Params object to dict; logging of default values will not occur when dictionary parameters are used subsequently.
2018-03-29 21:48:22,684 - INFO - allennlp.common.params - CURRENTLY DEFINED PARAMETERS: 
2018-03-29 21:48:22,684 - INFO - allennlp.common.params - model.modeling_layer.bidirectional = True
2018-03-29 21:48:22,684 - INFO - allennlp.common.params - model.modeling_layer.input_size = 800
2018-03-29 21:48:22,684 - INFO - allennlp.common.params - model.modeling_layer.hidden_size = 100
2018-03-29 21:48:22,684 - INFO - allennlp.common.params - model.modeling_layer.num_layers = 2
2018-03-29 21:48:22,684 - INFO - allennlp.common.params - model.modeling_layer.dropout = 0.2
2018-03-29 21:48:22,684 - INFO - allennlp.common.params - model.modeling_layer.batch_first = True
2018-03-29 21:48:22,692 - INFO - allennlp.common.params - model.span_end_encoder.type = lstm
2018-03-29 21:48:22,692 - INFO - allennlp.common.params - model.span_end_encoder.batch_first = True
2018-03-29 21:48:22,692 - INFO - allennlp.common.params - Converting Params object to dict; logging of default values will not occur when dictionary parameters are used subsequently.
2018-03-29 21:48:22,692 - INFO - allennlp.common.params - CURRENTLY DEFINED PARAMETERS: 
2018-03-29 21:48:22,692 - INFO - allennlp.common.params - model.span_end_encoder.bidirectional = True
2018-03-29 21:48:22,692 - INFO - allennlp.common.params - model.span_end_encoder.input_size = 1400
2018-03-29 21:48:22,692 - INFO - allennlp.common.params - model.span_end_encoder.hidden_size = 100
2018-03-29 21:48:22,692 - INFO - allennlp.common.params - model.span_end_encoder.num_layers = 1
2018-03-29 21:48:22,692 - INFO - allennlp.common.params - model.span_end_encoder.dropout = 0.2
2018-03-29 21:48:22,692 - INFO - allennlp.common.params - model.span_end_encoder.batch_first = True
2018-03-29 21:48:22,702 - INFO - allennlp.common.params - model.dropout = 0.2
2018-03-29 21:48:22,702 - INFO - allennlp.common.params - model.initializer = []
2018-03-29 21:48:22,702 - INFO - allennlp.common.params - model.regularizer = []
2018-03-29 21:48:22,702 - INFO - allennlp.common.params - model.mask_lstms = True
2018-03-29 21:48:22,705 - INFO - allennlp.nn.initializers - Initializing parameters
2018-03-29 21:48:22,705 - INFO - allennlp.nn.initializers - Done initializing parameters; the following parameters are using their default initialization from their code
2018-03-29 21:48:22,705 - INFO - allennlp.nn.initializers -    _highway_layer._module._layers.0.bias
2018-03-29 21:48:22,705 - INFO - allennlp.nn.initializers -    _highway_layer._module._layers.0.weight
2018-03-29 21:48:22,705 - INFO - allennlp.nn.initializers -    _highway_layer._module._layers.1.bias
2018-03-29 21:48:22,705 - INFO - allennlp.nn.initializers -    _highway_layer._module._layers.1.weight
2018-03-29 21:48:22,706 - INFO - allennlp.nn.initializers -    _matrix_attention._similarity_function._bias
2018-03-29 21:48:22,706 - INFO - allennlp.nn.initializers -    _matrix_attention._similarity_function._weight_vector
2018-03-29 21:48:22,706 - INFO - allennlp.nn.initializers -    _modeling_layer._module.bias_hh_l0
2018-03-29 21:48:22,706 - INFO - allennlp.nn.initializers -    _modeling_layer._module.bias_hh_l0_reverse
2018-03-29 21:48:22,706 - INFO - allennlp.nn.initializers -    _modeling_layer._module.bias_hh_l1
2018-03-29 21:48:22,706 - INFO - allennlp.nn.initializers -    _modeling_layer._module.bias_hh_l1_reverse
2018-03-29 21:48:22,706 - INFO - allennlp.nn.initializers -    _modeling_layer._module.bias_ih_l0
2018-03-29 21:48:22,706 - INFO - allennlp.nn.initializers -    _modeling_layer._module.bias_ih_l0_reverse
2018-03-29 21:48:22,706 - INFO - allennlp.nn.initializers -    _modeling_layer._module.bias_ih_l1
2018-03-29 21:48:22,706 - INFO - allennlp.nn.initializers -    _modeling_layer._module.bias_ih_l1_reverse
2018-03-29 21:48:22,706 - INFO - allennlp.nn.initializers -    _modeling_layer._module.weight_hh_l0
2018-03-29 21:48:22,706 - INFO - allennlp.nn.initializers -    _modeling_layer._module.weight_hh_l0_reverse
2018-03-29 21:48:22,706 - INFO - allennlp.nn.initializers -    _modeling_layer._module.weight_hh_l1
2018-03-29 21:48:22,706 - INFO - allennlp.nn.initializers -    _modeling_layer._module.weight_hh_l1_reverse
2018-03-29 21:48:22,706 - INFO - allennlp.nn.initializers -    _modeling_layer._module.weight_ih_l0
2018-03-29 21:48:22,706 - INFO - allennlp.nn.initializers -    _modeling_layer._module.weight_ih_l0_reverse
2018-03-29 21:48:22,706 - INFO - allennlp.nn.initializers -    _modeling_layer._module.weight_ih_l1
2018-03-29 21:48:22,707 - INFO - allennlp.nn.initializers -    _modeling_layer._module.weight_ih_l1_reverse
2018-03-29 21:48:22,707 - INFO - allennlp.nn.initializers -    _phrase_layer._module.bias_hh_l0
2018-03-29 21:48:22,707 - INFO - allennlp.nn.initializers -    _phrase_layer._module.bias_hh_l0_reverse
2018-03-29 21:48:22,707 - INFO - allennlp.nn.initializers -    _phrase_layer._module.bias_ih_l0
2018-03-29 21:48:22,707 - INFO - allennlp.nn.initializers -    _phrase_layer._module.bias_ih_l0_reverse
2018-03-29 21:48:22,707 - INFO - allennlp.nn.initializers -    _phrase_layer._module.weight_hh_l0
2018-03-29 21:48:22,707 - INFO - allennlp.nn.initializers -    _phrase_layer._module.weight_hh_l0_reverse
2018-03-29 21:48:22,707 - INFO - allennlp.nn.initializers -    _phrase_layer._module.weight_ih_l0
2018-03-29 21:48:22,707 - INFO - allennlp.nn.initializers -    _phrase_layer._module.weight_ih_l0_reverse
2018-03-29 21:48:22,707 - INFO - allennlp.nn.initializers -    _span_end_encoder._module.bias_hh_l0
2018-03-29 21:48:22,707 - INFO - allennlp.nn.initializers -    _span_end_encoder._module.bias_hh_l0_reverse
2018-03-29 21:48:22,707 - INFO - allennlp.nn.initializers -    _span_end_encoder._module.bias_ih_l0
2018-03-29 21:48:22,707 - INFO - allennlp.nn.initializers -    _span_end_encoder._module.bias_ih_l0_reverse
2018-03-29 21:48:22,707 - INFO - allennlp.nn.initializers -    _span_end_encoder._module.weight_hh_l0
2018-03-29 21:48:22,707 - INFO - allennlp.nn.initializers -    _span_end_encoder._module.weight_hh_l0_reverse
2018-03-29 21:48:22,707 - INFO - allennlp.nn.initializers -    _span_end_encoder._module.weight_ih_l0
2018-03-29 21:48:22,708 - INFO - allennlp.nn.initializers -    _span_end_encoder._module.weight_ih_l0_reverse
2018-03-29 21:48:22,708 - INFO - allennlp.nn.initializers -    _span_end_predictor._module.bias
2018-03-29 21:48:22,708 - INFO - allennlp.nn.initializers -    _span_end_predictor._module.weight
2018-03-29 21:48:22,708 - INFO - allennlp.nn.initializers -    _span_start_predictor._module.bias
2018-03-29 21:48:22,708 - INFO - allennlp.nn.initializers -    _span_start_predictor._module.weight
2018-03-29 21:48:22,708 - INFO - allennlp.nn.initializers -    _text_field_embedder.token_embedder_token_characters._embedding._module.weight
2018-03-29 21:48:22,708 - INFO - allennlp.nn.initializers -    _text_field_embedder.token_embedder_token_characters._encoder._module.conv_layer_0.bias
2018-03-29 21:48:22,708 - INFO - allennlp.nn.initializers -    _text_field_embedder.token_embedder_token_characters._encoder._module.conv_layer_0.weight
2018-03-29 21:48:22,708 - INFO - allennlp.nn.initializers -    _text_field_embedder.token_embedder_tokens.weight
2018-03-29 21:48:22,708 - INFO - allennlp.common.params - iterator.type = bucket
2018-03-29 21:48:22,708 - INFO - allennlp.common.params - iterator.sorting_keys = [['passage', 'num_tokens'], ['question', 'num_tokens']]
2018-03-29 21:48:22,708 - INFO - allennlp.common.params - iterator.padding_noise = 0.1
2018-03-29 21:48:22,708 - INFO - allennlp.common.params - iterator.biggest_batch_first = False
2018-03-29 21:48:22,709 - INFO - allennlp.common.params - iterator.batch_size = 40
2018-03-29 21:48:22,709 - INFO - allennlp.common.params - iterator.instances_per_epoch = None
2018-03-29 21:48:22,709 - INFO - allennlp.common.params - iterator.max_instances_in_memory = None
2018-03-29 21:48:22,709 - INFO - allennlp.common.params - trainer.patience = 10
2018-03-29 21:48:22,709 - INFO - allennlp.common.params - trainer.validation_metric = +em
2018-03-29 21:48:22,709 - INFO - allennlp.common.params - trainer.num_epochs = 20
2018-03-29 21:48:22,709 - INFO - allennlp.common.params - trainer.cuda_device = 0
2018-03-29 21:48:22,709 - INFO - allennlp.common.params - trainer.grad_norm = 5.0
2018-03-29 21:48:22,709 - INFO - allennlp.common.params - trainer.grad_clipping = None
2018-03-29 21:48:39,829 - INFO - allennlp.common.params - trainer.optimizer.type = adam
2018-03-29 21:48:39,832 - INFO - allennlp.common.params - trainer.optimizer.parameter_groups = None
2018-03-29 21:48:39,833 - INFO - allennlp.common.params - Converting Params object to dict; logging of default values will not occur when dictionary parameters are used subsequently.
2018-03-29 21:48:39,833 - INFO - allennlp.common.params - CURRENTLY DEFINED PARAMETERS: 
2018-03-29 21:48:39,833 - INFO - allennlp.common.params - trainer.optimizer.betas = [0.9, 0.9]
2018-03-29 21:48:39,833 - INFO - allennlp.common.params - trainer.learning_rate_scheduler.type = reduce_on_plateau
2018-03-29 21:48:39,833 - INFO - allennlp.common.params - Converting Params object to dict; logging of default values will not occur when dictionary parameters are used subsequently.
2018-03-29 21:48:39,833 - INFO - allennlp.common.params - CURRENTLY DEFINED PARAMETERS: 
2018-03-29 21:48:39,833 - INFO - allennlp.common.params - trainer.learning_rate_scheduler.factor = 0.5
2018-03-29 21:48:39,833 - INFO - allennlp.common.params - trainer.learning_rate_scheduler.mode = max
2018-03-29 21:48:39,833 - INFO - allennlp.common.params - trainer.learning_rate_scheduler.patience = 2
2018-03-29 21:48:39,833 - INFO - allennlp.common.params - trainer.num_serialized_models_to_keep = None
2018-03-29 21:48:39,833 - INFO - allennlp.common.params - trainer.keep_serialized_model_every_num_seconds = None
2018-03-29 21:48:39,834 - INFO - allennlp.common.params - trainer.model_save_interval = None
2018-03-29 21:48:39,834 - INFO - allennlp.common.params - trainer.summary_interval = 100
2018-03-29 21:48:39,834 - INFO - allennlp.common.params - trainer.histogram_interval = None
2018-03-29 21:48:40,059 - INFO - allennlp.common.params - evaluate_on_test = False
2018-03-29 21:48:40,062 - INFO - allennlp.training.trainer - Beginning training.
2018-03-29 21:48:40,062 - INFO - allennlp.training.trainer - Epoch 0/19
2018-03-29 21:48:40,062 - INFO - allennlp.training.trainer - Peak CPU memory usage MB: 5911.976
2018-03-29 21:48:40,495 - INFO - allennlp.training.trainer - GPU 0 memory usage MB: 450
2018-03-29 21:48:40,495 - INFO - allennlp.training.trainer - GPU 1 memory usage MB: 9121
2018-03-29 21:48:40,496 - INFO - allennlp.training.trainer - GPU 2 memory usage MB: 11742
2018-03-29 21:48:40,496 - INFO - allennlp.training.trainer - GPU 3 memory usage MB: 9121
2018-03-29 21:48:40,497 - INFO - allennlp.training.trainer - Training
2018-03-29 22:05:53,047 - INFO - allennlp.training.trainer - Validating
2018-03-29 22:07:05,868 - INFO - allennlp.training.trainer - Best validation performance so far. Copying weights to 'output/squad_counter/best.th'.
2018-03-29 22:07:10,586 - INFO - allennlp.training.trainer - Training end_acc : 0.362367    Validation end_acc : 0.585336 
2018-03-29 22:07:10,587 - INFO - allennlp.training.trainer - Training span_acc : 0.245596    Validation span_acc : 0.454305 
2018-03-29 22:07:10,588 - INFO - allennlp.training.trainer - Training start_acc : 0.329228    Validation start_acc : 0.553642 
2018-03-29 22:07:10,588 - INFO - allennlp.training.trainer - Training f1 : 0.399978    Validation f1 : 0.681872 
2018-03-29 22:07:10,588 - INFO - allennlp.training.trainer - Training loss : 5.140900    Validation loss : 3.153717 
2018-03-29 22:07:10,588 - INFO - allennlp.training.trainer - Training em : 0.274273    Validation em : 0.563576 
2018-03-29 22:07:10,588 - INFO - allennlp.training.trainer - Epoch duration: 00:18:30
2018-03-29 22:07:10,589 - INFO - allennlp.training.trainer - Estimated training time remaining: 05:51:40
2018-03-29 22:07:10,589 - INFO - allennlp.training.trainer - Epoch 1/19
2018-03-29 22:07:10,589 - INFO - allennlp.training.trainer - Peak CPU memory usage MB: 8431.984
2018-03-29 22:07:11,170 - INFO - allennlp.training.trainer - GPU 0 memory usage MB: 12199
2018-03-29 22:07:11,171 - INFO - allennlp.training.trainer - GPU 1 memory usage MB: 9121
2018-03-29 22:07:11,171 - INFO - allennlp.training.trainer - GPU 2 memory usage MB: 11742
2018-03-29 22:07:11,171 - INFO - allennlp.training.trainer - GPU 3 memory usage MB: 9122
2018-03-29 22:07:11,173 - INFO - allennlp.training.trainer - Training
2018-03-29 22:20:47,714 - INFO - allennlp.training.trainer - Validating
2018-03-29 22:21:36,728 - INFO - allennlp.training.trainer - Best validation performance so far. Copying weights to 'output/squad_counter/best.th'.
2018-03-29 22:21:39,915 - INFO - allennlp.training.trainer - Training end_acc : 0.591708    Validation end_acc : 0.630369 
2018-03-29 22:21:39,916 - INFO - allennlp.training.trainer - Training span_acc : 0.445131    Validation span_acc : 0.496689 
2018-03-29 22:21:39,916 - INFO - allennlp.training.trainer - Training start_acc : 0.545862    Validation start_acc : 0.589877 
2018-03-29 22:21:39,916 - INFO - allennlp.training.trainer - Training f1 : 0.647955    Validation f1 : 0.730598 
2018-03-29 22:21:39,917 - INFO - allennlp.training.trainer - Training loss : 3.120141    Validation loss : 2.736886 
2018-03-29 22:21:39,917 - INFO - allennlp.training.trainer - Training em : 0.497517    Validation em : 0.620246 
2018-03-29 22:21:39,917 - INFO - allennlp.training.trainer - Epoch duration: 00:14:29
2018-03-29 22:21:39,917 - INFO - allennlp.training.trainer - Estimated training time remaining: 04:56:58
2018-03-29 22:21:39,917 - INFO - allennlp.training.trainer - Epoch 2/19
2018-03-29 22:21:39,917 - INFO - allennlp.training.trainer - Peak CPU memory usage MB: 8442.192
2018-03-29 22:21:40,275 - INFO - allennlp.training.trainer - GPU 0 memory usage MB: 12199
2018-03-29 22:21:40,275 - INFO - allennlp.training.trainer - GPU 1 memory usage MB: 9121
2018-03-29 22:21:40,275 - INFO - allennlp.training.trainer - GPU 2 memory usage MB: 11742
2018-03-29 22:21:40,275 - INFO - allennlp.training.trainer - GPU 3 memory usage MB: 9122
2018-03-29 22:21:40,277 - INFO - allennlp.training.trainer - Training
2018-03-29 22:35:12,271 - INFO - allennlp.training.trainer - Validating
2018-03-29 22:35:53,834 - INFO - allennlp.training.trainer - Best validation performance so far. Copying weights to 'output/squad_counter/best.th'.
2018-03-29 22:35:56,969 - INFO - allennlp.training.trainer - Training end_acc : 0.644368    Validation end_acc : 0.647682 
2018-03-29 22:35:56,969 - INFO - allennlp.training.trainer - Training span_acc : 0.503305    Validation span_acc : 0.522233 
2018-03-29 22:35:56,969 - INFO - allennlp.training.trainer - Training start_acc : 0.601342    Validation start_acc : 0.617219 
2018-03-29 22:35:56,970 - INFO - allennlp.training.trainer - Training f1 : 0.703844    Validation f1 : 0.745235 
2018-03-29 22:35:56,970 - INFO - allennlp.training.trainer - Training loss : 2.665681    Validation loss : 2.589744 
2018-03-29 22:35:56,971 - INFO - allennlp.training.trainer - Training em : 0.558853    Validation em : 0.642857 
2018-03-29 22:35:56,971 - INFO - allennlp.training.trainer - Epoch duration: 00:14:17
2018-03-29 22:35:56,971 - INFO - allennlp.training.trainer - Estimated training time remaining: 04:27:55
2018-03-29 22:35:56,971 - INFO - allennlp.training.trainer - Epoch 3/19
2018-03-29 22:35:56,971 - INFO - allennlp.training.trainer - Peak CPU memory usage MB: 8454.944
2018-03-29 22:35:57,262 - INFO - allennlp.training.trainer - GPU 0 memory usage MB: 12199
2018-03-29 22:35:57,262 - INFO - allennlp.training.trainer - GPU 1 memory usage MB: 9121
2018-03-29 22:35:57,262 - INFO - allennlp.training.trainer - GPU 2 memory usage MB: 11742
2018-03-29 22:35:57,262 - INFO - allennlp.training.trainer - GPU 3 memory usage MB: 9122
2018-03-29 22:35:57,263 - INFO - allennlp.training.trainer - Training
2018-03-29 22:49:31,126 - INFO - allennlp.training.trainer - Validating
2018-03-29 22:50:12,640 - INFO - allennlp.training.trainer - Best validation performance so far. Copying weights to 'output/squad_counter/best.th'.
2018-03-29 22:50:15,575 - INFO - allennlp.training.trainer - Training end_acc : 0.683775    Validation end_acc : 0.658751 
2018-03-29 22:50:15,576 - INFO - allennlp.training.trainer - Training span_acc : 0.540657    Validation span_acc : 0.531977 
2018-03-29 22:50:15,576 - INFO - allennlp.training.trainer - Training start_acc : 0.637028    Validation start_acc : 0.619773 
2018-03-29 22:50:15,577 - INFO - allennlp.training.trainer - Training f1 : 0.742261    Validation f1 : 0.753051 
2018-03-29 22:50:15,577 - INFO - allennlp.training.trainer - Training loss : 2.364712    Validation loss : 2.554000 
2018-03-29 22:50:15,577 - INFO - allennlp.training.trainer - Training em : 0.597724    Validation em : 0.652129 
2018-03-29 22:50:15,577 - INFO - allennlp.training.trainer - Epoch duration: 00:14:18
2018-03-29 22:50:15,577 - INFO - allennlp.training.trainer - Estimated training time remaining: 04:06:22
2018-03-29 22:50:15,577 - INFO - allennlp.training.trainer - Epoch 4/19
2018-03-29 22:50:15,577 - INFO - allennlp.training.trainer - Peak CPU memory usage MB: 8456.24
2018-03-29 22:50:15,936 - INFO - allennlp.training.trainer - GPU 0 memory usage MB: 12199
2018-03-29 22:50:15,937 - INFO - allennlp.training.trainer - GPU 1 memory usage MB: 9121
2018-03-29 22:50:15,937 - INFO - allennlp.training.trainer - GPU 2 memory usage MB: 11742
2018-03-29 22:50:15,937 - INFO - allennlp.training.trainer - GPU 3 memory usage MB: 9122
2018-03-29 22:50:15,939 - INFO - allennlp.training.trainer - Training
2018-03-29 23:03:54,112 - INFO - allennlp.training.trainer - Validating
2018-03-29 23:04:40,791 - INFO - allennlp.training.trainer - Training end_acc : 0.714004    Validation end_acc : 0.654778 
2018-03-29 23:04:40,793 - INFO - allennlp.training.trainer - Training span_acc : 0.570486    Validation span_acc : 0.523841 
2018-03-29 23:04:40,793 - INFO - allennlp.training.trainer - Training start_acc : 0.665852    Validation start_acc : 0.616272 
2018-03-29 23:04:40,793 - INFO - allennlp.training.trainer - Training f1 : 0.769372    Validation f1 : 0.752900 
2018-03-29 23:04:40,793 - INFO - allennlp.training.trainer - Training loss : 2.118163    Validation loss : 2.607570 
2018-03-29 23:04:40,793 - INFO - allennlp.training.trainer - Training em : 0.629162    Validation em : 0.649858 
2018-03-29 23:04:40,793 - INFO - allennlp.training.trainer - Epoch duration: 00:14:25
2018-03-29 23:04:40,793 - INFO - allennlp.training.trainer - Estimated training time remaining: 03:48:02
2018-03-29 23:04:40,793 - INFO - allennlp.training.trainer - Epoch 5/19
2018-03-29 23:04:40,793 - INFO - allennlp.training.trainer - Peak CPU memory usage MB: 8459.692
2018-03-29 23:04:41,134 - INFO - allennlp.training.trainer - GPU 0 memory usage MB: 12199
2018-03-29 23:04:41,135 - INFO - allennlp.training.trainer - GPU 1 memory usage MB: 9121
2018-03-29 23:04:41,135 - INFO - allennlp.training.trainer - GPU 2 memory usage MB: 11742
2018-03-29 23:04:41,135 - INFO - allennlp.training.trainer - GPU 3 memory usage MB: 9122
2018-03-29 23:04:41,136 - INFO - allennlp.training.trainer - Training
2018-03-29 23:18:11,810 - INFO - allennlp.training.trainer - Validating
2018-03-29 23:18:56,787 - INFO - allennlp.training.trainer - Training end_acc : 0.739198    Validation end_acc : 0.655345 
2018-03-29 23:18:56,792 - INFO - allennlp.training.trainer - Training span_acc : 0.597724    Validation span_acc : 0.525544 
2018-03-29 23:18:56,792 - INFO - allennlp.training.trainer - Training start_acc : 0.691937    Validation start_acc : 0.617408 
2018-03-29 23:18:56,793 - INFO - allennlp.training.trainer - Training f1 : 0.792783    Validation f1 : 0.755494 
2018-03-29 23:18:56,793 - INFO - allennlp.training.trainer - Training loss : 1.923037    Validation loss : 2.667127 
2018-03-29 23:18:56,793 - INFO - allennlp.training.trainer - Training em : 0.655647    Validation em : 0.651561 
2018-03-29 23:18:56,793 - INFO - allennlp.training.trainer - Epoch duration: 00:14:15
2018-03-29 23:18:56,793 - INFO - allennlp.training.trainer - Estimated training time remaining: 03:30:39
2018-03-29 23:18:56,793 - INFO - allennlp.training.trainer - Epoch 6/19
2018-03-29 23:18:56,793 - INFO - allennlp.training.trainer - Peak CPU memory usage MB: 8466.772
2018-03-29 23:18:57,073 - INFO - allennlp.training.trainer - GPU 0 memory usage MB: 12199
2018-03-29 23:18:57,074 - INFO - allennlp.training.trainer - GPU 1 memory usage MB: 9121
2018-03-29 23:18:57,074 - INFO - allennlp.training.trainer - GPU 2 memory usage MB: 11742
2018-03-29 23:18:57,074 - INFO - allennlp.training.trainer - GPU 3 memory usage MB: 9122
2018-03-29 23:18:57,076 - INFO - allennlp.training.trainer - Training
2018-03-29 23:32:31,322 - INFO - allennlp.training.trainer - Validating
2018-03-29 23:33:16,605 - INFO - allennlp.training.trainer - Best validation performance so far. Copying weights to 'output/squad_counter/best.th'.
2018-03-29 23:33:19,862 - INFO - allennlp.training.trainer - Training end_acc : 0.761070    Validation end_acc : 0.657711 
2018-03-29 23:33:19,862 - INFO - allennlp.training.trainer - Training span_acc : 0.621834    Validation span_acc : 0.533018 
2018-03-29 23:33:19,863 - INFO - allennlp.training.trainer - Training start_acc : 0.712896    Validation start_acc : 0.619962 
2018-03-29 23:33:19,863 - INFO - allennlp.training.trainer - Training f1 : 0.812637    Validation f1 : 0.754546 
2018-03-29 23:33:19,863 - INFO - allennlp.training.trainer - Training loss : 1.739831    Validation loss : 2.728762 
2018-03-29 23:33:19,863 - INFO - allennlp.training.trainer - Training em : 0.678843    Validation em : 0.655251 
2018-03-29 23:33:19,864 - INFO - allennlp.training.trainer - Epoch duration: 00:14:23
2018-03-29 23:33:19,864 - INFO - allennlp.training.trainer - Estimated training time remaining: 03:14:22
2018-03-29 23:33:19,864 - INFO - allennlp.training.trainer - Epoch 7/19
2018-03-29 23:33:19,864 - INFO - allennlp.training.trainer - Peak CPU memory usage MB: 8470.252
2018-03-29 23:33:20,232 - INFO - allennlp.training.trainer - GPU 0 memory usage MB: 12199
2018-03-29 23:33:20,232 - INFO - allennlp.training.trainer - GPU 1 memory usage MB: 9121
2018-03-29 23:33:20,233 - INFO - allennlp.training.trainer - GPU 2 memory usage MB: 11742
2018-03-29 23:33:20,233 - INFO - allennlp.training.trainer - GPU 3 memory usage MB: 9122
2018-03-29 23:33:20,235 - INFO - allennlp.training.trainer - Training
2018-03-29 23:46:48,515 - INFO - allennlp.training.trainer - Validating
2018-03-29 23:47:40,516 - INFO - allennlp.training.trainer - Training end_acc : 0.781105    Validation end_acc : 0.652412 
2018-03-29 23:47:40,518 - INFO - allennlp.training.trainer - Training span_acc : 0.643820    Validation span_acc : 0.523179 
2018-03-29 23:47:40,519 - INFO - allennlp.training.trainer - Training start_acc : 0.732543    Validation start_acc : 0.612772 
2018-03-29 23:47:40,519 - INFO - allennlp.training.trainer - Training f1 : 0.830668    Validation f1 : 0.752164 
2018-03-29 23:47:40,519 - INFO - allennlp.training.trainer - Training loss : 1.587055    Validation loss : 2.818232 
2018-03-29 23:47:40,519 - INFO - allennlp.training.trainer - Training em : 0.700453    Validation em : 0.648250 
2018-03-29 23:47:40,519 - INFO - allennlp.training.trainer - Epoch duration: 00:14:20
2018-03-29 23:47:40,519 - INFO - allennlp.training.trainer - Estimated training time remaining: 02:58:30
2018-03-29 23:47:40,519 - INFO - allennlp.training.trainer - Epoch 8/19
2018-03-29 23:47:40,519 - INFO - allennlp.training.trainer - Peak CPU memory usage MB: 8476.628
2018-03-29 23:47:40,816 - INFO - allennlp.training.trainer - GPU 0 memory usage MB: 12200
2018-03-29 23:47:40,816 - INFO - allennlp.training.trainer - GPU 1 memory usage MB: 9121
2018-03-29 23:47:40,816 - INFO - allennlp.training.trainer - GPU 2 memory usage MB: 11742
2018-03-29 23:47:40,816 - INFO - allennlp.training.trainer - GPU 3 memory usage MB: 9122
2018-03-29 23:47:40,818 - INFO - allennlp.training.trainer - Training
2018-03-30 00:01:16,360 - INFO - allennlp.training.trainer - Validating
2018-03-30 00:02:02,901 - INFO - allennlp.training.trainer - Training end_acc : 0.796333    Validation end_acc : 0.640114 
2018-03-30 00:02:02,906 - INFO - allennlp.training.trainer - Training span_acc : 0.665282    Validation span_acc : 0.512394 
2018-03-30 00:02:02,907 - INFO - allennlp.training.trainer - Training start_acc : 0.752372    Validation start_acc : 0.600000 
2018-03-30 00:02:02,907 - INFO - allennlp.training.trainer - Training f1 : 0.844157    Validation f1 : 0.744262 
2018-03-30 00:02:02,907 - INFO - allennlp.training.trainer - Training loss : 1.453860    Validation loss : 2.989720 
2018-03-30 00:02:02,907 - INFO - allennlp.training.trainer - Training em : 0.719312    Validation em : 0.639073 
2018-03-30 00:02:02,907 - INFO - allennlp.training.trainer - Epoch duration: 00:14:22
2018-03-30 00:02:02,907 - INFO - allennlp.training.trainer - Estimated training time remaining: 02:43:01
2018-03-30 00:02:02,907 - INFO - allennlp.training.trainer - Epoch 9/19
2018-03-30 00:02:02,907 - INFO - allennlp.training.trainer - Peak CPU memory usage MB: 8479.68
2018-03-30 00:02:03,217 - INFO - allennlp.training.trainer - GPU 0 memory usage MB: 12200
2018-03-30 00:02:03,217 - INFO - allennlp.training.trainer - GPU 1 memory usage MB: 9121
2018-03-30 00:02:03,217 - INFO - allennlp.training.trainer - GPU 2 memory usage MB: 11742
2018-03-30 00:02:03,217 - INFO - allennlp.training.trainer - GPU 3 memory usage MB: 9122
2018-03-30 00:02:03,218 - INFO - allennlp.training.trainer - Training
2018-03-30 00:15:30,694 - INFO - allennlp.training.trainer - Validating
2018-03-30 00:16:21,514 - INFO - allennlp.training.trainer - Training end_acc : 0.812292    Validation end_acc : 0.638221 
2018-03-30 00:16:21,515 - INFO - allennlp.training.trainer - Training span_acc : 0.684060    Validation span_acc : 0.507285 
2018-03-30 00:16:21,515 - INFO - allennlp.training.trainer - Training start_acc : 0.767748    Validation start_acc : 0.594607 
2018-03-30 00:16:21,516 - INFO - allennlp.training.trainer - Training f1 : 0.856848    Validation f1 : 0.740559 
2018-03-30 00:16:21,516 - INFO - allennlp.training.trainer - Training loss : 1.340168    Validation loss : 3.106909 
2018-03-30 00:16:21,516 - INFO - allennlp.training.trainer - Training em : 0.736390    Validation em : 0.631031 
2018-03-30 00:16:21,516 - INFO - allennlp.training.trainer - Epoch duration: 00:14:18
2018-03-30 00:16:21,516 - INFO - allennlp.training.trainer - Estimated training time remaining: 02:27:41
2018-03-30 00:16:21,516 - INFO - allennlp.training.trainer - Epoch 10/19
2018-03-30 00:16:21,517 - INFO - allennlp.training.trainer - Peak CPU memory usage MB: 8485.004
2018-03-30 00:16:21,835 - INFO - allennlp.training.trainer - GPU 0 memory usage MB: 12200
2018-03-30 00:16:21,835 - INFO - allennlp.training.trainer - GPU 1 memory usage MB: 9121
2018-03-30 00:16:21,835 - INFO - allennlp.training.trainer - GPU 2 memory usage MB: 11742
2018-03-30 00:16:21,835 - INFO - allennlp.training.trainer - GPU 3 memory usage MB: 9122
2018-03-30 00:16:21,837 - INFO - allennlp.training.trainer - Training
2018-03-30 00:29:57,110 - INFO - allennlp.training.trainer - Validating
2018-03-30 00:30:43,641 - INFO - allennlp.training.trainer - Training end_acc : 0.851071    Validation end_acc : 0.636045 
2018-03-30 00:30:43,642 - INFO - allennlp.training.trainer - Training span_acc : 0.729917    Validation span_acc : 0.507852 
2018-03-30 00:30:43,642 - INFO - allennlp.training.trainer - Training start_acc : 0.805911    Validation start_acc : 0.598297 
2018-03-30 00:30:43,642 - INFO - allennlp.training.trainer - Training f1 : 0.889046    Validation f1 : 0.743227 
2018-03-30 00:30:43,642 - INFO - allennlp.training.trainer - Training loss : 1.064765    Validation loss : 3.328461 
2018-03-30 00:30:43,643 - INFO - allennlp.training.trainer - Training em : 0.781139    Validation em : 0.638032 
2018-03-30 00:30:43,643 - INFO - allennlp.training.trainer - Epoch duration: 00:14:22
2018-03-30 00:30:43,643 - INFO - allennlp.training.trainer - Estimated training time remaining: 02:12:35
2018-03-30 00:30:43,643 - INFO - allennlp.training.trainer - Epoch 11/19
2018-03-30 00:30:43,643 - INFO - allennlp.training.trainer - Peak CPU memory usage MB: 8488.108
2018-03-30 00:30:44,610 - INFO - allennlp.training.trainer - GPU 0 memory usage MB: 12200
2018-03-30 00:30:44,611 - INFO - allennlp.training.trainer - GPU 1 memory usage MB: 9121
2018-03-30 00:30:44,611 - INFO - allennlp.training.trainer - GPU 2 memory usage MB: 11742
2018-03-30 00:30:44,611 - INFO - allennlp.training.trainer - GPU 3 memory usage MB: 9122
2018-03-30 00:30:44,612 - INFO - allennlp.training.trainer - Training
2018-03-30 00:44:18,084 - INFO - allennlp.training.trainer - Validating
2018-03-30 00:45:02,799 - INFO - allennlp.training.trainer - Training end_acc : 0.867841    Validation end_acc : 0.632167 
2018-03-30 00:45:02,800 - INFO - allennlp.training.trainer - Training span_acc : 0.755157    Validation span_acc : 0.500662 
2018-03-30 00:45:02,800 - INFO - allennlp.training.trainer - Training start_acc : 0.825991    Validation start_acc : 0.589877 
2018-03-30 00:45:02,800 - INFO - allennlp.training.trainer - Training f1 : 0.902733    Validation f1 : 0.735167 
2018-03-30 00:45:02,801 - INFO - allennlp.training.trainer - Training loss : 0.935892    Validation loss : 3.512377 
2018-03-30 00:45:02,801 - INFO - allennlp.training.trainer - Training em : 0.802726    Validation em : 0.626963 
2018-03-30 00:45:02,801 - INFO - allennlp.training.trainer - Epoch duration: 00:14:19
2018-03-30 00:45:02,801 - INFO - allennlp.training.trainer - Estimated training time remaining: 01:57:35
2018-03-30 00:45:02,801 - INFO - allennlp.training.trainer - Epoch 12/19
2018-03-30 00:45:02,801 - INFO - allennlp.training.trainer - Peak CPU memory usage MB: 8492.792
2018-03-30 00:45:03,630 - INFO - allennlp.training.trainer - GPU 0 memory usage MB: 12200
2018-03-30 00:45:03,631 - INFO - allennlp.training.trainer - GPU 1 memory usage MB: 9121
2018-03-30 00:45:03,631 - INFO - allennlp.training.trainer - GPU 2 memory usage MB: 11742
2018-03-30 00:45:03,631 - INFO - allennlp.training.trainer - GPU 3 memory usage MB: 9122
2018-03-30 00:45:03,632 - INFO - allennlp.training.trainer - Training
2018-03-30 00:58:41,520 - INFO - allennlp.training.trainer - Validating
2018-03-30 00:59:29,693 - INFO - allennlp.training.trainer - Training end_acc : 0.877955    Validation end_acc : 0.625449 
2018-03-30 00:59:29,694 - INFO - allennlp.training.trainer - Training span_acc : 0.770534    Validation span_acc : 0.492526 
2018-03-30 00:59:29,694 - INFO - allennlp.training.trainer - Training start_acc : 0.838320    Validation start_acc : 0.581268 
2018-03-30 00:59:29,695 - INFO - allennlp.training.trainer - Training f1 : 0.910478    Validation f1 : 0.730261 
2018-03-30 00:59:29,695 - INFO - allennlp.training.trainer - Training loss : 0.861704    Validation loss : 3.686806 
2018-03-30 00:59:29,695 - INFO - allennlp.training.trainer - Training em : 0.816082    Validation em : 0.620908 
2018-03-30 00:59:29,695 - INFO - allennlp.training.trainer - Epoch duration: 00:14:26
2018-03-30 00:59:29,695 - INFO - allennlp.training.trainer - Estimated training time remaining: 01:42:45
2018-03-30 00:59:29,695 - INFO - allennlp.training.trainer - Epoch 13/19
2018-03-30 00:59:29,695 - INFO - allennlp.training.trainer - Peak CPU memory usage MB: 8496.388
2018-03-30 00:59:30,227 - INFO - allennlp.training.trainer - GPU 0 memory usage MB: 12200
2018-03-30 00:59:30,227 - INFO - allennlp.training.trainer - GPU 1 memory usage MB: 9121
2018-03-30 00:59:30,227 - INFO - allennlp.training.trainer - GPU 2 memory usage MB: 11742
2018-03-30 00:59:30,227 - INFO - allennlp.training.trainer - GPU 3 memory usage MB: 9122
2018-03-30 00:59:30,229 - INFO - allennlp.training.trainer - Training
2018-03-30 01:12:59,601 - INFO - allennlp.training.trainer - Validating
2018-03-30 01:13:41,446 - INFO - allennlp.training.trainer - Training end_acc : 0.899348    Validation end_acc : 0.625544 
2018-03-30 01:13:41,450 - INFO - allennlp.training.trainer - Training span_acc : 0.801048    Validation span_acc : 0.491580 
2018-03-30 01:13:41,450 - INFO - allennlp.training.trainer - Training start_acc : 0.860352    Validation start_acc : 0.581362 
2018-03-30 01:13:41,450 - INFO - allennlp.training.trainer - Training f1 : 0.925746    Validation f1 : 0.733307 
2018-03-30 01:13:41,450 - INFO - allennlp.training.trainer - Training loss : 0.722071    Validation loss : 3.954463 
2018-03-30 01:13:41,450 - INFO - allennlp.training.trainer - Training em : 0.841836    Validation em : 0.621665 
2018-03-30 01:13:41,450 - INFO - allennlp.training.trainer - Epoch duration: 00:14:11
2018-03-30 01:13:41,450 - INFO - allennlp.training.trainer - Estimated training time remaining: 01:27:52
2018-03-30 01:13:41,451 - INFO - allennlp.training.trainer - Epoch 14/19
2018-03-30 01:13:41,451 - INFO - allennlp.training.trainer - Peak CPU memory usage MB: 8500.996
2018-03-30 01:13:41,794 - INFO - allennlp.training.trainer - GPU 0 memory usage MB: 12200
2018-03-30 01:13:41,794 - INFO - allennlp.training.trainer - GPU 1 memory usage MB: 9121
2018-03-30 01:13:41,795 - INFO - allennlp.training.trainer - GPU 2 memory usage MB: 11742
2018-03-30 01:13:41,795 - INFO - allennlp.training.trainer - GPU 3 memory usage MB: 9122
2018-03-30 01:13:41,797 - INFO - allennlp.training.trainer - Training
2018-03-30 01:27:16,501 - INFO - allennlp.training.trainer - Validating
2018-03-30 01:27:56,024 - INFO - allennlp.training.trainer - Training end_acc : 0.908412    Validation end_acc : 0.619773 
2018-03-30 01:27:56,026 - INFO - allennlp.training.trainer - Training span_acc : 0.814039    Validation span_acc : 0.485904 
2018-03-30 01:27:56,027 - INFO - allennlp.training.trainer - Training start_acc : 0.869473    Validation start_acc : 0.578240 
2018-03-30 01:27:56,027 - INFO - allennlp.training.trainer - Training f1 : 0.932296    Validation f1 : 0.731959 
2018-03-30 01:27:56,027 - INFO - allennlp.training.trainer - Training loss : 0.659016    Validation loss : 4.169380 
2018-03-30 01:27:56,027 - INFO - allennlp.training.trainer - Training em : 0.852761    Validation em : 0.617219 
2018-03-30 01:27:56,027 - INFO - allennlp.training.trainer - Epoch duration: 00:14:14
2018-03-30 01:27:56,027 - INFO - allennlp.training.trainer - Estimated training time remaining: 01:13:05
2018-03-30 01:27:56,027 - INFO - allennlp.training.trainer - Epoch 15/19
2018-03-30 01:27:56,027 - INFO - allennlp.training.trainer - Peak CPU memory usage MB: 8505.344
2018-03-30 01:27:56,998 - INFO - allennlp.training.trainer - GPU 0 memory usage MB: 12200
2018-03-30 01:27:56,998 - INFO - allennlp.training.trainer - GPU 1 memory usage MB: 9121
2018-03-30 01:27:56,999 - INFO - allennlp.training.trainer - GPU 2 memory usage MB: 11742
2018-03-30 01:27:56,999 - INFO - allennlp.training.trainer - GPU 3 memory usage MB: 9122
2018-03-30 01:27:57,001 - INFO - allennlp.training.trainer - Training
2018-03-30 01:41:32,641 - INFO - allennlp.training.trainer - Validating
2018-03-30 01:42:16,892 - INFO - allennlp.training.trainer - Training end_acc : 0.913058    Validation end_acc : 0.624503 
2018-03-30 01:42:16,897 - INFO - allennlp.training.trainer - Training span_acc : 0.824119    Validation span_acc : 0.490634 
2018-03-30 01:42:16,897 - INFO - allennlp.training.trainer - Training start_acc : 0.877316    Validation start_acc : 0.580889 
2018-03-30 01:42:16,897 - INFO - allennlp.training.trainer - Training f1 : 0.936219    Validation f1 : 0.731515 
2018-03-30 01:42:16,897 - INFO - allennlp.training.trainer - Training loss : 0.618842    Validation loss : 4.248467 
2018-03-30 01:42:16,897 - INFO - allennlp.training.trainer - Training em : 0.860466    Validation em : 0.619678 
2018-03-30 01:42:16,897 - INFO - allennlp.training.trainer - Epoch duration: 00:14:20
2018-03-30 01:42:16,897 - INFO - allennlp.training.trainer - Estimated training time remaining: 00:58:24
2018-03-30 01:42:16,898 - INFO - allennlp.training.trainer - Epoch 16/19
2018-03-30 01:42:16,898 - INFO - allennlp.training.trainer - Peak CPU memory usage MB: 8509.788
2018-03-30 01:42:17,469 - INFO - allennlp.training.trainer - GPU 0 memory usage MB: 12200
2018-03-30 01:42:17,469 - INFO - allennlp.training.trainer - GPU 1 memory usage MB: 9121
2018-03-30 01:42:17,469 - INFO - allennlp.training.trainer - GPU 2 memory usage MB: 11742
2018-03-30 01:42:17,469 - INFO - allennlp.training.trainer - GPU 3 memory usage MB: 9122
2018-03-30 01:42:17,471 - INFO - allennlp.training.trainer - Training
2018-03-30 01:55:48,767 - INFO - allennlp.training.trainer - Validating
2018-03-30 01:56:25,427 - INFO - allennlp.training.trainer - Ran out of patience.  Stopping training.
2018-03-30 01:56:25,439 - INFO - allennlp.models.archival - archiving weights and vocabulary to output/squad_counter/model.tar.gz
2018-03-30 01:56:32,925 - INFO - allennlp.commands.train - Metrics: {
  "training_duration": "04:07:45",
  "training_start_epoch": 0,
  "training_epochs": 16,
  "training_start_acc": 0.8889713352892157,
  "training_end_acc": 0.9238918252491467,
  "training_span_acc": 0.8405689562666241,
  "training_em": 0.874541946825877,
  "training_f1": 0.9435591189567342,
  "training_loss": 0.5506312847137451,
  "validation_start_acc": 0.5771050141911069,
  "validation_end_acc": 0.6214758751182592,
  "validation_span_acc": 0.48722800378429515,
  "validation_em": 0.6168401135288553,
  "validation_f1": 0.7301575018385159,
  "validation_loss": 4.4720635414123535,
  "best_validation_em": 0.6552507095553454,
  "best_epoch": 6
}
