2018-04-02 18:39:49,124 - INFO - allennlp.common.params - dataset_reader.type = squad
2018-04-02 18:39:49,125 - INFO - allennlp.common.params - dataset_reader.tokenizer.type = word
2018-04-02 18:39:49,125 - INFO - allennlp.common.params - dataset_reader.tokenizer.word_splitter.type = spacy
2018-04-02 18:39:49,125 - INFO - allennlp.common.params - dataset_reader.tokenizer.word_splitter.language = en_core_web_sm
2018-04-02 18:39:49,125 - INFO - allennlp.common.params - dataset_reader.tokenizer.word_splitter.pos_tags = False
2018-04-02 18:39:49,125 - INFO - allennlp.common.params - dataset_reader.tokenizer.word_splitter.parse = False
2018-04-02 18:39:49,125 - INFO - allennlp.common.params - dataset_reader.tokenizer.word_splitter.ner = False
2018-04-02 18:39:49,463 - INFO - allennlp.common.params - dataset_reader.tokenizer.word_filter.type = pass_through
2018-04-02 18:39:49,463 - INFO - allennlp.common.params - dataset_reader.tokenizer.word_stemmer.type = pass_through
2018-04-02 18:39:49,463 - INFO - allennlp.common.params - dataset_reader.tokenizer.start_tokens = None
2018-04-02 18:39:49,463 - INFO - allennlp.common.params - dataset_reader.tokenizer.end_tokens = None
2018-04-02 18:39:49,463 - INFO - allennlp.common.params - dataset_reader.token_indexers.tokens.type = single_id
2018-04-02 18:39:49,463 - INFO - allennlp.common.params - dataset_reader.token_indexers.tokens.namespace = tokens
2018-04-02 18:39:49,463 - INFO - allennlp.common.params - dataset_reader.token_indexers.tokens.lowercase_tokens = True
2018-04-02 18:39:49,464 - INFO - allennlp.common.params - dataset_reader.token_indexers.token_characters.type = characters
2018-04-02 18:39:49,464 - INFO - allennlp.common.params - dataset_reader.token_indexers.token_characters.namespace = token_characters
2018-04-02 18:39:49,464 - INFO - allennlp.common.params - dataset_reader.token_indexers.token_characters.character_tokenizer.byte_encoding = utf-8
2018-04-02 18:39:49,464 - INFO - allennlp.common.params - dataset_reader.token_indexers.token_characters.character_tokenizer.lowercase_characters = False
2018-04-02 18:39:49,464 - INFO - allennlp.common.params - dataset_reader.token_indexers.token_characters.character_tokenizer.start_tokens = [259]
2018-04-02 18:39:49,464 - INFO - allennlp.common.params - dataset_reader.token_indexers.token_characters.character_tokenizer.end_tokens = [260]
2018-04-02 18:39:49,464 - INFO - allennlp.common.params - dataset_reader.lazy = False
2018-04-02 18:39:49,464 - INFO - allennlp.common.params - validation_dataset_reader = None
2018-04-02 18:39:49,464 - INFO - allennlp.common.params - train_data_path = data/NewsQA/train-v1.1.json
2018-04-02 18:39:49,464 - INFO - allennlp.commands.train - Reading training data from data/NewsQA/train-v1.1.json
2018-04-02 18:39:49,466 - INFO - allennlp.data.dataset_readers.reading_comprehension.squad - Reading file at data/NewsQA/train-v1.1.json
2018-04-02 18:39:50,458 - INFO - allennlp.data.dataset_readers.reading_comprehension.squad - Reading the dataset
Index Error
---


NUMBER OF INSTANCES: 


---- 87375
2018-04-02 18:44:13,729 - INFO - allennlp.common.params - validation_data_path = data/NewsQA/dev-v1.1.json
2018-04-02 18:44:13,729 - INFO - allennlp.commands.train - Reading validation data from data/NewsQA/dev-v1.1.json
2018-04-02 18:44:13,730 - INFO - allennlp.data.dataset_readers.reading_comprehension.squad - Reading file at data/NewsQA/dev-v1.1.json
2018-04-02 18:44:13,772 - INFO - allennlp.data.dataset_readers.reading_comprehension.squad - Reading the dataset
---


NUMBER OF INSTANCES: 


---- 4943
2018-04-02 18:44:25,912 - INFO - allennlp.common.params - test_data_path = None
2018-04-02 18:44:25,913 - INFO - allennlp.commands.train - Creating a vocabulary using train, validation data.
2018-04-02 18:44:25,913 - INFO - allennlp.common.params - vocabulary.directory_path = None
2018-04-02 18:44:25,913 - INFO - allennlp.common.params - vocabulary.min_count = None
2018-04-02 18:44:25,913 - INFO - allennlp.common.params - vocabulary.max_vocab_size = None
2018-04-02 18:44:25,913 - INFO - allennlp.common.params - vocabulary.non_padded_namespaces = ('*tags', '*labels')
2018-04-02 18:44:25,913 - INFO - allennlp.common.params - vocabulary.only_include_pretrained_words = False
2018-04-02 18:44:25,914 - INFO - allennlp.data.vocabulary - Fitting token dictionary from dataset.
2018-04-02 18:55:44,937 - INFO - allennlp.common.params - model.type = bidaf
2018-04-02 18:55:44,937 - INFO - allennlp.common.params - model.text_field_embedder.type = basic
2018-04-02 18:55:44,938 - INFO - allennlp.common.params - model.text_field_embedder.tokens.type = embedding
2018-04-02 18:55:44,938 - INFO - allennlp.common.params - model.text_field_embedder.tokens.num_embeddings = None
2018-04-02 18:55:44,938 - INFO - allennlp.common.params - model.text_field_embedder.tokens.vocab_namespace = tokens
2018-04-02 18:55:44,938 - INFO - allennlp.common.params - model.text_field_embedder.tokens.embedding_dim = 100
2018-04-02 18:55:44,938 - INFO - allennlp.common.params - model.text_field_embedder.tokens.pretrained_file = https://s3-us-west-2.amazonaws.com/allennlp/datasets/glove/glove.6B.100d.txt.gz
2018-04-02 18:55:44,938 - INFO - allennlp.common.params - model.text_field_embedder.tokens.projection_dim = None
2018-04-02 18:55:44,938 - INFO - allennlp.common.params - model.text_field_embedder.tokens.trainable = False
2018-04-02 18:55:44,938 - INFO - allennlp.common.params - model.text_field_embedder.tokens.padding_index = None
2018-04-02 18:55:44,938 - INFO - allennlp.common.params - model.text_field_embedder.tokens.max_norm = None
2018-04-02 18:55:44,938 - INFO - allennlp.common.params - model.text_field_embedder.tokens.norm_type = 2.0
2018-04-02 18:55:44,938 - INFO - allennlp.common.params - model.text_field_embedder.tokens.scale_grad_by_freq = False
2018-04-02 18:55:44,938 - INFO - allennlp.common.params - model.text_field_embedder.tokens.sparse = False
2018-04-02 18:55:44,944 - INFO - allennlp.modules.token_embedders.embedding - Reading embeddings from file
2018-04-02 18:55:52,597 - INFO - allennlp.modules.token_embedders.embedding - Initializing pre-trained embedding layer
2018-04-02 18:55:53,489 - INFO - allennlp.common.params - model.text_field_embedder.token_characters.type = character_encoding
2018-04-02 18:55:53,489 - INFO - allennlp.common.params - model.text_field_embedder.token_characters.embedding.num_embeddings = 262
2018-04-02 18:55:53,489 - INFO - allennlp.common.params - model.text_field_embedder.token_characters.embedding.vocab_namespace = token_characters
2018-04-02 18:55:53,489 - INFO - allennlp.common.params - model.text_field_embedder.token_characters.embedding.embedding_dim = 16
2018-04-02 18:55:53,489 - INFO - allennlp.common.params - model.text_field_embedder.token_characters.embedding.pretrained_file = None
2018-04-02 18:55:53,489 - INFO - allennlp.common.params - model.text_field_embedder.token_characters.embedding.projection_dim = None
2018-04-02 18:55:53,489 - INFO - allennlp.common.params - model.text_field_embedder.token_characters.embedding.trainable = True
2018-04-02 18:55:53,489 - INFO - allennlp.common.params - model.text_field_embedder.token_characters.embedding.padding_index = None
2018-04-02 18:55:53,490 - INFO - allennlp.common.params - model.text_field_embedder.token_characters.embedding.max_norm = None
2018-04-02 18:55:53,490 - INFO - allennlp.common.params - model.text_field_embedder.token_characters.embedding.norm_type = 2.0
2018-04-02 18:55:53,490 - INFO - allennlp.common.params - model.text_field_embedder.token_characters.embedding.scale_grad_by_freq = False
2018-04-02 18:55:53,490 - INFO - allennlp.common.params - model.text_field_embedder.token_characters.embedding.sparse = False
2018-04-02 18:55:53,490 - INFO - allennlp.common.params - model.text_field_embedder.token_characters.encoder.type = cnn
2018-04-02 18:55:53,490 - INFO - allennlp.common.params - model.text_field_embedder.token_characters.encoder.embedding_dim = 16
2018-04-02 18:55:53,490 - INFO - allennlp.common.params - model.text_field_embedder.token_characters.encoder.output_dim = None
2018-04-02 18:55:53,490 - INFO - allennlp.common.params - model.text_field_embedder.token_characters.encoder.num_filters = 100
2018-04-02 18:55:53,491 - INFO - allennlp.common.params - model.text_field_embedder.token_characters.encoder.conv_layer_activation = relu
2018-04-02 18:55:53,491 - INFO - allennlp.common.params - model.text_field_embedder.token_characters.encoder.ngram_filter_sizes = [5]
2018-04-02 18:55:53,492 - INFO - allennlp.common.params - model.text_field_embedder.token_characters.dropout = 0.2
2018-04-02 18:55:53,493 - INFO - allennlp.common.params - model.num_highway_layers = 2
2018-04-02 18:55:53,493 - INFO - allennlp.common.params - model.phrase_layer.type = lstm
2018-04-02 18:55:53,493 - INFO - allennlp.common.params - model.phrase_layer.batch_first = True
2018-04-02 18:55:53,493 - INFO - allennlp.common.params - Converting Params object to dict; logging of default values will not occur when dictionary parameters are used subsequently.
2018-04-02 18:55:53,493 - INFO - allennlp.common.params - CURRENTLY DEFINED PARAMETERS: 
2018-04-02 18:55:53,493 - INFO - allennlp.common.params - model.phrase_layer.bidirectional = True
2018-04-02 18:55:53,493 - INFO - allennlp.common.params - model.phrase_layer.input_size = 200
2018-04-02 18:55:53,493 - INFO - allennlp.common.params - model.phrase_layer.hidden_size = 100
2018-04-02 18:55:53,493 - INFO - allennlp.common.params - model.phrase_layer.num_layers = 1
2018-04-02 18:55:53,493 - INFO - allennlp.common.params - model.phrase_layer.dropout = 0.2
2018-04-02 18:55:53,493 - INFO - allennlp.common.params - model.phrase_layer.batch_first = True
2018-04-02 18:55:53,495 - INFO - allennlp.common.params - model.similarity_function.type = linear
2018-04-02 18:55:53,495 - INFO - allennlp.common.params - model.similarity_function.tensor_1_dim = 200
2018-04-02 18:55:53,496 - INFO - allennlp.common.params - model.similarity_function.tensor_2_dim = 200
2018-04-02 18:55:53,496 - INFO - allennlp.common.params - model.similarity_function.combination = x,y,x*y
2018-04-02 18:55:53,496 - INFO - allennlp.common.params - model.similarity_function.activation = linear
2018-04-02 18:55:53,496 - INFO - allennlp.common.params - model.modeling_layer.type = lstm
2018-04-02 18:55:53,496 - INFO - allennlp.common.params - model.modeling_layer.batch_first = True
2018-04-02 18:55:53,496 - INFO - allennlp.common.params - Converting Params object to dict; logging of default values will not occur when dictionary parameters are used subsequently.
2018-04-02 18:55:53,496 - INFO - allennlp.common.params - CURRENTLY DEFINED PARAMETERS: 
2018-04-02 18:55:53,496 - INFO - allennlp.common.params - model.modeling_layer.bidirectional = True
2018-04-02 18:55:53,496 - INFO - allennlp.common.params - model.modeling_layer.input_size = 800
2018-04-02 18:55:53,496 - INFO - allennlp.common.params - model.modeling_layer.hidden_size = 100
2018-04-02 18:55:53,496 - INFO - allennlp.common.params - model.modeling_layer.num_layers = 2
2018-04-02 18:55:53,496 - INFO - allennlp.common.params - model.modeling_layer.dropout = 0.2
2018-04-02 18:55:53,496 - INFO - allennlp.common.params - model.modeling_layer.batch_first = True
2018-04-02 18:55:53,503 - INFO - allennlp.common.params - model.span_end_encoder.type = lstm
2018-04-02 18:55:53,503 - INFO - allennlp.common.params - model.span_end_encoder.batch_first = True
2018-04-02 18:55:53,503 - INFO - allennlp.common.params - Converting Params object to dict; logging of default values will not occur when dictionary parameters are used subsequently.
2018-04-02 18:55:53,503 - INFO - allennlp.common.params - CURRENTLY DEFINED PARAMETERS: 
2018-04-02 18:55:53,503 - INFO - allennlp.common.params - model.span_end_encoder.bidirectional = True
2018-04-02 18:55:53,503 - INFO - allennlp.common.params - model.span_end_encoder.input_size = 1400
2018-04-02 18:55:53,503 - INFO - allennlp.common.params - model.span_end_encoder.hidden_size = 100
2018-04-02 18:55:53,504 - INFO - allennlp.common.params - model.span_end_encoder.num_layers = 1
2018-04-02 18:55:53,504 - INFO - allennlp.common.params - model.span_end_encoder.dropout = 0.2
2018-04-02 18:55:53,504 - INFO - allennlp.common.params - model.span_end_encoder.batch_first = True
2018-04-02 18:55:53,512 - INFO - allennlp.common.params - model.dropout = 0.2
2018-04-02 18:55:53,512 - INFO - allennlp.common.params - model.initializer = []
2018-04-02 18:55:53,512 - INFO - allennlp.common.params - model.regularizer = []
2018-04-02 18:55:53,512 - INFO - allennlp.common.params - model.mask_lstms = True
2018-04-02 18:55:53,514 - INFO - allennlp.nn.initializers - Initializing parameters
2018-04-02 18:55:53,514 - INFO - allennlp.nn.initializers - Done initializing parameters; the following parameters are using their default initialization from their code
2018-04-02 18:55:53,514 - INFO - allennlp.nn.initializers -    _highway_layer._module._layers.0.bias
2018-04-02 18:55:53,514 - INFO - allennlp.nn.initializers -    _highway_layer._module._layers.0.weight
2018-04-02 18:55:53,514 - INFO - allennlp.nn.initializers -    _highway_layer._module._layers.1.bias
2018-04-02 18:55:53,514 - INFO - allennlp.nn.initializers -    _highway_layer._module._layers.1.weight
2018-04-02 18:55:53,514 - INFO - allennlp.nn.initializers -    _matrix_attention._similarity_function._bias
2018-04-02 18:55:53,514 - INFO - allennlp.nn.initializers -    _matrix_attention._similarity_function._weight_vector
2018-04-02 18:55:53,514 - INFO - allennlp.nn.initializers -    _modeling_layer._module.bias_hh_l0
2018-04-02 18:55:53,514 - INFO - allennlp.nn.initializers -    _modeling_layer._module.bias_hh_l0_reverse
2018-04-02 18:55:53,514 - INFO - allennlp.nn.initializers -    _modeling_layer._module.bias_hh_l1
2018-04-02 18:55:53,514 - INFO - allennlp.nn.initializers -    _modeling_layer._module.bias_hh_l1_reverse
2018-04-02 18:55:53,514 - INFO - allennlp.nn.initializers -    _modeling_layer._module.bias_ih_l0
2018-04-02 18:55:53,515 - INFO - allennlp.nn.initializers -    _modeling_layer._module.bias_ih_l0_reverse
2018-04-02 18:55:53,515 - INFO - allennlp.nn.initializers -    _modeling_layer._module.bias_ih_l1
2018-04-02 18:55:53,515 - INFO - allennlp.nn.initializers -    _modeling_layer._module.bias_ih_l1_reverse
2018-04-02 18:55:53,515 - INFO - allennlp.nn.initializers -    _modeling_layer._module.weight_hh_l0
2018-04-02 18:55:53,515 - INFO - allennlp.nn.initializers -    _modeling_layer._module.weight_hh_l0_reverse
2018-04-02 18:55:53,515 - INFO - allennlp.nn.initializers -    _modeling_layer._module.weight_hh_l1
2018-04-02 18:55:53,515 - INFO - allennlp.nn.initializers -    _modeling_layer._module.weight_hh_l1_reverse
2018-04-02 18:55:53,515 - INFO - allennlp.nn.initializers -    _modeling_layer._module.weight_ih_l0
2018-04-02 18:55:53,515 - INFO - allennlp.nn.initializers -    _modeling_layer._module.weight_ih_l0_reverse
2018-04-02 18:55:53,515 - INFO - allennlp.nn.initializers -    _modeling_layer._module.weight_ih_l1
2018-04-02 18:55:53,515 - INFO - allennlp.nn.initializers -    _modeling_layer._module.weight_ih_l1_reverse
2018-04-02 18:55:53,515 - INFO - allennlp.nn.initializers -    _phrase_layer._module.bias_hh_l0
2018-04-02 18:55:53,515 - INFO - allennlp.nn.initializers -    _phrase_layer._module.bias_hh_l0_reverse
2018-04-02 18:55:53,515 - INFO - allennlp.nn.initializers -    _phrase_layer._module.bias_ih_l0
2018-04-02 18:55:53,515 - INFO - allennlp.nn.initializers -    _phrase_layer._module.bias_ih_l0_reverse
2018-04-02 18:55:53,515 - INFO - allennlp.nn.initializers -    _phrase_layer._module.weight_hh_l0
2018-04-02 18:55:53,515 - INFO - allennlp.nn.initializers -    _phrase_layer._module.weight_hh_l0_reverse
2018-04-02 18:55:53,515 - INFO - allennlp.nn.initializers -    _phrase_layer._module.weight_ih_l0
2018-04-02 18:55:53,515 - INFO - allennlp.nn.initializers -    _phrase_layer._module.weight_ih_l0_reverse
2018-04-02 18:55:53,515 - INFO - allennlp.nn.initializers -    _span_end_encoder._module.bias_hh_l0
2018-04-02 18:55:53,516 - INFO - allennlp.nn.initializers -    _span_end_encoder._module.bias_hh_l0_reverse
2018-04-02 18:55:53,516 - INFO - allennlp.nn.initializers -    _span_end_encoder._module.bias_ih_l0
2018-04-02 18:55:53,516 - INFO - allennlp.nn.initializers -    _span_end_encoder._module.bias_ih_l0_reverse
2018-04-02 18:55:53,516 - INFO - allennlp.nn.initializers -    _span_end_encoder._module.weight_hh_l0
2018-04-02 18:55:53,516 - INFO - allennlp.nn.initializers -    _span_end_encoder._module.weight_hh_l0_reverse
2018-04-02 18:55:53,516 - INFO - allennlp.nn.initializers -    _span_end_encoder._module.weight_ih_l0
2018-04-02 18:55:53,516 - INFO - allennlp.nn.initializers -    _span_end_encoder._module.weight_ih_l0_reverse
2018-04-02 18:55:53,516 - INFO - allennlp.nn.initializers -    _span_end_predictor._module.bias
2018-04-02 18:55:53,516 - INFO - allennlp.nn.initializers -    _span_end_predictor._module.weight
2018-04-02 18:55:53,516 - INFO - allennlp.nn.initializers -    _span_start_predictor._module.bias
2018-04-02 18:55:53,516 - INFO - allennlp.nn.initializers -    _span_start_predictor._module.weight
2018-04-02 18:55:53,516 - INFO - allennlp.nn.initializers -    _text_field_embedder.token_embedder_token_characters._embedding._module.weight
2018-04-02 18:55:53,516 - INFO - allennlp.nn.initializers -    _text_field_embedder.token_embedder_token_characters._encoder._module.conv_layer_0.bias
2018-04-02 18:55:53,516 - INFO - allennlp.nn.initializers -    _text_field_embedder.token_embedder_token_characters._encoder._module.conv_layer_0.weight
2018-04-02 18:55:53,516 - INFO - allennlp.nn.initializers -    _text_field_embedder.token_embedder_tokens.weight
2018-04-02 18:55:53,516 - INFO - allennlp.common.params - iterator.type = bucket
2018-04-02 18:55:53,516 - INFO - allennlp.common.params - iterator.sorting_keys = [['passage', 'num_tokens'], ['question', 'num_tokens']]
2018-04-02 18:55:53,517 - INFO - allennlp.common.params - iterator.padding_noise = 0.1
2018-04-02 18:55:53,517 - INFO - allennlp.common.params - iterator.biggest_batch_first = False
2018-04-02 18:55:53,517 - INFO - allennlp.common.params - iterator.batch_size = 15
2018-04-02 18:55:53,517 - INFO - allennlp.common.params - iterator.instances_per_epoch = None
2018-04-02 18:55:53,517 - INFO - allennlp.common.params - iterator.max_instances_in_memory = None
2018-04-02 18:55:53,517 - INFO - allennlp.common.params - trainer.patience = 10
2018-04-02 18:55:53,517 - INFO - allennlp.common.params - trainer.validation_metric = +em
2018-04-02 18:55:53,517 - INFO - allennlp.common.params - trainer.num_epochs = 20
2018-04-02 18:55:53,517 - INFO - allennlp.common.params - trainer.cuda_device = 0
2018-04-02 18:55:53,517 - INFO - allennlp.common.params - trainer.grad_norm = 5.0
2018-04-02 18:55:53,517 - INFO - allennlp.common.params - trainer.grad_clipping = None
2018-04-02 18:55:56,928 - INFO - allennlp.common.params - trainer.optimizer.type = adam
2018-04-02 18:55:56,928 - INFO - allennlp.common.params - trainer.optimizer.parameter_groups = None
2018-04-02 18:55:56,928 - INFO - allennlp.common.params - Converting Params object to dict; logging of default values will not occur when dictionary parameters are used subsequently.
2018-04-02 18:55:56,928 - INFO - allennlp.common.params - CURRENTLY DEFINED PARAMETERS: 
2018-04-02 18:55:56,928 - INFO - allennlp.common.params - trainer.optimizer.betas = [0.9, 0.9]
2018-04-02 18:55:56,929 - INFO - allennlp.common.params - trainer.learning_rate_scheduler.type = reduce_on_plateau
2018-04-02 18:55:56,929 - INFO - allennlp.common.params - Converting Params object to dict; logging of default values will not occur when dictionary parameters are used subsequently.
2018-04-02 18:55:56,929 - INFO - allennlp.common.params - CURRENTLY DEFINED PARAMETERS: 
2018-04-02 18:55:56,929 - INFO - allennlp.common.params - trainer.learning_rate_scheduler.factor = 0.5
2018-04-02 18:55:56,929 - INFO - allennlp.common.params - trainer.learning_rate_scheduler.mode = max
2018-04-02 18:55:56,929 - INFO - allennlp.common.params - trainer.learning_rate_scheduler.patience = 2
2018-04-02 18:55:56,929 - INFO - allennlp.common.params - trainer.num_serialized_models_to_keep = None
2018-04-02 18:55:56,929 - INFO - allennlp.common.params - trainer.keep_serialized_model_every_num_seconds = None
2018-04-02 18:55:56,929 - INFO - allennlp.common.params - trainer.model_save_interval = None
2018-04-02 18:55:56,929 - INFO - allennlp.common.params - trainer.summary_interval = 100
2018-04-02 18:55:56,929 - INFO - allennlp.common.params - trainer.histogram_interval = None
2018-04-02 18:55:56,940 - INFO - allennlp.common.params - evaluate_on_test = False
2018-04-02 18:55:56,941 - INFO - allennlp.training.trainer - Beginning training.
2018-04-02 18:55:56,941 - INFO - allennlp.training.trainer - Epoch 0/19
2018-04-02 18:55:56,941 - INFO - allennlp.training.trainer - Peak CPU memory usage MB: 17188.704
2018-04-02 18:55:57,602 - INFO - allennlp.training.trainer - GPU 0 memory usage MB: 448
2018-04-02 18:55:57,603 - INFO - allennlp.training.trainer - GPU 1 memory usage MB: 14036
2018-04-02 18:55:57,603 - INFO - allennlp.training.trainer - GPU 2 memory usage MB: 1
2018-04-02 18:55:57,603 - INFO - allennlp.training.trainer - GPU 3 memory usage MB: 1
2018-04-02 18:55:57,604 - INFO - allennlp.training.trainer - Training
2018-04-02 21:09:38,613 - INFO - allennlp.training.trainer - Validating
2018-04-02 21:12:58,901 - INFO - allennlp.training.trainer - Best validation performance so far. Copying weights to 'output/newsqa_batchsize_15/best.th'.
2018-04-02 21:12:59,589 - INFO - allennlp.training.trainer - Training end_acc : 0.238810    Validation end_acc : 0.390653 
2018-04-02 21:12:59,590 - INFO - allennlp.training.trainer - Training start_acc : 0.204647    Validation start_acc : 0.341695 
2018-04-02 21:12:59,590 - INFO - allennlp.training.trainer - Training f1 : 0.286748    Validation f1 : 0.445637 
2018-04-02 21:12:59,590 - INFO - allennlp.training.trainer - Training em : 0.165871    Validation em : 0.296986 
2018-04-02 21:12:59,591 - INFO - allennlp.training.trainer - Training loss : 7.487214    Validation loss : 5.499687 
2018-04-02 21:12:59,591 - INFO - allennlp.training.trainer - Training span_acc : 0.145740    Validation span_acc : 0.268663 
2018-04-02 21:12:59,592 - INFO - allennlp.training.trainer - Epoch duration: 02:17:02
2018-04-02 21:12:59,592 - INFO - allennlp.training.trainer - Estimated training time remaining: 19:23:50
2018-04-02 21:12:59,592 - INFO - allennlp.training.trainer - Epoch 1/19
2018-04-02 21:12:59,592 - INFO - allennlp.training.trainer - Peak CPU memory usage MB: 27246.224
2018-04-02 21:13:00,716 - INFO - allennlp.training.trainer - GPU 0 memory usage MB: 18247
2018-04-02 21:13:00,717 - INFO - allennlp.training.trainer - GPU 1 memory usage MB: 1
2018-04-02 21:13:00,717 - INFO - allennlp.training.trainer - GPU 2 memory usage MB: 1
2018-04-02 21:13:00,717 - INFO - allennlp.training.trainer - GPU 3 memory usage MB: 1
2018-04-02 21:13:00,719 - INFO - allennlp.training.trainer - Training
2018-04-02 23:13:42,127 - INFO - allennlp.training.trainer - Validating
2018-04-02 23:16:05,312 - INFO - allennlp.training.trainer - Best validation performance so far. Copying weights to 'output/newsqa_batchsize_15/best.th'.
2018-04-02 23:16:05,820 - INFO - allennlp.training.trainer - Training end_acc : 0.401866    Validation end_acc : 0.427473 
2018-04-02 23:16:05,822 - INFO - allennlp.training.trainer - Training start_acc : 0.352996    Validation start_acc : 0.387214 
2018-04-02 23:16:05,823 - INFO - allennlp.training.trainer - Training f1 : 0.459847    Validation f1 : 0.497763 
2018-04-02 23:16:05,823 - INFO - allennlp.training.trainer - Training em : 0.308383    Validation em : 0.340684 
2018-04-02 23:16:05,823 - INFO - allennlp.training.trainer - Training loss : 5.386329    Validation loss : 5.055210 
2018-04-02 23:16:05,823 - INFO - allennlp.training.trainer - Training span_acc : 0.275262    Validation span_acc : 0.306089 
2018-04-02 23:16:05,824 - INFO - allennlp.training.trainer - Epoch duration: 02:03:06
2018-04-02 23:16:05,824 - INFO - allennlp.training.trainer - Estimated training time remaining: 15:01:19
2018-04-02 23:16:05,824 - INFO - allennlp.training.trainer - Epoch 2/19
2018-04-02 23:16:05,824 - INFO - allennlp.training.trainer - Peak CPU memory usage MB: 27275.436
2018-04-02 23:16:06,924 - INFO - allennlp.training.trainer - GPU 0 memory usage MB: 11550
2018-04-02 23:16:06,924 - INFO - allennlp.training.trainer - GPU 1 memory usage MB: 1
2018-04-02 23:16:06,924 - INFO - allennlp.training.trainer - GPU 2 memory usage MB: 1
2018-04-02 23:16:06,925 - INFO - allennlp.training.trainer - GPU 3 memory usage MB: 1
2018-04-02 23:16:06,927 - INFO - allennlp.training.trainer - Training
2018-04-03 01:17:05,701 - INFO - allennlp.training.trainer - Validating
2018-04-03 01:19:36,458 - INFO - allennlp.training.trainer - Best validation performance so far. Copying weights to 'output/newsqa_batchsize_15/best.th'.
2018-04-03 01:19:36,948 - INFO - allennlp.training.trainer - Training end_acc : 0.436429    Validation end_acc : 0.446895 
2018-04-03 01:19:36,948 - INFO - allennlp.training.trainer - Training start_acc : 0.390237    Validation start_acc : 0.390653 
2018-04-03 01:19:36,949 - INFO - allennlp.training.trainer - Training f1 : 0.500381    Validation f1 : 0.505130 
2018-04-03 01:19:36,950 - INFO - allennlp.training.trainer - Training em : 0.346518    Validation em : 0.353227 
2018-04-03 01:19:36,950 - INFO - allennlp.training.trainer - Training loss : 4.986572    Validation loss : 4.971697 
2018-04-03 01:19:36,950 - INFO - allennlp.training.trainer - Training span_acc : 0.310901    Validation span_acc : 0.319037 
2018-04-03 01:19:36,951 - INFO - allennlp.training.trainer - Epoch duration: 02:03:31
2018-04-03 01:19:36,951 - INFO - allennlp.training.trainer - Estimated training time remaining: 12:14:06
2018-04-03 01:19:36,951 - INFO - allennlp.training.trainer - Epoch 3/19
2018-04-03 01:19:36,951 - INFO - allennlp.training.trainer - Peak CPU memory usage MB: 27275.436
2018-04-03 01:19:38,200 - INFO - allennlp.training.trainer - GPU 0 memory usage MB: 11551
2018-04-03 01:19:38,200 - INFO - allennlp.training.trainer - GPU 1 memory usage MB: 277
2018-04-03 01:19:38,201 - INFO - allennlp.training.trainer - GPU 2 memory usage MB: 1
2018-04-03 01:19:38,201 - INFO - allennlp.training.trainer - GPU 3 memory usage MB: 780
2018-04-03 01:19:38,203 - INFO - allennlp.training.trainer - Training
2018-04-03 03:21:17,582 - INFO - allennlp.training.trainer - Validating
2018-04-03 03:23:42,233 - INFO - allennlp.training.trainer - Best validation performance so far. Copying weights to 'output/newsqa_batchsize_15/best.th'.
2018-04-03 03:23:42,759 - INFO - allennlp.training.trainer - Training end_acc : 0.457465    Validation end_acc : 0.453166 
2018-04-03 03:23:42,760 - INFO - allennlp.training.trainer - Training start_acc : 0.411536    Validation start_acc : 0.406636 
2018-04-03 03:23:42,761 - INFO - allennlp.training.trainer - Training f1 : 0.519998    Validation f1 : 0.517980 
2018-04-03 03:23:42,762 - INFO - allennlp.training.trainer - Training em : 0.364578    Validation em : 0.364961 
2018-04-03 03:23:42,762 - INFO - allennlp.training.trainer - Training loss : 4.756712    Validation loss : 4.831587 
2018-04-03 03:23:42,762 - INFO - allennlp.training.trainer - Training span_acc : 0.328275    Validation span_acc : 0.331175 
2018-04-03 03:23:42,762 - INFO - allennlp.training.trainer - Epoch duration: 02:04:05
2018-04-03 03:23:42,763 - INFO - allennlp.training.trainer - Estimated training time remaining: 09:51:03
2018-04-03 03:23:42,763 - INFO - allennlp.training.trainer - Epoch 4/19
2018-04-03 03:23:42,763 - INFO - allennlp.training.trainer - Peak CPU memory usage MB: 27275.436
2018-04-03 03:23:43,953 - INFO - allennlp.training.trainer - GPU 0 memory usage MB: 11551
2018-04-03 03:23:43,954 - INFO - allennlp.training.trainer - GPU 1 memory usage MB: 210
2018-04-03 03:23:43,954 - INFO - allennlp.training.trainer - GPU 2 memory usage MB: 1
2018-04-03 03:23:43,954 - INFO - allennlp.training.trainer - GPU 3 memory usage MB: 210
2018-04-03 03:23:43,955 - INFO - allennlp.training.trainer - Training
2018-04-03 05:26:23,832 - INFO - allennlp.training.trainer - Validating
2018-04-03 05:28:47,386 - INFO - allennlp.training.trainer - Best validation performance so far. Copying weights to 'output/newsqa_batchsize_15/best.th'.
2018-04-03 05:28:48,439 - INFO - allennlp.training.trainer - Training end_acc : 0.472732    Validation end_acc : 0.455998 
2018-04-03 05:28:48,441 - INFO - allennlp.training.trainer - Training start_acc : 0.426598    Validation start_acc : 0.404006 
2018-04-03 05:28:48,442 - INFO - allennlp.training.trainer - Training f1 : 0.536484    Validation f1 : 0.523972 
2018-04-03 05:28:48,442 - INFO - allennlp.training.trainer - Training em : 0.379548    Validation em : 0.365972 
2018-04-03 05:28:48,442 - INFO - allennlp.training.trainer - Training loss : 4.604441    Validation loss : 4.868080 
2018-04-03 05:28:48,442 - INFO - allennlp.training.trainer - Training span_acc : 0.342810    Validation span_acc : 0.326320 
2018-04-03 05:28:48,443 - INFO - allennlp.training.trainer - Epoch duration: 02:05:05
2018-04-03 05:28:48,443 - INFO - allennlp.training.trainer - Estimated training time remaining: 07:38:34
2018-04-03 05:28:48,443 - INFO - allennlp.training.trainer - Epoch 5/19
2018-04-03 05:28:48,443 - INFO - allennlp.training.trainer - Peak CPU memory usage MB: 27275.436
2018-04-03 05:28:49,768 - INFO - allennlp.training.trainer - GPU 0 memory usage MB: 11551
2018-04-03 05:28:49,769 - INFO - allennlp.training.trainer - GPU 1 memory usage MB: 1
2018-04-03 05:28:49,769 - INFO - allennlp.training.trainer - GPU 2 memory usage MB: 1
2018-04-03 05:28:49,769 - INFO - allennlp.training.trainer - GPU 3 memory usage MB: 1
2018-04-03 05:28:49,771 - INFO - allennlp.training.trainer - Training
2018-04-03 07:30:34,080 - INFO - allennlp.training.trainer - Validating
2018-04-03 07:32:57,489 - INFO - allennlp.training.trainer - Training end_acc : 0.483536    Validation end_acc : 0.455594 
2018-04-03 07:32:57,491 - INFO - allennlp.training.trainer - Training start_acc : 0.436109    Validation start_acc : 0.405422 
2018-04-03 07:32:57,491 - INFO - allennlp.training.trainer - Training f1 : 0.546778    Validation f1 : 0.520095 
2018-04-03 07:32:57,491 - INFO - allennlp.training.trainer - Training em : 0.389379    Validation em : 0.364556 
2018-04-03 07:32:57,492 - INFO - allennlp.training.trainer - Training loss : 4.487182    Validation loss : 4.939751 
2018-04-03 07:32:57,492 - INFO - allennlp.training.trainer - Training span_acc : 0.352320    Validation span_acc : 0.328141 
2018-04-03 07:32:57,493 - INFO - allennlp.training.trainer - Epoch duration: 02:04:09
2018-04-03 07:32:57,493 - INFO - allennlp.training.trainer - Estimated training time remaining: 05:26:21
2018-04-03 07:32:57,493 - INFO - allennlp.training.trainer - Epoch 6/19
2018-04-03 07:32:57,493 - INFO - allennlp.training.trainer - Peak CPU memory usage MB: 27275.436
2018-04-03 07:32:58,586 - INFO - allennlp.training.trainer - GPU 0 memory usage MB: 19466
2018-04-03 07:32:58,586 - INFO - allennlp.training.trainer - GPU 1 memory usage MB: 1
2018-04-03 07:32:58,586 - INFO - allennlp.training.trainer - GPU 2 memory usage MB: 1
2018-04-03 07:32:58,586 - INFO - allennlp.training.trainer - GPU 3 memory usage MB: 1
2018-04-03 07:32:58,588 - INFO - allennlp.training.trainer - Training
2018-04-03 09:35:01,137 - INFO - allennlp.training.trainer - Validating
2018-04-03 09:37:23,052 - INFO - allennlp.training.trainer - Best validation performance so far. Copying weights to 'output/newsqa_batchsize_15/best.th'.
2018-04-03 09:37:23,559 - INFO - allennlp.training.trainer - Training end_acc : 0.490312    Validation end_acc : 0.452155 
2018-04-03 09:37:23,560 - INFO - allennlp.training.trainer - Training start_acc : 0.443262    Validation start_acc : 0.407849 
2018-04-03 09:37:23,561 - INFO - allennlp.training.trainer - Training f1 : 0.552605    Validation f1 : 0.521704 
2018-04-03 09:37:23,561 - INFO - allennlp.training.trainer - Training em : 0.395113    Validation em : 0.366174 
2018-04-03 09:37:23,561 - INFO - allennlp.training.trainer - Training loss : 4.458437    Validation loss : 4.855214 
2018-04-03 09:37:23,562 - INFO - allennlp.training.trainer - Training span_acc : 0.358226    Validation span_acc : 0.327129 
2018-04-03 09:37:23,562 - INFO - allennlp.training.trainer - Epoch duration: 02:04:26
2018-04-03 09:37:23,562 - INFO - allennlp.training.trainer - Estimated training time remaining: 03:16:58
2018-04-03 09:37:23,562 - INFO - allennlp.training.trainer - Epoch 7/19
2018-04-03 09:37:23,563 - INFO - allennlp.training.trainer - Peak CPU memory usage MB: 27275.436
2018-04-03 09:37:24,825 - INFO - allennlp.training.trainer - GPU 0 memory usage MB: 19467
2018-04-03 09:37:24,825 - INFO - allennlp.training.trainer - GPU 1 memory usage MB: 1
2018-04-03 09:37:24,825 - INFO - allennlp.training.trainer - GPU 2 memory usage MB: 1
2018-04-03 09:37:24,825 - INFO - allennlp.training.trainer - GPU 3 memory usage MB: 1
2018-04-03 09:37:24,827 - INFO - allennlp.training.trainer - Training
2018-04-03 11:40:19,670 - INFO - allennlp.training.trainer - Validating
2018-04-03 11:42:43,833 - INFO - allennlp.training.trainer - Best validation performance so far. Copying weights to 'output/newsqa_batchsize_15/best.th'.
2018-04-03 11:42:44,541 - INFO - allennlp.training.trainer - Training end_acc : 0.497179    Validation end_acc : 0.453571 
2018-04-03 11:42:44,541 - INFO - allennlp.training.trainer - Training start_acc : 0.450770    Validation start_acc : 0.405826 
2018-04-03 11:42:44,542 - INFO - allennlp.training.trainer - Training f1 : 0.559314    Validation f1 : 0.522862 
2018-04-03 11:42:44,542 - INFO - allennlp.training.trainer - Training em : 0.401144    Validation em : 0.368400 
2018-04-03 11:42:44,543 - INFO - allennlp.training.trainer - Training loss : 4.365173    Validation loss : 4.869338 
2018-04-03 11:42:44,543 - INFO - allennlp.training.trainer - Training span_acc : 0.364086    Validation span_acc : 0.328950 
2018-04-03 11:42:44,544 - INFO - allennlp.training.trainer - Epoch duration: 02:05:20
2018-04-03 11:42:44,544 - INFO - allennlp.training.trainer - Estimated training time remaining: 01:10:11
2018-04-03 11:42:44,544 - INFO - allennlp.training.trainer - Epoch 8/19
2018-04-03 11:42:44,544 - INFO - allennlp.training.trainer - Peak CPU memory usage MB: 27280.46
2018-04-03 11:42:45,846 - INFO - allennlp.training.trainer - GPU 0 memory usage MB: 19467
2018-04-03 11:42:45,846 - INFO - allennlp.training.trainer - GPU 1 memory usage MB: 1
2018-04-03 11:42:45,847 - INFO - allennlp.training.trainer - GPU 2 memory usage MB: 1
2018-04-03 11:42:45,847 - INFO - allennlp.training.trainer - GPU 3 memory usage MB: 1
2018-04-03 11:42:45,849 - INFO - allennlp.training.trainer - Training
2018-04-03 13:45:54,360 - INFO - allennlp.training.trainer - Validating
2018-04-03 13:48:38,238 - INFO - allennlp.training.trainer - Training end_acc : 0.502924    Validation end_acc : 0.451143 
2018-04-03 13:48:38,239 - INFO - allennlp.training.trainer - Training start_acc : 0.459765    Validation start_acc : 0.397936 
2018-04-03 13:48:38,240 - INFO - allennlp.training.trainer - Training f1 : 0.565912    Validation f1 : 0.519882 
2018-04-03 13:48:38,240 - INFO - allennlp.training.trainer - Training em : 0.407691    Validation em : 0.367793 
2018-04-03 13:48:38,241 - INFO - allennlp.training.trainer - Training loss : 4.302799    Validation loss : 4.909729 
2018-04-03 13:48:38,241 - INFO - allennlp.training.trainer - Training span_acc : 0.370827    Validation span_acc : 0.329152 
2018-04-03 13:48:38,241 - INFO - allennlp.training.trainer - Epoch duration: 02:05:53
2018-04-03 13:48:38,241 - INFO - allennlp.training.trainer - Estimated training time remaining: 23:04:23
2018-04-03 13:48:38,241 - INFO - allennlp.training.trainer - Epoch 9/19
2018-04-03 13:48:38,241 - INFO - allennlp.training.trainer - Peak CPU memory usage MB: 27290.9
2018-04-03 13:48:39,450 - INFO - allennlp.training.trainer - GPU 0 memory usage MB: 19467
2018-04-03 13:48:39,450 - INFO - allennlp.training.trainer - GPU 1 memory usage MB: 1
2018-04-03 13:48:39,450 - INFO - allennlp.training.trainer - GPU 2 memory usage MB: 1
2018-04-03 13:48:39,450 - INFO - allennlp.training.trainer - GPU 3 memory usage MB: 1
2018-04-03 13:48:39,452 - INFO - allennlp.training.trainer - Training
2018-04-03 15:48:55,143 - INFO - allennlp.training.trainer - Validating
2018-04-03 15:51:20,598 - INFO - allennlp.training.trainer - Best validation performance so far. Copying weights to 'output/newsqa_batchsize_15/best.th'.
2018-04-03 15:51:21,104 - INFO - allennlp.training.trainer - Training end_acc : 0.506804    Validation end_acc : 0.451548 
2018-04-03 15:51:21,106 - INFO - allennlp.training.trainer - Training start_acc : 0.462833    Validation start_acc : 0.406231 
2018-04-03 15:51:21,107 - INFO - allennlp.training.trainer - Training f1 : 0.568843    Validation f1 : 0.525199 
2018-04-03 15:51:21,107 - INFO - allennlp.training.trainer - Training em : 0.410323    Validation em : 0.369411 
2018-04-03 15:51:21,107 - INFO - allennlp.training.trainer - Training loss : 4.278287    Validation loss : 4.979107 
2018-04-03 15:51:21,107 - INFO - allennlp.training.trainer - Training span_acc : 0.373700    Validation span_acc : 0.329355 
2018-04-03 15:51:21,107 - INFO - allennlp.training.trainer - Epoch duration: 02:02:42
2018-04-03 15:51:21,107 - INFO - allennlp.training.trainer - Estimated training time remaining: 20:55:24
2018-04-03 15:51:21,108 - INFO - allennlp.training.trainer - Epoch 10/19
2018-04-03 15:51:21,108 - INFO - allennlp.training.trainer - Peak CPU memory usage MB: 27299.908
2018-04-03 15:51:22,279 - INFO - allennlp.training.trainer - GPU 0 memory usage MB: 19467
2018-04-03 15:51:22,280 - INFO - allennlp.training.trainer - GPU 1 memory usage MB: 1572
2018-04-03 15:51:22,280 - INFO - allennlp.training.trainer - GPU 2 memory usage MB: 1
2018-04-03 15:51:22,280 - INFO - allennlp.training.trainer - GPU 3 memory usage MB: 1572
2018-04-03 15:51:22,282 - INFO - allennlp.training.trainer - Training
2018-04-03 17:44:03,653 - INFO - allennlp.training.trainer - Validating
2018-04-03 17:46:28,605 - INFO - allennlp.training.trainer - Training end_acc : 0.511302    Validation end_acc : 0.449120 
2018-04-03 17:46:28,606 - INFO - allennlp.training.trainer - Training start_acc : 0.467742    Validation start_acc : 0.406636 
2018-04-03 17:46:28,607 - INFO - allennlp.training.trainer - Training f1 : 0.573595    Validation f1 : 0.516793 
2018-04-03 17:46:28,607 - INFO - allennlp.training.trainer - Training em : 0.415016    Validation em : 0.361521 
2018-04-03 17:46:28,607 - INFO - allennlp.training.trainer - Training loss : 4.227024    Validation loss : 5.075851 
2018-04-03 17:46:28,607 - INFO - allennlp.training.trainer - Training span_acc : 0.377682    Validation span_acc : 0.323892 
2018-04-03 17:46:28,608 - INFO - allennlp.training.trainer - Epoch duration: 01:55:07
2018-04-03 17:46:28,608 - INFO - allennlp.training.trainer - Estimated training time remaining: 18:41:20
2018-04-03 17:46:28,608 - INFO - allennlp.training.trainer - Epoch 11/19
2018-04-03 17:46:28,608 - INFO - allennlp.training.trainer - Peak CPU memory usage MB: 27311.22
2018-04-03 17:46:29,644 - INFO - allennlp.training.trainer - GPU 0 memory usage MB: 14028
2018-04-03 17:46:29,645 - INFO - allennlp.training.trainer - GPU 1 memory usage MB: 1572
2018-04-03 17:46:29,645 - INFO - allennlp.training.trainer - GPU 2 memory usage MB: 1
2018-04-03 17:46:29,645 - INFO - allennlp.training.trainer - GPU 3 memory usage MB: 1572
2018-04-03 17:46:29,647 - INFO - allennlp.training.trainer - Training
2018-04-03 19:43:08,691 - INFO - allennlp.training.trainer - Validating
2018-04-03 19:45:30,120 - INFO - allennlp.training.trainer - Training end_acc : 0.511851    Validation end_acc : 0.440825 
2018-04-03 19:45:30,122 - INFO - allennlp.training.trainer - Training start_acc : 0.468017    Validation start_acc : 0.398139 
2018-04-03 19:45:30,122 - INFO - allennlp.training.trainer - Training f1 : 0.574650    Validation f1 : 0.513165 
2018-04-03 19:45:30,123 - INFO - allennlp.training.trainer - Training em : 0.414455    Validation em : 0.363342 
2018-04-03 19:45:30,123 - INFO - allennlp.training.trainer - Training loss : 4.246710    Validation loss : 5.213306 
2018-04-03 19:45:30,123 - INFO - allennlp.training.trainer - Training span_acc : 0.378152    Validation span_acc : 0.324904 
2018-04-03 19:45:30,123 - INFO - allennlp.training.trainer - Epoch duration: 01:59:01
2018-04-03 19:45:30,123 - INFO - allennlp.training.trainer - Estimated training time remaining: 16:33:02
2018-04-03 19:45:30,124 - INFO - allennlp.training.trainer - Epoch 12/19
2018-04-03 19:45:30,124 - INFO - allennlp.training.trainer - Peak CPU memory usage MB: 27322.32
2018-04-03 19:45:31,196 - INFO - allennlp.training.trainer - GPU 0 memory usage MB: 14036
2018-04-03 19:45:31,197 - INFO - allennlp.training.trainer - GPU 1 memory usage MB: 1
2018-04-03 19:45:31,197 - INFO - allennlp.training.trainer - GPU 2 memory usage MB: 1
2018-04-03 19:45:31,197 - INFO - allennlp.training.trainer - GPU 3 memory usage MB: 1572
2018-04-03 19:45:31,199 - INFO - allennlp.training.trainer - Training
2018-04-03 21:38:55,530 - INFO - allennlp.training.trainer - Validating
2018-04-03 21:41:17,446 - INFO - allennlp.training.trainer - Training end_acc : 0.511805    Validation end_acc : 0.439814 
2018-04-03 21:41:17,447 - INFO - allennlp.training.trainer - Training start_acc : 0.466758    Validation start_acc : 0.400364 
2018-04-03 21:41:17,448 - INFO - allennlp.training.trainer - Training f1 : 0.572825    Validation f1 : 0.508219 
2018-04-03 21:41:17,448 - INFO - allennlp.training.trainer - Training em : 0.413425    Validation em : 0.360510 
2018-04-03 21:41:17,449 - INFO - allennlp.training.trainer - Training loss : 4.263083    Validation loss : 5.268684 
2018-04-03 21:41:17,449 - INFO - allennlp.training.trainer - Training span_acc : 0.376435    Validation span_acc : 0.323690 
2018-04-03 21:41:17,450 - INFO - allennlp.training.trainer - Epoch duration: 01:55:47
2018-04-03 21:41:17,450 - INFO - allennlp.training.trainer - Estimated training time remaining: 14:24:24
2018-04-03 21:41:17,450 - INFO - allennlp.training.trainer - Epoch 13/19
2018-04-03 21:41:17,450 - INFO - allennlp.training.trainer - Peak CPU memory usage MB: 27334.22
2018-04-03 21:41:18,514 - INFO - allennlp.training.trainer - GPU 0 memory usage MB: 14036
2018-04-03 21:41:18,514 - INFO - allennlp.training.trainer - GPU 1 memory usage MB: 1
2018-04-03 21:41:18,514 - INFO - allennlp.training.trainer - GPU 2 memory usage MB: 1
2018-04-03 21:41:18,515 - INFO - allennlp.training.trainer - GPU 3 memory usage MB: 1572
2018-04-03 21:41:18,516 - INFO - allennlp.training.trainer - Training
2018-04-03 23:35:01,719 - INFO - allennlp.training.trainer - Validating
2018-04-03 23:37:24,226 - INFO - allennlp.training.trainer - Best validation performance so far. Copying weights to 'output/newsqa_batchsize_15/best.th'.
2018-04-03 23:37:24,713 - INFO - allennlp.training.trainer - Training end_acc : 0.544675    Validation end_acc : 0.454987 
2018-04-03 23:37:24,714 - INFO - allennlp.training.trainer - Training start_acc : 0.498896    Validation start_acc : 0.407849 
2018-04-03 23:37:24,715 - INFO - allennlp.training.trainer - Training f1 : 0.604879    Validation f1 : 0.525365 
2018-04-03 23:37:24,715 - INFO - allennlp.training.trainer - Training em : 0.442667    Validation em : 0.371839 
2018-04-03 23:37:24,715 - INFO - allennlp.training.trainer - Training loss : 3.933345    Validation loss : 5.066751 
2018-04-03 23:37:24,715 - INFO - allennlp.training.trainer - Training span_acc : 0.405574    Validation span_acc : 0.332996 
2018-04-03 23:37:24,716 - INFO - allennlp.training.trainer - Epoch duration: 01:56:07
2018-04-03 23:37:24,716 - INFO - allennlp.training.trainer - Estimated training time remaining: 12:17:46
2018-04-03 23:37:24,716 - INFO - allennlp.training.trainer - Epoch 14/19
2018-04-03 23:37:24,716 - INFO - allennlp.training.trainer - Peak CPU memory usage MB: 27342.796
2018-04-03 23:37:25,740 - INFO - allennlp.training.trainer - GPU 0 memory usage MB: 14036
2018-04-03 23:37:25,740 - INFO - allennlp.training.trainer - GPU 1 memory usage MB: 11
2018-04-03 23:37:25,740 - INFO - allennlp.training.trainer - GPU 2 memory usage MB: 1
2018-04-03 23:37:25,740 - INFO - allennlp.training.trainer - GPU 3 memory usage MB: 1572
2018-04-03 23:37:25,742 - INFO - allennlp.training.trainer - Training
2018-04-04 01:32:25,515 - INFO - allennlp.training.trainer - Validating
2018-04-04 01:34:51,913 - INFO - allennlp.training.trainer - Best validation performance so far. Copying weights to 'output/newsqa_batchsize_15/best.th'.
2018-04-04 01:34:52,407 - INFO - allennlp.training.trainer - Training end_acc : 0.562495    Validation end_acc : 0.453975 
2018-04-04 01:34:52,409 - INFO - allennlp.training.trainer - Training start_acc : 0.514781    Validation start_acc : 0.411693 
2018-04-04 01:34:52,409 - INFO - allennlp.training.trainer - Training f1 : 0.621166    Validation f1 : 0.524718 
2018-04-04 01:34:52,410 - INFO - allennlp.training.trainer - Training em : 0.458724    Validation em : 0.377908 
2018-04-04 01:34:52,410 - INFO - allennlp.training.trainer - Training loss : 3.766496    Validation loss : 5.086977 
2018-04-04 01:34:52,410 - INFO - allennlp.training.trainer - Training span_acc : 0.421688    Validation span_acc : 0.338863 
2018-04-04 01:34:52,410 - INFO - allennlp.training.trainer - Epoch duration: 01:57:27
2018-04-04 01:34:52,410 - INFO - allennlp.training.trainer - Estimated training time remaining: 10:12:58
2018-04-04 01:34:52,410 - INFO - allennlp.training.trainer - Epoch 15/19
2018-04-04 01:34:52,410 - INFO - allennlp.training.trainer - Peak CPU memory usage MB: 27356.648
2018-04-04 01:34:53,569 - INFO - allennlp.training.trainer - GPU 0 memory usage MB: 14036
2018-04-04 01:34:53,569 - INFO - allennlp.training.trainer - GPU 1 memory usage MB: 11
2018-04-04 01:34:53,570 - INFO - allennlp.training.trainer - GPU 2 memory usage MB: 1
2018-04-04 01:34:53,570 - INFO - allennlp.training.trainer - GPU 3 memory usage MB: 1572
2018-04-04 01:34:53,572 - INFO - allennlp.training.trainer - Training
2018-04-04 03:29:32,537 - INFO - allennlp.training.trainer - Validating
2018-04-04 03:32:16,477 - INFO - allennlp.training.trainer - Training end_acc : 0.562392    Validation end_acc : 0.446692 
2018-04-04 03:32:16,479 - INFO - allennlp.training.trainer - Training start_acc : 0.517139    Validation start_acc : 0.399353 
2018-04-04 03:32:16,479 - INFO - allennlp.training.trainer - Training f1 : 0.621133    Validation f1 : 0.516198 
2018-04-04 03:32:16,479 - INFO - allennlp.training.trainer - Training em : 0.458152    Validation em : 0.364151 
2018-04-04 03:32:16,479 - INFO - allennlp.training.trainer - Training loss : 3.770236    Validation loss : 5.151062 
2018-04-04 03:32:16,480 - INFO - allennlp.training.trainer - Training span_acc : 0.422569    Validation span_acc : 0.329152 
2018-04-04 03:32:16,480 - INFO - allennlp.training.trainer - Epoch duration: 01:57:24
2018-04-04 03:32:16,480 - INFO - allennlp.training.trainer - Estimated training time remaining: 08:09:04
2018-04-04 03:32:16,480 - INFO - allennlp.training.trainer - Epoch 16/19
2018-04-04 03:32:16,480 - INFO - allennlp.training.trainer - Peak CPU memory usage MB: 27366.204
2018-04-04 03:32:17,444 - INFO - allennlp.training.trainer - GPU 0 memory usage MB: 14036
2018-04-04 03:32:17,444 - INFO - allennlp.training.trainer - GPU 1 memory usage MB: 11
2018-04-04 03:32:17,444 - INFO - allennlp.training.trainer - GPU 2 memory usage MB: 1
2018-04-04 03:32:17,445 - INFO - allennlp.training.trainer - GPU 3 memory usage MB: 1
2018-04-04 03:32:17,446 - INFO - allennlp.training.trainer - Training
2018-04-04 05:24:26,209 - INFO - allennlp.training.trainer - Validating
2018-04-04 05:26:54,384 - INFO - allennlp.training.trainer - Training end_acc : 0.570724    Validation end_acc : 0.446085 
2018-04-04 05:26:54,385 - INFO - allennlp.training.trainer - Training start_acc : 0.525597    Validation start_acc : 0.398746 
2018-04-04 05:26:54,385 - INFO - allennlp.training.trainer - Training f1 : 0.629722    Validation f1 : 0.517751 
2018-04-04 05:26:54,386 - INFO - allennlp.training.trainer - Training em : 0.466861    Validation em : 0.365163 
2018-04-04 05:26:54,386 - INFO - allennlp.training.trainer - Training loss : 3.680807    Validation loss : 5.275695 
2018-04-04 05:26:54,386 - INFO - allennlp.training.trainer - Training span_acc : 0.430798    Validation span_acc : 0.327736 
2018-04-04 05:26:54,387 - INFO - allennlp.training.trainer - Epoch duration: 01:54:37
2018-04-04 05:26:54,387 - INFO - allennlp.training.trainer - Estimated training time remaining: 06:05:27
2018-04-04 05:26:54,387 - INFO - allennlp.training.trainer - Epoch 17/19
2018-04-04 05:26:54,387 - INFO - allennlp.training.trainer - Peak CPU memory usage MB: 27375.588
2018-04-04 05:26:55,374 - INFO - allennlp.training.trainer - GPU 0 memory usage MB: 14036
2018-04-04 05:26:55,374 - INFO - allennlp.training.trainer - GPU 1 memory usage MB: 11
2018-04-04 05:26:55,374 - INFO - allennlp.training.trainer - GPU 2 memory usage MB: 1
2018-04-04 05:26:55,374 - INFO - allennlp.training.trainer - GPU 3 memory usage MB: 1
2018-04-04 05:26:55,375 - INFO - allennlp.training.trainer - Training
2018-04-04 07:21:45,506 - INFO - allennlp.training.trainer - Validating
2018-04-04 07:24:08,591 - INFO - allennlp.training.trainer - Training end_acc : 0.574535    Validation end_acc : 0.437589 
2018-04-04 07:24:08,593 - INFO - allennlp.training.trainer - Training start_acc : 0.529476    Validation start_acc : 0.398543 
2018-04-04 07:24:08,593 - INFO - allennlp.training.trainer - Training f1 : 0.633441    Validation f1 : 0.509713 
2018-04-04 07:24:08,594 - INFO - allennlp.training.trainer - Training em : 0.469825    Validation em : 0.361319 
2018-04-04 07:24:08,594 - INFO - allennlp.training.trainer - Training loss : 3.625165    Validation loss : 5.377032 
2018-04-04 07:24:08,594 - INFO - allennlp.training.trainer - Training span_acc : 0.432538    Validation span_acc : 0.322072 
2018-04-04 07:24:08,594 - INFO - allennlp.training.trainer - Epoch duration: 01:57:14
2018-04-04 07:24:08,594 - INFO - allennlp.training.trainer - Estimated training time remaining: 04:03:07
2018-04-04 07:24:08,595 - INFO - allennlp.training.trainer - Epoch 18/19
2018-04-04 07:24:08,595 - INFO - allennlp.training.trainer - Peak CPU memory usage MB: 27387.068
2018-04-04 07:24:09,748 - INFO - allennlp.training.trainer - GPU 0 memory usage MB: 14036
2018-04-04 07:24:09,748 - INFO - allennlp.training.trainer - GPU 1 memory usage MB: 1
2018-04-04 07:24:09,748 - INFO - allennlp.training.trainer - GPU 2 memory usage MB: 1
2018-04-04 07:24:09,748 - INFO - allennlp.training.trainer - GPU 3 memory usage MB: 1
2018-04-04 07:24:09,750 - INFO - allennlp.training.trainer - Training
2018-04-04 09:26:02,144 - INFO - allennlp.training.trainer - Validating
2018-04-04 09:28:23,483 - INFO - allennlp.training.trainer - Training end_acc : 0.601053    Validation end_acc : 0.444265 
2018-04-04 09:28:23,485 - INFO - allennlp.training.trainer - Training start_acc : 0.552858    Validation start_acc : 0.404208 
2018-04-04 09:28:23,485 - INFO - allennlp.training.trainer - Training f1 : 0.658551    Validation f1 : 0.519379 
2018-04-04 09:28:23,486 - INFO - allennlp.training.trainer - Training em : 0.493597    Validation em : 0.369209 
2018-04-04 09:28:23,486 - INFO - allennlp.training.trainer - Training loss : 3.367998    Validation loss : 5.375464 
2018-04-04 09:28:23,486 - INFO - allennlp.training.trainer - Training span_acc : 0.457305    Validation span_acc : 0.330164 
2018-04-04 09:28:23,486 - INFO - allennlp.training.trainer - Epoch duration: 02:04:14
2018-04-04 09:28:23,487 - INFO - allennlp.training.trainer - Estimated training time remaining: 02:01:42
2018-04-04 09:28:23,487 - INFO - allennlp.training.trainer - Epoch 19/19
2018-04-04 09:28:23,487 - INFO - allennlp.training.trainer - Peak CPU memory usage MB: 27398.356
2018-04-04 09:28:24,644 - INFO - allennlp.training.trainer - GPU 0 memory usage MB: 14036
2018-04-04 09:28:24,645 - INFO - allennlp.training.trainer - GPU 1 memory usage MB: 1
2018-04-04 09:28:24,645 - INFO - allennlp.training.trainer - GPU 2 memory usage MB: 1
2018-04-04 09:28:24,645 - INFO - allennlp.training.trainer - GPU 3 memory usage MB: 1
2018-04-04 09:28:24,647 - INFO - allennlp.training.trainer - Training
2018-04-04 11:31:07,128 - INFO - allennlp.training.trainer - Validating
2018-04-04 11:33:33,457 - INFO - allennlp.training.trainer - Training end_acc : 0.611376    Validation end_acc : 0.446288 
2018-04-04 11:33:33,459 - INFO - allennlp.training.trainer - Training start_acc : 0.562701    Validation start_acc : 0.399757 
2018-04-04 11:33:33,459 - INFO - allennlp.training.trainer - Training f1 : 0.667986    Validation f1 : 0.517553 
2018-04-04 11:33:33,459 - INFO - allennlp.training.trainer - Training em : 0.504916    Validation em : 0.366984 
2018-04-04 11:33:33,460 - INFO - allennlp.training.trainer - Training loss : 3.300885    Validation loss : 5.424613 
2018-04-04 11:33:33,460 - INFO - allennlp.training.trainer - Training span_acc : 0.468212    Validation span_acc : 0.326320 
2018-04-04 11:33:33,460 - INFO - allennlp.training.trainer - Epoch duration: 02:05:09
2018-04-04 11:33:33,477 - INFO - allennlp.models.archival - archiving weights and vocabulary to output/newsqa_batchsize_15/model.tar.gz
2018-04-04 11:33:36,710 - INFO - allennlp.commands.train - Metrics: {
  "training_duration": "16:37:36",
  "training_start_epoch": 0,
  "training_epochs": 20,
  "training_start_acc": 0.5627010014306152,
  "training_end_acc": 0.6113762517882689,
  "training_span_acc": 0.46821173104434904,
  "training_em": 0.5049155937052933,
  "training_f1": 0.6679862488925639,
  "training_loss": 3.3008852005004883,
  "validation_start_acc": 0.39975723244992917,
  "validation_end_acc": 0.4462876795468339,
  "validation_span_acc": 0.32632004855351,
  "validation_em": 0.3669836131903702,
  "validation_f1": 0.5175527559450922,
  "validation_loss": 5.424612522125244,
  "best_validation_em": 0.37790815294355656,
  "best_epoch": 14
}
