Requirement already satisfied: torchvision in /home/usaxena/.local/lib/python3.6/site-packages
Requirement already satisfied: pandas in /home/usaxena/.local/lib/python3.6/site-packages
Requirement already satisfied: pillow>=4.1.1 in /home/usaxena/anaconda3/lib/python3.6/site-packages (from torchvision)
Requirement already satisfied: torch in /home/usaxena/.local/lib/python3.6/site-packages (from torchvision)
Requirement already satisfied: numpy in /home/usaxena/anaconda3/lib/python3.6/site-packages (from torchvision)
Requirement already satisfied: six in /home/usaxena/anaconda3/lib/python3.6/site-packages (from torchvision)
Requirement already satisfied: python-dateutil>=2 in /home/usaxena/anaconda3/lib/python3.6/site-packages (from pandas)
Requirement already satisfied: pytz>=2011k in /home/usaxena/anaconda3/lib/python3.6/site-packages (from pandas)
Requirement already satisfied: olefile in /home/usaxena/anaconda3/lib/python3.6/site-packages (from pillow>=4.1.1->torchvision)
Requirement already satisfied: pyyaml in /home/usaxena/anaconda3/lib/python3.6/site-packages (from torch->torchvision)
Requirement already satisfied: torch==0.3.1 from http://download.pytorch.org/whl/cu90/torch-0.3.1-cp36-cp36m-linux_x86_64.whl in /home/usaxena/.local/lib/python3.6/site-packages
Requirement already satisfied: pyyaml in /home/usaxena/anaconda3/lib/python3.6/site-packages (from torch==0.3.1)
Requirement already satisfied: numpy in /home/usaxena/anaconda3/lib/python3.6/site-packages (from torch==0.3.1)
Number of datapoints: 174974
Sorting now
Creating file
5733a55a4776f41900660f3d
56be97c73aeaaa14008c912b
56be99b53aeaaa14008c913f
56bfa087a10cfb14005511d9
56bfa8bba10cfb140055120b
56d4cee32ccc5a1400d8324b
56d4d3b12ccc5a1400d83278
56bfc281a10cfb14005512b9
56bec6de3aeaaa14008c9409
56bed17a3aeaaa14008c94bd
57341184d058e614000b68dd
57340136d058e614000b6785
573016fb947a6a140053d0b4
57302230a23a5019007fce15
56cf5e35aab44d1400b8914a
56cbe2fd6d243a140015edcc
56d3123b59d6e41400146204
56cbeb396d243a140015ede9
56cf69144df3c31400b0d747
56d3148359d6e4140014621b
56d3ae792ccc5a1400d82e3a
56cea7efaab44d1400b888f7
56cf4ee2aab44d1400b88fae
56cf5187aab44d1400b88fc5
56cfeae2234ae51400d9c0ba
56cff5a8234ae51400d9c173
56d39fa059d6e41400146831
56cc3ad16d243a140015eeda
56cc41416d243a140015eee4
56cc5fd66d243a140015ef53
56cc5fd66d243a140015ef54
56cd8d2162d2951400fa66cc
56cc55fa6d243a140015ef14
56cc7f9c6d243a140015efb4
56cc803f6d243a140015efbc
56cc81246d243a140015efc7
56cc84ab6d243a140015efe2
56cc88a56d243a140015f008
56cfb99b234ae51400d9bf05
56cc92346d243a140015f039
56cfba3b234ae51400d9bf11
56cd673a62d2951400fa657f
56cd742662d2951400fa65d6
56d130df17492d1400aabbc0
56cd8d0662d2951400fa66b3
56cd9df862d2951400fa677b
56cd9df862d2951400fa677c
56d132b717492d1400aabc0a
56d133d017492d1400aabc20
56d133d017492d1400aabc21
56d13482e7d4791d00901ff2
56cda9c462d2951400fa67e2
56cdd05a62d2951400fa688a
56cf4113aab44d1400b88ee3
56ceddd1aab44d1400b88b58
56cf6093aab44d1400b89180
56d4f9902ccc5a1400d833c1
56d507269d1b871400ae0600
56d51ea52593cc1400307a8d
56d533a52593cc1400307ad0
56d5357b2593cc1400307add
56d53d9a2593cc1400307b09
56cebef6aab44d1400b8899a
56d5d41b1c85041400946e0d
56cec11faab44d1400b889c7
56d6647b1c850414009470ed
56cec2a1aab44d1400b889e3
56d6696d1c850414009470fb
56d6713f1c8504140094711f
56cec88baab44d1400b88a45
56cec8e2aab44d1400b88a57
56d65c671c850414009470bd
56cee1e4aab44d1400b88be0
56cee1e4aab44d1400b88be1
56d65f691c850414009470cf
56ce345caab44d1400b88581
56cfa06a234ae51400d9be3a
56cfabed234ae51400d9be49
56cedc10aab44d1400b88b1a
56cedd1caab44d1400b88b41
56cfb691234ae51400d9bec3
56cee30faab44d1400b88bf5
56cee398aab44d1400b88bfc
56cee70daab44d1400b88c53
56cee7edaab44d1400b88c67
56cfdb8d234ae51400d9bf83
56cee90caab44d1400b88c85
56cee90caab44d1400b88c87
56cfde18234ae51400d9bfaf
56cfe15f234ae51400d9bfe9
56cf1a05aab44d1400b88d7b
56cf1c12aab44d1400b88d99
56cff6a7234ae51400d9c18e
56cffe95234ae51400d9c230
56d1081117492d1400aab799
56d10e8f17492d1400aab84c
56d1179117492d1400aab90e
56d1174417492d1400aab904
56d11d3317492d1400aab9c3
56d1085d17492d1400aab7a8
56cfea9a234ae51400d9c0ac
56ce64a8aab44d1400b88745
56d0990e234ae51400d9c3c0
5733b523d058e614000b60e4
5733e573d058e614000b6517
5733e94ad058e614000b657d
5733a9b5d058e614000b5fab
5733e5704776f41900661452
5733edbe4776f41900661531
5733afe1d058e614000b604f
5733429d4776f419006607cc
573357944776f4190066085b
5733f37ed058e614000b6650
5734135cd058e614000b68f5
57342084d058e614000b698e
56cf626faab44d1400b891b3
56d4647c2ccc5a1400d83133
56cf7c634df3c31400b0d83f
56d464a92ccc5a1400d8313b
56d464a92ccc5a1400d8313c
56cf7d414df3c31400b0d849
56cf7f274df3c31400b0d85f
56d12e3817492d1400aabb81
56d12ea017492d1400aabb90
56d1320f17492d1400aabbf0
56cf8955234ae51400d9be17
56d0791d234ae51400d9c306
56d1d169e7d4791d00902235
56d0a5bf234ae51400d9c3f4
56d0aa5a234ae51400d9c410
56d1e81be7d4791d0090242a
56d0bd38234ae51400d9c438
56d1ece4e7d4791d0090258b
56d1ef6ae7d4791d00902599
56d1fe20e7d4791d009025dd
56d20c93e7d4791d0090262f
56d240dbb329da140004ec78
56d2606959d6e41400145f1e
56d2606959d6e41400145f1f
56d2652a59d6e41400145f5a
56d267f859d6e41400145f7e
56d26b3159d6e41400145faa
56d2779759d6e4140014601a
56d2786c59d6e41400146025
56d28d3d59d6e4140014609c
56d2a05e59d6e41400146164
56d3665c59d6e414001462e2
56d3665c59d6e414001462e3
56daf479e7c41114004b4b93
56db031de7c41114004b4c45
56d3705759d6e414001463b8
56db07fae7c41114004b4c8a
56db0888e7c41114004b4c93
56db0942e7c41114004b4ca1
56d372a659d6e414001463f5
56db0b29e7c41114004b4cbb
56db0b9be7c41114004b4cc4
56d3747759d6e4140014643b
56d374c959d6e41400146448
56db1c21e7c41114004b4d4d
56d3757559d6e41400146459
56db1d2fe7c41114004b4d67
56d3760759d6e41400146472
56db1dbfe7c41114004b4d7a
56db1e20e7c41114004b4d88
56d378bb59d6e414001464b3
56d378f459d6e414001464b9
56db2120e7c41114004b4dcd
56db2120e7c41114004b4dd0
56d3793a59d6e414001464c4
56d37a4159d6e414001464cf
56d37afb59d6e414001464df
56db2305e7c41114004b4df4
56d37b7659d6e414001464e5
56d37b7659d6e414001464e6
56d37b7659d6e414001464e7
56db2664e7c41114004b4e19
56db290be7c41114004b4e62
56d37db259d6e41400146524
56d37e5059d6e4140014653b
56db2be3e7c41114004b4e98
56d37eb059d6e41400146543
56db2c52e7c41114004b4e9e
56d37eef59d6e4140014654b
56d37eef59d6e4140014654d
56db2c98e7c41114004b4eb3
56db2c98e7c41114004b4eb4
56d37f1a59d6e41400146553
56d37f1a59d6e41400146554
56d3802e59d6e4140014657b
56d381bd59d6e4140014659e
56db30ede7c41114004b4f0e
56d3823359d6e414001465ad
56db3d0ce7c41114004b4f83
56db3e49e7c41114004b4f91
56db3e49e7c41114004b4f92
56d384e559d6e4140014660b
56db407de7c41114004b4fb5
56d385c459d6e4140014662a
56db6544e7c41114004b507f
56db6760e7c41114004b50ab
56d99788dc89441400fdb580
56d4c2102ccc5a1400d831ef
56d99dcfdc89441400fdb609
56d5d0cb1c85041400946dfe
56d5d6521c85041400946e19
56d632371c85041400946fe3
56d9dfc9dc89441400fdb882
56d63d3a1c85041400947052
56d9a1bbdc89441400fdb658
56d9a5d0dc89441400fdb692
56d8d5babfea0914004b7736
56d8dc9cdc89441400fdb351
56db0c05e7c41114004b4ccb
56db2356e7c41114004b4dfc
56d9670fdc89441400fdb3f6
56db2ce6e7c41114004b4ebf
56d96a31dc89441400fdb421
56d96ec6dc89441400fdb45e
56db6be6e7c41114004b50d1
56d97261dc89441400fdb48b
56db75c2e7c41114004b5147
57337479d058e614000b5b41
57338802d058e614000b5cbc
57302b8004bcaa1900d772bc
57302b8004bcaa1900d772bd
57302cc5947a6a140053d216
57302d8ea23a5019007fcf06
573098542461fd1900a9cedc
5730a11b2461fd1900a9cf12
573386274776f41900660c92
57339840d058e614000b5e4d
573387494776f41900660cb0
57332d064776f41900660750
573335cbd058e614000b5780
573346cc4776f419006607ee
573365f4d058e614000b5a18
57337fd34776f41900660bfd
5733857b4776f41900660c8c
5732b89acc179a14009dac32
5732b89acc179a14009dac33
56dc56a414d3a41400c267dc
56dc604614d3a41400c2683c
56dc648d14d3a41400c26852
56dc6b6714d3a41400c26896
56dc78b114d3a41400c268bd
56dc7a7b14d3a41400c268e1
56dc7afb14d3a41400c268e8
56dc7d9b14d3a41400c2690e
56dc7e6714d3a41400c26923
56dcdb2e66d3e219004dab31
56dcf91c9a695914005b94ac
56dcfc1f66d3e219004dab77
56dcfd2266d3e219004dab8c
56dcfd2266d3e219004dab8e
56dcfef266d3e219004dab96
56dd10cc66d3e219004dabbb
56dd117966d3e219004dabc3
56dd158266d3e219004dabc9
56dd1e8366d3e219004dabda
56dd26729a695914005b9522
56dd32e966d3e219004dac56
56dd34f19a695914005b955a
56dd39ee66d3e219004dac8a
56dda5109a695914005b957d
56ddb03066d3e219004dac9c
56ddd2029a695914005b95f8
56ddf07e9a695914005b96f4
56ddfc5f4396321400ee252a
56de0b054396321400ee256e
56de15cd4396321400ee25bd
56de4d9ecffd8e1900b4b7e5
56de4fd14396321400ee27d7
56de5d2a4396321400ee2859
56ddb46c9a695914005b958e
56ddb53b66d3e219004daca4
56ddbc9766d3e219004dacc5
56ddbd6d66d3e219004daccb
56ddc1d966d3e219004dacd3
56ddca9d9a695914005b95d7
56dddb4466d3e219004dad3b
56dde2609a695914005b964a
56dde54066d3e219004dadb5
56dde98866d3e219004daded
56de1024cffd8e1900b4b5a6
56de22b84396321400ee25db
56de25ab4396321400ee260a
56dde2f49a695914005b9658
56dde48b9a695914005b966d
56dde8e466d3e219004dade0
56dde8e466d3e219004dade3
56ddead69a695914005b96b0
56ddead69a695914005b96b1
56deeb2a3277331400b4d816
56defc4bc65bf219000b3e85
56defc4bc65bf219000b3e86
56defcf2c65bf219000b3e91
56df04ce3277331400b4d8ba
56ddec6666d3e219004dae12
56ddf25a9a695914005b9717
56df0d723277331400b4d91d
56ddeed19a695914005b96dd
56ddfe654396321400ee2532
56de03d64396321400ee254d
56df50f88bc80c19004e4a67
56df53a58bc80c19004e4a9b
56df54788bc80c19004e4ab1
56df819456340a1900b29c88
56df96e138dc421700152092
56dfa1c738dc42170015213a
56dfbc8c231d4119001abd50
56de24b24396321400ee2600
56de2aeacffd8e1900b4b5f4
56de2aeacffd8e1900b4b5f6
56de37794396321400ee26ad
56de42a5cffd8e1900b4b735
56de4d6c4396321400ee27c0
56de2b2d4396321400ee261d
56de2cf84396321400ee262f
56e464f48c00841900fbaf86
56e478328c00841900fbafa9
56e4839b39bdeb140034796a
56e485f58c00841900fbafdf
56e476b139bdeb1400347945
56e482018c00841900fbafc9
56e4831739bdeb1400347961
56e4b51e39bdeb14003479a5
56e4b69439bdeb14003479b6
56de2f784396321400ee2658
56de2fedcffd8e1900b4b642
56de30cdcffd8e1900b4b650
56de412c4396321400ee2710
56de31984396321400ee2673
56de46cb4396321400ee275f
56de35834396321400ee26a4
56de3937cffd8e1900b4b692
56de560a4396321400ee281e
56de626d4396321400ee2866
56de69b84396321400ee28a7
56de69b84396321400ee28a9
56de6a2e4396321400ee28ad
56de6a2e4396321400ee28ae
56de6a2e4396321400ee28af
56de7aaa4396321400ee2947
56de7c51cffd8e1900b4b973
56de83354396321400ee29b3
56de84e34396321400ee29d9
56de86d2cffd8e1900b4b9e1
56de86d2cffd8e1900b4b9e2
56de6660cffd8e1900b4b86e
56de981ccffd8e1900b4ba16
56dec4913277331400b4d71f
56df5a598bc80c19004e4af5
56df5f6196943c1400a5d45a
56df6c5a56340a1900b29af6
56df705556340a1900b29b5b
56df775f5ca0a614008f9ad5
56df7e625ca0a614008f9b45
56de6fea4396321400ee28c9
56de70004396321400ee28ce
56de7251cffd8e1900b4b910
56de728f4396321400ee2926
56de73eb4396321400ee2934
56df0bf73277331400b4d919
56df13573277331400b4d959
56de9609cffd8e1900b4ba0c
56e0fbf67aa994140058e873
56dedf02c65bf219000b3d94
56dee5d8c65bf219000b3df8
56dfb801231d4119001abcf4
56dfb9fe231d4119001abd15
56dfbb977aa994140058e0b6
56dfc02e7aa994140058e119
56dfc0e0231d4119001abd9f
56dfd68c231d4119001abe1b
56dfddab7aa994140058e1e1
56dfdfd97aa994140058e1f6
56dfe0f17aa994140058e203
56dfe23b7aa994140058e219
56dfe336231d4119001abe63
56dfe4617aa994140058e227
56dfe9e07aa994140058e26f
56dfeb4f231d4119001abe8e
56dfec9f231d4119001abe9f
56dfed637aa994140058e279
56dff050231d4119001abecd
56dff3097aa994140058e2af
56deefeb3277331400b4d834
56df6bf35ca0a614008f99ff
56df6bf35ca0a614008f9a00
56df772656340a1900b29bc6
56df12643277331400b4d948
56df12643277331400b4d94a
56df226bc65bf219000b3f8d
56df226bc65bf219000b3f8e
56df226bc65bf219000b3f90
56df23c2c65bf219000b3fa1
56df262d3277331400b4d9b5
56df2767c65bf219000b3faa
56df36cd96943c1400a5d300
56df570e8bc80c19004e4ad6
56df570e8bc80c19004e4ad7
56df66e48bc80c19004e4bdb
56df6d8556340a1900b29b15
56df7f0156340a1900b29c38
56df8b7d38dc42170015202e
56df457b8bc80c19004e49d2
56df49d18bc80c19004e4a0a
56df4feb96943c1400a5d379
56df8cfc4a1a83140091eb30
56df8cfc4a1a83140091eb32
56df907838dc42170015205c
56df907838dc42170015205e
56dfa4514a1a83140091ec0a
56dfc11d231d4119001abda5
56df50e896943c1400a5d384
56df53c48bc80c19004e4a9e
56df55bc96943c1400a5d3d1
56df687496943c1400a5d4eb
56df740d56340a1900b29ba3
56df787656340a1900b29bfa
56df5ac48bc80c19004e4b08
56df5ac48bc80c19004e4b0a
56e0a24e7aa994140058e67c
56e09b837aa994140058e640
56e0a1d07aa994140058e673
56e0a208231d4119001ac2f0
56e0a3d47aa994140058e685
56e0a85e7aa994140058e69c
56e14515e3433e1400422d18
56e14acbcd28a01900c6774c
56e14bdacd28a01900c67768
56df778a5ca0a614008f9adb
56df85525ca0a614008f9c00
56df85525ca0a614008f9c01
56df8d8438dc421700152036
56dfae017aa994140058dfd5
56dfafa2231d4119001abc71
56dfb9b87aa994140058e091
56dfc6087aa994140058e19a
56dfb9837aa994140058e083
56dfba2a7aa994140058e09b
56dfba8b7aa994140058e0a3
56dfbd5e231d4119001abd58
56dfc460231d4119001abdc4
56dfc460231d4119001abdc5
56e02e6e231d4119001abf9a
56e03088231d4119001abfa3
56e035be7aa994140058e388
56e03c7e231d4119001ac00d
56e029737aa994140058e2d9
56e036337aa994140058e38f
56e037e17aa994140058e3a0
56e038637aa994140058e3b0
56e061f87aa994140058e42b
56e063197aa994140058e43a
56e068fb7aa994140058e45e
56e06a027aa994140058e472
56e06f74231d4119001ac11e
56e070fd231d4119001ac139
56e0716c231d4119001ac14a
56e077e77aa994140058e521
56e078cb7aa994140058e531
56e079df231d4119001ac19f
56e07a52231d4119001ac1aa
56e07b95231d4119001ac1b9
56e07e3f231d4119001ac1e2
56e07ffe231d4119001ac1f8
56e0838f231d4119001ac231
56e0838f231d4119001ac233
56e0848f231d4119001ac245
56e04669231d4119001ac031
56e047177aa994140058e41d
56e070687aa994140058e4c3
56e072b57aa994140058e4d2
56e09c507aa994140058e64e
56e09c507aa994140058e651
56e0b0667aa994140058e6a5
56e19878cd28a01900c67a16
56e1a1e1cd28a01900c67a36
56e0c956231d4119001ac393
56e0cae4231d4119001ac3a2
56e0d5117aa994140058e765
56e0d561231d4119001ac416
56e13c5ee3433e1400422cf2
56e13c5ee3433e1400422cf4
56e14848cd28a01900c6773b
56e15659e3433e1400422dd7
56e15ea9cd28a01900c67821
56e164bccd28a01900c6785a
56e164bccd28a01900c6785c
56e165afcd28a01900c67866
56e165afcd28a01900c67867
56e0fb457aa994140058e865
56e0fd33231d4119001ac54d
56e0fdc8231d4119001ac55a
56e1030ae3433e1400422a9e
56e1030ae3433e1400422aa0
56e10745cd28a01900c6745f
56e10ac2cd28a01900c674ba
56e1161ccd28a01900c67579
56e0f150231d4119001ac480
56e0f9657aa994140058e84f
56e0fb7b231d4119001ac532
56e1156fe3433e1400422bae
56e1189acd28a01900c675a5
56e1b646e3433e14004230d0
56e1bf20e3433e1400423120
56e1c12fe3433e140042312d
56e1c227cd28a01900c67b36
56e1c5f1cd28a01900c67b62
56e1c6d5cd28a01900c67b6e
56e1cc2fcd28a01900c67bb9
56e1373de3433e1400422cbe
56e1373de3433e1400422cc2
56e14afacd28a01900c67751
56e16494e3433e1400422e78
56e167b2e3433e1400422ea6
56e1784ee3433e1400422f68
56e18710cd28a01900c679b7
56e19be4e3433e1400423017
56e19be4e3433e1400423019
56e1c3c0cd28a01900c67b47
56e1c607e3433e1400423163
56e1c607e3433e1400423164
56e1d007e3433e14004231b9
56e1dec2e3433e14004231df
56e1e04dcd28a01900c67bda
56e1e04dcd28a01900c67bdc
56e1e199cd28a01900c67be7
56e1e388e3433e14004231e9
56e3bb5d39bdeb14003478d4
56e3bbe839bdeb14003478db
56e3bca239bdeb14003478e4
56e3c2db39bdeb14003478f5
56e3c6788c00841900fbaef9
56e429db8c00841900fbaf11
56e746fc00c9c71400d76f19
56e75e1200c9c71400d7701b
56e75f4b37bdd419002c3f0b
56e7627c37bdd419002c3f1f
56e76b5600c9c71400d770fe
56e79a2237bdd419002c41fb
56e7a3a500c9c71400d7746d
56e7a4c900c9c71400d77476
56e7b2f200c9c71400d77515
56e7b45837bdd419002c43ab
56e7b45837bdd419002c43ac
56e7b4f737bdd419002c43b2
56e6c3edde9d37140006802c
56e6ccc56fe0821900b8eb89
56e6d3336fe0821900b8ebac
56e6f11ade9d3714000680c8
56e8ceee99e8941900975ea9
56e8cfd799e8941900975eb0
56e6e10f6fe0821900b8ec1a
56e6e10f6fe0821900b8ec1d
56e8e4930b45c0140094cd3d
56e8ea980b45c0140094cd62
56e8f4ab0b45c0140094cd95
56e8f8170b45c0140094cda5
56e8fbad0b45c0140094cdc5
56e8fbad0b45c0140094cdc6
56e8fc6799e8941900975f53
56e7860900c9c71400d77231
56e7909700c9c71400d772e2
56e7909700c9c71400d772e4
56e797ad00c9c71400d77329
56e7afee37bdd419002c434c
56e7b0b737bdd419002c4366
56e7b21237bdd419002c4385
56e7b21237bdd419002c4386
56e7b94300c9c71400d77563
56e7bb3400c9c71400d7756b
56e7bf1b37bdd419002c43e6
56e6f3ac6fe0821900b8ec5e
56e860fd00c9c71400d77675
56e860fd00c9c71400d77676
56e8711499e8941900975e1c
56e87d480b45c0140094ccca
56e887cd99e8941900975e69
56e8887799e8941900975e6f
56e962100b45c0140094cdea
56e9644c0b45c0140094cdf0
56e702456fe0821900b8ec8a
56e708d0de9d37140006811c
56e72ba200c9c71400d76edb
56e72ec800c9c71400d76ee9
56e7415337bdd419002c3e03
56e7415337bdd419002c3e06
56e7516237bdd419002c3e65
56e76d0b00c9c71400d77119
56e7851100c9c71400d77216
56e78bd100c9c71400d77287
56e793ad00c9c71400d772fb
56e795ee37bdd419002c41a6
56e70a356fe0821900b8ec94
56e70aba6fe0821900b8ec9c
56e70bfcde9d371400068126
56e748ba00c9c71400d76f42
56e7498e00c9c71400d76f4b
56e77bc037bdd419002c4018
56e7756f00c9c71400d77154
56e784a400c9c71400d7720d
56e784a400c9c71400d7720e
56e7857c00c9c71400d77228
56e7862c37bdd419002c40a3
56e78dc200c9c71400d772b1
56e7910400c9c71400d772ef
56e7814300c9c71400d771dd
56e78ff500c9c71400d772d1
56e7c6bb37bdd419002c43f3
56e7857d37bdd419002c4091
56e78d6b00c9c71400d772a0
56e7906100c9c71400d772d7
56e7915837bdd419002c415f
56e7966637bdd419002c41b7
56e79d9037bdd419002c4241
56e79d9037bdd419002c4242
56e79e9200c9c71400d773dd
56e79f1700c9c71400d773f0
56e79feb00c9c71400d7740c
56e7a09b00c9c71400d7741e
56ea8ec15a205f1900d6d33e
56ea97ac5a205f1900d6d37b
56ea9b665a205f1900d6d38b
56ea9b665a205f1900d6d38c
56eaa3195a205f1900d6d3b3
56eaa5f15a205f1900d6d3c3
56eab2c15a205f1900d6d432
56e81e0737bdd419002c441e
56e8215937bdd419002c4451
56e8307b00c9c71400d7761b
56e836b537bdd419002c449d
56f6e9dd711bf01900a44863
56f6fe26711bf01900a448d6
56f729923d8e2e1400e373b6
56f730d43d8e2e1400e3741e
56f735c03d8e2e1400e37477
56f74780aef2371900625a99
56f75395aef2371900625b1f
56f7558fa6d7ea1400e171ce
56f7194f3d8e2e1400e3734b
56f726613d8e2e1400e373a6
56f73db4aef2371900625a40
56f73db4aef2371900625a41
56f740d5aef2371900625a49
56f740d5aef2371900625a4a
56f7424daef2371900625a50
56f74992a6d7ea1400e17165
56f75961aef2371900625b3d
56f83b32a6d7ea1400e174eb
56f83d50a6d7ea1400e174ff
56f84154aef2371900625f61
56f85e22aef2371900626023
56f86064aef2371900626030
56f86baca6d7ea1400e17601
56f880ddaef237190062612c
56f890f1a6d7ea1400e17765
56f89bea9e9bad19000a01bf
56f8a80b9e9bad19000a026e
56f8a80b9e9bad19000a0270
56f8a89c9b226e1400dd0d79
56f8b5ef9e9bad19000a037f
56f8c3489e9bad19000a0450
56f8c85a9b226e1400dd0fda
56f8c9c59e9bad19000a04ec
56f8de039e9bad19000a0621
56f8e0b29e9bad19000a0660
56f6f92b3d8e2e1400e37303
56f6fbeb711bf01900a448c8
56f7188d711bf01900a44951
56f719c23d8e2e1400e37352
56f734e03d8e2e1400e3746a
56f734e03d8e2e1400e3746d
56f736513d8e2e1400e37480
56f7379e711bf01900a44a7a
56f74a32a6d7ea1400e1716a
56f754cea6d7ea1400e171c4
56f75adda6d7ea1400e171fa
56f75e62aef2371900625b67
56f7e9f4a6d7ea1400e172af
56f7eb38a6d7ea1400e172c7
56f7ee11aef2371900625c6c
56f7ee11aef2371900625c6e
56f7f0b9aef2371900625c89
56f7f923aef2371900625d0f
56f7fb59aef2371900625d25
56f725793d8e2e1400e3739e
56f7f171aef2371900625ca0
56f823f3aef2371900625e1c
56f8262eaef2371900625e35
56f788eeaef2371900625b9f
56f78a17aef2371900625bb4
56f78c18a6d7ea1400e17254
56f95a919b226e1400dd1390
56f95bb59b226e1400dd13a3
56f95ca49e9bad19000a088c
56f95d2a9b226e1400dd13bd
56f95fca9b226e1400dd13d7
56f963d79e9bad19000a08b7
56f966c39b226e1400dd1405
56f969499b226e1400dd1413
56f969b89e9bad19000a08e9
56f96a9d9b226e1400dd1425
56f977939b226e1400dd1481
56f7c172a6d7ea1400e17269
56f7c6e1aef2371900625c01
56f7d4f7aef2371900625c26
56f7e0aaaef2371900625c3d
56f7e340aef2371900625c45
56f7f86faef2371900625d09
56f7f909a6d7ea1400e17346
56f7fd1faef2371900625d38
56f80258a6d7ea1400e17371
56f803c3a6d7ea1400e17382
56f816a9aef2371900625dbd
56f81977aef2371900625dcf
56f8274ca6d7ea1400e17433
56f83111aef2371900625ed9
56f83190a6d7ea1400e17474
56f852d0a6d7ea1400e17567
56f852d0a6d7ea1400e17568
56f8547aa6d7ea1400e17583
56f89fdc9b226e1400dd0cf5
56f8a1fc9b226e1400dd0d13
56f81fe6aef2371900625df5
56f876bda6d7ea1400e1768a
56f87739aef23719006260c5
56f88857a6d7ea1400e1772d
56f88bb0aef2371900626171
56f8b1949e9bad19000a0339
56f8c9cd9b226e1400dd0ffe
56f8cf5e9e9bad19000a0567
56f8981f9b226e1400dd0c78
56f8981f9b226e1400dd0c7a
56f89b129b226e1400dd0cab
56f8b2ec9b226e1400dd0e4b
56f8b42a9b226e1400dd0e6e
56f8d7e39e9bad19000a05d2
56f8dca99b226e1400dd1126
56f8e01d9b226e1400dd1164
56f8e01d9b226e1400dd1165
56f8e37f9b226e1400dd1194
56f8ceed9b226e1400dd1048
56f8d6e09e9bad19000a05c9
56f8d7c39b226e1400dd10cd
56f8d7c39b226e1400dd10ce
56f8d9349b226e1400dd10db
56f8dbaa9b226e1400dd1111
56f8dcd39b226e1400dd1130
56f8ddcc9b226e1400dd113e
56f8e1cd9b226e1400dd117b
56f8e4d89b226e1400dd11a0
56f8e4d89b226e1400dd11a1
56f8e6839e9bad19000a06cb
56f8eee09e9bad19000a0722
56f8f3b79b226e1400dd11f0
56f8f3b79b226e1400dd11f1
56f8a91b9e9bad19000a027d
56f8a91b9e9bad19000a027f
56f937b49b226e1400dd129b
56f938d29b226e1400dd12a5
56f93e359b226e1400dd12c1
56f9429c9b226e1400dd12de
56f949339e9bad19000a081f
56f949339e9bad19000a0820
56f957d89e9bad19000a0855
56f9613f9b226e1400dd13f2
56f96df19b226e1400dd1437
56f96df19b226e1400dd1439
56f96ea89e9bad19000a08f9
56f96f4f9b226e1400dd1441
56f972499b226e1400dd1466
56f978fb9b226e1400dd1484
56f8c4bd9b226e1400dd0f6d
56f8c9d99b226e1400dd1003
56f8cc7b9e9bad19000a0520
56f8cddd9e9bad19000a0542
56f98c609e9bad19000a0a9b
56f8d6b49b226e1400dd10c4
56f8e8659e9bad19000a06f4
56f8ebe29e9bad19000a06fc
56f8ebe29e9bad19000a06fd
56f8ed819b226e1400dd11d0
56f8f0819e9bad19000a0747
56f8f2c89e9bad19000a075d
56f8f3eb9e9bad19000a076f
56f8f65b9b226e1400dd1202
56f8f72e9e9bad19000a0789
56f8f7ba9b226e1400dd120c
56f8f7ba9b226e1400dd120d
56f8fa3c9b226e1400dd1215
56f97a529e9bad19000a098b
56f985bd9b226e1400dd150a
56f98a729b226e1400dd1541
56f98bf79b226e1400dd1555
56f98ddc9e9bad19000a0ab6
56f990ce9e9bad19000a0ae1
56f992a89b226e1400dd15c1
56f955c99e9bad19000a083a
56f95c639e9bad19000a0886
56f977b19e9bad19000a097b
56f977b19e9bad19000a097d
56f9851f9b226e1400dd1500
56f9df829b226e1400dd15d7
56f9e4999e9bad19000a0b42
56f9eaae8f12f3190062fff4
56f9ebe18f12f3190062fff9
56fa7cba8f12f3190063015d
56f9e7ba9e9bad19000a0b58
56f9f994f34c681400b0bf21
56fa0e0df34c681400b0bf8f
56fa0e0df34c681400b0bf90
56fa142af34c681400b0bfa3
56fa184cf34c681400b0bfac
56fa2008f34c681400b0bfc8
56fa236c8f12f319006300de
56fa236c8f12f319006300df
56fa33388f12f319006300ef
56fa3d788f12f319006300fd
56fa3d788f12f319006300ff
56fa413bf34c681400b0c032
56fa455af34c681400b0c050
56fa49f9f34c681400b0c060
56fa4b89f34c681400b0c06c
56fa517b8f12f31900630124
56fa5493f34c681400b0c085
56fa5855f34c681400b0c09a
56fa5af68f12f3190063012f
56fa5e2df34c681400b0c0b0
56fa621f8f12f31900630143
56fa00e2f34c681400b0bf4b
56fa01668f12f3190063005c
56fa03388f12f31900630082
56fad6b8f34c681400b0c151
56fae0218f12f31900630217
56fae1078f12f31900630224
56fae1078f12f31900630226
56fae2a48f12f31900630237
56fae2a48f12f31900630239
56fae4d9f34c681400b0c18a
56fae8528f12f319006302a2
56faeb678f12f319006302c6
56faedf8f34c681400b0c1c3
56faedf8f34c681400b0c1c5
56fb2a7cf34c681400b0c1da
56fb7572b28b3419009f1d67
56fb824db28b3419009f1db3
56fb87368ddada1400cd64c9
56fc86e1b53dbe190075511d
56fc89bbb53dbe190075512a
56fc89bbb53dbe190075512b
56fdc4f319033b140034cd5c
56fdc67a19033b140034cd6f
56fddf75761e401900d28c19
56fdeebd19033b140034cde4
56fdf01419033b140034cdeb
56fdf63d19033b140034ce0e
56fdf6df761e401900d28c69
56fe0329761e401900d28c9c
56fe044419033b140034ce3e
570652ab75f01819005e7b48
5706ab5375f01819005e7cfa
5706cd480eeca41400aa0e45
5706cee50eeca41400aa0e4d
5706cee50eeca41400aa0e4e
57070cab90286e26004fc85b
57070f769e06ca38007e935f
570712049e06ca38007e938b
5705ef7375f01819005e77a0
5705f12375f01819005e77ae
5706095a75f01819005e78cb
570609e452bb8914006897f4
57060b8875f01819005e78ee
57060ec552bb891400689826
5706108452bb89140068983d
5706108452bb89140068983e
5706131752bb89140068985e
5706131752bb89140068985f
5706158575f01819005e7961
5705e3a452bb89140068965a
5705ea7975f01819005e775b
570680d952bb891400689a13
5706a0a975f01819005e7c71
5706a64f75f01819005e7cd6
5706ac5452bb891400689b60
5706af7575f01819005e7d37
5706b3e90eeca41400aa0d54
5706b6aa2eaba6190074ac60
5707ff5f9e06ca38007e94e5
570805e39e06ca38007e950a
57080ed1efce8f15003a7d91
5705e78f75f01819005e7734
5705ef1452bb8914006896e9
5705f69d75f01819005e77ca
5706046752bb8914006897aa
5706883275f01819005e7bd7
5706910552bb891400689a67
5706917375f01819005e7c11
5706a5bc75f01819005e7cc0
5706ac4e75f01819005e7d0c
5706d9820eeca41400aa0e82
5706099a52bb8914006897e9
5706099a52bb8914006897eb
57060ece75f01819005e791a
5706268775f01819005e7a00
57062f3952bb89140068994a
5706318d52bb89140068995c
57063ba175f01819005e7aa5
57063e7075f01819005e7ab2
5706845d52bb891400689a27
5706bc1f2eaba6190074acd2
5706bd3e0eeca41400aa0dd3
5706be1e0eeca41400aa0de7
5706bf590eeca41400aa0dfd
5706c3fa2eaba6190074acfc
5706d70e2eaba6190074ad29
5706d85a2eaba6190074ad38
57061c5c52bb8914006898ba
57062eba75f01819005e7a3d
570632d275f01819005e7a77
570616a075f01819005e7971
57061b0f75f01819005e798f
57061edc75f01819005e79b0
5706202975f01819005e79cb
570623ba75f01819005e79e7
570624f252bb8914006898f8
570629ba52bb891400689917
57062c9b52bb891400689932
57062e7e52bb89140068993d
5706324275f01819005e7a6a
5706324275f01819005e7a6b
5706336875f01819005e7a8a
570640a275f01819005e7ac6
570646b852bb8914006899c0
57064bd375f01819005e7b15
57064d5075f01819005e7b2b
57064fcc75f01819005e7b36
5706649675f01819005e7b95
5706aab252bb891400689b3b
5706aecd75f01819005e7d30
5706bb610eeca41400aa0dbb
5706bb610eeca41400aa0dbc
5706bb610eeca41400aa0dbd
570700329e06ca38007e929a
5707229c90286e26004fc948
5707258d90286e26004fc95a
570728b99e06ca38007e94b9
570985de200fba1400368131
570942b39928a814004714f0
5709c39b200fba14003682c4
570955309928a8140047153c
570aa1e34103511400d598a5
57097f5e200fba1400368093
5709880eed30961900e842a6
57097006ed30961900e8412d
57097200200fba1400368010
57095e77200fba1400367eef
57095e77200fba1400367ef1
57096228ed30961900e84041
57096337ed30961900e8405a
57096d7eed30961900e840fa
57097302ed30961900e84178
57097fd9ed30961900e84235
57099043200fba140036819d
57099f7bed30961900e8438c
5709a8dd200fba140036822c
5709a976ed30961900e843dd
57098dc3ed30961900e842fd
57098fc7ed30961900e84323
570993c9ed30961900e84357
57099b92200fba14003681d6
5709a209ed30961900e84399
5709a8ad200fba1400368224
5709b61eed30961900e84448
570a49376d058f1900182d37
5709e5336d058f1900182bfc
570a0b984103511400d5952a
570a0f2e6d058f1900182c94
570a597e4103511400d5963f
570a59da4103511400d59646
570a59da4103511400d59647
570a5afd6d058f1900182d97
570a628a4103511400d596aa
570a7c684103511400d59769
570a7c684103511400d5976a
570a7f296d058f1900182eb2
570c3cc96b8089140040fc56
570c4b09fed7b91900d45851
570c9aa8b3d812140066d249
570b04bf6b8089140040f6e5
570b00ea6b8089140040f6ab
570ac6156d058f19001830dd
570ace2c4103511400d59a1d
570b1a61ec8fbc190045b826
570b1f6b6b8089140040f746
570af6316b8089140040f63c
570b27286b8089140040f79c
570b4563ec8fbc190045b943
570b47b6ec8fbc190045b957
570b61516b8089140040f8ff
570b61516b8089140040f901
570b6365ec8fbc190045b9c1
570b8219ec8fbc190045ba48
570ba229ec8fbc190045ba99
570baba0ec8fbc190045baba
570bceb66b8089140040fa4d
570bf0126b8089140040fad1
570bf0896b8089140040fadd
570bfb6dec8fbc190045bbf7
570cee7ffed7b91900d45afb
570cf05db3d812140066d34c
570cf364fed7b91900d45b53
570cf442fed7b91900d45b75
570c26b0ec8fbc190045bcaa
570c26fa6b8089140040fb90
570da71c16d0071400510c57
570dec870b85d914000d7be5
570dec870b85d914000d7be8
570df2080dc6ce1900204d38
570df8950b85d914000d7c43
570da494df2f5219002ed0a1
570df1970dc6ce1900204d2d
570e13df0b85d914000d7ca5
570e529d0b85d914000d7e36
570e779d0dc6ce19002050b4
570e7b8c0b85d914000d7f35
570c5439b3d812140066d115
570c5e0efed7b91900d45948
570d1a97b3d812140066d415
570d5502b3d812140066d6d3
570d6767fed7b91900d45ffb
570d9b3e16d0071400510bd5
570daef116d0071400510cd0
570e25080dc6ce1900204df5
570e5d860dc6ce1900204fa5
570d45acb3d812140066d611
570d6968b3d812140066d889
570d4299fed7b91900d45dd2
570d6f14fed7b91900d460f1
570d875efed7b91900d461eb
570d90eeb3d812140066da41
570d4c0efed7b91900d45e2a
570d79d0fed7b91900d46197
570d7a98fed7b91900d461ad
570db26616d0071400510cf5
570e30ec0dc6ce1900204e55
570e30ec0dc6ce1900204e59
570e35d20b85d914000d7d70
570e616f0dc6ce1900204fd4
571084dcb654c5140001f949
5710898bb654c5140001f966
5710a3ceb654c5140001f9f4
5710f431b654c5140001fa40
57100918b654c5140001f77b
571020a9b654c5140001f813
57102822a58dae1900cd6931
57100b34a58dae1900cd67f4
57100c2ea58dae1900cd6807
57100d1da58dae1900cd681c
57101c35b654c5140001f804
57101eefa58dae1900cd68b4
57102bb6b654c5140001f889
571034a1a58dae1900cd6962
570fd8fd80d9841400ab36d3
571021d7a58dae1900cd68cf
571021d7a58dae1900cd68d1
571022aba58dae1900cd68e6
57102369a58dae1900cd68fa
57112478a58dae1900cd6c9c
571a7b2b10f8ca1400305099
571a8b5e4faf5e1900b8aa55
571a93be4faf5e1900b8aaaa
571a9b474faf5e1900b8ab24
571a87ce4faf5e1900b8aa21
5719da2d4faf5e1900b8a829
571a275210f8ca1400304f08
571a38ca10f8ca1400304f7a
571a458e4faf5e1900b8a934
571a7cfa4faf5e1900b8a9d9
571dde31b64a571400c71db6
571acf6232177014007e9f1f
571af9329499d21900609bc5
571d2f3bdd7acb1400e4c252
571aa35110f8ca1400305219
571aa7d54faf5e1900b8abc2
5722c9db0dadf01500fa1eed
5723aae60dadf01500fa1f2b
5723d1300dadf01500fa1f3e
57257f9969ff041400e58e16
5722cddcf6b826140030fc51
572407900ba9f01400d97b31
572563c469ff041400e58c59
572512df0a492a19004356dd
57251e0e0ba9f01400d97c6b
5725bb2838643c19005acbfd
5725b63f271a42140099d067
5725bbb1ec44d21400f3d493
5725c1b9ec44d21400f3d4e0
5725df1cec44d21400f3d702
5726715df1498d1400e8dfd0
57269fa7708984140094cc09
57269fa7708984140094cc0b
5726b4e0f1498d1400e8e832
5725c64b271a42140099d18f
5725cad2ec44d21400f3d5a0
5727ef71ff5b5019007d98d1
5727ef71ff5b5019007d98d2
572807ba4b864d190016428b
5726b8385951b619008f7bba
5726bc4d5951b619008f7c72
5725d297271a42140099d24a
5726696b708984140094c520
5726030e271a42140099d3c7
572668875951b619008f71d7
5726145189a1e219009ac212
5725e47538643c19005ace41
57260cd689a1e219009ac197
5726144d271a42140099d441
57261a5189a1e219009ac265
57261b6dec44d21400f3d8f3
57261b6dec44d21400f3d8f5
572686f05951b619008f75be
572686f05951b619008f75bf
57262af9ec44d21400f3db83
57262d6838643c19005ad2a7
57262d6838643c19005ad2a8
5726b8a5f1498d1400e8e8de
5726c1e5f1498d1400e8ea62
5726c5e45951b619008f7db2
5726ec2bdd62a815002e955c
57260a6bec44d21400f3d825
5726d15cdd62a815002e9134
5726d1985951b619008f7f02
5726d229708984140094d257
5726d735dd62a815002e9207
5726d8a5708984140094d356
5726d98cdd62a815002e9289
5726dc5add62a815002e9312
57261d2089a1e219009ac283
5726244bec44d21400f3d968
572634a1271a42140099d75d
57264dcd708984140094c1da
57264e94f1498d1400e8dba9
57266080f1498d1400e8ddaf
5726859bf1498d1400e8e290
57263014271a42140099d72b
5726535d708984140094c27a
57266a2c5951b619008f7207
572687e3708984140094c8fe
57268974708984140094c93b
572632cf89a1e219009ac55e
572662d9708984140094c476
57266b67dd62a815002e8458
57266e09dd62a815002e8489
572671c4708984140094c648
5726744ddd62a815002e8586
57264597f1498d1400e8dad2
57265236708984140094c24b
57265d27708984140094c3a4
572672d9708984140094c671
5726c9cddd62a815002e9050
57293c921d046914007791af
572691045951b619008f76d8
5729508d3f37b31900478234
5729525c3f37b31900478246
572952cb6aef051400154ce5
57274df4f1498d1400e8f604
572759bddd62a815002e9b8f
572a369c3f37b319004787bf
572bc198be1ee31400cb8493
5727ed00ff5b5019007d98a3
5727ee2a2ca10214002d99e4
5728ab684b864d1900164bf3
5728ab684b864d1900164bf4
572656cf708984140094c2e4
572662f85951b619008f7124
5726638ef1498d1400e8ddec
572656b65951b619008f700c
57265877dd62a815002e8245
57265a52708984140094c368
57266e2c708984140094c5c0
572671dd708984140094c64f
572685f55951b619008f757e
5726d0f1dd62a815002e9122
57267b2ef1498d1400e8e13f
57267adb5951b619008f7408
57268d09f1498d1400e8e384
5726d364708984140094d27d
5726dd8e708984140094d40f
57267749dd62a815002e85ec
5726b3d5708984140094ce46
5726c9c0f1498d1400e8eb39
57274eb3f1498d1400e8f60d
5726dd5f5951b619008f8073
5726e8ed5951b619008f822d
5727cf404b864d1900163da1
572812723acd2414000df3c7
5728782d3acd2414000dfa2f
5728c6dbff5b5019007da682
5728de7fff5b5019007da893
572665dff1498d1400e8de45
572665dff1498d1400e8de46
5726d6d8708984140094d2f5
572673ef5951b619008f7311
5727d5bd4b864d1900163e2c
572ca233dfb02c14005c6bd2
5727cc87ff5b5019007d957d
572ca182dfb02c14005c6bc3
572ca4e8dfb02c14005c6bdc
572cabc8f182dd1900d7c81a
572cbdd6750c471900ed4d20
57268be2dd62a815002e8902
5726a242dd62a815002e8b8d
5726fc4f708984140094d7c1
5728e4a93acd2414000e0146
57267331708984140094c68d
572676edf1498d1400e8e090
572732bbdd62a815002e9971
57276d73f1498d1400e8f7e3
5726767edd62a815002e85d9
5726828bf1498d1400e8e229
57267a9b5951b619008f73fd
57267d66f1498d1400e8e181
57267fbff1498d1400e8e1d5
5726808c708984140094c837
5726842edd62a815002e87ee
5726b605708984140094ce9d
57275a2bdd62a815002e9ba0
57275b6edd62a815002e9ba7
57275d775951b619008f88d1
57278c84dd62a815002ea021
57278d02f1498d1400e8fbc7
572791e0f1498d1400e8fc6a
5727983ddd62a815002ea16c
5727a5dd2ca10214002d92d3
5726a066708984140094cc32
5726a4de708984140094cccb
5726adcff1498d1400e8e6f8
5726e3725951b619008f8184
5726e3725951b619008f8185
5726f08ef1498d1400e8f07f
57274a76708984140094dbcc
5727657f708984140094dcfb
5727852d708984140094dfdf
5726965c5951b619008f775f
572699fcdd62a815002e8abd
572699fcdd62a815002e8abe
5726a450f1498d1400e8e5c3
5726c4aaf1498d1400e8eab6
5726bf09f1498d1400e8e9fc
5726a65e708984140094cce6
5726c19ff1498d1400e8ea5b
5726c314708984140094d0c6
5726c96bdd62a815002e9037
5726b876dd62a815002e8e1a
5726b7a95951b619008f7bae
5726bab35951b619008f7c17
5726d4015951b619008f7f38
5726b4e8f1498d1400e8e83e
5726b4e8f1498d1400e8e83f
5726be1add62a815002e8f10
5726c9505951b619008f7e0c
5727729cdd62a815002e9d15
57279eac3acd2414000de80b
5727be542ca10214002d9544
5726e051708984140094d470
5727761c5951b619008f8a73
57277a635951b619008f8ad3
57278f075951b619008f8d7b
57278f075951b619008f8d7e
5726bc32dd62a815002e8eb1
5726b410708984140094ce4b
5726bdb2708984140094cfe6
5727218cdd62a815002e9946
5726bbb8dd62a815002e8e9f
5726fd0f5951b619008f8426
5726ba47dd62a815002e8e61
5726bfe0f1498d1400e8ea2c
5726e16df1498d1400e8ee88
5726ef205951b619008f82c1
5726f9b0dd62a815002e96a4
5726def0f1498d1400e8ee34
5726e1275951b619008f8137
5726ec71708984140094d637
572932f2af94a219006aa17b
572932f2af94a219006aa17e
57294c541d04691400779265
57294f071d0469140077927d
572957d1af94a219006aa2e8
5726bffb5951b619008f7d2f
5726db26f1498d1400e8ed57
5726dea95951b619008f80b5
5726ebfc708984140094d619
5726e671708984140094d545
57280c03ff5b5019007d9bab
572836864b864d1900164755
57283bbeff5b5019007d9faf
5726d6eaf1498d1400e8ecaa
5726d7e25951b619008f7fab
5726d7e25951b619008f7fad
5726db87dd62a815002e92de
5726df215951b619008f80da
5726dfe9708984140094d457
5726e7cc5951b619008f8200
572717315951b619008f85c0
57271a90dd62a815002e9910
57271bd3f1498d1400e8f3b0
57272081708984140094da2b
5727247c5951b619008f866b
5726ee62dd62a815002e9584
572b928534ae481900deae9f
572ba616111d821400f38f34
572798dddd62a815002ea18a
5726f7fe5951b619008f839b
5726fc9f5951b619008f841d
572702ec708984140094d874
57277c82708984140094def8
57291ce0af94a219006aa08d
572922ae1d0469140077909f
572976ac3f37b31900478449
57270cbef1498d1400e8f2a8
57270cbef1498d1400e8f2a9
57276d92708984140094dd49
5727a85fff5b5019007d9211
57272e44f1498d1400e8f446
57272f7e708984140094dab4
57273936dd62a815002e99b4
57273ce15951b619008f872b
57278c17708984140094e071
57278c17708984140094e073
5727de03ff5b5019007d971a
5727df9eff5b5019007d973a
5727e4f42ca10214002d98e1
5727a7103acd2414000de8e4
5727784ff1498d1400e8f901
572791415951b619008f8db9
5727aabd3acd2414000de939
5727aba14b864d19001639fe
5727790a708984140094de96
57279206f1498d1400e8fc71
5727d1caff5b5019007d960c
572791e9dd62a815002ea0aa
572814fa3acd2414000df407
57283ef9ff5b5019007d9feb
5727a4ee3acd2414000de8bb
57276fc45951b619008f89cf
5727722af1498d1400e8f85a
5727737f708984140094dddd
5727785fdd62a815002e9dc2
57278fcaf1498d1400e8fc27
57279967dd62a815002ea19e
57279ae4dd62a815002ea1cd
5727a7474b864d1900163989
5727a6242ca10214002d92db
5727eb443acd2414000defe8
5727ee154b864d190016403f
5727fc802ca10214002d9ac2
5727862fdd62a815002e9f82
57277b03dd62a815002e9e11
57278fba5951b619008f8d8e
5727a2bbff5b5019007d9177
57278e57f1498d1400e8fc00
5727b09f4b864d1900163a72
5727c80b2ca10214002d9620
5727fb092ca10214002d9aa6
57278ba7dd62a815002e9fea
572848c23acd2414000df888
5727b460ff5b5019007d9308
5727dc4b4b864d1900163ead
5727e9d12ca10214002d9961
572a1f9d1d046914007797b0
5727d5c02ca10214002d97a6
572802ac2ca10214002d9b66
572805c04b864d1900164258
5727ba513acd2414000deaba
5727b7c62ca10214002d94b0
572810c62ca10214002d9d02
572815a04b864d190016443b
5727ba3c2ca10214002d94ce
5727c2c42ca10214002d95a4
5728ccee3acd2414000dfed2
5728d1552ca10214002da89f
5728d69d4b864d1900164f25
5728dffeff5b5019007da8a4
5727c37eff5b5019007d94a1
5727daee3acd2414000dee22
5727dd8dff5b5019007d9711
5727c5984b864d1900163ce1
5727dbae3acd2414000dee27
5727eec64b864d190016404c
5727bf6aff5b5019007d942b
5727bfcf3acd2414000deb73
5727df132ca10214002d9872
5727e51fff5b5019007d97c1
5727e7144b864d1900163fa5
57283f66ff5b5019007d9ff3
572843dd2ca10214002da1ef
572878323acd2414000dfa36
572891a0ff5b5019007da303
5728c9483acd2414000dfe70
5727ebe03acd2414000defef
572801f13acd2414000df207
572813fb3acd2414000df3f0
572832643acd2414000df6c5
572832643acd2414000df6c7
5728009a2ca10214002d9b1e
57280b503acd2414000df307
572813c5ff5b5019007d9ca0
572826292ca10214002d9f1f
57282e5c4b864d1900164675
57282a553acd2414000df5f4
572aa8b4f75d5e190021fc08
57281a552ca10214002d9dd7
572823b93acd2414000df581
5728249e4b864d1900164581
572808852ca10214002d9c0b
5728ac5d2ca10214002da58f
5728cb54ff5b5019007da6b6
5728a13eff5b5019007da350
57283a80ff5b5019007d9f88
572840513acd2414000df7cb
572876fb3acd2414000dfa27
572844b64b864d1900164876
5728acd92ca10214002da59f
5728b383ff5b5019007da4e0
5728b383ff5b5019007da4e1
5728b7453acd2414000dfd3a
5728d0ccff5b5019007da729
5728d26f3acd2414000dff5b
5728d26f3acd2414000dff5d
5728d311ff5b5019007da786
5728d3d92ca10214002da8c8
5728d4c43acd2414000dffaa
57293c5e6aef051400154bc2
5728b5f5ff5b5019007da524
5728aaa24b864d1900164be7
5728b201ff5b5019007da4a5
572927373f37b3190047808e
572927373f37b3190047808f
57292fb81d04691400779133
57293e7c1d046914007791e3
57298be2af94a219006aa4fa
5728ad892ca10214002da5a7
5728cd6b4b864d1900164e69
5728cf173acd2414000dff09
57290ceeaf94a219006a9fdb
572932863f37b319004780f0
572946336aef051400154c45
572947453f37b319004781fc
5728b2912ca10214002da5fd
5728e35a2ca10214002daa36
5728efe52ca10214002daad8
57290440af94a219006a9f46
5728e9944b864d1900165080
572909171d04691400778fa2
5729319b3f37b319004780dd
57293f201d046914007791ed
5728f2a34b864d1900165102
5728f7df4b864d1900165138
5728fd38af94a219006a9edd
5728fd971d04691400778f26
57290ea56aef0514001549ff
5729193baf94a219006aa06f
5729223faf94a219006aa0d8
57294ea7af94a219006aa281
572955e1af94a219006aa2cf
5729734f6aef051400154efe
572974506aef051400154f1f
5729710a6aef051400154ed2
572b80e034ae481900deae50
572971fd1d0469140077947d
57297a3baf94a219006aa4bf
57298eb13f37b31900478491
572a54e07a1753140016aeb3
572a54e07a1753140016aeb4
5729a24c1d0469140077959b
5729e7a86aef0514001550f3
5729ff176aef051400155192
572a023f1d046914007796c8
572a22256aef0514001552f9
572a4d053f37b31900478873
572a518ab8ce0319002e2a93
572a56b9d562191400bc867d
572a1b551d04691400779796
572a211b3f37b3190047871a
572a34106aef05140015536e
572a18f23f37b319004786d3
572a3398af94a219006aa88e
572a589bb8ce0319002e2acb
572a630e7a1753140016aefc
572a798abe1ee31400cb8022
572ab905f75d5e190021fc72
572abb9a34ae481900deac8b
572abec0be1ee31400cb8202
572a4e22fed8de19000d5b8a
572a816d111d821400f38b7c
572a83c4be1ee31400cb8062
572a6ac17a1753140016af23
572a6ac17a1753140016af24
572a8c0c111d821400f38bdc
572aa1b9f75d5e190021fbd8
572ab5c7be1ee31400cb81b4
572abb31111d821400f38d0e
572ac4e4f75d5e190021fcb1
572aa878be1ee31400cb8122
572aafcd111d821400f38cc6
572b5ebc34ae481900deaddf
572b69e434ae481900deade9
572b31d434ae481900dead32
572b415834ae481900dead52
572b91db34ae481900deae9b
572bb59abe1ee31400cb848b
572bd14c34ae481900deaf16
572c053b750c471900ed4c84
572c93972babe914003c2993
572c9697750c471900ed4cac
572f8332a23a5019007fc6b9
572e918dcb0c0d14000f12c8
572ee720c246551400ce4795
572ee720c246551400ce4796
572e885c03f989190075673d
572e8e84dfa6aa1500f8d120
572ecb3c03f9891900756a37
572f880804bcaa1900d76a57
572f880804bcaa1900d76a58
572e808d03f98919007566e5
572e808d03f98919007566e8
57318f8ae6313a140071d09d
572e95a4c246551400ce4391
572e98d4cb0c0d14000f1325
5731919ba5e9cc1400cdc0c4
57319608497a881900249094
5731c9b6e17f3d14004223ec
572e877703f9891900756734
572ead00c246551400ce44c9
572ec87ac246551400ce4675
572ed1e0dfa6aa1500f8d40b
572f0b6cdfa6aa1500f8d581
572f15a303f9891900756b88
572e90cedfa6aa1500f8d152
572e9d16c246551400ce43f6
572eb8ccc246551400ce4565
572edaa503f9891900756a85
572edab0cb0c0d14000f1608
57300d74a23a5019007fccd3
57301dd3a23a5019007fcdb4
5730261da23a5019007fce6f
57312320a5e9cc1400cdbc88
57314067a5e9cc1400cdbdc1
572fbec404bcaa1900d76c68
5730501a396df91900096052
5730501a396df91900096054
573057112461fd1900a9cd71
57305bf72461fd1900a9cdd3
572ea0a603f989190075685c
572ea3ab03f9891900756893
572ea3ab03f9891900756894
572ec4a3dfa6aa1500f8d36f
572ec878dfa6aa1500f8d3b1
572eaf28dfa6aa1500f8d2c2
572eca8ccb0c0d14000f1579
572ec4e8dfa6aa1500f8d374
572f69a8947a6a140053c92a
572f9394a23a5019007fc791
572faa5304bcaa1900d76b99
572fb04d947a6a140053cb7a
572fab80947a6a140053cb47
573071f02461fd1900a9ce16
572eb10103f9891900756969
572ee0cc03f9891900756ab7
572fab9fb2c2fd14005682fe
572f0de5c246551400ce4879
572f1534c246551400ce4895
572f78e104bcaa1900d769cb
572f8493a23a5019007fc6ca
572f9c0bb2c2fd1400568243
572f9c0bb2c2fd1400568246
572fe85db2c2fd14005685b1
57301633a23a5019007fcd41
57303f5eb2c2fd1400568aeb
572f473f947a6a140053c860
572fa9b5a23a5019007fc853
572fae0304bcaa1900d76bd7
572f2049a23a5019007fc4a4
572f21e6b2c2fd1400567f41
572f332ba23a5019007fc4d9
572fa962a23a5019007fc84a
572fadc5947a6a140053cb60
572f58d704bcaa1900d76884
572f742404bcaa1900d76979
572f7534a23a5019007fc644
572f94bca23a5019007fc79d
572fa99c04bcaa1900d76b81
572f7193947a6a140053c974
572f72aeb2c2fd1400568138
572fb959947a6a140053cbe6
5730396404bcaa1900d773bf
57343c494776f41900661ac7
572f892304bcaa1900d76a63
572f93e604bcaa1900d76aa4
572fc827b2c2fd1400568465
572fa91e04bcaa1900d76b6a
572fcf88a23a5019007fca24
572fdfbda23a5019007fcab1
572fb4cfb2c2fd1400568385
57301001947a6a140053d019
57301001947a6a140053d01a
57302051947a6a140053d14e
5733dfd24776f419006613ec
572fd2b4b2c2fd14005684b5
572ffb1eb2c2fd14005686c0
573039c004bcaa1900d773c5
5731b5c6e99e3014001e61fc
5731bdd7e17f3d140042236d
5731bfc80fdd8d15006c64f3
5731c82ee99e3014001e6272
573218e70fdd8d15006c67a0
57323af4b9d445190005e8fd
57324f67b9d445190005ea27
57329efbcc179a14009dab80
57343dd54776f41900661ae6
57303222947a6a140053d272
573014cc04bcaa1900d77145
57302525a23a5019007fce5e
5730301cb2c2fd1400568a24
57303b5e04bcaa1900d773e9
57303b5e04bcaa1900d773ea
5730130904bcaa1900d77118
5730192604bcaa1900d7718a
57303e1db2c2fd1400568ace
57304ae8396df91900096040
573016e1a23a5019007fcd55
5730258e04bcaa1900d77226
573027b6947a6a140053d1b9
573030d304bcaa1900d77321
5730408b947a6a140053d332
573053ea8ab72b1400f9c471
5730609f396df919000960bf
573071d98ab72b1400f9c4ef
573082f4396df91900096161
5730846a069b53140083214b
5730aa008ab72b1400f9c63e
5730ab3a8ab72b1400f9c65f
5730b8f5396df919000962d8
5730b9a8396df919000962e4
5730bb058ab72b1400f9c728
5730b2b08ab72b1400f9c6b6
5730be6a2461fd1900a9d03f
5730c960b54a4f140068cc5e
5730ec2a497a881900248a55
5731023c05b4da19006bccd1
5731106ee6313a140071cbdc
573117cae6313a140071cc36
5731411605b4da19006bcf55
5730fac8a5e9cc1400cdbb64
5730df7eaca1c71400fe5b21
5730df7eaca1c71400fe5b22
5730ee8905b4da19006bcc59
5730c872aca1c71400fe5ab1
5730e193aca1c71400fe5b3e
5730e35df6cb411900e24517
5731138fe6313a140071cbf8
5731162005b4da19006bcd7e
57311339a5e9cc1400cdbc01
573150b7497a881900248dcb
57320e760fdd8d15006c6721
573216f8e99e3014001e64f3
57312bb0497a881900248bfe
57312f5805b4da19006bce68
57313b7c05b4da19006bcef3
57318336a5e9cc1400cdc004
5731a9d8e99e3014001e61b9
57312d39497a881900248c11
57315327e6313a140071ce23
57319331497a88190024905c
5731bcdfe17f3d140042235e
5731bcdfe17f3d140042235f
5731628fe6313a140071ceb4
57317f97e6313a140071cfca
573189a6e6313a140071d05a
5731bb00e99e3014001e621b
5731bed90fdd8d15006c64e8
5731f519e17f3d1400422577
57321b19b9d445190005e7fb
5731a25e0fdd8d15006c6411
5731af89e17f3d14004222f7
5731b71e0fdd8d15006c6487
5731beafe17f3d1400422371
5731bfaae17f3d1400422391
5731ce3ab9d445190005e579
5731d461e17f3d1400422469
5731dedd0fdd8d15006c65cd
5731eee6b9d445190005e6ab
5731eee6b9d445190005e6ae
57324e68b9d445190005ea12
57325248e99e3014001e66b5
5731e04ce17f3d14004224e1
5731ebb2e17f3d1400422552
57321440b9d445190005e7b8
5732003be99e3014001e6435
5731f53ce17f3d1400422581
5731f6f8b9d445190005e6f1
573223cce17f3d14004226b6
573223cce17f3d14004226b9
573248e50fdd8d15006c68f6
5732499de99e3014001e664a
57324d2ae99e3014001e6684
5732503ee17f3d140042284a
573251740fdd8d15006c6988
573254dab9d445190005ea44
573254dab9d445190005ea45
57326236e17f3d1400422921
573242c2e99e3014001e65e3
573243d0e99e3014001e65ed
57324575e99e3014001e660d
57325772b9d445190005ea60
573257fb0fdd8d15006c69f8
573260b5e17f3d140042290d
573260b5e17f3d1400422910
57327187b9d445190005eb22
5732728be17f3d140042298c
57327cb4e99e3014001e67e6
57328011b3a91d1900202dd6
573284b6b3a91d1900202e02
57324f18b9d445190005ea1c
5732547be17f3d1400422879
5732554de17f3d1400422898
57328ad357eb1f1400fd2d9a
5732af38d6dcfa19001e8a77
5732c66fcc179a14009dac50
5732c66fcc179a14009dac52
5733fd5d4776f4190066166c
5733fd5d4776f4190066166d
5733ffe3d058e614000b6757
57342dcc4776f41900661a22
573443cb879d6814001ca423
5735ab1adc94161900571f01
5734449aacc1501500babd47
5734449aacc1501500babd49
57344fec879d6814001ca4ed
573610de6c16ec1900b92955
5736175f012e2f140011a19e
57351496879d6814001cab11
57351a8aacc1501500bac40b
57351a8aacc1501500bac40c
5735d0f46c16ec1900b92825
