2018-04-14 00:14:49,534 - INFO - allennlp.common.params - dataset_reader.type = squad
2018-04-14 00:14:49,534 - INFO - allennlp.common.params - dataset_reader.tokenizer.type = word
2018-04-14 00:14:49,534 - INFO - allennlp.common.params - dataset_reader.tokenizer.word_splitter.type = spacy
2018-04-14 00:14:49,534 - INFO - allennlp.common.params - dataset_reader.tokenizer.word_splitter.language = en_core_web_sm
2018-04-14 00:14:49,534 - INFO - allennlp.common.params - dataset_reader.tokenizer.word_splitter.pos_tags = False
2018-04-14 00:14:49,534 - INFO - allennlp.common.params - dataset_reader.tokenizer.word_splitter.parse = False
2018-04-14 00:14:49,535 - INFO - allennlp.common.params - dataset_reader.tokenizer.word_splitter.ner = False
2018-04-14 00:14:50,296 - INFO - allennlp.common.params - dataset_reader.tokenizer.word_filter.type = pass_through
2018-04-14 00:14:50,296 - INFO - allennlp.common.params - dataset_reader.tokenizer.word_stemmer.type = pass_through
2018-04-14 00:14:50,296 - INFO - allennlp.common.params - dataset_reader.tokenizer.start_tokens = None
2018-04-14 00:14:50,296 - INFO - allennlp.common.params - dataset_reader.tokenizer.end_tokens = None
2018-04-14 00:14:50,297 - INFO - allennlp.common.params - dataset_reader.token_indexers.tokens.type = single_id
2018-04-14 00:14:50,297 - INFO - allennlp.common.params - dataset_reader.token_indexers.tokens.namespace = tokens
2018-04-14 00:14:50,297 - INFO - allennlp.common.params - dataset_reader.token_indexers.tokens.lowercase_tokens = True
2018-04-14 00:14:50,297 - INFO - allennlp.common.params - dataset_reader.token_indexers.token_characters.type = characters
2018-04-14 00:14:50,297 - INFO - allennlp.common.params - dataset_reader.token_indexers.token_characters.namespace = token_characters
2018-04-14 00:14:50,297 - INFO - allennlp.common.params - dataset_reader.token_indexers.token_characters.character_tokenizer.byte_encoding = utf-8
2018-04-14 00:14:50,297 - INFO - allennlp.common.params - dataset_reader.token_indexers.token_characters.character_tokenizer.lowercase_characters = False
2018-04-14 00:14:50,298 - INFO - allennlp.common.params - dataset_reader.token_indexers.token_characters.character_tokenizer.start_tokens = [259]
2018-04-14 00:14:50,298 - INFO - allennlp.common.params - dataset_reader.token_indexers.token_characters.character_tokenizer.end_tokens = [260]
2018-04-14 00:14:50,298 - INFO - allennlp.common.params - dataset_reader.lazy = False
2018-04-14 00:14:50,298 - INFO - allennlp.common.params - validation_dataset_reader = None
2018-04-14 00:14:50,298 - INFO - allennlp.common.params - train_data_path = data/joint_nqa_100_0/train-v1.1.json
2018-04-14 00:14:50,298 - INFO - allennlp.commands.train - Reading training data from data/joint_nqa_100_0/train-v1.1.json
2018-04-14 00:14:50,323 - INFO - allennlp.data.dataset_readers.reading_comprehension.squad - Reading file at data/joint_nqa_100_0/train-v1.1.json
2018-04-14 00:14:53,049 - INFO - allennlp.data.dataset_readers.reading_comprehension.squad - Reading the dataset
2
238532
2018-04-14 00:24:49,003 - INFO - allennlp.common.params - validation_data_path = data/joint_nqa_100_0/dev-v1.1.json
2018-04-14 00:24:49,004 - INFO - allennlp.commands.train - Reading validation data from data/joint_nqa_100_0/dev-v1.1.json
2018-04-14 00:24:49,008 - INFO - allennlp.data.dataset_readers.reading_comprehension.squad - Reading file at data/joint_nqa_100_0/dev-v1.1.json
2018-04-14 00:24:49,344 - INFO - allennlp.data.dataset_readers.reading_comprehension.squad - Reading the dataset
0
23813
2018-04-14 00:26:02,064 - INFO - allennlp.common.params - test_data_path = None
2018-04-14 00:26:02,065 - INFO - allennlp.commands.train - Creating a vocabulary using validation, train data.
2018-04-14 00:26:02,065 - INFO - allennlp.common.params - vocabulary.directory_path = None
2018-04-14 00:26:02,065 - INFO - allennlp.common.params - vocabulary.min_count = None
2018-04-14 00:26:02,065 - INFO - allennlp.common.params - vocabulary.max_vocab_size = None
2018-04-14 00:26:02,065 - INFO - allennlp.common.params - vocabulary.non_padded_namespaces = ('*tags', '*labels')
2018-04-14 00:26:02,065 - INFO - allennlp.common.params - vocabulary.only_include_pretrained_words = False
2018-04-14 00:26:02,065 - INFO - allennlp.data.vocabulary - Fitting token dictionary from dataset.
2018-04-14 00:57:05,871 - WARNING - root - vocabulary serialization directory output/joint_nqa_100_0_10/vocabulary is not empty
2018-04-14 00:57:06,675 - INFO - allennlp.common.params - model.type = bidaf
2018-04-14 00:57:06,675 - INFO - allennlp.common.params - model.text_field_embedder.type = basic
2018-04-14 00:57:06,675 - INFO - allennlp.common.params - model.text_field_embedder.tokens.type = embedding
2018-04-14 00:57:06,675 - INFO - allennlp.common.params - model.text_field_embedder.tokens.num_embeddings = None
2018-04-14 00:57:06,675 - INFO - allennlp.common.params - model.text_field_embedder.tokens.vocab_namespace = tokens
2018-04-14 00:57:06,676 - INFO - allennlp.common.params - model.text_field_embedder.tokens.embedding_dim = 100
2018-04-14 00:57:06,676 - INFO - allennlp.common.params - model.text_field_embedder.tokens.pretrained_file = https://s3-us-west-2.amazonaws.com/allennlp/datasets/glove/glove.6B.100d.txt.gz
2018-04-14 00:57:06,676 - INFO - allennlp.common.params - model.text_field_embedder.tokens.projection_dim = None
2018-04-14 00:57:06,676 - INFO - allennlp.common.params - model.text_field_embedder.tokens.trainable = False
2018-04-14 00:57:06,676 - INFO - allennlp.common.params - model.text_field_embedder.tokens.padding_index = None
2018-04-14 00:57:06,676 - INFO - allennlp.common.params - model.text_field_embedder.tokens.max_norm = None
2018-04-14 00:57:06,676 - INFO - allennlp.common.params - model.text_field_embedder.tokens.norm_type = 2.0
2018-04-14 00:57:06,676 - INFO - allennlp.common.params - model.text_field_embedder.tokens.scale_grad_by_freq = False
2018-04-14 00:57:06,676 - INFO - allennlp.common.params - model.text_field_embedder.tokens.sparse = False
2018-04-14 00:57:06,692 - INFO - allennlp.modules.token_embedders.embedding - Reading embeddings from file
2018-04-14 00:57:19,087 - INFO - allennlp.modules.token_embedders.embedding - Initializing pre-trained embedding layer
2018-04-14 00:57:21,019 - INFO - allennlp.common.params - model.text_field_embedder.token_characters.type = character_encoding
2018-04-14 00:57:21,020 - INFO - allennlp.common.params - model.text_field_embedder.token_characters.embedding.num_embeddings = 262
2018-04-14 00:57:21,020 - INFO - allennlp.common.params - model.text_field_embedder.token_characters.embedding.vocab_namespace = token_characters
2018-04-14 00:57:21,020 - INFO - allennlp.common.params - model.text_field_embedder.token_characters.embedding.embedding_dim = 16
2018-04-14 00:57:21,020 - INFO - allennlp.common.params - model.text_field_embedder.token_characters.embedding.pretrained_file = None
2018-04-14 00:57:21,020 - INFO - allennlp.common.params - model.text_field_embedder.token_characters.embedding.projection_dim = None
2018-04-14 00:57:21,020 - INFO - allennlp.common.params - model.text_field_embedder.token_characters.embedding.trainable = True
2018-04-14 00:57:21,020 - INFO - allennlp.common.params - model.text_field_embedder.token_characters.embedding.padding_index = None
2018-04-14 00:57:21,020 - INFO - allennlp.common.params - model.text_field_embedder.token_characters.embedding.max_norm = None
2018-04-14 00:57:21,020 - INFO - allennlp.common.params - model.text_field_embedder.token_characters.embedding.norm_type = 2.0
2018-04-14 00:57:21,021 - INFO - allennlp.common.params - model.text_field_embedder.token_characters.embedding.scale_grad_by_freq = False
2018-04-14 00:57:21,021 - INFO - allennlp.common.params - model.text_field_embedder.token_characters.embedding.sparse = False
2018-04-14 00:57:21,021 - INFO - allennlp.common.params - model.text_field_embedder.token_characters.encoder.type = cnn
2018-04-14 00:57:21,021 - INFO - allennlp.common.params - model.text_field_embedder.token_characters.encoder.embedding_dim = 16
2018-04-14 00:57:21,021 - INFO - allennlp.common.params - model.text_field_embedder.token_characters.encoder.output_dim = None
2018-04-14 00:57:21,022 - INFO - allennlp.common.params - model.text_field_embedder.token_characters.encoder.num_filters = 100
2018-04-14 00:57:21,022 - INFO - allennlp.common.params - model.text_field_embedder.token_characters.encoder.conv_layer_activation = relu
2018-04-14 00:57:21,022 - INFO - allennlp.common.params - model.text_field_embedder.token_characters.encoder.ngram_filter_sizes = [5]
2018-04-14 00:57:21,024 - INFO - allennlp.common.params - model.text_field_embedder.token_characters.dropout = 0.2
2018-04-14 00:57:21,024 - INFO - allennlp.common.params - model.num_highway_layers = 2
2018-04-14 00:57:21,024 - INFO - allennlp.common.params - model.phrase_layer.type = lstm
2018-04-14 00:57:21,025 - INFO - allennlp.common.params - model.phrase_layer.batch_first = True
2018-04-14 00:57:21,025 - INFO - allennlp.common.params - Converting Params object to dict; logging of default values will not occur when dictionary parameters are used subsequently.
2018-04-14 00:57:21,025 - INFO - allennlp.common.params - CURRENTLY DEFINED PARAMETERS: 
2018-04-14 00:57:21,025 - INFO - allennlp.common.params - model.phrase_layer.bidirectional = True
2018-04-14 00:57:21,025 - INFO - allennlp.common.params - model.phrase_layer.input_size = 200
2018-04-14 00:57:21,025 - INFO - allennlp.common.params - model.phrase_layer.hidden_size = 100
2018-04-14 00:57:21,025 - INFO - allennlp.common.params - model.phrase_layer.num_layers = 1
2018-04-14 00:57:21,025 - INFO - allennlp.common.params - model.phrase_layer.dropout = 0.2
2018-04-14 00:57:21,025 - INFO - allennlp.common.params - model.phrase_layer.batch_first = True
2018-04-14 00:57:21,027 - INFO - allennlp.common.params - model.similarity_function.type = linear
2018-04-14 00:57:21,027 - INFO - allennlp.common.params - model.similarity_function.tensor_1_dim = 200
2018-04-14 00:57:21,027 - INFO - allennlp.common.params - model.similarity_function.tensor_2_dim = 200
2018-04-14 00:57:21,028 - INFO - allennlp.common.params - model.similarity_function.combination = x,y,x*y
2018-04-14 00:57:21,028 - INFO - allennlp.common.params - model.similarity_function.activation = linear
2018-04-14 00:57:21,028 - INFO - allennlp.common.params - model.modeling_layer.type = lstm
2018-04-14 00:57:21,028 - INFO - allennlp.common.params - model.modeling_layer.batch_first = True
2018-04-14 00:57:21,028 - INFO - allennlp.common.params - Converting Params object to dict; logging of default values will not occur when dictionary parameters are used subsequently.
2018-04-14 00:57:21,028 - INFO - allennlp.common.params - CURRENTLY DEFINED PARAMETERS: 
2018-04-14 00:57:21,028 - INFO - allennlp.common.params - model.modeling_layer.bidirectional = True
2018-04-14 00:57:21,028 - INFO - allennlp.common.params - model.modeling_layer.input_size = 800
2018-04-14 00:57:21,028 - INFO - allennlp.common.params - model.modeling_layer.hidden_size = 100
2018-04-14 00:57:21,028 - INFO - allennlp.common.params - model.modeling_layer.num_layers = 2
2018-04-14 00:57:21,028 - INFO - allennlp.common.params - model.modeling_layer.dropout = 0.2
2018-04-14 00:57:21,028 - INFO - allennlp.common.params - model.modeling_layer.batch_first = True
2018-04-14 00:57:21,037 - INFO - allennlp.common.params - model.span_end_encoder.type = lstm
2018-04-14 00:57:21,037 - INFO - allennlp.common.params - model.span_end_encoder.batch_first = True
2018-04-14 00:57:21,037 - INFO - allennlp.common.params - Converting Params object to dict; logging of default values will not occur when dictionary parameters are used subsequently.
2018-04-14 00:57:21,037 - INFO - allennlp.common.params - CURRENTLY DEFINED PARAMETERS: 
2018-04-14 00:57:21,037 - INFO - allennlp.common.params - model.span_end_encoder.bidirectional = True
2018-04-14 00:57:21,037 - INFO - allennlp.common.params - model.span_end_encoder.input_size = 1400
2018-04-14 00:57:21,037 - INFO - allennlp.common.params - model.span_end_encoder.hidden_size = 100
2018-04-14 00:57:21,037 - INFO - allennlp.common.params - model.span_end_encoder.num_layers = 1
2018-04-14 00:57:21,037 - INFO - allennlp.common.params - model.span_end_encoder.dropout = 0.2
2018-04-14 00:57:21,037 - INFO - allennlp.common.params - model.span_end_encoder.batch_first = True
2018-04-14 00:57:21,048 - INFO - allennlp.common.params - model.dropout = 0.2
2018-04-14 00:57:21,048 - INFO - allennlp.common.params - model.initializer = []
2018-04-14 00:57:21,048 - INFO - allennlp.common.params - model.regularizer = []
2018-04-14 00:57:21,048 - INFO - allennlp.common.params - model.mask_lstms = True
2018-04-14 00:57:21,048 - INFO - allennlp.common.params - model.total_items = 262345
2018-04-14 00:57:21,051 - INFO - allennlp.nn.initializers - Initializing parameters
2018-04-14 00:57:21,051 - INFO - allennlp.nn.initializers - Done initializing parameters; the following parameters are using their default initialization from their code
2018-04-14 00:57:21,051 - INFO - allennlp.nn.initializers -    _highway_layer._module._layers.0.bias
2018-04-14 00:57:21,051 - INFO - allennlp.nn.initializers -    _highway_layer._module._layers.0.weight
2018-04-14 00:57:21,051 - INFO - allennlp.nn.initializers -    _highway_layer._module._layers.1.bias
2018-04-14 00:57:21,051 - INFO - allennlp.nn.initializers -    _highway_layer._module._layers.1.weight
2018-04-14 00:57:21,051 - INFO - allennlp.nn.initializers -    _matrix_attention._similarity_function._bias
2018-04-14 00:57:21,051 - INFO - allennlp.nn.initializers -    _matrix_attention._similarity_function._weight_vector
2018-04-14 00:57:21,051 - INFO - allennlp.nn.initializers -    _modeling_layer._module.bias_hh_l0
2018-04-14 00:57:21,051 - INFO - allennlp.nn.initializers -    _modeling_layer._module.bias_hh_l0_reverse
2018-04-14 00:57:21,051 - INFO - allennlp.nn.initializers -    _modeling_layer._module.bias_hh_l1
2018-04-14 00:57:21,051 - INFO - allennlp.nn.initializers -    _modeling_layer._module.bias_hh_l1_reverse
2018-04-14 00:57:21,052 - INFO - allennlp.nn.initializers -    _modeling_layer._module.bias_ih_l0
2018-04-14 00:57:21,052 - INFO - allennlp.nn.initializers -    _modeling_layer._module.bias_ih_l0_reverse
2018-04-14 00:57:21,052 - INFO - allennlp.nn.initializers -    _modeling_layer._module.bias_ih_l1
2018-04-14 00:57:21,052 - INFO - allennlp.nn.initializers -    _modeling_layer._module.bias_ih_l1_reverse
2018-04-14 00:57:21,052 - INFO - allennlp.nn.initializers -    _modeling_layer._module.weight_hh_l0
2018-04-14 00:57:21,052 - INFO - allennlp.nn.initializers -    _modeling_layer._module.weight_hh_l0_reverse
2018-04-14 00:57:21,052 - INFO - allennlp.nn.initializers -    _modeling_layer._module.weight_hh_l1
2018-04-14 00:57:21,052 - INFO - allennlp.nn.initializers -    _modeling_layer._module.weight_hh_l1_reverse
2018-04-14 00:57:21,052 - INFO - allennlp.nn.initializers -    _modeling_layer._module.weight_ih_l0
2018-04-14 00:57:21,052 - INFO - allennlp.nn.initializers -    _modeling_layer._module.weight_ih_l0_reverse
2018-04-14 00:57:21,052 - INFO - allennlp.nn.initializers -    _modeling_layer._module.weight_ih_l1
2018-04-14 00:57:21,052 - INFO - allennlp.nn.initializers -    _modeling_layer._module.weight_ih_l1_reverse
2018-04-14 00:57:21,052 - INFO - allennlp.nn.initializers -    _phrase_layer._module.bias_hh_l0
2018-04-14 00:57:21,052 - INFO - allennlp.nn.initializers -    _phrase_layer._module.bias_hh_l0_reverse
2018-04-14 00:57:21,052 - INFO - allennlp.nn.initializers -    _phrase_layer._module.bias_ih_l0
2018-04-14 00:57:21,052 - INFO - allennlp.nn.initializers -    _phrase_layer._module.bias_ih_l0_reverse
2018-04-14 00:57:21,052 - INFO - allennlp.nn.initializers -    _phrase_layer._module.weight_hh_l0
2018-04-14 00:57:21,052 - INFO - allennlp.nn.initializers -    _phrase_layer._module.weight_hh_l0_reverse
2018-04-14 00:57:21,053 - INFO - allennlp.nn.initializers -    _phrase_layer._module.weight_ih_l0
2018-04-14 00:57:21,053 - INFO - allennlp.nn.initializers -    _phrase_layer._module.weight_ih_l0_reverse
2018-04-14 00:57:21,053 - INFO - allennlp.nn.initializers -    _span_end_encoder._module.bias_hh_l0
2018-04-14 00:57:21,053 - INFO - allennlp.nn.initializers -    _span_end_encoder._module.bias_hh_l0_reverse
2018-04-14 00:57:21,053 - INFO - allennlp.nn.initializers -    _span_end_encoder._module.bias_ih_l0
2018-04-14 00:57:21,053 - INFO - allennlp.nn.initializers -    _span_end_encoder._module.bias_ih_l0_reverse
2018-04-14 00:57:21,053 - INFO - allennlp.nn.initializers -    _span_end_encoder._module.weight_hh_l0
2018-04-14 00:57:21,053 - INFO - allennlp.nn.initializers -    _span_end_encoder._module.weight_hh_l0_reverse
2018-04-14 00:57:21,053 - INFO - allennlp.nn.initializers -    _span_end_encoder._module.weight_ih_l0
2018-04-14 00:57:21,053 - INFO - allennlp.nn.initializers -    _span_end_encoder._module.weight_ih_l0_reverse
2018-04-14 00:57:21,053 - INFO - allennlp.nn.initializers -    _span_end_predictor._module.bias
2018-04-14 00:57:21,053 - INFO - allennlp.nn.initializers -    _span_end_predictor._module.weight
2018-04-14 00:57:21,053 - INFO - allennlp.nn.initializers -    _span_start_predictor._module.bias
2018-04-14 00:57:21,053 - INFO - allennlp.nn.initializers -    _span_start_predictor._module.weight
2018-04-14 00:57:21,053 - INFO - allennlp.nn.initializers -    _text_field_embedder.token_embedder_token_characters._embedding._module.weight
2018-04-14 00:57:21,053 - INFO - allennlp.nn.initializers -    _text_field_embedder.token_embedder_token_characters._encoder._module.conv_layer_0.bias
2018-04-14 00:57:21,054 - INFO - allennlp.nn.initializers -    _text_field_embedder.token_embedder_token_characters._encoder._module.conv_layer_0.weight
2018-04-14 00:57:21,054 - INFO - allennlp.nn.initializers -    _text_field_embedder.token_embedder_tokens.weight
2018-04-14 00:57:21,054 - INFO - allennlp.common.params - iterator.type = bucket
2018-04-14 00:57:21,054 - INFO - allennlp.common.params - iterator.sorting_keys = [['passage', 'num_tokens'], ['question', 'num_tokens']]
2018-04-14 00:57:21,054 - INFO - allennlp.common.params - iterator.padding_noise = 0.1
2018-04-14 00:57:21,054 - INFO - allennlp.common.params - iterator.biggest_batch_first = False
2018-04-14 00:57:21,054 - INFO - allennlp.common.params - iterator.batch_size = 10
2018-04-14 00:57:21,054 - INFO - allennlp.common.params - iterator.instances_per_epoch = None
2018-04-14 00:57:21,054 - INFO - allennlp.common.params - iterator.max_instances_in_memory = None
2018-04-14 00:57:21,055 - INFO - allennlp.common.params - trainer.patience = 10
2018-04-14 00:57:21,055 - INFO - allennlp.common.params - trainer.validation_metric = +em
2018-04-14 00:57:21,055 - INFO - allennlp.common.params - trainer.num_epochs = 20
2018-04-14 00:57:21,055 - INFO - allennlp.common.params - trainer.cuda_device = 0
2018-04-14 00:57:21,055 - INFO - allennlp.common.params - trainer.grad_norm = 5.0
2018-04-14 00:57:21,055 - INFO - allennlp.common.params - trainer.grad_clipping = None
2018-04-14 00:57:29,366 - INFO - allennlp.common.params - trainer.optimizer.type = adam
2018-04-14 00:57:29,367 - INFO - allennlp.common.params - trainer.optimizer.parameter_groups = None
2018-04-14 00:57:29,367 - INFO - allennlp.common.params - Converting Params object to dict; logging of default values will not occur when dictionary parameters are used subsequently.
2018-04-14 00:57:29,367 - INFO - allennlp.common.params - CURRENTLY DEFINED PARAMETERS: 
2018-04-14 00:57:29,367 - INFO - allennlp.common.params - trainer.optimizer.betas = [0.9, 0.9]
2018-04-14 00:57:29,367 - INFO - allennlp.common.params - trainer.learning_rate_scheduler.type = reduce_on_plateau
2018-04-14 00:57:29,367 - INFO - allennlp.common.params - Converting Params object to dict; logging of default values will not occur when dictionary parameters are used subsequently.
2018-04-14 00:57:29,367 - INFO - allennlp.common.params - CURRENTLY DEFINED PARAMETERS: 
2018-04-14 00:57:29,367 - INFO - allennlp.common.params - trainer.learning_rate_scheduler.factor = 0.5
2018-04-14 00:57:29,367 - INFO - allennlp.common.params - trainer.learning_rate_scheduler.mode = max
2018-04-14 00:57:29,368 - INFO - allennlp.common.params - trainer.learning_rate_scheduler.patience = 2
2018-04-14 00:57:29,368 - INFO - allennlp.common.params - trainer.num_serialized_models_to_keep = None
2018-04-14 00:57:29,368 - INFO - allennlp.common.params - trainer.keep_serialized_model_every_num_seconds = None
2018-04-14 00:57:29,368 - INFO - allennlp.common.params - trainer.model_save_interval = None
2018-04-14 00:57:29,368 - INFO - allennlp.common.params - trainer.summary_interval = 100
2018-04-14 00:57:29,368 - INFO - allennlp.common.params - trainer.histogram_interval = None
2018-04-14 00:57:29,414 - INFO - allennlp.common.params - evaluate_on_test = False
2018-04-14 00:57:30,561 - INFO - allennlp.training.trainer - Beginning training.
2018-04-14 00:57:30,561 - INFO - allennlp.training.trainer - Epoch 11/19
2018-04-14 00:57:30,561 - INFO - allennlp.training.trainer - Peak CPU memory usage MB: 34719.392
2018-04-14 00:57:31,822 - INFO - allennlp.training.trainer - GPU 0 memory usage MB: 467
2018-04-14 00:57:31,822 - INFO - allennlp.training.trainer - GPU 1 memory usage MB: 1
2018-04-14 00:57:31,822 - INFO - allennlp.training.trainer - GPU 2 memory usage MB: 11705
2018-04-14 00:57:31,822 - INFO - allennlp.training.trainer - GPU 3 memory usage MB: 11705
2018-04-14 00:57:31,824 - INFO - allennlp.training.trainer - Training
METADATA: 
Embedded question dim:  torch.Size([10, 12, 200])
Embedded passage dim:  torch.Size([10, 797, 200])
Passage Length:  797
Encoded question dim:  torch.Size([10, 12, 200])
Encoded passage dim:  torch.Size([10, 797, 200])
Encoding dim:  200
passage ques similarity dim:  torch.Size([10, 797, 12])
Passage ques attention dim:  torch.Size([10, 797, 12])
Passage question vectors dim:  torch.Size([10, 797, 200])
Question Passage Similarity dim:  torch.Size([10, 797])
Question passage attention dim:  torch.Size([10, 797])
Final Merged Passage dim:  torch.Size([10, 797, 800])
Modeled Passage dim:  torch.Size([10, 797, 200])
Modeling dim:  200
Span start input shape:  torch.Size([10, 797, 1000])
Span start logits:  torch.Size([10, 797])
span start probs dim:  torch.Size([10, 797])
Span start representation dim:  torch.Size([10, 200])
