Traceback (most recent call last):
  File "joint_train.py", line 2, in <module>
    import pandas as pd
ModuleNotFoundError: No module named 'pandas'
/home/lpal/allennlp/env/lib/python3.6/site-packages/h5py/__init__.py:36: FutureWarning: Conversion of the second argument of issubdtype from `float` to `np.floating` is deprecated. In future, it will be treated as `np.float64 == np.dtype(float).type`.
  from ._conv import register_converters as _register_converters
/home/lpal/allennlp/env/lib/python3.6/site-packages/psycopg2/__init__.py:144: UserWarning: The psycopg2 wheel package will be renamed from release 2.8; in order to keep installing from binary please use "pip install psycopg2-binary" instead. For details see: <http://initd.org/psycopg/docs/install.html#binary-install-from-pypi>.
  """)
2018-04-05 02:22:36,955 - INFO - allennlp.common.params - random_seed = 13370
2018-04-05 02:22:36,955 - INFO - allennlp.common.params - numpy_seed = 1337
2018-04-05 02:22:36,955 - INFO - allennlp.common.params - pytorch_seed = 133
2018-04-05 02:22:36,961 - INFO - allennlp.common.checks - Pytorch version: 0.3.1
Traceback (most recent call last):
  File "/cm/shared/apps/python/3.6.1/lib/python3.6/runpy.py", line 193, in _run_module_as_main
    "__main__", mod_spec)
  File "/cm/shared/apps/python/3.6.1/lib/python3.6/runpy.py", line 85, in _run_code
    exec(code, run_globals)
  File "/home/lpal/allennlp/allennlp/run.py", line 18, in <module>
    main(prog="python -m allennlp.run")
  File "/home/lpal/allennlp/allennlp/commands/__init__.py", line 63, in main
    args.func(args)
  File "/home/lpal/allennlp/allennlp/commands/train.py", line 99, in train_model_from_args
    args.recover)
  File "/home/lpal/allennlp/allennlp/commands/train.py", line 129, in train_model_from_file
    return train_model(params, serialization_dir, file_friendly_logging, recover)
  File "/home/lpal/allennlp/allennlp/commands/train.py", line 250, in train_model
    create_serialization_dir(params, serialization_dir, recover)
  File "/home/lpal/allennlp/allennlp/commands/train.py", line 185, in create_serialization_dir
    raise ConfigurationError(f"Serialization directory ({serialization_dir}) already exists.  "
allennlp.common.checks.ConfigurationError: 'Serialization directory (output/joint_sqd_010_0.1) already exists.  Specify --recover to recover training from existing output.'
/home/lpal/allennlp/env/lib/python3.6/site-packages/h5py/__init__.py:36: FutureWarning: Conversion of the second argument of issubdtype from `float` to `np.floating` is deprecated. In future, it will be treated as `np.float64 == np.dtype(float).type`.
  from ._conv import register_converters as _register_converters
/home/lpal/allennlp/env/lib/python3.6/site-packages/psycopg2/__init__.py:144: UserWarning: The psycopg2 wheel package will be renamed from release 2.8; in order to keep installing from binary please use "pip install psycopg2-binary" instead. For details see: <http://initd.org/psycopg/docs/install.html#binary-install-from-pypi>.
  """)
Traceback (most recent call last):
  File "/cm/shared/apps/python/3.6.1/lib/python3.6/runpy.py", line 193, in _run_module_as_main
    "__main__", mod_spec)
  File "/cm/shared/apps/python/3.6.1/lib/python3.6/runpy.py", line 85, in _run_code
    exec(code, run_globals)
  File "/home/lpal/allennlp/allennlp/run.py", line 18, in <module>
    main(prog="python -m allennlp.run")
  File "/home/lpal/allennlp/allennlp/commands/__init__.py", line 63, in main
    args.func(args)
  File "/home/lpal/allennlp/allennlp/commands/evaluate.py", line 107, in evaluate_from_args
    archive = load_archive(args.archive_file, args.cuda_device, args.overrides, args.weights_file)
  File "/home/lpal/allennlp/allennlp/models/archival.py", line 106, in load_archive
    archive_file = cached_path(archive_file)
  File "/home/lpal/allennlp/allennlp/common/file_utils.py", line 76, in cached_path
    raise FileNotFoundError("file {} not found".format(url_or_filename))
FileNotFoundError: file output/joint_sqd_010_0.1/model.tar.gz not found
/home/lpal/allennlp/env/lib/python3.6/site-packages/h5py/__init__.py:36: FutureWarning: Conversion of the second argument of issubdtype from `float` to `np.floating` is deprecated. In future, it will be treated as `np.float64 == np.dtype(float).type`.
  from ._conv import register_converters as _register_converters
/home/lpal/allennlp/env/lib/python3.6/site-packages/psycopg2/__init__.py:144: UserWarning: The psycopg2 wheel package will be renamed from release 2.8; in order to keep installing from binary please use "pip install psycopg2-binary" instead. For details see: <http://initd.org/psycopg/docs/install.html#binary-install-from-pypi>.
  """)
Traceback (most recent call last):
  File "/cm/shared/apps/python/3.6.1/lib/python3.6/runpy.py", line 193, in _run_module_as_main
    "__main__", mod_spec)
  File "/cm/shared/apps/python/3.6.1/lib/python3.6/runpy.py", line 85, in _run_code
    exec(code, run_globals)
  File "/home/lpal/allennlp/allennlp/run.py", line 18, in <module>
    main(prog="python -m allennlp.run")
  File "/home/lpal/allennlp/allennlp/commands/__init__.py", line 63, in main
    args.func(args)
  File "/home/lpal/allennlp/allennlp/commands/evaluate.py", line 107, in evaluate_from_args
    archive = load_archive(args.archive_file, args.cuda_device, args.overrides, args.weights_file)
  File "/home/lpal/allennlp/allennlp/models/archival.py", line 106, in load_archive
    archive_file = cached_path(archive_file)
  File "/home/lpal/allennlp/allennlp/common/file_utils.py", line 76, in cached_path
    raise FileNotFoundError("file {} not found".format(url_or_filename))
FileNotFoundError: file output/joint_sqd_010_0.1/model.tar.gz not found
