Requirement already satisfied: torchvision in /home/usaxena/.local/lib/python3.6/site-packages
Requirement already satisfied: pandas in /home/usaxena/.local/lib/python3.6/site-packages
Requirement already satisfied: pillow>=4.1.1 in /home/usaxena/anaconda3/lib/python3.6/site-packages (from torchvision)
Requirement already satisfied: six in /home/usaxena/anaconda3/lib/python3.6/site-packages (from torchvision)
Requirement already satisfied: torch in /home/usaxena/.local/lib/python3.6/site-packages (from torchvision)
Requirement already satisfied: numpy in /home/usaxena/anaconda3/lib/python3.6/site-packages (from torchvision)
Requirement already satisfied: python-dateutil>=2 in /home/usaxena/anaconda3/lib/python3.6/site-packages (from pandas)
Requirement already satisfied: pytz>=2011k in /home/usaxena/anaconda3/lib/python3.6/site-packages (from pandas)
Requirement already satisfied: olefile in /home/usaxena/anaconda3/lib/python3.6/site-packages (from pillow>=4.1.1->torchvision)
Requirement already satisfied: pyyaml in /home/usaxena/anaconda3/lib/python3.6/site-packages (from torch->torchvision)
Requirement already satisfied: torch==0.3.1 from http://download.pytorch.org/whl/cu90/torch-0.3.1-cp36-cp36m-linux_x86_64.whl in /home/usaxena/.local/lib/python3.6/site-packages
Requirement already satisfied: pyyaml in /home/usaxena/anaconda3/lib/python3.6/site-packages (from torch==0.3.1)
Requirement already satisfied: numpy in /home/usaxena/anaconda3/lib/python3.6/site-packages (from torch==0.3.1)
/home/usaxena/work/s18/696/allennlp/active_learning
Number of datapoints: 87375
Sorting now
Creating file
4b40ad1f0e59b139e9a1466859ee08a048ca8d2c7
7358adf580e448c8fde7e2dae445074aa07c6c311
7358adf580e448c8fde7e2dae445074aa07c6c315
09219dd44d20f76a3d09330ee3a38d8566a32b642
e620ed92abb263c485bab0bbd64b349e6317c9382
73604beaa075eeb0e6c153ee56763674d84082e22
4bffe44a5c1da993cf06fe40c850b99de5cbf8e01
fd93b423a3805de1c259d527393fd5fb75d06a555
fd93b423a3805de1c259d527393fd5fb75d06a5512
139651baebf835aadc16eef5e487ad8f2cf118145
adcb3e7b4bef0f9efe7a838b56131ca99b5877434
e8c2d4a1d20efb0606506435ebcbf486e9eb41466
9939959cf9cb1a14497e63aec0b88a08ad3e451c3
7b8ef193a81719e0401da77d4681f498c6eab4954
8fc35132b9aaa9c0c6745bcc70d6068caa1923d54
de283c0874510efe9c5750c91649cd620d150cb46
6a0f9c8a5d0c6e8949b37924163c92923fe5770d0
63831b842812b1a3d05b04904a10d160fe7ad2af2
63831b842812b1a3d05b04904a10d160fe7ad2af25
38649fdccec39afa649297349b2ad2e5e1a39d823
eaef00e59a4ffb6d880ea8d673a87cd32ef1ae7b4
1370ceb899bf99816b32a92aaeea2a5b336afd436
dec1075b829c1b040d42c5a2d7a7d0f6217c03e17
022c18def42072e28a37979c622c6ab7e31371de0
022c18def42072e28a37979c622c6ab7e31371de3
9ca90d1ebb7364937702c7123757df55fcbc83f92
92a311988be162a12e7e1ed2316372b6793a576f1
a9127de5251ac8a39841af06122929a4489282ed0
62f05476ec5198ceb345ce4f45d7d0e70f499ad79
8eb10504edaf0b096e9e5919ae6cb9ce5824ae382
ee8871b15c50d0db17b0179a6d2beab35065f1e96
ee8871b15c50d0db17b0179a6d2beab35065f1e919
ee8871b15c50d0db17b0179a6d2beab35065f1e922
ee8871b15c50d0db17b0179a6d2beab35065f1e924
316f0f847800fdb547f7496f6095075cd610c7e413
6c498fd6de7ad5e5006732655050c1d97cc2af687
b62c341af35b8f6371064326ec153c264e87e9eb7
16891819e12c08ca1c7c1e279b401f57d67c59113
c5e11ee4c2f0ae511bd0e1fae2978d070b1efc154
d256aee1a47eb5b489dee6fb72ab7f7d1483a37f0
97c353ad5ce3cbd743aa2eaf9428714acceb52d02
97c353ad5ce3cbd743aa2eaf9428714acceb52d05
db1e75e1ac5fb574310cd562d8541dc06bc93b572
fb17ac082bd3f3af3dad8c8d36d9ea56360c520e8
608318c46d94c2f656f12e2c82dcf17386ca51ac5
8ce4fb3457776fd2fa88a9b529c65343d37dc05c0
8ce4fb3457776fd2fa88a9b529c65343d37dc05c1
f990bc568d35932c55b700611bb027500e23c1be1
44d60b47378fe72d6ac24184e73fed09d390a4de1
cd8a32b30de396821807af26e4a65fe030d569961
706f47285f49967837e1220cf87c3cb9e9e525ee3
229989c9544ee95bd9a50e8984e16706631403aa0
1a7a8054368d7ff37ad58ae1efdfddd7d7954a953
6eb4f450b2fca771bbb5e1988b1dcb98b346cf969
ceb7a288ac1ad604a17bc25c5978fcc87b1a444625
7300f56022ba04f170b2cc7d8cbd089800be05281
18115bc7331b07e7df919552a37a05a09dcb1f872
fd9ba2500279bd4edf596997d35516ba47bdda060
feacdb29d6daff7611ede83f64f42e1be234edf16
bb1c993cbaf3455e788589486d6bfe6af69f8c4b0
5caed8d5f911118b2a89f0b08b285fae18e10abf2
5caed8d5f911118b2a89f0b08b285fae18e10abf9
c02165f0f86e43b9e80ac6d61595e2903953ea0a4
f2d603e1b19bf4d2f58c0f159575f97fb98a835f4
7c6d16768e4ff6f2efe783e02390de8cf68202463
cac7a712935380d74410a7cba8d406235d51249a9
04c1b8300f95b6cbf192df4eb5c893b9090b63940
04c1b8300f95b6cbf192df4eb5c893b9090b63942
04c1b8300f95b6cbf192df4eb5c893b9090b63945
04c1b8300f95b6cbf192df4eb5c893b9090b63947
467e1b592518a5660d0a3b7eda24ef9574fe0d1122
fbeb874b8dccd8f470a6ab257a45c8d3ba50052e6
6dd35e262de260514f3bf5aec228006bc7a5d1f02
e458e3010ef752063aeb5cf22bab2f1b5d510f8e4
337ee63b66d9fd5e5e1b641d020bbb192627d41f0
337ee63b66d9fd5e5e1b641d020bbb192627d41f1
1dfd93284ac679c4fd32cf51122ae73a82d0db3f8
4c7f0e6dedbb5d81381ddf236cb6e088d16ac11a6
47ded04ec7c4aa1d835c503808c9f5a91b207f611
9f63d6256158d260c426a9336d19b760d9bc5a486
9fb410d2b02e70f6d838faed6d3df91fa11819181
9814600b03458475607fa2e4e9f1637138b7c9bf1
31d0ed7b1b8f65c6479fb35683d72de21d70796a2
fbb06b75e3963c5a810c9f73e4dc5382fbcb740527
4420fffbaeb0ae3d6d9e729a5fdb0d2a644647583
f24081c943f7c5bd5e07940ddd16d69705fc4efd1
f24081c943f7c5bd5e07940ddd16d69705fc4efd5
8b1c9d7c48a0d857ae857a21395a4996de05191521
27643a169471882d86ea0c6f53d52dbb83971b9c0
4ab30c1a4e8761bd49cd922f4bc4d1eef77c071d4
ed7248db94cd53119e7b5b004fa6046b37a277063
bffa402002700855fec36f83c8c226dfe271a6af9
c670738fc4224fbb64d07c81c038d07981e2cadb7
411d2bdea6aea00bd35cb21fe182351802586cf80
e00d2e9e8bdecf92c1baefbdd2d0c524dec5a66d7
5850beb8e752f79c43d1e5e683b349d3465d4fcb3
82a0e1f034174079179821b052f33df76c781b4724
399877dd5e90d151e29ad67fdeb6fa093632e0e14
41d8b44ba523aa51954e7f70f26505fe0ebc45cc8
0730a5921e9a2fde0e36821da355c412f26b9b8b5
bcfeda1ba53ba2b9ff072dfb584928338d0cf7407
eb8b1cf7cf4ab7ad23ef6094cfe69348563aecc88
a186eabaaafa744b8cfd2ecb610aad111cb9264d7
19e0bec2f73b2be9e423a8f1639aa7a3745544748
70af269dacddc79f4a81c744b85b334a6f3124c36
4cf51ce9372dff8ff7f44f098eab1c1d7569af7a13
868364e90e6ac733d142e5cb3772875057d20b811
7339f6238128bc3fd2df66e460b86de6d5c957081
c7b0dd9a7a0c0522803b12b468235c66081ee2178
00a39c134080b6f215a81c15d46c3ac7cc7bdcf30
a8c857c0dabbb90b5bec503f4a7a0e368a234c694
e8844e902570490ef943d29bc728df70c4e5f63c6
a83bb9713e1513d235277554245d2208137840843
3501c83d3dab4a2e4d2142522a4bf1510a64422a4
05850904cabf491c9ab7c0e0d85fd932eb8c0bb00
05850904cabf491c9ab7c0e0d85fd932eb8c0bb07
5b1e32e61e189d65689ef3690fd2ea62d1b54c092
e17d3cfb69bd810790eb7893eac11853301b33d96
908185f6bb76f8720981fbfb478d3a2fac062c010
c99d9350936cc3801254b4dcf089469027458bfe0
62827a1a377491d88adcbac25ecf14a64b5f997b4
62827a1a377491d88adcbac25ecf14a64b5f997b11
3b8668d5cd33f142cdc2f0b22b28b834920bae4a1
3b8668d5cd33f142cdc2f0b22b28b834920bae4a4
a337535f88ac4542029ebf95b55972ec899338be5
ff2e335b040f81e4f81d935fdb76705e3c475b271
6b4941d8f4bbfd75075b070c7788569234b746104
60970ab8db4a0731d30ab69b226f703f783e680e1
73e38eb2d1de6fafc488fb9a0ea6a7af1120c5d60
0ffc96773f598d415036b1a17797863483a091c63
04882672036936ca86bdebed819a133539cbd29613
cd523c8ad22cff8737e6e3913d5216ea3a1a27265
82392a45e79b43b78f8ab091a631e6a9ba20aba30
1ea7971780538f433c42704ccb6e94e2cb1546c23
1ea7971780538f433c42704ccb6e94e2cb1546c25
1ea7971780538f433c42704ccb6e94e2cb1546c26
55ad47863d0a01ae8578c23eb6849316327f79002
dee351470f101ae014d080898b60ba56b09ba8410
54e93c6e67d24aaa1e94888860b1b0d7b97615726
f8f23517b15ad186cacc607adc110a187a1df3990
f8f23517b15ad186cacc607adc110a187a1df3994
5e3a9ffbf305e15d822cbca3b88dd7bfc05981fb7
2d09753456e494c0c1eb474d232aaccf7161619d6
ec1ea284fc6df9d8d01bfb43fd9d040973b12b9f3
65c7eaa259de9e8b8e14804e8fef7d64bec34a0f2
2326d69072e1821bc767584dc2c1274db536b9826
2116ad938f7d0be76325fa276160bbdd6399f5772
75b0d4c21581a1b0c1fc5798adba334d8ecc34f30
3a0b7f791a7f0bb8d6b235497fe6ec498156b40a4
606d7cc15cc7a2ba473f34b5234c115e235836ff6
92b5227f413c438e0f2c4a28236c7b677b5785151
7291796705735c70ebc81b0ad333f16839f2c7287
1e3f368df54a6551da3a51a628dacdbb307b33b67
50ea08544a01e51a187ac78e8298404450d3584b7
cb6a1550adea23cbe94c417f3a9f622c28c8d7bc3
68ae41bafeb4e327982f437d7eb72a84184a5da14
b356d007d3cf5539a0dc69db9b4778a2a11bf6fe1
1b00b2d2edef396855ad392f08a6e74550af569b1
abc35b4f5be9a792684af5a0afd0251739aaf8d20
fd038ea3b53fa758e5bc8cc5932ad0264b63601d4
9a783db597afbab382791021b26ecf70c110aef73
2a2a0fd7b85ec6f9145761795bae420d7eb84f444
f3c9452b863cc555fb49ad91726b8106851d9d213
c87c2ff8329ec53b743b916ffa19eb96ceaaf7383
c0ada7701d2650064ca14425c08c6a1d781657152
ebcf0eda18a95d0bab184a4949f4b45cf10722251
ebcf0eda18a95d0bab184a4949f4b45cf10722257
f8be2f5ce06cb4af91cbb7b6bef9835991751ef522
a1abb9ce1c76a6c390233d8ec934cfb34bc352153
09d95513143829486be87d83fe09cdf2b98ac13d7
e12f8302aa319f17a9c7d76d6ff56e0bb41e0e565
2654d94df8c1520a18244562c5cc91d3c80d6c5c1
2635a2ebf069c17ae005084b7ff66a255ffd3e230
c4e4f565d15f76b1e367d4fc2e7a2648c3cd395c2
ae03390949407f55c8d8f794896af3020d180b126
f924b8ce95c305203cfada04cf85551f6ad113d17
88b0d86cd06cd05a090f6a6c3a3ed17bf5f96df37
fbc2d5f3f088eda2b8128ebb12a042850f6e4f3d6
fbc2d5f3f088eda2b8128ebb12a042850f6e4f3d9
fbc2d5f3f088eda2b8128ebb12a042850f6e4f3d12
8abba7087df268f3e774a2d0d482ba971fa997bc8
3e910c5b8425cd7c871a402a32ca44680b53ce5e11
0a10d46e8d848941656352cdf58e587143896f2f6
883fb959ed08655a64ca91a90ea1b6c772f3ce9a4
85716fc0ce68ba7eb8a6a49334b28ea8797637083
bf8360968c6ee5c483f65534f9ec929b45b7f1531
92b98bb8784945ab3ed6603243986bca412706a94
15ebb456370cf1d00d64a1f76c32c01abdd2634a1
15ebb456370cf1d00d64a1f76c32c01abdd2634a5
5574fe023e3127f0c206ac89eb06abf5a74004389
5e5209fe7987f569c50cd69e684c9a982cff51083
6461a1e73b16025710d504ebb2632e4be937b66b1
af9fae1e99e28db2da32d94274177d56dc7457d25
357685e309cac41d4916088fbdb6cc27126f1baf3
357685e309cac41d4916088fbdb6cc27126f1baf6
2452c3cc724c242094f6e7ac9b413098c47ef3351
2452c3cc724c242094f6e7ac9b413098c47ef3356
cc68600c045188dd1c1889e47a7b79c95482ce2610
24bdae5cf775120993b5ae9c9a2ae3047a828aa24
7d406ec2a7fda31af36402fb4221d4a4cd359af41
9eed9be6ba6a5fe509c4ab53883916a6b4b085a02
d5450e5e8cfdfc13bd39e8041dbb4153d26cf6050
b383f33b134c758b45f90a619290d70cf976d21d5
51723532be1c1b651f9dff62234d8035c985283f3
eab829ef92b6e3c70a2c0dbbffee718a063c979b3
87d816909086c9c2f1c76d45a99a638cbeb34b676
6fd73c491497ff187c370c61fe4f31f29f3ca74d3
74050867f3fbe3043aba1f0ead4636a9ffd788ee0
78505fb7f645aa55451c6bd1c86b3a9efa2c5f6d0
3d27598093e94dcc0ff600a91b7642d70f2141162
de64dde4a07f7ae03716c5f3eb1ce0083e30bbc55
d0746aadbfffc4ab9a04a2ee951866f79cfa649c4
7cff5ec89dbaf7b4bc1fe56080962842b8d468971
7cff5ec89dbaf7b4bc1fe56080962842b8d468973
7604af04967436c4aaf0c7df8b09afcec82f5be01
e2807ed34092df9e3e53b320dbf6cd49129e8c496
e2807ed34092df9e3e53b320dbf6cd49129e8c498
7a0d1b41a53a2cb5dfcf6f05fbb997326927c36a7
d5b9009ea0ed3c4135c20587609c1ee8a73262c50
461d84c502451084e7e59a831046e60c7cea015f0
cef58020b9f68b8aac6d88c822434e96d42ad64a6
5247ebc33be1ff7cbe27a2f00e5a8f21dd254e602
21677758b76bb2f985c74c2a49488a7a43d1470f3
33a97636059fd57f27d8d10cb9a0899507ab4b761
3ddbce0e0e50ba0cebe08915871b78eff3d010a04
51e320e811aba8703146063d88c62b33a9e61a5a3
88080efaeb51dffa57038d4228f7b97416a2711e6
88080efaeb51dffa57038d4228f7b97416a2711e7
1abe69721152db4f4c8812b685769768bb8151d13
81651fc015f2db10f24327d11b1a3748a19466f913
5787d2717116fca7c587d0db3aa6ad2ba3e786b64
63952c5d0568325af9cf8186e78ad646a173e88f6
e3870139ff69e4bc4205573ceac254467b06d2081
183d5aa118a022d3ad61c26cfc41d5ecc09e34783
2e21840dd63340c01dd682dff0ede0b22c66c08f0
bb5a96299c9599207136b6b2370c2013c31989a05
8c452a23a3d053225f2be19e007037e428583c0e3
c92f5b4110ae1d43a0c273909569e0995e66932a3
2e725fec180514125e5c940a65d35f307d880a062
800837582eb9c2c222b1778130bd408f503361083
ce4e63913c098d552f9b55f38ac5c6ce02fdf3596
3aca555aa7df3f4d6a814b531ab1b17d7aa0537c7
f42d05545d8b1840f495c14fd7a43fcb48ab389f4
488ff72faf49b00a20cd8a66150d0e2b26e2e7a16
488ff72faf49b00a20cd8a66150d0e2b26e2e7a18
e2847808e1990f51cd54eccd660640c44638f0883
e2847808e1990f51cd54eccd660640c44638f0884
d470c9860671ae720ccc7df115a46d471b4b900a5
03392835ea832d7940082c421a21778c70701ff00
36882fd476e06e9e06a61216b3904429e9ee7f967
0a6a6f5a063d58a7288994fe82a44015c7f061a12
cf47e12f21467d004a46b744115314ad8f9152486
748144c3733a045eacf35c7c99dff498e9f1a7c06
748144c3733a045eacf35c7c99dff498e9f1a7c07
748144c3733a045eacf35c7c99dff498e9f1a7c08
cf3702dc3355b5d160ad23c64898f8870c58b06f3
ffaa717f0fb02cdaaade105690405247d1c8007f0
941f5127594cecfb5202c30244154286404f7c570
82584abdd64c4552fd816e63d0031f7d06cd9d404
b4d20d40976032793cd9f24a41d526ef3d6fd7665
a1ebb8bb4d370a1fdf28769206d572be60642d7022
d78e32117e1617dc8a6361fe3492d87cad75fbbc0
f2623609a8c6664a1855df45fc73b0802e3c9a903
2aaaabc20472e33f873a43d60fee63f69acb1dfc4
c47ac41e638aa0e34e9bdcb821372787659047052
2fcfba02babfed9414890ac017cb23e0afa6fd3b2
2fcfba02babfed9414890ac017cb23e0afa6fd3b4
4d62b2f97d7c48744a8d41a587023b27134d99471
6b8be9e4a4de8304a8cdf0dc39c816ce9dbcb7551
e5c570faa2d62aca611ef43a1e61c8bffc58bed80
d1dd20555b01a0817b8978a3a317077750f3447f0
7c4da14c84513660bca31d09e8a4683bba0779421
7c4da14c84513660bca31d09e8a4683bba0779423
9e69698efa8154333171c1675dd65312ecdd63c24
b3e6507640b009ed51c8c8f8be85d0b7fec5b5798
eeecd8b6bdaa9b12d5215c9c6887ee27ac47fb220
51d4c63b315b80cf1601ca6c50be4eb14e3ff0f64
b3a042c7471a118beacfc2b6c5f548576443cfb14
e29e772470903931c9cc53e0c19fd11e11efeb335
e29e772470903931c9cc53e0c19fd11e11efeb336
bbed1595ca73b98f90c85c1202d385f331473f0c1
2206e49ec85431fe8d21dfb5feffcf6a8b62f97e0
2206e49ec85431fe8d21dfb5feffcf6a8b62f97e4
400da289bfb9575e521700b95edd3b540059bdea1
42be47d5986a9a55b413eb57359d2d8c51b590240
47adc55b174e87382a48f6b58584ec9a00fe020e5
e124bb5ad08980e38cf0091b3dd3c58838b9b26a7
58b8dbf0db6b490220c973db989a9e28514882a00
659bb7c923ecbccadf43730f6edd092a1149d1306
4d561280983bd4bcad47a0bb5e0f261a9a5a24e99
41698f361bcf6415f711719ed0c2f6817205c0914
d402c1fc4488d4456b1a3781ea04013b75a889103
42176b852f897ae19ef0cf39d598878c8ff0bced2
c1ea0f6c010b24caaf3ad9ac916711ca6b4be3bf6
a848aa1d825d9f6edc668c60328429f72186f2771
cbe1f7ee7f5d619093684cc123e3908e39d79c923
2345f4ae6ee224bea065cc0ef268a954860510f20
e3fe7f0d7c16aeda6891f100ae94403a3ce409ac1
f2aa6d2b57449ed938f64da8d8b030a0369b9ae27
d546915a1e933da4410e6f04ef53c32ee47c03fc1
d95dce003f0fccc57742bd900c81897c45208c109
e9900aaa34e250a36ee875a90a369e401770024e5
831005755f85012c882f17c3b3699b34a7febb7b7
62b94281e554fa5b4922383cbf71bc8d574eb12910
9d1db54d42c818fedea9acbb83fd180b6b44b8004
73e46a462d8265aa6a377d5f0627b4665140fe918
16ca37b193bf45d72b2ef484cba5db0e92417f650
a483adfdf3f345e702f6f8d67ee6e236f59e57ed1
64cac9ad8fb586401dc04749fe86cc006a6fcd652
31f8b7449b825ed8143b9ac72ebf0dd02e7bade50
78a8c13605a8eda09a0ac0f04910b414eed6b7657
e6153725110f97d0c88a8c2e09fb4126d6a9cc400
e6153725110f97d0c88a8c2e09fb4126d6a9cc401
ff78a7635fb14315807dd0eaec3587bc2c5b5caa1
aa596e10dfe78dd875a7e15bfd53138bc8bde4715
eed527dece78deffed54a7cdd8516c4d57a900112
eed527dece78deffed54a7cdd8516c4d57a900118
48b0773105960838fad659b1da5807415f6d37126
24bbd20aa1ef4d351edfc2b06b1c4f7e70c376680
edfd5023aaca8b6570286cfb31b2e61d9d3d84764
968f42754f880eae1626b8f327a9ae0b29468fb64
c85a7eb698c39c7465d1fe4ebbb50447329b54976
48873daa46d83f0df856e40519f06ab19e7734922
3d508d4845160289425e1cfed1696c50918d70525
eea6be11ec8858a7e5f6335773d5553ee40152611
2d64e96d5e0a37cb20d99065493c82a4bea0cfcf1
9899552257919c0e2759f930f1e376d7ff8cad7d2
91ff93e174c9aaa8db0c407b9f34d6fd9356d1be3
91ff93e174c9aaa8db0c407b9f34d6fd9356d1be5
91ff93e174c9aaa8db0c407b9f34d6fd9356d1be6
aea1047a61e356f762360f833bc962636bd57fce8
38e033b50aa3720540c9dae3cc5e4c622ff593125
38e033b50aa3720540c9dae3cc5e4c622ff593126
74109de4e0fcfa67e4b093a54b884564bec78b762
22d0b66840421e4ce7dbe3121cb967e0a37f2b6c2
b45ae15e46f14a4335f2fbe38b571667c91a633b0
f62b8adc41a427da17954d86549893587573747e3
7b6150fb6bca4c47a2c95236aae6d84b35c9f2a17
00cb03ed4ee4f0b4fb5467e5cbbab6eb28c773b82
1fcce9f667de2a14d76aaa6cdb3f1e6f7900e4633
c0acd0ba113a009201fb5f5579d8571c705f7ccc2
2c2fef81904da3ceb73c9aeb55ff5cb7f3ed6fa51
7134dace553e71e0d495e7498fbe0194fb4b4d140
756af424ee2c35fd9180811ad85665f6e25e206e4
6e320548b38178c51dfc21d0476f07d1292bbf654
fa5089d759a9fb810d28c140cf60e3a5fffff8ba5
54eb9326a1bdf2b80d093d18e45bb640f59d34791
54eb9326a1bdf2b80d093d18e45bb640f59d34793
d4fc06d6bb9fe30926d47a594b8aff8f4c9c1c1d6
411a38fb5216888d83f1b6004aef76a70139768a3
eb82aa20a50630698bdbc822c50d529a44a03e7d4
cce5f389bea063d8bb0e123361e1fbffeeed39ca2
0d26d1cfc723e91a81dec6be4f5fc6aaa2b6552b1
0d26d1cfc723e91a81dec6be4f5fc6aaa2b6552b2
ddcce8a6781b46ce51f46a3044268f903d24b4e96
9c8732b0f17734a2988a7d2b14a911b5fc0ad63f7
afd0b4ed24297d80f4e03265746da40fb38cc0cf5
9540de43c6177686202f1065f168c86b76ff8f0a3
334c44b83b699222f178398f23dd8394940429e92
477b8f0bf113c7bf1976faeceed13e7e5a76b5e60
477b8f0bf113c7bf1976faeceed13e7e5a76b5e65
d268130d59eb5fc06d7bb05a0bb281577d26f0cc5
28b0e5240a7c3088fc62a70628b146bb40b6b8532
1e0e6beba348c41fe951a0a2c79d07112e96ce624
9b43472077873c45e7f278418885ad028eb993e32
449c536051eba7070b18a7b33ebcf024891cb9139
449c536051eba7070b18a7b33ebcf024891cb91312
449c536051eba7070b18a7b33ebcf024891cb91319
e8b119c40d8eb580a077f248996d547fb84f17703
8f43443d1a74b8d6b3ebcc2fe899d8eaa7836f2c1
d56ac6810d20cdce0b66826ab524e837229e9a433
4b6e9ae5b315ed2b623edbe0f9000efb61342b274
73f1d1dbc4c54661b4a96c3bcb9e1683ed27bae36
35f2ba98a4b50ddefc4fa21c8b6a52235396ea352
d8d60a674734566dde9151812d0662ad43caf1401
d8d60a674734566dde9151812d0662ad43caf1408
e1d0708d337e1162fe7cd64baab41020d6383a251
75f73c6de7eb19369c405afcc13c3a5369e20c9d5
75f73c6de7eb19369c405afcc13c3a5369e20c9d7
28dbcf0c8624d9914a4e4292f872f17b063547c222
1731407f71214cee3b3418a7ad6514a4155fbb072
43e41c714e792216f0dfcaa9df3c31190b5ed00e2
d82fb3ec04801a6bf59c7d8cefef721785ea8dfa5
a7f578ca546ea016f5695fe3dd09f1b16e0835752
a7f578ca546ea016f5695fe3dd09f1b16e0835759
d3401c6a790051ef82d3ce1e8f41d01dff061ab42
7a5e0cc4ad64f56e1598253197f8e4d5505e33f81
ed1df9b7c58f0da7d3d7cb2d585481a516b8a9983
ed1df9b7c58f0da7d3d7cb2d585481a516b8a9988
e071b8c2f35265522425ab225c086fd5393c5f330
9ce109dc50fe4eca8b2d0c926d5dbd1df5f491874
23f24292b366f81b1e4277d51e56f52644cc5b614
0a4ec4d37683347ca62b53982d2c5f4efb86f4441
172d2668b011501c20181b4925ebb6ba582f9a2f1
3c96fc71d826610b57e0b56beae1472bc7f796341
ec9531cd58e385f0da60e23b2855a3c5ece3f2702
8db6225f67580d64a196f2f3197386a6be950a099
7660176c7ee52de9796bdcf0358e7ce9e5dec0841
64276df5e222aacd2a3c092cb7bdc086e26803471
d4c80108d09bceec0f5a242e6ab745440d89e0c40
1624d8e1df4e83f489da7c71c29fd92bb0bf55a72
3db7e0fe78ba51ce25389e4c896eadbddffdabf64
2040f642dc780a6a096019311fca16a8888fa2294
ecc920c017bb7d3f671b5a3a3c0ed84f831c9c333
a45986d5153d43ab6ae26fcc813e50b103f280587
5647c5ff425d715d4ab4f0bbb77a53569d6868171
640f5abb7f1acb33150552cd9f0bcac846ce69482
ff45206cfab4cea277d8dbbf002b3bb312af076d1
ff45206cfab4cea277d8dbbf002b3bb312af076d2
591f667f6b3f6eb8f05e1a469990bdd499a096f41
fa57035aa7136d41c529272a71eda316f4acc41d3
9d6816acb6dd05eadca4c6878d8ce20d39094c6d1
1876e587359be6fdbb83ea0d54f776f109f5e65f1
ffebd88d31beea9486784f65f9947464562d6f3a4
b967f4e94e301c9151f4c7ae810f09f22b0bad4c2
696d5716c42ab1096cdb464da3cfcf702626a62a9
a7ede2906ca082d66c4dd4bb88e3dfcecd3074c92
1efe6b3722a5babc194a6365d45a131b185e785b0
b7b468a712daf42a9eb34cb7d0927f6b6cdffc382
c0148f8eaba969e42b19704fdda68490613a5b147
4a740f7b357eef9bbdf6f1782458ce3cb48ca57c5
7c8e89f1847891b4a8bc48b46f35e716a28be7783
ade5e1bbb4c4f22a27be5cbee812488ae34673f05
2d4c692ddf5728a993d48ebe04a0b3dd1e62e6624
3e1ac93d0159958832e8484acf76c3e59593f3d36
3e1ac93d0159958832e8484acf76c3e59593f3d37
41a59634b170f8e82b7c488a1be885f915c3485f7
2834b95ba869f0b9b61f6381b85e78ae690957482
eed0738fe994e725744d9f0948e8b1e75f810d1f2
eed0738fe994e725744d9f0948e8b1e75f810d1f7
67405c267c5bb2a8cf4d373e18ea7830f39f021a2
a81b319bd3fe17411b4cded46648ad1a9ef36b233
ba9c32fab6b8a146fa307d9232c11cc77b0275fe4
279e955a0e3800800d439a9ce9a683a017730d2c3
e6cb97ec15d19a91641c5319f6faba063ffa6b1d2
440377a193d4ba121d0afe2a5c02cd33269cb84e5
440377a193d4ba121d0afe2a5c02cd33269cb84e6
8fa9642b6f3b08f0cc943661de9bc18fc9a51a134
84e53a5a271a6f16ad85fc8c4cbcf8bbcd7957582
617e22da72fa75a05598656def31533153dffdc90
9483ae6d83dd71a96e91eee727a9ce7c0f3cf6ab5
a7097dceb9c1c93a0fa522899769a069bd8650ab8
a289b21d3afb5a67306e6dcc091f7b35705fc6723
5c546d8d0e6ac20efe2ba4ee18ba452d6825b72a1
470618f9fd48a5d134a44b5de166b625f596a0b34
75fa2d5e5137dc8e62ad0f1f472165b7b728e6290
da905878309e1dd9cd65352551ef55d42a20108b1
496fef7e8485ce29243407ae6f696e175d10cf244
496fef7e8485ce29243407ae6f696e175d10cf245
54cfe05a28151b405d1403e774751f5b5631ae015
eb9ef940a3dbbb4662ff2eb869d64e9506ba1b041
28467d57c70787b7221c708074c2107be581bf0a2
3995f49e80c0ecffeba7c6fa7db423823a961d753
e483ad70b03bb9184f105b5b1ce4a63b2b4623203
62878f99854de7dd63d23266d4aa80e485ab227f0
4ee40d2c930cb30788abfe1dffa5188f8707dc6a3
eb979acaad7bdf2eb8846641c3aef282d849849f3
2837940cbe2c0d6c0163c5e41e243150b73c10d76
973c620a6ef5c4d14a13c5c839af20e643bda7ba3
289c8befc56bbf1d1dd7e183aac8ffc64eb263563
ef6e6ee0f5406974c2763a83554851f8b5a3f4031
b19e549aba496d1478d8473d7104280ee709eace1
81668801a74a96a293d19f1eb825cad06aa410b65
b3adb9d1e03eb0d668bc974561cc65ca3e8c95323
3ad41293f3b259847a64ffefbd0b36efaea24cc30
3ad41293f3b259847a64ffefbd0b36efaea24cc35
a66f068a18007a5a77bae85d04fbb790b3032a773
1e21876d53842ab1be226f320123610a44ac5d431
1e21876d53842ab1be226f320123610a44ac5d438
f460845e834147e2763f44954555c9c06c745d482
03dcb7d27a6f9e4db62f6fcd84d3a99219cc18186
74cc49eaec2cc19f48b357e9f9800c7f28ab20ae3
1579bf54b842acced81f66d975f3bd82d13658422
1c886637c5be85807b2397bb5a20dd017234e25f2
78554ce64b0f4b979d0ddafb65527ac35b096df55
e1edbfddadbc00baec4ccd2132f9809db7a54d677
976bec379fb8c5b6220b39005d649d015dc01c534
db77c33da54ad40298d75740cc23f841e3c450c92
83df763732163b3c6e291ea7b95d13cb70a8d1550
4f7424eb3186f18c00da413f77a29e85d498c6d83
4c14738ed432a2793cb238e366a60b2a63103a795
d1011f214edd185be85b66bcd8385acbc872ba965
dfb8190eb28672c065f164eca9153433a504ae6b3
d4f3cacd9cbf62a5040e4e1bba8eb0ec652af1f16
8a44f223fc67ed0d5f946517f77c2291d6c4a0276
6bb1b257ac14be35c34bbc252be49be79ae159cf8
55461373100d4a36ff0097bdc676dfb02250c9603
8cf7023053fa7e9cf32a85657a8ba3518f5b30232
25cf08e3d0dfa36c178a63683e48974f852602236
f01066b3a5efd76ce959a9fd99d3e0d72282e6ec2
5339e22309fb7590e72b6626b3aafa92d6d88a1a2
f1ab367f7cbb8122b30150d15119ebb8d269ee550
1cf80deeb560656fb1b96d4d56dd4eb4e02bae2f5
c600ca5c752274a1044b51abda10f5e8997bd4481
4567b2098569ee4346cfdede5819257af4ee9c0f13
bde0440a4b7031128f6d589c0c02b280151e3eb01
8129ab805809cb9dcf55f1ce3a33a1b8d6265fa52
8129ab805809cb9dcf55f1ce3a33a1b8d6265fa55
8e6ff4301c263bce8fc8fddc06dbf78fc2ef1bb25
7dae6ed91c0b5a94845e798b97728b08d82462d19
c754e34d40dad4731f0c02732387fc91810a5e161
d42bd8a35e147633d3d750266939c6539aecece94
2d2acd3a0bf242dfdb90a6b9931030dcd0552dae5
0226e9462111993cd81ef588d2394035852402002
35402c8b38d2e28a748d1d6fe81086fcf0cdd1ee6
174abe13166361c268de2125b09b37bc08d58f110
174abe13166361c268de2125b09b37bc08d58f115
663578ac896aac2674cbf3bf25fec10ede0134412
69c982877b718e8c75d1ae6c118c5694d628482e3
afadfd44e5cdd9fa747dbd020f194f0a7a0224442
f0ea857b992421110ba5edc6ace9e6c9ae1ece202
5932d9c8f1da55bad396197ebae0853c515180a56
ab46fd9228cf8f148a858d37b7360b051b67e4ad0
17910cca7dcedfe47f75978e5e29f9b10dcaf7932
d603649af5260edbbe0474bcbb2e83e7340372d31
b7127ee2e459c7d99d29dcc76d25bc34eb3463e63
7a2cad04a21db73f1008c98475b4dde2b4c1bf725
a86f10b66912e0221e9ad4d44c37fc7f4e138ed23
f7aee16e98424f27eb826073e55b1d173d6585c90
4a79b87297d848e57928540741d4a56d24c0b98a2
6a1d92fd411113b444cfc3d735b88a49f574e3135
32913fbc34001074cb6704241a8ae2d0ecb6d6fd4
5f2168350e0f990f07fe1f7b9ddc5f578cec8ad00
b8a1fa608bfd9ca189a515f82165b32cca144f942
e7e1a72aa4c7d64e1631a3f35b23d8bd318034250
06352019a19ae31e527f37f7571c6dd7f0c5da376
06352019a19ae31e527f37f7571c6dd7f0c5da3719
9030a7824ef66eca6aa330a8d593858e8e37de735
5c19ebce58e729e01d8bf72b40b1670d86dbef764
a84d2dd445c634c4456a38a579f6b77bc01a8d733
6f1cd1904ae8e4ba8e452d8b9cc0fb3d5be406a52
0130f10c1d700cf42cad5fd24b242667342c86be8
2d7242bddde7c58d9dbae6af4d78f3898bc41d702
8e27f9d6f91580b0e4177c1dfad163ce8e27d2dc2
f7ea73ebf5699cddb1888e2eb50f41a01e91be736
cdcc7759609e1624c80951f7cedc44125c31f6b78
d135e0605755a48f1b201233868f15f72e2803a64
29a1a4e087656990febd6d77cbe2fe16b6e362513
29a1a4e087656990febd6d77cbe2fe16b6e362517
3ccc6b28d4b2d86f47bb351d8c8fb41004e31d310
3ccc6b28d4b2d86f47bb351d8c8fb41004e31d311
e184c9f6358a4d398166eccf6a34d308fa4955e45
4b7265f18b9e7b532c8c650fbca25920ed839cf57
7a286cf192a35a110a2893b2bc95017f35d014624
69159eadf4dcb2b7850f3a4db6454f8209f33e3a8
b331c69d334bce546303983dcae604a5cb97f9711
1d112f2776a2bd0b116970ffc5674112c2206b5a7
f5aae446dc4aa909082b7292676704a0b5d8af7f1
f5aae446dc4aa909082b7292676704a0b5d8af7f8
5fa9a686b4e56497e6dc831880a8adafb6222c342
459219d6e2c52f80cf43d82b967fe307871397d71
9094b997642c33043857cab0711e7ad7deab536e7
e0aa91acaa80b4d5220c4ac27ab0c0b7e77e24213
6ef705715b84a961f971d624e9574da6a65dd3ef6
254f55b22d8b87e1cb14da99d818d56dde0a81a63
f12d279942752df05c332d30dbe6055d5221692e4
f12d279942752df05c332d30dbe6055d5221692e7
0d8a02341b9dec7fc9bdeb010321ca5c5ff324aa2
0d8a02341b9dec7fc9bdeb010321ca5c5ff324aa4
9d9cac1bd096e5bec4d128f4d4216500346282400
5dbe3ea40cfc0d5c92b9f953b9024662a46324de0
c28fcd32e9e51b497e237f3a3149f412c25495c85
ac144c6e928c6cb3ba0ad8f919541a8c7be07dfd0
2efdc3e237851aa7d64c601f2cae8a7f1f7e189c0
65bdb8e4face7b8a2832f175150522c779042e310
154a3e467a4f2dafb689f924467a890f10d5b7600
8840c35466b0b2b26547927dfea75dff902c0a414
4e6244ee360cea35b8885c47bd111f4df3acbd094
aef2a80ff67e87a8c165a481ede2a643128f4aa75
21f21984c5798a91bd0f726b965e1e7f9a3cd3f10
21f21984c5798a91bd0f726b965e1e7f9a3cd3f13
c8caeb08b05cc56e1ac29146793ceb07e4c0de691
cec6c19114465fba5c2586ebe869369fa1ed12ef5
c8da607c6ffe49104ceacd4fe484581042e7f21a3
371a7713e46aa8ddeb73d7be7096981b25aec5641
27f5e9422ddb2ee156abedf0e3cf9a937c303dcb4
0eaace0faa560fb5e3039bd8e9d5062c3ee53a4c3
3ae7ec7720cf35599804bfccf5c6d52f9b91f26d2
2ab4b9d267bdad0cdb50a4b6655d3581c0d0ba271
c7dc8482518dbad0bc56c496d066ad5b0613d9f03
fcb8da5befcff25bce393829384bb612d959d3e93
366a992de38c876074930e9044e4e7ed43694dac7
b407edf30428da3d8389a4b707d195e134ce3f676
b83deffd3acdc68afc9ab5a97cea5132eece50cd3
b83deffd3acdc68afc9ab5a97cea5132eece50cd4
b83deffd3acdc68afc9ab5a97cea5132eece50cd7
ca892f1ea773a51a406dc3bdc37e3f8f0777aab96
d37047d6b24f8995c71ab98a70c1a797e1dd49532
771c125e3b0c54f1c3367b2857f15d689f0811631
6e930c55a62640d218e4b94f39cb7c83b6ad91175
8d437dd2fcd1e0ba7912912f7adce1095418d11c2
420d8b930d57ee905c1f8cee167e06b1f96a5a402
bb7968e810827ac9d9c1a2859f2514c94fc326a21
6f6964470c122807573653173b45b8e00bb596967
6f6964470c122807573653173b45b8e00bb5969610
cdcfe11f1f65bbd66cf63e7cc3e83c938ae3b3f62
3321c8eefb08f0c0e93c65f9f7ccd08d1e25d0b80
7551503e7e57bd519913b0df90ca1e80d5305b051
7551503e7e57bd519913b0df90ca1e80d5305b056
ed249c28b02870d9b9e485bc39b7a706a35ea0672
57fa9cae8fbd1e41cf54f150ebfed9a8ac9256034
57fa9cae8fbd1e41cf54f150ebfed9a8ac9256036
5f16203dc59829143d56d0bb58800bc246d6c6ca4
f2924c3501ec7d9b73c2c99bf0798d8a89f48cb03
fc1e09afb6451d9e61812224f449a0653dc10eee1
fc1e09afb6451d9e61812224f449a0653dc10eee2
a521ea68bf8d1d850daba7c6097eac8a2b0be1a24
7e8c8f06f77eeff8e368a68d9a5d08c31c0adc7a3
187b5e97bb638a103b7a85629560876da49a77f45
3c48f1e7374a5e120daf77fc2cdf26d76cb64bdb8
0612042c0c7d5cf6459f5435402919673c8c552f0
0612042c0c7d5cf6459f5435402919673c8c552f2
2ec51ef87ca25cd58c8cf6102b4c182d8917ad7c5
3d69696014ac57a9dede130814218360ed722d924
3d69696014ac57a9dede130814218360ed722d927
6bebae87f082afec39ed283ad7efc42ff35c9f8c2
6bebae87f082afec39ed283ad7efc42ff35c9f8c3
6bebae87f082afec39ed283ad7efc42ff35c9f8c5
59e460487dfbea4a916eb1286d1c429b81d68cf00
59e460487dfbea4a916eb1286d1c429b81d68cf01
e4686a034dfcdb2a806826aa03d9e3878cb672e93
58cbe870411aed280bdd30b4d94dff1eaabe78324
bcd5bab5bf83f95d5bd54f7c13724c9f85fa342c5
12c05f44df8d124d372ae7f3a1ca14e55fdcfb722
3e868fbad714ceab14a41fa9dd5d8a40204f21999
bbd4e8d84bff31f92b48e840a046161f9197ea853
6c44741dad158b8349f0414ca2e5ec1fc9afb9bb4
6c44741dad158b8349f0414ca2e5ec1fc9afb9bb5
6c44741dad158b8349f0414ca2e5ec1fc9afb9bb6
9722c56ee14d895c07b9a63e9ed09ca0503f91830
9722c56ee14d895c07b9a63e9ed09ca0503f91838
f9e78195080fb1cb3715b968fa85d62e2d89e63c7
360df256327edcaf7ce0b99314adec8b0a2c5be64
11543a012d692d5ef479108f5bd5dd91b815b1be8
3f1cfc29652c2294c514cff9fbf6f8d7452385657
2d8718c847474afe7307936cbff82be0fd83d1531
31ed5c11f0ed89bd2b42cb57f911f964a0aafe186
72b396634cc46f29b5ef146a61073ee7e7fa3cdc4
11012c89ae6add4d46dad8064b7609cf8e9a50a32
9e31d0edc0ee4d0a4ea1a5d63926621a53740e497
d3789d7ae2413138995354a0518f1093f75160481
d3789d7ae2413138995354a0518f1093f75160485
d3789d7ae2413138995354a0518f1093f75160486
48b48a53f0a6865d42a08eba26ab2d7c1ddc04880
ddf5ab3e361a5e393e1f104847d5a89f6ce450931
3ba98c23e140ec4afdf1424fbc5e9834c08af5753
3ebffef06e4dd76fac8fa9e162962fd541160f652
a7ae6005229a13ecc4a34d786c58c4f6d0585a306
840893dd3d58a2f3f36d397282c256883ee825bc2
9e0868ad58642b69afdf39944f60b70d653fa47e0
37d1bab55ca378c5fe777a7697a69f7e8d2e51011
8ee896966187f05bd31e87fbe9a8c006869d8b9d4
182816fef64c4c2e58ece915551af64b04adbf534
2d6f3bd8af741372acfdf95c9feb10df3d0236c21
d10d57811499caa54276d3e14f89c45cb1a8958f7
ab10b3f8c4a6cca7aea94298447b13bc0721fe695
f23fbe83ea5ee806d79cfda77b4a9c9230494ddf0
131908b8e744ab6142442f2685af5d8030b86c312
131908b8e744ab6142442f2685af5d8030b86c315
26caf51f5a53e1a5f1ae7bab37d536c2e711dc341
4677d3a8272235fd561ab1cbe6a0695d5a4a16f20
4677d3a8272235fd561ab1cbe6a0695d5a4a16f24
4677d3a8272235fd561ab1cbe6a0695d5a4a16f26
800af7acdfc0108d1a49fadf142ee7ce0c0140681
55a6aabd120f0b18297f7efe22452f9b3aca0d8d0
55a6aabd120f0b18297f7efe22452f9b3aca0d8d3
bcbef29671053a9c6b7106ead70086dca13648ec7
f34e064288a13b96831c7d390fb24071daae38002
a1a8afb093bcadee0b2abc7aefd78a4f33b158c87
d97b093a03fee1ade5e991595b5f3aa3a7ac7d881
ca04ce6fb6665bdfbf2995e49b8e9684279cd9fd1
2e4b4d982bf49a6ad7bd42e99612799f238c718d1
9933508c6e8421c86f711d4e75f8e8eb638494f30
416485b87170e05b84a88e72f957b9efa3f8573f3
142d81f46c852980162ca3cb93c37e3b8f34f04c2
39ed5aa9afcecbdbb970c8d7b9541998362a05101
6e3028e9ae17ab59abc7732fe840468ac9dcb60c1
6e3028e9ae17ab59abc7732fe840468ac9dcb60c7
09d4badc73423e8ba0cb825b9172e76ef0366c710
6c07dd8dfbfc6c9904735903c3cb7d934473c7b80
b0046d3a7d9d60efb95d8dfd9c7228336cdc74a32
fa63a1de6e9f16a60f4db756c20cce20ada19a2b5
fa63a1de6e9f16a60f4db756c20cce20ada19a2b6
fa63a1de6e9f16a60f4db756c20cce20ada19a2b9
2f9d48466a87a9f57a964c5ddcf0ebd05c0323861
067882c406e8f245cae144a9f7b39b86d124e8437
568239199d0ad8578ff16ee5df0b4ab6f36e395b2
c8685e38369975669446656ee5819a6f0c39b5a21
a63e7a312dc69c319ff430a0aa49429425d66b9e7
1495b58847eaaf212bab28dc3c98f6ff316cf5551
b015f04e346a7feacdf8844c75c2eeaef531eae45
61eab962cbf5aceadeda0e6322b2e53dccae53206
48c63c3b3afb4d6a9ec374c23539b72052103a8c2
0dbaeb107adf17a04bcfa22ce54d7523e746d5800
c44ebd2eee30746df889f636912f97f1f84cf5ec1
484a01852ae480a434e7457901d1c246048c84713
5d68469b06a733de29848b7c98a4ca98eaf0b8183
3433afd9067cde97aee70a695acc938d864e3a7f1
bb7b8b00673879bf81abad1539b96fa1f20f7f024
04d1c33fa6019d97f216fd90c25f8534d4888b018
1668664adb23492bfd3f6283ef8c2b43c5690af90
b04e1a50087b4bb31e44e8c3bbfd601fb07f8e885
ad40dc64690198005b23867a20b0a734d46512dc0
43177306d6d829ea7340a393c7f495568623e5a46
455898f60c01deb7422f759aca474c6130b4c27b3
54f311116af60e9ea641f9754e1dc7f61e5e1bc20
050d5763cde1833eee530b03040acf1177dc26955
58d4d46dc78e14bb7cfb323b352a5a97a116c0680
fd6f9641b2aee9bce8eb5d11f3b1a8f5ab0003db4
d02ed4da30f32ca552f2f5e0cc5f48cb4e6b179e1
5d214220b68bad2c88b93b1459595a8c290759ef5
65f1110c4060f78a14b9b206eef4ead7d7e804044
26f9464431c86f61f24ca79cd9ebe7ca51c719ed5
33ea674fce31a87721283b7f6dd78d1753a4aac82
33ea674fce31a87721283b7f6dd78d1753a4aac88
a204e3551445183cf53ae355e532a2db731c0c302
20d84bc0377bfeed0813a5b266b286bc0f8cce781
9d7fc7fd9ffbfecb1c458b9929fa02e6c35383686
23790638f73ff2925bb53df1ab070bc820992d427
d0974a381ea38ffe192e51e4e971877309d7789c6
45b868d2bd6810632ce40018de9c02b8d7e340643
03a0cef9c902928979ef731616fb96bd1fb10f9f2
03a0cef9c902928979ef731616fb96bd1fb10f9f10
8abb66a9697a8c59348fcc79de126691e394bded6
b13635f455436f24a6e3fe886e59eba857de8ae95
99327819e99aacabee7d098497bc1e2c390b644f7
8ff489663804dc9590c336015fce54faf666cf463
f99ab30aa4a6426fe86c3bbec4afe0642426366d5
6d2fa8e6ca4f47ac7be9dee786017587a76dce4b1
f55b186acc0b35416f0a30b1d0a5fb16640a1eb93
27d97c98917f7db0782a702be5992ef8cf6eef056
84190af471faa92a35a3c3c2a931ac600b6386690
018db7f5995ef1e3c7a65f617f56ba509dc692244
397db97f247d26843b3d4ae61ec2e3c2d8cf799b1
0fbf368e42ee268d0ed54582264d462d51a7eb2b1
fb6692faf8d2bd695114d14020939561b68dcd253
2bd0a43f9d53bb24f3a33668e87c546eb642a6ad5
2bd0a43f9d53bb24f3a33668e87c546eb642a6ad6
5d2bf2d50e15ab02d1644f80c73b9144e1a17f962
5c8924c97ce1b48d7209384f93335a85827be9d31
5046addda6215033a27eb5226ea6ce40da7e2cca0
6f2dacafdb625a4915d391cada764888889b6b632
e0824b2eb44fd2562070010422784505ac587e0a7
3847b9bcd4187a48be8f9229c573b00cad29558d1
48daef451a8ba77c86e85567a5346ccd83dec0ca1
1a90119450a0fe8b91ad2c3afa2a73caf89e5c114
1a90119450a0fe8b91ad2c3afa2a73caf89e5c116
aa36ee9167e00aa5d55a2d20f152771e682d2d100
aa013dd069ccc33e7ffb64d9e1c05cfb7b791bcb1
aa013dd069ccc33e7ffb64d9e1c05cfb7b791bcb6
760368cac175001a82623bdc3f0615a5ca6e6a9a0
4f6bd9c201d26dc4a7ad276232efcf03c75096c63
bf5e508390bd7fe58e2a53f1baf28a11440d4f850
ff953866aa50379e623ad59fc15aec6882e0b83b0
ff953866aa50379e623ad59fc15aec6882e0b83b1
ff953866aa50379e623ad59fc15aec6882e0b83b2
ff953866aa50379e623ad59fc15aec6882e0b83b5
c4f7fc84443c9211b06df213f30a6946f8d4b8110
2c9e8a42334465fa9f06829078aa2fad027f71443
6d089fc7a1a4d6a39f75f7f73c4ff5b18cc3a5a81
4b8ea1692d79175f3b6f75acd006b49443e358055
4a265bb18f6ae79101ed22d04c1de01424f340ef4
3b50208cc9459b9061d3297dbacbc55f323698ec5
afdbd1bc7c79a936601b3c6cae4622464641d3a55
afdbd1bc7c79a936601b3c6cae4622464641d3a56
afdbd1bc7c79a936601b3c6cae4622464641d3a57
7315a94a8a2e991f206336db4316bad9cf4bc64e7
59eb9074bbde6a9aeb8ecd985bc684ccdca38ee82
324f898ad5f84375d2bb80c9be68942f0d6e27624
5bb09b493dc5f30b1b2c999c9dcb580ee13f662a1
5bb09b493dc5f30b1b2c999c9dcb580ee13f662a4
496df86b882b0802097a1a669159a43f5a48a89c1
c9787663ddc38334fcc4d30b72dd8575204efe690
c9787663ddc38334fcc4d30b72dd8575204efe694
4c760f4b896f24bbe8e3f927a712831de36c86013
241bc2e13224f8ad79cd58d09ac23ab6fd2f45e15
ecaf8fba2cd6d626025f4b58ecfe7848942841c72
c485bca7f84905a6ce283f0ce564ecc3227403703
c49f3841f8640ccb913e53963f4d5198f256736a6
d5a425220e95a3b59af0cf910056bf6b2e4162481
92b6038ef7b79c77f7120d75a48ca1063de518a93
186927c6c9547eceff7400fac99733b422ab327d1
5abe1604bc12032d18d2c4401650e5d2dbbb9c785
ed85fb8c6c41b84ba6f250906800d8c8f18b422a5
9a3123a9bd9906241e5af178c53812e63ce1dcd02
1063df9d3f153121586399ac822791c95f3a0d490
fcd4173b043da2a13ba4e4037ee8a2127dd0cd705
db34d1c9591bbab693eae7bdcf9054d9bd50907a3
8b4a3349711f64e85ffedd3449425338e180c68f0
8b4a3349711f64e85ffedd3449425338e180c68f3
73406b8cb98e97c001fb87576cc7fb86514b75fa2
73406b8cb98e97c001fb87576cc7fb86514b75fa4
eb5a960f5370e3fcb34d7c2c3bf7ecd7f255cc3d7
214f1bd9a1d5b0ff740f044720e4fae20b3007ce3
8df3cd25d50728abbc4016d951829a0cf56810ea8
9862b8aab2db9c82fd1012792783a90ec79f72690
05216d3837745866d393f0e07be7ba801dc330f63
3f90d746161d9bfb80363925c3d462d966d1e7ae5
5dfd315b8986f1cd27e6a874cad994b4ba843bf54
447423d53c812b3bd85c998be5947f99bf67cf7f6
0534697013f80aeaebd88c82c051ad370d7c7c2e6
857fbbcafbc51966fd8440f1f59fbcad714670d70
857fbbcafbc51966fd8440f1f59fbcad714670d76
dc20dee3e0d1d7a80c48fc8176b44e95eda716bd2
1ba0f66a7f4f23171634a3455893f4d5b8b94db40
1ba0f66a7f4f23171634a3455893f4d5b8b94db42
b96b3c191038d0d84b1ca012f199fa6d253e15c43
a77a7a74654086df0504e3ef17ee02bc5a30016b2
2956f52851b82e11db13ecf228a92818ee1d37a62
9aeebaa091e61828ebec7585d4678d6c2097ca375
e878909ace599352d3d578796968bbd52cb299bd7
78f6cc4e361315ea7812fa94ab1e3ba0163651bd0
f41a6116d3e5b32e38e47cc0bf3a81ee2ac50f9e3
8154b09ae15bef8f3a9092e1b020f1a86a57dc282
1fe89a8e5acfe9855a02b5c6dcf0bf9c1e7369e46
b5e8f7dcc1c7777c18ff9c0a0e797e9545d00db55
486f25d3d5db2468664c9801e1cbd77b41c672b40
ab50a080112b6bbcaa3166a05c1e369bb3289ccb2
a2efd9be505d4a0467145ae3129609cbc81413c11
689d8715885b9ea664b5619d12dd70114357c6ac0
bfd32d066231b0a4be6d9e8c71697fbc7194e4f21
5bf17bb8eacea27eaeaf74932da186933c40b9ad3
9e07045668586b9f5c1ca4531030f97aa2ff382d7
1d7e3225e1913b841440a6837fc02ca3f5e9aec62
4a6c276c28e645d09fb4ccee682d90273ca53ae64
59fa6c3439d216272cc845d35627f8eb11b08a6d2
8703f8e66ae6405f2bf2d40723298fff515e277d4
8dbf579b079ed1db76046ce217b6604195a38e1f5
a683f1ad2696ed527a78582e687a28fad0c786b17
dd8fa70beea111a0f501210db219a482d900ffc85
d5de6ea176e6152a2841628e7be34e5f4617bf577
e49fa305e7bf60be40071f42ea925a6a4274050d5
aa966ac9e3611ac2cef8d3fb9ceb3b58c150e2387
ced7b5149cc7c09efac2e12605816cdb7ef1023f2
83354a959637b53e496639598f0d8a80c90c01b05
9991114f0492d96345b8bf7d509d401c27435fb84
4d50ece149ee03573ca4296bb277a8badfbd12590
75c6e27a38b72bb9f75fa2b8e45e933bae10dac56
65826077d28f172fb677b78063ea31a420da75f54
05c372457d894731ad168117b9c823a69e2379c64
004e6e14b9498ae85e92cbb81adf76ac8b21f4721
421cdcf2fa76015c98cf831270fb651e123eaf4c1
ee6568a8880e61a498aab80c41f70939d567c9910
e4007135fdafe84907e2b018da3a4c7ab853c2512
e4007135fdafe84907e2b018da3a4c7ab853c2517
88b6e35e3982d9399cbb1c67f27a07fa138371ff7
4cf86e5e2128a1b22dfc8782457cf8acee2cee763
5cf8443a13c37fe532b919082c70ec1f3dfdafff5
c15ae49bdc5ad6be13eea7e2f56999e93e8ac4e67
84a85b997b1ef532699b03b42fd62d063d9f91ce1
1b37e549bbcec859711e5b2ef310e94deed4dc958
152764841ded25def44c8726018136d5b62d541e3
0574557a949a767f8e1aaf7600bb4fd6d43ff8da1
8b48340f0d0e63021edcd127268ed9b2697268246
74aef0a82637f03ab01a2dc6458b9f0ce9bbdb995
43904b485bc0192e4dd497bdea1e02943b4d79974
8187a762d268f60eb1a0b78ee5241869b69fc1633
3a40605f77264e040be26b9244dd3b8024421d8b1
012fcc3657d881fec5df0bb533815485f76dd3cc2
3641bd0f06121f074115faaf31e90df45953c46f1
e843c10b7d6023d8de2b001ba027541c9bd379b97
233071501603b10e60a5e44e38284c682bbb92404
7fcb5b40408d10a538bd53ddf9bc167453cf84c71
7fcb5b40408d10a538bd53ddf9bc167453cf84c74
c45c8c7b537ae09b5117b01911dcb9749003f23b4
0a421106fb10078b00663df3e88c5ee6f0437a662
9feaf76344530f9d9198b144eabad435bef3026c2
b6fb38d763b86fb8d77a475196a86b7ad05990361
e908f2e14af7af5340c83726f333bacfd4838aba0
9af5b50a6fb30e8fe329419fb7cc622e1f81d61b3
7b3b9b2a059214d700960db08973a1a67528670b3
f909f77ec37c7fd448e34247f546aa5b8793cad51
ddce18e7c8e2f352d7c3acd860c1e0f4469ba6b41
