Requirement already satisfied: torchvision in /home/usaxena/.local/lib/python3.6/site-packages
Requirement already satisfied: pandas in /home/usaxena/.local/lib/python3.6/site-packages
Requirement already satisfied: pillow>=4.1.1 in /home/usaxena/anaconda3/lib/python3.6/site-packages (from torchvision)
Requirement already satisfied: numpy in /home/usaxena/anaconda3/lib/python3.6/site-packages (from torchvision)
Requirement already satisfied: six in /home/usaxena/anaconda3/lib/python3.6/site-packages (from torchvision)
Requirement already satisfied: torch in /home/usaxena/.local/lib/python3.6/site-packages (from torchvision)
Requirement already satisfied: python-dateutil>=2 in /home/usaxena/anaconda3/lib/python3.6/site-packages (from pandas)
Requirement already satisfied: pytz>=2011k in /home/usaxena/anaconda3/lib/python3.6/site-packages (from pandas)
Requirement already satisfied: olefile in /home/usaxena/anaconda3/lib/python3.6/site-packages (from pillow>=4.1.1->torchvision)
Requirement already satisfied: pyyaml in /home/usaxena/anaconda3/lib/python3.6/site-packages (from torch->torchvision)
Requirement already satisfied: torch==0.3.1 from http://download.pytorch.org/whl/cu90/torch-0.3.1-cp36-cp36m-linux_x86_64.whl in /home/usaxena/.local/lib/python3.6/site-packages
Requirement already satisfied: pyyaml in /home/usaxena/anaconda3/lib/python3.6/site-packages (from torch==0.3.1)
Requirement already satisfied: numpy in /home/usaxena/anaconda3/lib/python3.6/site-packages (from torch==0.3.1)
Number of datapoints: 87375
Sorting now
Creating file
0cf66b646e9b32076513c050edf32a799200c3c25
47bec8c6418d2cc7e36f453f0f4bf0496afa14db0
35d22b9240d034815afd9fc03edd3a1dcf2df1ae7
4d181b23eb2a5c73f17f6c6c8856ad246041af952
d0cda0c70cdf24868eccba232bed8c86594ff6ed6
174cf1e044a2493cc998cbed0c8ea063f560560f6
2f94b28a4c6adeb0260d2c49f3a91daed63097a66
09219dd44d20f76a3d09330ee3a38d8566a32b647
909194043525676c0206f35f1af3e20aeed80aa73
28bbbf57c580be154f0602cbfe8b63603ef5a3a43
ef6e7ee88adc48f680e91d00c065f268df7468f78
fd93b423a3805de1c259d527393fd5fb75d06a552
506e1baad13bc8b50b0f1db98518da52aea1c40c8
23cbf4c4d083206039f24569d51abc8e89a0b19d7
e8c2d4a1d20efb0606506435ebcbf486e9eb414619
fb8417237edc7481db45286494d1561ab308de298
35a46aeb76062988f2c9bbe95e60388680e849b74
dc6310b54ac655d9a9f6fd419ffeac7344be99125
c766631a3a9e06222e95078b036bd14be01075225
7297b0f37e809c5ca79467a535aecb3290a830701
0c2c585d3084fbaa9de06fd28f90e4fab8c1bd090
b13d876c1a07291ff62be8a4eb5d619a4e4ba87c2
25e6c5901ffbaed729fb8a40f1511d9770b386914
86c5a21cfe42a9c8377f257e65f98927bb06b3506
05e8e4ffbf97332dc277d3b097a20203ccdccb256
b59dcb7800fc391b267d04d7b159352002e073af3
b59dcb7800fc391b267d04d7b159352002e073af7
5d58585d36453b92dd9932c726b2dffa83a4cf6f6
cfc3b70cfea4b9357880da57008fa8ebdce04a2f1
cfc3b70cfea4b9357880da57008fa8ebdce04a2f7
e00f05efe2038fffc8eaa1e8eecbe9445a9483e510
af7c0a455d0376e0f159f5f2b774477b11baf52d1
67a893b72bf49ebda211e169cbce509056222f483
12c7ae9e202eeeb87153ec5d6e1a7a850a9c43840
1ba83b9095741de59980d96e565f974f853eb4c63
bdd113102608bae7b71e868e3ba8882c698dd55e6
a0970316118227808118c022b3846cb11dbc6e7f4
a0970316118227808118c022b3846cb11dbc6e7f6
ee8871b15c50d0db17b0179a6d2beab35065f1e912
ee8871b15c50d0db17b0179a6d2beab35065f1e920
1491ad2ff6f47990932dcdea7287fed6d1adf6171
0add6b43e18072837f0bef41031d6f92f740d6258
d7e27df1640f3ab7de903b6b83c525a60788c3ad5
281347d0e99bc099d6991a6a60e30dc13d5582166
3b49123a906e18bb1eaef3a117eec9885cff862c0
fadd7e88a99defaed6624e1449b61bf62cb4b7c32
5bbb0ded33f00493d94a5803a39a68c02911440c2
e7d4bf0fb8682a2b28a2b3071b20fe05aaac3a7c6
6cfff15a98b3a548aad4a5008309e0d964e8cb1b2
0cf2db4ce96f8aeb91bf08ba9f9cadf6c44936fd7
86ffe573e8bd17f655c3edb3a04f9f572c8b012f7
80065edd073fd46cc80461c48db4ceed0293286e0
ed8a7d5b06b4b5415725e624a15ab5ada71468945
b2c5366903361511cbff74ddae9458350bd4b2190
c2addc211edfe1796ed0229bcb0df73857da1e235
4595c85f7cb8c96f8b9647cfd7ecb6560ed390544
52bcb56e49705ccecb6edd0edfdaf5379054bd363
50e82dc0c2e8b81fa6a36d1eca91c48048d58e062
c483873d06833c991f455b11c848558e291352219
85f55a3e0dd672857aaaaa80954934a57b7a2fbf11
7c3e5fd78edc60fdd9b5e83e062ecb5058aab21c6
7865ccc78793a5c202d4329640422d8b2ca6329d0
7865ccc78793a5c202d4329640422d8b2ca6329d4
2f43e9dfaa43ffbddbce339a8b6403ddce43b38a10
c4e0587d1b8fcc06c2cc5cfcec42a34d314fbe448
4928ccf044e057744c301e4b4c1c278ac01095235
804e12a1560f3ae6d9770e786aa6d9edc371f92d1
86467c7e50475cc038c1510540f8d097c9fbf6d30
fd9ba2500279bd4edf596997d35516ba47bdda061
cfba701dad16c47e0f7b97b8a6b043d25f7400859
723deb3dfd448ec1f5cbf64dc05f38a6fcd582733
55930649e6f3cb285a26ef33525f8199bd86d08913
8163f45ef755d080e6d722dd601fd87db605bc716
43ba8c49ed06c4732f3c67be1dcce1303c947eed8
556a2d4c0af2ecf4c9be174cbd7bb22eb9265e392
44fc3a2bc441a674f1ebdeabae73278977909db412
9c6ba06ca0c7229e0db7ba80d9b0beae43338cb00
ae07838a5f4600c7a494f8a38bf8f878932d7a654
f06d91f46326752b02cdc48e8fa472dcc38a08468
ba7eccc4ff60c5cb2f3f6c9200b4c52489cdc5397
751ff631c751e20472f057d7b904feb0d4c0c42a6
0833be29aff91c30336e1048d59d471d24bc48044
cc497c5d640772738fb8703d268e49b5067386b73
c5fe761de1833a0c69f299fa4f54c76a25b1e2426
87b5f1f872c849ec239bad4ccf487d048d4274b211
84ced5c56d8b021c11ed63055e0f8f26b1d159943
5409ab7bb553decc9cf81e6bfd4550e12b3cbb573
896e2fbc8a93c2331a5782235ac40cc3b7547dfa0
2d6f5c53854701cd0e4db68352cf7b1acf676c728
e458e3010ef752063aeb5cf22bab2f1b5d510f8e7
ea06fd0b25cb9793397a51de73fd83f91b4323fa21
586458cf89c9c2ddc5a7925e275f135245f5a0fc7
cea3d74b7ff5ef19e031f503646a00fb55c38f053
75a06e3036cb1c5c0e7f6027818b335242fca3ba5
8160ac0cf16fa777c2e6ff97df62cc9c82e52a1c0
eeeafbe4cca47c8b3ff2a64a8a7487555f913a714
e16e1d587728b8939853607ec1b89bd4bf1f5f506
f63190fae79184f217f74ae2e89dfdf025855a5c7
dd42390e35b70d2a5cf9755901f0621f14b402667
7d1c55571dc1c66164e3cfd69ffb3be78b00d6264
8b1c9d7c48a0d857ae857a21395a4996de0519154
963ee8a5c5bc543921aa92cbd92f3440443457340
9123db98919815405daf28ea69b6b84478a98c695
7bff6a60ff0b62855bd28562bb820233c0c940e01
5850beb8e752f79c43d1e5e683b349d3465d4fcb5
7a030eaa112da0bcfea4b33ca85aaea58bb9df9d5
82a0e1f034174079179821b052f33df76c781b4716
2b0e7fb9384b149eb49ec5003f5fcfcab09fcda37
dc85079ed40795ded005e25345fc38f32d28e4ba1
0d33a39f89ed93832ba396402364b68991081b665
160228fe18f272761b969b08622ba868ad65b2060
160228fe18f272761b969b08622ba868ad65b2064
be2c6db6c956d16109c3fe537f642a8c4f0073d27
0e57171d1305c335df983086e4f8156b92311ada0
f7950370bc9993ebe81eecec5f8d3c6838e450961
618976bb19be6857bf4c513ff87aabe103daba9d6
d9c341f12c524a0803582bc2948cd9b3fed2f98a0
b6b3b2f3865e15287b4cdd580352992ab04891ce0
c4b84237bb6b40f554bb98fa5f319329e88836954
5acf12b2ef7771fd1cd1421acb7057d9a64be81820
d91d2f3b435c9be31d8613ec2b4634d23a7fb6d95
7af9aecd7b78b3b7f628ddb7355db7bb7ea002df1
7af9aecd7b78b3b7f628ddb7355db7bb7ea002df6
69c8fbda350314be68fe4db9f655ac16eec453901
8d474254e28e83a2f9f2beafc0bbf13d674f06741
aa7d8255ee769f0bf37c5e402bc60b59b89025ac2
83167214407a4b1a816ebfe22b1d2eb59ddbaf2c4
62281ac85e21b0498d6746e4cdca927ccfd658477
a6a5ec942516d42da7ae9b843c3d04b023b675759
a6a5ec942516d42da7ae9b843c3d04b023b6757510
ba1c909d18148b8fbc96a85f1ed7c7cbdfe839e93
281d0514d1a5193bdfa4c3cfe8f16e7deef9eacb0
3b8668d5cd33f142cdc2f0b22b28b834920bae4a7
8af4d40201ae966382a6b12dcf26e6155360394c1
edce56899d02d56f9e0f512aeb427bf27fae594d6
758f82345b07db0a07f4360e59a44f14886db3031
b53bf5c8488999a5b6f21fabb2a91fe4396047260
b53bf5c8488999a5b6f21fabb2a91fe4396047261
b53bf5c8488999a5b6f21fabb2a91fe4396047263
2fff2bc541ef34a6647dfa2e4294cdcc187e47b911
80edd85eb7868955a8cca126386ba14b578694490
e66546893c2fa5fe38be74e1d1ed104f0c412b4d4
e66546893c2fa5fe38be74e1d1ed104f0c412b4d19
107860c87816d358700f54df1ca119d0d682e4db1
2dfdcae5329624556ee722563ae69ae63dacbcbe2
323d3a9650eef560ebc28eae746e84b6248918567
5485bd5d45070717b729f84ef22da3667a49e3cd6
5a65fcfa3b8976e33b23cbd1848f56431b5b48622
2326d69072e1821bc767584dc2c1274db536b9820
961b0464080e60c9a1e3686ecc9d19417e14d6a13
a9a2880bd65c6b3835d19987ebcbd3d09010a0c30
1bb5fdac0723b40b3106dec44e8deac3a19a76551
98008fdd5ea99bc7c437d6e1aa86c750bf6674157
ad025f6cd780dfc645fc18b54167264c5629e7665
3eee54837b9ba35a77fc53701f4fee706eb73ed87
3a0b7f791a7f0bb8d6b235497fe6ec498156b40a6
c65610320fc09ec30e934f7ad13b97e9d080e1e20
482552a6427aad8bd1da10c9cf0089b2a7994b173
cfec85077b4970d336f4877d608bac2eb55074e00
e493fe7f282adb10c6b9af18d41f0181f17341e55
e493fe7f282adb10c6b9af18d41f0181f17341e56
1e3f368df54a6551da3a51a628dacdbb307b33b68
e8ff1efb298e06ecb5221b62b0688d640340457e0
2a640013703b76b576925c18e95afccf96b882644
e35669d4530ea55bc8f0e451268cab9e9eaeab921
da0ea6b7eae20528c7ec822fb77d8e8f78ba09b818
1554bafeeec9d379eb651a17f318e31b3d01003a4
30b40386d74ec61e07339530419a4d45323aa57f1
d73f02ffd8f9197f98a6a19b8d4bcb64d221e6a53
45027afbe54056c567ca8a48906dd06200f6d8c126
aacfbfd450253593db1a5c38d93888dd45ee45a01
8f72fbd618a1d7f73cf1b5f5e556440ac7bd5a258
36baa799c873345dbe3cde64e2cb5682a3916eb92
9c83c36d22a5d0ec9c3c9b720f429e131bcead631
f27ee0ca2728db04f5e0fb8f79f8544caab884e64
abc35b4f5be9a792684af5a0afd0251739aaf8d21
68707273090b953ec98884b3f4bfa03f75c437f03
a517befb63a47fc3109fe499a2a64aa13acd0b311
fd038ea3b53fa758e5bc8cc5932ad0264b63601d1
5db6db273454e34b6485df852571a0715298c7470
9f1ca018fc40bf053eed47d930220b6d6c9297b08
9a783db597afbab382791021b26ecf70c110aef74
9e141ebc1c06d483bf85f4e5c8b3c7bc2d00ea2f8
d43fb2b8f2a2c85e4cce3e32c94cf81aeba8c9be8
f9689fb9656132e1c6d186851563f2b96864379123
655b07004407ec282b84176a595c015b64a1f3a65
4f3fc92ddd81570bcae9abd0bed6b465009099e62
b4c1c4b595842faf1136f4537e264e430cb0a01a4
f8e796ffad73288b1a6f53a59f408b70df0ea8aa0
f8e796ffad73288b1a6f53a59f408b70df0ea8aa5
54e693dcbaf8477df68fcb2ab3b8f9bc980749e64
304002bc095b57d14b728ccfb8d704ef39f288132
85594f3a0961d2459461db53ffce605275c907a66
fc92a91de693365a9a3f59c796f5b3b79beb7e560
fc92a91de693365a9a3f59c796f5b3b79beb7e568
6c4e7f28374e4bdbae7aa99688a5c0a8c68c1a2b2
6c4e7f28374e4bdbae7aa99688a5c0a8c68c1a2b7
6730ac24654f0187b3eb4b80f4009f62a68c5c364
8bd6dc9f3ebb23fe20f74c1956184064b5b955090
edb03d9bb116f1a64aacc14064e6f4daf860206c4
343644770a597a2dfa7548ba165fa9c6bdc882455
0f0229fdb0ea0f102a40afd86f2b12cf4df920594
3c19a753303ae0d67b3ae28e070c0f4157ffc52d10
17d75813505081f80b9077e48116fc007d19ccca5
fee626dc3feb6abc0fef5facc5cb24c7f54f23571
841484cec618f463d723db3d5e97814ecc6149381
46527ec702a55e077cee90d288fe0e7bbeb136855
a74c3ff540cb154fc1294fd9d48b6a952329722b15
a8ac682f29acaad4b669781c39fb2804374b8b2b0
ab3c9bac8bcfef89da719c4aba8ea4eee71e4daf7
283f930303a08ffe34541c47cd507c0f198b73d13
fd0731e9fd7ad71ee59b95d6b2e9020e2e231a426
934e169829dca73771bfb0c860fb98907bb89aaf6
b5833a27ee69d7540435e3c70af040c2b743f54110
700e0d133d2f5c2e65960aae7bffa66bb62c0df417
1688e81596f0c0f2fbc4ff98f866af788fcd7f816
5e90fb02a80ae8bab614e870ccc1ee1672cc715e1
ca4d998615f4d48fa792b3bba65c41bcb513ffb33
0a37124fe35e31ae9fe8dd7715aeed88002e23e93
d891465f99bcb7507795024c12503766919e7a416
4d720d7483374fd512643c8080c8d922d8941ead7
420425e97607b2673e93c365ba19a5c18f25734a5
f8a7691c1ef0d0ab9a4520c6f037ae5944f013b12
6785dbc4b11b929e94480c4ecc755b53b01f4a380
746fa4f27c1a29c718ad09646866e1b34c5e5e9b4
83f6b50fb780342f3127ab15904aefd89667767b5
ad66f125340c2c1beabac48bd84bd0a8877b9c9e1
927843b69bca2ad83e75e421590d814179e4e86c4
87d816909086c9c2f1c76d45a99a638cbeb34b672
527c6caa647063da2c18f066b60a0663139f463f0
5bb9604fc248cf690ac94aa2d7409a1650affbda1
45aa7e6d29ae7c957b4f80ef310df5dbf923fa023
e304d29c9c9050ddd7231c50f581d5588e7572c92
45f082a9280d94f7426a7d5b8736df38c4d03f881
ad17853cd7821d07d896bc626e1a72dedaf44e210
e2807ed34092df9e3e53b320dbf6cd49129e8c495
6a23daaeae81f208667e47dbd8eec0e56802cb427
55327ce32c4d5168e8e0fa7b5dabc9a8aafd9d7816
a0a84718168357049273f6e65133fd06e67cd6d224
fad6cfdf0057d6d3127a4a9a55a3a3536b2d12f98
ef90046d39faf6cbf69fa9c2115878469defdaff8
6776c9cd96b7d152544a9b974cc9e0f0bf2d42444
027a99a889b38fdb935cd14c204a5fca8a329bc17
d852c4eefbd863cd68e8316380ad48f239c43bd62
8cf0602ec67a2b04ed93318ac19830535061d0022
9b237716a3775010bb0a7d8a89b60ad80818984d5
4918aa5c193879a0d1c6163d514ab46690c360c93
360576c9e5e43e3eb767b490d3014cb9e3d387345
d094ae3280e4a95836a637df0c9fca497c9463136
2e466f1b1eefa6056c7366ae0cd3cddb33c4c55f4
9ad47839adb9d894f2b8f4d4032204f3611e71138
7dbeb3d1fb877fb311244f72be8a09bf8c9fdeb59
57f5322f2f26b2255da22ea925ee9bff7604a1292
7890546606d341c9570b4e9aa96936b25b4fdd317
536c81cae313a19587d6afa4bb58eedf914c76913
fd5acd641e7ba9510214a706d9726a790f9660f44
35c4efd6bfdf6a7aabf1be66c19f6988105b933f7
c92f5b4110ae1d43a0c273909569e0995e66932a2
c635946d034ab779910eefcd4dee21bd45db06277
f252d0840c5ab78e909e13e799537b97d179d1c60
de6ed8db6d639706f2c5015c699fc578e4aa43ec1
369e6e62b20a994698150f3cb8cac8728ecd0f9a2
88042bf7c231500e145d0030cbf566be730cb64d1
d46e226f6c8a5912fd99e1f13571ddc809baac981
8c42f541a0eff6d8f29e00797d1c8a3fe20164bd2
aafa72a022f766ddf7c9d40716d106c44ca0d64b0
aafa72a022f766ddf7c9d40716d106c44ca0d64b2
ec043d51d65662479c82cec8cd7f2d9f8fd908bc5
26a1bafbde5cc970d5aee024dc8ef418587018a95
87e8d510f059dd5cc47edb5dd1defb487d963d0e1
79a6d24f452d8c1cef47ab224fd2083b0d08324c5
0eec5926864110b348394412cf7e9e9a29d8f70d7
7b78c92930c8d9b7414afb79366509cbd6ebb3271
7b78c92930c8d9b7414afb79366509cbd6ebb32710
7aa1476ab29f4a45ed1090f84d1bd4e1b9dbbc8d1
412630c97420afb50e5278d3406e0cf4b08d0b7718
55e36521ef1cd28dcfe4119bdebc7ced67ebe0f34
17cefb0cc026a5da94646d98a65e8e2dbd52273b1
cf47e12f21467d004a46b744115314ad8f9152485
d954f33da49f4c839a6f4dadc446a4c30328c5726
9a15663058028878027f6aa039fb3185c2ff52c89
6f64897fc65e1ba7531a4830a7d935ab15d8bec66
941f5127594cecfb5202c30244154286404f7c572
c43c7253f38ff2cd79770034ed9af3567cfaa8119
6ddc7be07d21ccec66b3b3cc4fb2d156a458f6c82
c476dc4fe8899774c20a551719e50afb186405836
015007887b47cb2267f7082c2ef90b58fe96589f7
8b6181d9d0b038bd231b428cc5650c0dc34b0cc98
087ac92e2ca469b5ca6277950e63b2f0706d0de27
d1dd20555b01a0817b8978a3a317077750f3447f3
24521a2abb2e1f5e34e6824e0f9e56904a2b0e886
b40f348309302c22847f2bb15add2ec8e2b177a32
af3b65244e053a8e1e9f26e44a5adab256763c345
2160c5d812611becf442b5079a7908c2f48f6de75
9ea6d6a5cae86243c1c8899f7bab76e874c73b387
b3e6507640b009ed51c8c8f8be85d0b7fec5b5792
b3e6507640b009ed51c8c8f8be85d0b7fec5b5794
6ec8f2ae960b6df1a35eb4386b5b136b81ad58e41
8eeb7608bea6dfef1ed763077c64afda7b564bf52
544d7c0cba7df38cc8dda8d0d91c6845cf5f52bb10
69d5525a05e2d99933c30b45c721de7b724579db3
371f206bd72e1f8f7b57bafd260b3c1d930a9d783
3358dd1f0ed431f5a7565c61761670eaa5aee9e51
2865140ab0b51ba3678f71ffc5fc50719c40c4318
c7a05ec0e7a64c92bf4f5954a3ca8c6b8e37b36c3
d8182bec5b2174059b2035c2882a8ff19fdd39802
bf74899b892175a68325fa98013050c70374ab926
58695d7743fa4c5657a82aeddb9cf482c88e42d36
586ae50a3629159595d730236b268ede4bd1b11a5
f86ec18903f4df98891df668cb48647f3f931b480
19dbfe3918d9bdd7b5f1792631c5e3e4241464731
3a7def2f1ecf1515163394336c215507233a51300
56512d980e6f0b9da641f67293af0ade8486a88f1
a142b867b5b52449a790e8a2942654fd880cd2e44
f3a3197c37d87cf76bc82c8b61b2a5a078bff5571
dd5dc457ba9fdf2212a7d8f5bc2ebbe799a405e20
79eae40a18755fd1faa9a4c1a09f576fdae3f5a31
39199699ea043fadcc50b2aee7b7542ee2a5beac3
50cb4c70cc4caf885fd666b058a28c0a6a290f541
5b738e4e6b0cdb0437853e4276e47e469fe082f52
891bb085682fdac7c42f35599207de67bae6a98c2
d8a9a4f335aee822d1cc979c90ae7b8341f7dde51
558b6b42dd5a7e602602e2073d0d5dfc978fd74f0
b037b44fc06a2d89d95dc7b4453b87371a34fe2f2
0032d07e91b8ce3d5f8ac313d799341df75562341
9918924dbaed44429c58ea3638c3847317b711275
d02798f3c750b8f7e4afc3ae545e9ddf40540a9c4
14862c0e384d9c3768a2728e3bfa0e3642e703968
0922357b2d0439cf4ba6ec9dc143e11a38b49d8a7
7fe70cc8b12fab2d0a258fababf7d9c6b5e1262a1
06c328528f2ba3ab2f45e1cc2b05b82ffd6bd3898
85b90eb0ff86868c5223f4ef8fa77daf414430344
01aa21edf542ee1c562a10502e8be34f495ef4a01
46210bd0b15cd5bba64751d873674766decb26773
1acf6871758cf427e2a806930e6959084bcc9b475
ec3bd30dfb1fa9c9bb3963b15ab57c9586a03b3e8
60d6cc423cf345dd2282a122675652e47bdae48e0
78a8c13605a8eda09a0ac0f04910b414eed6b7652
e28f2d1cf58f607debe8f33143fe340690a5d7d33
73ee5ef45b9a402f6c9872101180bf56d91543463
f270437b48111237b370ed847c61a7f97f3b4ce85
ec092be437a0d63e6f55f8c445eb069d932088a51
78b11f1a14b5086a9ceb8b0feb827ae3d9f2a1486
af87f9364e3b1017025ec363cb28d045aae7e86b0
712124f67e5a5e9159457df63b3733b3fb8c113f2
eece6cf000c9715aafd9866ccd4d53d4ef7af2e20
fe35d5f5d14b984a9af59b256a0df017ededc3350
c2204a84c1c9c2c1b2bfef2c79d7f1c935d24a586
f670e75920142a9c7fdf59c40e175493d64ac4916
a6e61cdd3dd061992295e78ab39591e3cb05ba2d8
64cd2bac26ff371e30d1120ea8cffcb6111731691
10dafcc21761c60f8fc5bd832daf8f21cf0fc66d4
7ec5f25ecbc88ba5d68ef5b7b83e2532e57439f12
6c3d2feed04c75063d182103f0585c45da9aaa1b2
6c3d2feed04c75063d182103f0585c45da9aaa1b11
dc904a846040c44016feb82d1994614efb3f80cb6
151c8054937cbdaaf22f14c477817133e076fda13
3080b37f9dc56d160c69a0fb24d3bfdd2ac4ad283
44ae97b31eae16f4eae64f96d5ba978afdf4c1c14
18f966d31896594b241385d267287f503d97dfe48
e4603bdcf4aa1b40e593829ee572f0746146e8853
7233c980f4d69a9582d1c2200c6586bc8da21bb65
cfee25047af56c96372a9c0eb83fafbb8d74fa150
4662f7c48aca6d5f462eecafa2ee15d8458ab3068
f62b8adc41a427da17954d86549893587573747e6
cfc7f22181a54a4cd75f8fb200fbeb01083b2ed52
db5bc72803732b42b0714604f1f8901235936d7d2
8f80054060e5c2dde57666b5e3bddf6b70b34f3f10
e257bcf24a3edf481628283ce12f0a72ee32cf723
c1c00115f6ee7e583338d3c9581e75fa1681506a5
c389c050ecdae4351fe139e5a921f9631fb1c3a63
91d46b4fb961e7d338932b959f3e48f1381843776
59d924277af83a36ff7eeeb04a67fe667dbd0eb81
59d924277af83a36ff7eeeb04a67fe667dbd0eb86
1eb0780aad658db467a1aea067d4b373bf05abe64
147e237d6a7839b1d3d073c7a5bcf3da560f85a46
916375f45a7a99cad7fb4a1cea92e7ffa269a1280
8e33acabd22582a7b2373b68c9cd456198ae0e977
81d820d233d740afefbea09652f859a6c8bdf6465
825f58580dd78cdcc7fbc10a00807e043c7b44685
d4fc06d6bb9fe30926d47a594b8aff8f4c9c1c1d5
eb82aa20a50630698bdbc822c50d529a44a03e7d1
d018e66f35d6d69be645ecdb0111dc622d1998f84
37ee0129f435739ee7103f4ca42429b5cc95db456
ddcce8a6781b46ce51f46a3044268f903d24b4e97
c0e55fdcf74c7eb093dc57bdf325c7336e4687243
f46521c0b6b0b5b6c7adb7cf586947125a6421363
f52998cd93040be5d778aff76c29f56f544405951
d81a57f117bbefa3a84d9eb2e719c74eae2a9e382
ab2d99eedfd685ce685fa44e735695c27e9466832
fdb158b94bccf83c43496543808cab19f9aaff746
ea0b343f4a8c6d6336dcb5723b76649afbac9b875
63ed3097ad66d5e00bfc4c054c54256b400add391
f6c987116c7b4f5c0ed3173184dc38732b0223216
dbb20125a8965381b72927cf6360bd93354a23fa0
7e746f6c103c401321aa4c55c891d3c7e09f102d0
7e746f6c103c401321aa4c55c891d3c7e09f102d5
1656cf86bac4931f4904a1661808496181f93d961
407c5f6621bd0285f922a09b36914aaff0f999ca5
c6d026c691a82cca419fffea424a1fee3e1534d13
ab844d0601dc0e0308291823ff1e8074ed87e5673
820c917dada8b32be365eaeec9edc1ca5833cfcd10
1129941a10ad8c41bddb3e7756b6c2f3eb6d1e632
ba6031325c16f33a4fae2fbb1be9e86a8fe6f9c20
b399d17b960ec4ced75cece6a2456178546b888e9
431165d008a90774ac07e20122373834754f9fa50
73f1d1dbc4c54661b4a96c3bcb9e1683ed27bae310
e1d0708d337e1162fe7cd64baab41020d6383a255
28dbcf0c8624d9914a4e4292f872f17b063547c219
f0fe3f1e78db646a178a8c321adaee342c7183210
8838d475a2f76de6a87f4cc92f596191340a227c3
5b5af3ab3c6a84c559c275650d35948f530286552
126f00ba494daa2ab04c0bb023f9e0321e52456c2
8975a812191ffbb72bef12a119020c31fa3b65895
48c35edae9b199e970a36cc6bde838ac141730501
18185434889110fcdbac507efaeb0f670bd5f1e35
fc414216497fbc37258276f1ff9e64cceedf42256
e1b6f4701835710d3f518729188754fcd70612899
46102a68e2927f930c1c2bd117ca714d188cd1ab0
ad55d2f13db6732edcd716e09f527ed2df39946f0
4b23ce1db7253bf118b493c9bea7d6899012cc8810
5569c84dab9169907197143f8b0263f23d29c08a6
bcc43e9080151895e3110ae3783e006fa08c36ba0
0a4ec4d37683347ca62b53982d2c5f4efb86f4440
172d2668b011501c20181b4925ebb6ba582f9a2f10
172d2668b011501c20181b4925ebb6ba582f9a2f24
c2e27377095af38462e41683a105aac8fc2684393
501981818af32cfe828a5abab8cf7217df4164201
141d76fe819db3d8e26660596ae8ad0a2e7bba9b3
ba77882cda6aeddcd21c56b9fea85f8e2af93fae1
a6dd64e163a9f059367e6382c6db1b816bce1bdf1
16b80e877d872e43069710569643eaa70da136df4
f1bbbef7746f588ff0a03f5943f4f1f94bdef2453
f1bbbef7746f588ff0a03f5943f4f1f94bdef2455
1f373e4eaa1043f67baa665f5eae5a050adf726f1
5f1844568101397bd8004af582a01950363726f45
c34ef0b68dff334acc44cade9623c97cc54d7c518
13b77262a366cda65873a76cdd6a2946429b44562
13b77262a366cda65873a76cdd6a2946429b44563
ecc920c017bb7d3f671b5a3a3c0ed84f831c9c332
e988f065d2569305256ae5f689ee511c4c99f2a70
6e18c6c34149087bd9d699a6042ff7748e1133c64
1a372ca9edaa3c7963ca1f0c7dbbf9103e6966101
28e35b68caf037877b527d723704215db796acf61
893865456d4551f1070f4d4b73a2db57abe8271f1
701df40c916dba0bfe4396d391166fb92fe99b0a6
0bba411a34b2c86cead2a6ceadd652e31b908ca01
c1bb8e9900e2da0a2dace45b697ec9f1c08c86149
926a2ede143398e5fbeaba5f847a10815513a1234
6dfcb63c09b1750af9956105eabab1779e1abbef6
41325af9b608159f7d8aa8c2253ba972059826eb3
b531a8ba685e8d461d0a491f35c9970c3dddf3dd3
3a5bca04abc988e980fc4a61638d136d8659b63f3
5de722be3bf4c9bb5c8d3125e6ff881a37de9b690
892ab5ea8bbec477bfa791d2d3823ce9a82251022
98a169fe81135cd769b67e642be47ce227bfdcf91
14b63c3acb582ee499a51b54701c532d047418d40
6dfbc3c431f3f3f1dffbd235140b3445f6a2024f4
3e1ac93d0159958832e8484acf76c3e59593f3d33
50227492e5b7a0040d2c6582d28b06226f6f0dab0
0540e8c4d7afd0dd356bfe8286b9a50bfded9b541
7aa096f7374fb1d1448524fb48f17f4b27aac5425
878d3c954a06c1b66da4bbd6863172d7ee48c28f1
814ebf3b8bc583b672d0488c150bcfe87ca8c4223
814ebf3b8bc583b672d0488c150bcfe87ca8c4225
814ebf3b8bc583b672d0488c150bcfe87ca8c4227
728b970d96bf07182fdbeccf7d62e522d705b72d5
f6fff1fdb5fc2de43be38397de007bb0e1b9e5050
dbff85ed8bd653c8869949c118514bc24808c6de6
8a740fc6ecedbad3a8f055ce2499817241ebf5081
6b41a85d65ffa9fa7c15125b0c1df4ec83eedf494
6b41a85d65ffa9fa7c15125b0c1df4ec83eedf495
ff40625f1000daf05fa59445f8f472c4de246b638
49588f27e11132228bca365312086110b70f2f7b5
ba9c32fab6b8a146fa307d9232c11cc77b0275fe2
51b9f72e17e89b6da28f40bc46ce755ec3cc55d64
9fa554303139df354ef14e5ed8213b36aa3d63424
271e972f07ef9e5c6b7832a2d7ed110f23a46c2e0
708dc567cd06857348e648d9b0a43402a094581f2
c1a3afea716e2add08a9fa62e70d5bc62765d2664
8bc5707923712a33f75dbb01119ddfa3042cb3251
752097ee4a746341fd22575c88bc75b2dda349026
406fb0c45dc9d7762d98822e8e07be7b121b886f5
f28a416b4ed8abe799066852a4940048f7ee4acc6
2e5456b2020e2379d481b80ff07d55561648e59f2
2e5456b2020e2379d481b80ff07d55561648e59f3
ce97f6ceb729c37f02ea26367107209029b8b94a4
ac2343bdbe34dd041241d936b20caf43f6bf42eb4
b97cac6ac6596da250043ebda72c96f20d7d5eeb8
4b1d055dc0c0a7246cef6bd35ff0476e4eb79e7f6
ff4b846c598669e0cbb5a6877ce4d9f309468c820
86ad28f20e0e710a2208b675189a7a7b9e6e9ce52
bfd027334b96f1da371f0e3cc15474395a4a01b05
77ec85e3b784ca925a9294244eaf1beeafa832e86
77ec85e3b784ca925a9294244eaf1beeafa832e87
de349be415a9d99fac1af40a62893bd53d1b4afe4
cfd67e5d82e46362118fc08277a3bc15163f47295
5506742dac18ba418b5b72ba17cab00770c33b8b6
8525234b393230977516e812c93b086447c8eb346
b841c7f651c356132de8769eac5eb14b7ba7c2794
b841c7f651c356132de8769eac5eb14b7ba7c2796
388eebf5c04311ff2121dca803e3663d4df0f73c5
49e4a9b40aeddc756c065ba726b389449dd8c5c65
97e933056a27fed47db49b8ab1efab96814562e13
7cf5dec016c62b1ca6d154aeb86750d6169050545
43d9e5e5fbdbeed0912ac933111809361c0b44016
3995f49e80c0ecffeba7c6fa7db423823a961d757
5ce92746bc1f4f5cbb25956c1289ffcd7f50f07e5
980ee1fca26dff0e70aeb57f3a26d7f974d419aa1
a14018993a148b6c6f64f725eb1e5cbdb76c8ea53
48e858dcb8dd62aad328f2c5f7fa052893d7304b9
97f714e9f97a221e16ab921f1f06bf390e0737805
ac729a96c43166d00bf66b4f61e934ae40c0f07d8
1aa8d68c2b87150c783a33c294d11050bf4fb7930
d06768501f196b43d8c1a96e94b5c67ae95927448
052d16e813df698f7864588f0f21740364727e8e2
052d16e813df698f7864588f0f21740364727e8e4
725938611c7dca6f876ada93b1d68b29ad25ce3825
58b2d467b435fbe4fa393e85ed1a3c568f4e97262
58b2d467b435fbe4fa393e85ed1a3c568f4e97263
58b2d467b435fbe4fa393e85ed1a3c568f4e972611
5f7424604ec11358dc6fdfa47732f904229490410
338fd1467b7460236764a9c20130a8e63d4567a53
828fb9742805de1409b332448d6a5fc8b18173e27
92f324886dbcffaf55453c6b63c08cc6de5c7c845
a6d6b3e16c68e9021e484cef5f7de28dfab02b4f5
4f7424eb3186f18c00da413f77a29e85d498c6d86
d92249f15f20e1e83259d7373f690362ef3631c92
40868f7b4784bb8fd5b414578aea1323af5d062d1
2dd03905dc81d75ead7eb410043041a7d619729d5
f9fedde4734d8ac3431c0ed5d338efcd799b1aea3
c49f3a2486de1816571d6795b7fc2f432ea9c9895
a94802555098c2d71e68cedfbead6621d728b19f0
8066899f5d5b89bd4486b680a1ff3f2d02a6e2f73
8c71492f2a3fbe7eb9c8205d65054ab14c1dbdb67
f7b1d029851897df9321d7165ac0339ab86ee9ba3
6cade8dfb5eb6c7a587085f448e928bb5989af7f1
c36f2e0461a14eff965c5e19213775030d2553ec2
b361914ddbeff3169ba545e226ba948a0a447e9f4
254ba3e3c2209b7c9304ade100bcdc6377d586de3
1134c1a554bd5bb4dc9c2190780c404b917a5a4e5
def54568abe05472d42c9d404fe5b2f486bc11ac4
14dc4f7acb9feae8cc936c424476d8af6c4973343
c600ca5c752274a1044b51abda10f5e8997bd4480
c3e69a867a5debc34d13ce0b7e3160d8111acad91
7a384cc2d619ef52de720889ccf06875dbf117961
3d38f55fd08b2abb419fd0c5f2d18eee5eee98cf0
0a19ea2e18df791497a16b3efab1f9c6e02d16d62
93876d0383451efaa98a111387c7b6fa003c98e11
5c74c4aba32d2654f5e7a582372329601bc5279d0
c32fa9084fe8cd565890a940794e505d5f7ba4c25
c32fa9084fe8cd565890a940794e505d5f7ba4c28
ea52e75c7fa8f5912902dea6c8a38092e3ce39449
b78e881949436a0cad56b60d5f2b974d40d24c1f0
37893db7bbba52203c6c56f6efb05aa23704047c4
e2b96982b60cbd10b39c1db4282023d0ac1f3f2a0
ac4213070624020e25715bb2569e76adcf0350291
ac4213070624020e25715bb2569e76adcf0350292
97bba7ae03ea7a50f726f8bbf7ea8f83f10d8f196
12b465ad1ad3ab453a0ec3d267d5903903ff87e24
b96d795007532507f5ea136c732ca6e7670fdff85
c4afe4db222c094c40bb3f271e37e006bcbebf882
99ec617d81f254eae740b7aa595c54b06183cd073
973c14551fc97a1eef094bd0f33356d9e68362343
47d084edee5cf55a2114221ebbe98e771f28dd493
ed93288b91974a0c6c0d5d63ff3b0a77958a21aa7
c9db4d5c35216fac8c1412795b32083025b440541
c9db4d5c35216fac8c1412795b32083025b440548
6450640c5183fa459b3ada17826cec5d00bae41d2
08241ab913f7d8447301e710a62ffd0a96d2ccf05
2ca5989f075a1dd481b0f5b623eec76c3238f9de0
bba8306fb1b5eb74b9fbac0bcc4d1c4268b6b1dc3
d1554469c16bf0f41870d9767998949572e8dca70
b55c390e81c5d1d4fa077338d9daaed8978f710b4
d51dda4b13feedb25949e8ed2d91f65fafa8e0682
839e41003f5ad05a9b0470180e06a206aed882b91
d96811a6badace9f9985fe9a32bec79fb93b6f050
d96811a6badace9f9985fe9a32bec79fb93b6f054
7dac21b8d8425dad37557ca1720d0f94ae8fd6810
fffc660ed605dc82ba9f8de5b8e39e444002bf8f3
bc2ba874663bf95887e98e1914d4b95e9f0b7fec4
24e40e460e543d9f94478a02642fa567718d99703
3566ff9a32a19eb06e77617647b60900e722e37e5
981b9fefef07440bdbb43fba734b2a8a66a626fd4
ec10c28b5c0651d4f23392e5704da026544c6f037
08f631fcbdd1434717e6acd8e00836c699ff72302
7f6acea525de3019bff7e71a6838a71a5be1ac843
55eefe0b6fac0f13c140e160c0622112e9a2704f1
dbf3ae7899f1a76adf3f182109b8fafbee2a9b4d7
5c536e1ef5b75a771795f942a50af85b04c48e406
53563f4d65c8cbecfa9b5429861fecb529a683c02
507ec65de329a80480ef11e51bc8e6c1c677d3fd7
c34a0cbf6db61323766fc86b1b89b399ff6b06669
5f06daae50011aff3b850b4277d9856faa5a80793
5f06daae50011aff3b850b4277d9856faa5a80795
8bcbe8768b22dc6dbd836a6216d25b4c2ac116f83
941f9ba5091a41a41338a0b5c06ef998ab76bf9210
90062f4712d752122f89d8a4179fd7ca226c571f9
c4b8f1da99051580fa588c8ee0fbf992d8bd09ea7
c832ab5eb0130c169fb1cae26cbdbfa725c10c655
201eac1fecd4239697eb95c5a6fab2b2a8cdad1e7
4c4b37d29f2eeefef8b626dd9d6c7cf73c8a02803
8d6d671e8e355248e7bd9a4df331f14eb09970367
c319070b5ca849570737f86a8fa38703a45174339
e10e92a0194da5a7df96b68132f4106df59eeffc4
e6f451d6667f142a64818a9d05dbc49115e7cbf92
a530c3433e7628c537822b88af8549bf8ae058223
9487ae54c6db48019e4b11a877b205ab4ad7648d3
cd4e1c1d706cc4d849d0f4ec975341700d0cee022
2d2b6a9f30410f8d5425d6a59d3da1e67a85461c1
75f38e9daa22310a57ade6ccb8e82cfb3a90cdc66
086bfc14f8388cb3ba19b66990b6a39ec2fe88347
5ea62e37a3ce8a6f7339cd14de624a6edeead2512
d46ee24614a36f244809d6c5f177fe1f99184dd45
ed7ed4440f5f7082230ae745d240350a4f20b8b73
8c55b69bd82f39eadba5a08429f6ffe79933823f3
8c55b69bd82f39eadba5a08429f6ffe79933823f8
f12d279942752df05c332d30dbe6055d5221692e1
bdf5569629d1627a5c56b06fbb5dabfba402e7e62
0cf74875b9fddf7e0c96fe743d9c4f0990be02ab2
473acc059bdc96a892ffa3b65595a44b4386365f6
3beaf01e536ceebebbc2b1f843955faa268840624
b3b11f8af4c99fe7f1696f402c2c3cc49921f8e03
076c5ae5abca3f8fa9f20cc36c96fb5a3e3b0c0c5
78ce4f0de5bc7697a667f3e697bea8d518d34ae44
8840c35466b0b2b26547927dfea75dff902c0a415
003f8c8953025e086fa773c9b40d9b8cd6d9754c4
8b1e1e15e71d334bf746734ce6ee6816d7cbc7250
b8c965c48037f52f69e61602bd2ee14e155992f04
21738218eb1af835679be0b58a58624c11fe6be10
f2429c002a1ea249a58d2fd6ebdeab845eca7c893
f0ff9f2d76f0a3a1a95d89b3521e41b57d1a3c4b5
c82599eae2cc3766c818bd5d0b278557e6b40aef0
66aaf0fe331b60d0d461a586fde9f74e451f739e0
d4b7f4cda17aa110f409609f2f40f394268f33612
2ab4b9d267bdad0cdb50a4b6655d3581c0d0ba277
9b16935c95af8cf7a0256160a929c5c16319f19c2
3b3301b2f6a5c4974baf18b4cf109206829dbc297
32e769b0ced3ffbf79f695af69a2401897156c8c0
511d5c3597f3b049ba4fcafcfc580ec76febe4e00
8c7b0d480741182d81255d7dc53301769424ab9d4
8c7b0d480741182d81255d7dc53301769424ab9d5
80d07e1785c3fc09fdaf41a1af6367c5f177555e3
617fd2aa85a843dec2d605daf7ad3717860c4f701
12e6c95b6f47092e953523ae556cb6391a7021f62
cf58f7b65494090da7a8d0afc1ad17cd413fcba92
bc8d351ba47b4f1beff971b8877527a14d404a305
0aa0562353120d93357dc00a05ff4d2bc03127154
99281dcafe415b3a921ad4a2e688968e687c7cf33
9cf84cb1c067cd2126858150c5d49f90a0b5f4437
cbbc3fc4617ce9d1923bda797ea69513ed8cd22a2
84aba5be0c07d36c8c246a9f5bc64ea7ff74d00e1
d6e2c349cd63cea90bde50e0b3a2e6d59bbab8160
c799d4d18f48539fac1c25375d519099f33fc9455
be285e7c1f5d974956cf8597a09855c051dbf34e2
2cf81cee664ebcb027a48259e34e512a79aceecb1
2ad9cdbbfa0bdf0ef05e5e63933e82d34c12b2ac7
450da0cc0175af3b268d047deb8e6ca6299ee2fd1
970a47c8dee6e803400f5f688ba984311804b4f87
3250d0277dafbc4d5d30df03084dadca27c9c5356
e9eb720cede2bcc536bf292e31492a94ceda06840
4981d2d34eef6c189da1cf5c504b3f6a3bf363658
be3cd0d48947fb42c6da5f91f07778787918ebce1
6e4f299d7c85fe625ad967011829735d80bf52c51
83c4fea1ef9c6d25896ce00ad71e34d710d9bf732
fa93e9ae33c11640a21027b636731f9262b05e844
5f033fd01692660791b7eed0ef539ce6dacade247
5f033fd01692660791b7eed0ef539ce6dacade248
12c05f44df8d124d372ae7f3a1ca14e55fdcfb723
dfeb0aeb6843be63f0fae84eb507e2606e8e14f74
60f99c6d0cfae59374bc15a0368a53a62486e6f44
241c43d68ba62330f6877df71579645fb0be144a0
e005ab63830c38d4e52a35b1a57ef16f7b5e5a6d0
c24e3334a4a622661cf229586689f3f0d1ac55412
bc2d51a15687d9c6dba94556eaeb140ee96557b26
ba80eae1f0ce43f97a72c7f9829847e43175c5025
f0eaf787490422ef96bd84f0022c168e13ec571a0
1ea5eaf46e02659579553d33b74f0f34c2b74c8f6
3016050e4d8e38ad922b23493367d7978b4056a28
cde87e15d4ff5b81700e82d0952cd887bf5e24f65
6057b1db2dcd6e1d3f8192d75ebf749f01908cc97
713ba68bb801e7f3c4532bb2a622b8e7fdca99ef7
12ce9072610bbba5625fd367b06ca295c40a10483
271416bf0f15c52a4417339de78dcecf378b39506
05c6b2a21f9c0ffd5f0c76c9ce4c6d3d875fcf395
aeca50944e5a49735193304117849531fb4d667d9
f0b25ff7bef02574014d4e159f53bd3d8711cc636
9c8c061899756b3127cec4070bba5aa978e2c3a35
128038b622c181b7238c3a5b25b16d851e6180425
238128396a88a7293a0d8069bf7a791b10d4ae922
b0036f56a07b266a1759bf500f52376eb606f6968
6defcdfd6995661fd681dc15163d67f6a5d6727b11
fa12e4ae3c9c3c8036c20479d024ab34ac0257513
6d297fec3f849878cf612ba2aaa39ac2b7f555416
8ddbed192c762b9552f96d7955da3178ee528a9b3
b94ba34137ea0eea08e20b7e1580ad5930c6bf497
c5dd0d345a8e2826c4bc87bd6dd1a5704a0090ec2
5b97a507eed113ce329e8c85078fb53033bbe5672
2f3af8decce1c0a6cd22b21df96acd40b14bb62b8
1f4b0fc74030dc7176b71951f08b3a1f0920f6121
94c5ada4f9f54d12e104fda1104ff2acfebdba820
ac53ddaacc472191d9f4b6d8b6c50ddd140c3f8c7
56fca14c93d07323077e0b6c22c61ee546cc15930
1064c47f3d7f0efa03368fe7eb01dd08360173393
0967da2001f605517fd1fdacc10e417d572b27445
36bc68b8e9c44bb6b3d3db2c5cfeecbe5a6f72764
0fea0eba7e5302d66877c1ffa45505fb35eea5e58
2cb366c30e1763f2b68c3048887cd5759ca3d1f80
b0046d3a7d9d60efb95d8dfd9c7228336cdc74a36
7c06e091d7294c87ba42df50008783d9f3cab9b21
de46f307e8d0dc91336ffac4db46fa1802defe531
66cb993a1c73d34717cc96f7a4c111bf632166f57
e12243d845712277cadf6d6b4bf4e52db939ed060
5d75123a221dcd651356fd73586b5c08e13c16a86
d49db7262e321bbacf40757eb4a57f918325e7c76
8a04e8a2f4b8fce2c20043664886c9b0a1319b613
109cd3dcac8830a219e914b2a60034379f18f0941
f42491b08208020d11f0b20864145b3905ed50e41
f13497a315dfefb89e2abf4ea5e5f8696f2418b30
f13497a315dfefb89e2abf4ea5e5f8696f2418b35
8025c4c8088bbc5b9e7d9b42482688f59f0bb7304
ece137ace69e832df113b3b33e14872b5dc032b43
3f02d946f5ece02957ed52958fd906a9cf332b853
3f02d946f5ece02957ed52958fd906a9cf332b857
850cf63cc65225adcc45b2e0d377752b1f11b5760
ee5a809532be92ae2368c8a5d32895d890c9f1b04
bd92eab23374d95ac4430e2e1a8bf7561c6623092
d5e72f50128911dfbd963b9f0d339584bff292311
1de0cae2832cf41f49e6fad8254247c789dfabd25
6e9e6aed17718ee279fe77222f5205ad2377914b3
aba7c6ade665622062e02c7fdc4b7cd2170062582
5d214220b68bad2c88b93b1459595a8c290759ef4
5f476780664876b38e1c1feac49ac95371aad0e77
ccc7f6a2139593c47f6b5880f1e3eef9e7a697342
1ee14b83d22de97ed8354e2e943ec660ef5683df2
e9432a7830192451b7a9dd1916041ea9bdca82781
da1a3a3a0ff29af36ae21485ba1197c7949c0a678
da1a3a3a0ff29af36ae21485ba1197c7949c0a6710
f4bbcbcbfaf8dbb1b7027a29dda3909c93c3cb901
afe434d9dcf0caec286c6d248d79046f1f99a3603
e8bbd5a77edf96611a4b8efcfbc625ec65985e984
25fc6a820391a41417402b28521ce891cd20b6226
25fc6a820391a41417402b28521ce891cd20b6227
97c1e479cbf43fd5a119744bc42b99ad1d2e01820
97c1e479cbf43fd5a119744bc42b99ad1d2e01823
cd4ee12cdaa1a2c35bc92a7d251532c1d12d3e515
a999aa661a4990e6d8423cfdf474e344aaffdc5a8
96ebc1a96673bfaac94195d8c3b4cb9d17eca5b76
2ddfad7be3904e922300cb9c98e79b623f83e9906
0fe4b6f2566f6124687c6f0a6db663309bf89c175
f085e25e1b25861448039701a5cfe6f64c6d396b2
86a967d3cf8fae6f9c0a7cb113af7de66080d4ae5
48b26ea0025e56d09739ddfb7d0652617fa36f122
964c2cbd65b59ec927a6358cd86505b37da8fcf32
15b8d972fa1a9192dfb6049a5737a592e403aceb2
0315fa4112f0b4ec9e9d01cc2374cb9bceacc56a6
5d2bf2d50e15ab02d1644f80c73b9144e1a17f967
812617fecf8dbea2ace50270782744f60ad1361d8
e39345b8db778d726eae009d573113ffccdbf89d2
50f9b07785bd680e86cfac59c3efce2b01e9549e5
f1ed66fecd9f0bfd0d8aa3d0f1f32a86674f45896
c1f5beef29ca1a3341ca6d78d30d9880ac4a1d5d6
ec85e296124014469d954480e4d8357c655e346c0
ec85e296124014469d954480e4d8357c655e346c3
ec85e296124014469d954480e4d8357c655e346c8
5ddaeb0dfc41ee90ab6c7172d3038da04ff3ac163
51d5c7786d3b05107e045e0179f0f3deea160e5e1
e42b296f26596085da6f179e74dba3ed5962f34f0
85d6f73515f697e7a594eeb85859a69b148f990d1
80150292358e425e41d30673f808faf5f652dac93
202f5f922e3aa82ea2016735be1d97cb3f3a09a44
ddff3cea65945ff8021319f3401c5339affda3cf2
28f341f294af8d7a001f02e1d487c3cf3bf5001c3
e06429ad69ea20dfead1fd2570124e733e57b11710
73cb3690e5352c1c47c96ee1b2086692c4915a7c4
186054e2f53735f5f32df67540e9a9e17e26c1a36
692e8f27b2379cd4fb851f2f1062f22843758a240
f55618a2ca3dde958b9c20239c5ded393f2c1e2b7
e2db40c3a40b209e4b621112886cd87570c2dc3f7
fa8ef4345125004038109c06b1a3bf30ac0067185
a2f0b1c374aa6a85160628e45c17fd0188fd46cf2
db4949d06f2446641b335ce78adbd5ffbc5fe37a1
2fcf31c9742a92cde5037ac8267391f6380265694
566be049908d10cc04f0284ea1734f8b85b688e18
d063f4bcacc9785761ea9a5aa82cc7cb1c6a244b3
d3f7cfa24281edc1b6ad3592fa3745d4b95ba7ba4
41b855e9cf55d4ebf8bdfab9a53d715200f5c39d2
5cd582625a6b4a22b2cd858f0683d2512c49fc612
7026c8c4e15fc1f3475f1f14d1295489e4ba0bbb5
a49cedc7f5865adedc32498c1f6d15de5b141d4a0
a49cedc7f5865adedc32498c1f6d15de5b141d4a6
31494e5d6eda2042c4793ae68cea4b8304dfa0ad1
31494e5d6eda2042c4793ae68cea4b8304dfa0ad10
59f7dc5b5d5da6b8ba756d23e43a2553f53149d04
ebc6fb22b939e2b380908fb19a6b91cb510051e04
76676b1c6382c8f386a31a2819339aca5cdcbd111
47a98e094ad69d334e07d7f928d1b6403aaf227b2
af8325804e2d84217482b5d4685aa3eb22e23fc66
0db43bc4716cf7fae9cc6efd282cf40ac58e77ba4
f62b194d62356d5ffae3f0b6c9aed23a4dec9b090
531b265d03f11146778f6b6b371ce9851b79118a0
7bd8200c21891c9e23163418fed7c514718c93275
d973dfe8be9f3abffe7939b641ea3f0099f8844f5
8df3cd25d50728abbc4016d951829a0cf56810ea1
702c412a8e8fbfed23f7db1f9e3ae5d9bae3e7cc1
c0b70a66f60008eac1cce02e38b071f6e75b54882
05216d3837745866d393f0e07be7ba801dc330f68
0e520dee576a2f341aaf0f33b399e4e5e9b4f55b0
72e2f1bda9d105000849e5137ddd06f84225155a3
455991b2456c39e09923ffd69d218c3e9b434aba1
470f52e6f6e7f78802f51f7ac2760151df1fad2a7
9497fe2ae2fb5db38341dee493aaf5087d323ef26
774f7adb2e8c4501d02ef8388d752c87c9d958ed7
776b05d767c27e4a36da1f62c5c0249807f779bb3
d9e01cafd25855ba5c194a9eeeea006464e6f43211
9a94d255ca568d24955dceb17d035f78998a44953
a78df7e6960e7770a4064f1399c7c22d61c9fa843
b2f1befb0701d58123027080bcff4d8bcb711dd63
8d1c5dbd3ac10034b32990b8cfc5dd50e895558b4
9dd6901ce95016ccbbcac7fc1443ca244790d4680
221c29704ab315450cfad1b77a44437e52403c892
d53d7df5156d1288616e64b3c20de9e36a4014b67
45f0a79c5f6213d8b8fb7ba700478834f51b811d2
10fc87641cd899bdcef6e7cef6546d0a8e7712cd6
9aeebaa091e61828ebec7585d4678d6c2097ca376
33c0b9ba7a7bc9001e9819de4d5942e911d1d33f4
666ccb2ca3ca0d63df1ebb1958d1c9cac4452e9c8
f9b8fa31280fde49f82022a1dacb92a5c600af745
aad694b5c7f4c97f55a46a1b9b7943b3c49ddaa73
01fec10f5d7e013d0807b94ab8e4a232d74a00d51
a4702e399231b8fcb6ad4f822100394e088bf6212
d7933fb2b9537f667dc69625e7ccbde7e24d482e7
ebf746064c48ae3736aa30ac10113eb8dc0d9ef35
d31eea81a96e05ae01e40dbd84ed7af9937f12040
64f045b300264bd889286d3fc1145ab3251f462b3
46e5d83e93f000b7bf8f539f5cccf30dc0d602931
edf22a8baae25301968593b064a4c3787b661f318
d5de6ea176e6152a2841628e7be34e5f4617bf574
8d2814f733d5a76266cfe0d0c3fd759ed361be3f5
5ada6653703483f1c7872c943b50b92f9a462e473
0344589e5dd8ddb797109cdfe5849c41ff31ecfa7
64ba26757a7da832195392dc965816207a5546cb0
95926019ca7856f3670931b1f3f201c49c9eeaa53
8fcd6a080b87b5ac2e8f22f2d3caf6fdd53c32772
0f5fce82058d1aa7b7140b6dd6e8676ba05a5fc91
5990d3a8c994b6efe7b90eaf391d687ed71036191
d0716840c38c0a27d479b54184dca3f3b0568e095
c2d40cafa9bdfbf9d04d096d09a6aab9584c3ef05
81141c4bfa8647836c0941d3661d3ee1290448534
52b3a06ed93a96264eec9795595ca780d9c9d5771
ac83115045db934c2890a126f4e06e856589cdca2
8961e507e5d8830f0fc562f5caac6d06cdd3ecf41
8961e507e5d8830f0fc562f5caac6d06cdd3ecf45
e1aad9da59a32a4443010b092eba1b68725c84670
3db235ae3bb61092becceceba756902b960722985
1e71736abf69ccb6ec7cf089e3b589f33dbe2b9d4
5cf8443a13c37fe532b919082c70ec1f3dfdafff1
b517651873238945ddc4abd7ea7e83c4baef02b91
13c6ef48c6c1eb89f3613c04c861666d2c071ac83
853a0cde811373e83e2a3e101890d94ab05f7d5d2
c8c36eb80a2c7b835ec93d6895e0730229d53b374
b126c7297ab415aa187e9c2d75360013e8bb5e373
b126c7297ab415aa187e9c2d75360013e8bb5e374
638ba8792a1e0738a2fe5162b7b525f2eeb53cd22
8e9cc8dd83f7f755e37eeda0600f05232464fa925
4e0317bbd6f2db94246a611848b5e978108e99bd3
22bc5c4024249d0649ee8cd81818b75ec480aa444
b0ec79827092c45c5cfcc6f09fb6ccbc9578860d3
7c0a14e848c3d72b6bd50eeb99c5b27521923b921
4416697581fcfb00260d8fb161822306f4e12f760
cc458374dc9aa9426f28e5db88923437d92603af1
84db92f2458fff1f9a6988be8457e0ae026c0a361
c30cd83e952db004a1774abd0b2b5d7cff3bcba91
