Requirement already satisfied: torchvision in /home/usaxena/.local/lib/python3.6/site-packages
Requirement already satisfied: pandas in /home/usaxena/.local/lib/python3.6/site-packages
Requirement already satisfied: pillow>=4.1.1 in /home/usaxena/anaconda3/lib/python3.6/site-packages (from torchvision)
Requirement already satisfied: six in /home/usaxena/anaconda3/lib/python3.6/site-packages (from torchvision)
Requirement already satisfied: torch in /home/usaxena/.local/lib/python3.6/site-packages (from torchvision)
Requirement already satisfied: numpy in /home/usaxena/anaconda3/lib/python3.6/site-packages (from torchvision)
Requirement already satisfied: pytz>=2011k in /home/usaxena/anaconda3/lib/python3.6/site-packages (from pandas)
Requirement already satisfied: python-dateutil>=2 in /home/usaxena/anaconda3/lib/python3.6/site-packages (from pandas)
Requirement already satisfied: olefile in /home/usaxena/anaconda3/lib/python3.6/site-packages (from pillow>=4.1.1->torchvision)
Requirement already satisfied: pyyaml in /home/usaxena/anaconda3/lib/python3.6/site-packages (from torch->torchvision)
Requirement already satisfied: torch==0.3.1 from http://download.pytorch.org/whl/cu90/torch-0.3.1-cp36-cp36m-linux_x86_64.whl in /home/usaxena/.local/lib/python3.6/site-packages
Requirement already satisfied: numpy in /home/usaxena/anaconda3/lib/python3.6/site-packages (from torch==0.3.1)
Requirement already satisfied: pyyaml in /home/usaxena/anaconda3/lib/python3.6/site-packages (from torch==0.3.1)
/home/usaxena/work/s18/696/allennlp/active_learning
Number of datapoints: 87375
Sorting now
Creating file
d2b1578751b94be2482d620e7e312e36440a66f85
7358adf580e448c8fde7e2dae445074aa07c6c315
3697d2424a27bb27daf44bf7859c7a4f0b26ceb94
4bffe44a5c1da993cf06fe40c850b99de5cbf8e01
414a5b8ecbe189d2767c75b839775a1dcafaf4d33
06e5aedc2c9c030175cf69b2e10d574ff31e9a3c7
6a0f9c8a5d0c6e8949b37924163c92923fe5770d0
6a0f9c8a5d0c6e8949b37924163c92923fe5770d1
6a0f9c8a5d0c6e8949b37924163c92923fe5770d2
6a0f9c8a5d0c6e8949b37924163c92923fe5770d3
6a0f9c8a5d0c6e8949b37924163c92923fe5770d4
6a0f9c8a5d0c6e8949b37924163c92923fe5770d5
6a0f9c8a5d0c6e8949b37924163c92923fe5770d6
36171b3054885df4cf9ed97c5e7879bc3ed48a763
86c5a21cfe42a9c8377f257e65f98927bb06b3508
63831b842812b1a3d05b04904a10d160fe7ad2af2
6390895126471a970b9eeb099f1c1a0c2930a2fa5
0c3ceb5d6b6ff38c90efd58d87c0b52da434232d0
0c3ceb5d6b6ff38c90efd58d87c0b52da434232d1
0c3ceb5d6b6ff38c90efd58d87c0b52da434232d2
0c3ceb5d6b6ff38c90efd58d87c0b52da434232d3
0c3ceb5d6b6ff38c90efd58d87c0b52da434232d5
a9127de5251ac8a39841af06122929a4489282ed0
3b793dc917efb05f1cf7c6dc1dac97d93315bdda2
58776b77856719aff45f09e50d370f52c756dc105
b62c341af35b8f6371064326ec153c264e87e9eb7
4fce0fe3d4c638306dfaa9f03713cee3183d40af0
16891819e12c08ca1c7c1e279b401f57d67c59113
16891819e12c08ca1c7c1e279b401f57d67c59114
16891819e12c08ca1c7c1e279b401f57d67c59115
ca2803d52e53efd9be9f5be27ef0497a314287ef3
97c353ad5ce3cbd743aa2eaf9428714acceb52d00
9bd5a4a840c45c51ba1117bef4e75a83054b1cff4
4595c85f7cb8c96f8b9647cfd7ecb6560ed390540
4595c85f7cb8c96f8b9647cfd7ecb6560ed390541
4595c85f7cb8c96f8b9647cfd7ecb6560ed390543
4595c85f7cb8c96f8b9647cfd7ecb6560ed390546
f990bc568d35932c55b700611bb027500e23c1be1
fadf1177939130b85670f8e671ad0cafce8753311
1ed172a86d46fa08acfde1c59b20affefd4d69097
a3e90e4a128e65c6961e8a6b40493b567f59baf74
25abfd6bf83eb62bdd4daf1f542d61b54ab2871d14
25abfd6bf83eb62bdd4daf1f542d61b54ab2871d25
cd6d005cf83ba0db54cb13480406bd94b3ad5a1f2
c02165f0f86e43b9e80ac6d61595e2903953ea0a4
8fdd7ea2a7b95c4979cb933dfd889a5dc8898e244
432eefb0ddd78dfc51701df259d933fc43cc93428
fbeb874b8dccd8f470a6ab257a45c8d3ba50052e2
7359741b0e60b4402f069963a26c7aa766f45e7c6
c220780a60f76cdd1f6fd9a84abac736c3ee8ace3
9201ba2caf72ece9ea056f51e6ede294b381a5743
9814600b03458475607fa2e4e9f1637138b7c9bf9
c6691180c071f2ae0d9abc20685dc33f27b6ff280
dd42390e35b70d2a5cf9755901f0621f14b402668
b53754c54be75724270ef37ef9643d79b53185b82
bffa402002700855fec36f83c8c226dfe271a6af2
ce8fb30a358441136789600ef818d6b34e7af0aa0
d4474ce9da725c1540ac826f3247f53d086808fb12
5cd8537d0d3fac20715f2fe4fa1c1fea059658391
5cd8537d0d3fac20715f2fe4fa1c1fea059658392
5cd8537d0d3fac20715f2fe4fa1c1fea059658397
b3fe558375557990a10b9eaffb80545a80cc7c5a5
160228fe18f272761b969b08622ba868ad65b2065
b8bea7b29fe95562984db42ba29f7053bf769f530
b8bea7b29fe95562984db42ba29f7053bf769f535
23f84ace3ba30513e386f420db78a163c9483fac6
0730a5921e9a2fde0e36821da355c412f26b9b8b2
a186eabaaafa744b8cfd2ecb610aad111cb9264d7
19e0bec2f73b2be9e423a8f1639aa7a3745544740
5a64efa76ba005515fbfc082410f5c62c397b6e13
cf394245ae2838893c64a0648828ba26dc27978c2
70af269dacddc79f4a81c744b85b334a6f3124c34
5cc51e348579ac1cc83b89ddc46ec9f7424bb9ca2
5cc51e348579ac1cc83b89ddc46ec9f7424bb9ca3
5cc51e348579ac1cc83b89ddc46ec9f7424bb9ca5
391d4022784892f14d00555c4e32bdd12bfdf6256
cfd99ee2a25e28518c5f013419789439a01fc8196
703f0b3d5dc51620c9f2a465296e2e905223ba141
e1090165e8c2a4d62ddbf75270705947824b08fa0
e1090165e8c2a4d62ddbf75270705947824b08fa2
e1090165e8c2a4d62ddbf75270705947824b08fa3
ac63976c42516d2846b53d3e44728e2c1533d45e0
ac63976c42516d2846b53d3e44728e2c1533d45e2
ac63976c42516d2846b53d3e44728e2c1533d45e4
ac63976c42516d2846b53d3e44728e2c1533d45e7
ac63976c42516d2846b53d3e44728e2c1533d45e8
5806102cf9e813e48ced3314cea2a80e1bd614c70
5806102cf9e813e48ced3314cea2a80e1bd614c71
5806102cf9e813e48ced3314cea2a80e1bd614c72
5806102cf9e813e48ced3314cea2a80e1bd614c73
5806102cf9e813e48ced3314cea2a80e1bd614c74
5806102cf9e813e48ced3314cea2a80e1bd614c76
5806102cf9e813e48ced3314cea2a80e1bd614c77
dab31f6e7bcf30ff597aff09f75787336f5d6bc41
6ebb8ab29b94430fa68f0e256c7703d9a41f8bff4
c44cff38576542d432bdfa9b7ca9d2a27fd29b640
c44cff38576542d432bdfa9b7ca9d2a27fd29b641
c44cff38576542d432bdfa9b7ca9d2a27fd29b644
61ea57fcbfe75da7c3dfb86227245a43e012804b4
dee351470f101ae014d080898b60ba56b09ba8410
dee351470f101ae014d080898b60ba56b09ba8411
8cd517aa11d8e6fbceca1c9134aaf66c56e5cbf23
933a9c1525a250e11e74311dedd9821596f831bf0
933a9c1525a250e11e74311dedd9821596f831bf2
933a9c1525a250e11e74311dedd9821596f831bf3
933a9c1525a250e11e74311dedd9821596f831bf5
933a9c1525a250e11e74311dedd9821596f831bf7
933a9c1525a250e11e74311dedd9821596f831bf8
933a9c1525a250e11e74311dedd9821596f831bf9
933a9c1525a250e11e74311dedd9821596f831bf10
197854b01841383a0cc89b28c98d0031422160849
58b1f52c849a975574026391dc337f342a0e559a2
58b1f52c849a975574026391dc337f342a0e559a3
58b1f52c849a975574026391dc337f342a0e559a7
7291796705735c70ebc81b0ad333f16839f2c7287
1e3f368df54a6551da3a51a628dacdbb307b33b62
1e3f368df54a6551da3a51a628dacdbb307b33b64
1e3f368df54a6551da3a51a628dacdbb307b33b65
1e3f368df54a6551da3a51a628dacdbb307b33b66
1e3f368df54a6551da3a51a628dacdbb307b33b68
4db7b609fe32b226f1e6ed35d58ace52eb1dbd2a3
a8f6508736c136a450a79a10b42545e177a58c280
a8f6508736c136a450a79a10b42545e177a58c282
a8f6508736c136a450a79a10b42545e177a58c283
a8f6508736c136a450a79a10b42545e177a58c284
a8f6508736c136a450a79a10b42545e177a58c285
a8f6508736c136a450a79a10b42545e177a58c286
a8f6508736c136a450a79a10b42545e177a58c287
a8f6508736c136a450a79a10b42545e177a58c288
a8f6508736c136a450a79a10b42545e177a58c289
68ae41bafeb4e327982f437d7eb72a84184a5da10
68ae41bafeb4e327982f437d7eb72a84184a5da14
083f32dc374c72cdf8253340709ff42a72c3efd32
a8618ed361a940864ac34807e8912e25f3a008322
a8618ed361a940864ac34807e8912e25f3a008323
5a971b728a7e6447c618bd15f4263b7603d0a7a80
5a971b728a7e6447c618bd15f4263b7603d0a7a83
5a971b728a7e6447c618bd15f4263b7603d0a7a84
5a971b728a7e6447c618bd15f4263b7603d0a7a85
5a971b728a7e6447c618bd15f4263b7603d0a7a86
cfa0349fb668b9e053361f57db8ad9ba4be60a973
abc35b4f5be9a792684af5a0afd0251739aaf8d23
fd038ea3b53fa758e5bc8cc5932ad0264b63601d4
2085bcdd7b72e560784ac7e0e7461fde3f71b3495
4579c95c002d50879235bfa10af344b56aa389640
4579c95c002d50879235bfa10af344b56aa389643
4579c95c002d50879235bfa10af344b56aa389645
ebcf0eda18a95d0bab184a4949f4b45cf10722251
ebcf0eda18a95d0bab184a4949f4b45cf10722257
5bf540c3df15a780eb231af6c1b6263eec08139f0
5bf540c3df15a780eb231af6c1b6263eec08139f1
5bf540c3df15a780eb231af6c1b6263eec08139f2
5bf540c3df15a780eb231af6c1b6263eec08139f3
5bf540c3df15a780eb231af6c1b6263eec08139f4
5bf540c3df15a780eb231af6c1b6263eec08139f5
5bf540c3df15a780eb231af6c1b6263eec08139f6
5bf540c3df15a780eb231af6c1b6263eec08139f7
655b07004407ec282b84176a595c015b64a1f3a68
ae03390949407f55c8d8f794896af3020d180b126
caaa16986766cffbdd942c9bde92b3e5a75e3d257
6c4e7f28374e4bdbae7aa99688a5c0a8c68c1a2b6
98f6b33ff279a7ba3b0e214f121196a6c39ac1842
98f6b33ff279a7ba3b0e214f121196a6c39ac1843
98f6b33ff279a7ba3b0e214f121196a6c39ac1844
1aa4ea4a510f5ca5d4d22ef441a5fd3db993445c6
35db7bb529e736891f1e4803d26b7cf8ae248c8c5
aabfda7d9f665e2fb375e46bd2b1d9b4092ed6b00
aabfda7d9f665e2fb375e46bd2b1d9b4092ed6b01
aabfda7d9f665e2fb375e46bd2b1d9b4092ed6b02
aabfda7d9f665e2fb375e46bd2b1d9b4092ed6b03
aabfda7d9f665e2fb375e46bd2b1d9b4092ed6b05
f873214b61f5870d03af8785c616fba82f28e8100
f873214b61f5870d03af8785c616fba82f28e8101
f873214b61f5870d03af8785c616fba82f28e8103
f873214b61f5870d03af8785c616fba82f28e8104
f873214b61f5870d03af8785c616fba82f28e8105
f873214b61f5870d03af8785c616fba82f28e8106
f873214b61f5870d03af8785c616fba82f28e8107
f873214b61f5870d03af8785c616fba82f28e8108
61223cd34569bb0a08c56340cdca6698c568f7176
65ab121d6fa854fb091d3672fefc38e6e818d1d30
4e062cfdc06f9bc8c20dc99b3a37ffd41fc09a142
5e5209fe7987f569c50cd69e684c9a982cff51080
5e5209fe7987f569c50cd69e684c9a982cff51083
5e5209fe7987f569c50cd69e684c9a982cff51087
6461a1e73b16025710d504ebb2632e4be937b66b1
2452c3cc724c242094f6e7ac9b413098c47ef3351
0914e3c80a676e14e225504cb759103503f3f1e02
9eed9be6ba6a5fe509c4ab53883916a6b4b085a02
9eed9be6ba6a5fe509c4ab53883916a6b4b085a04
9eed9be6ba6a5fe509c4ab53883916a6b4b085a05
b328f7c506b2e08cac193dee6b0ee9b27cb5fa653
eab829ef92b6e3c70a2c0dbbffee718a063c979b0
eab829ef92b6e3c70a2c0dbbffee718a063c979b1
eab829ef92b6e3c70a2c0dbbffee718a063c979b2
eab829ef92b6e3c70a2c0dbbffee718a063c979b3
eab829ef92b6e3c70a2c0dbbffee718a063c979b5
eab829ef92b6e3c70a2c0dbbffee718a063c979b6
6fd73c491497ff187c370c61fe4f31f29f3ca74d3
74050867f3fbe3043aba1f0ead4636a9ffd788ee3
74050867f3fbe3043aba1f0ead4636a9ffd788ee7
5e22bbfc7232418b8d2dd646b952e404df5bd04817
b99db085c80c16714843dc597872b7ca70fdccbd5
25c26cfb67d84f80268ead13034b8a57e54672b73
6ab14cfa16a0b6d7fbcda509193d394b4f2f56a00
6ab14cfa16a0b6d7fbcda509193d394b4f2f56a01
6ab14cfa16a0b6d7fbcda509193d394b4f2f56a03
6ab14cfa16a0b6d7fbcda509193d394b4f2f56a06
6ab14cfa16a0b6d7fbcda509193d394b4f2f56a07
e2807ed34092df9e3e53b320dbf6cd49129e8c496
4264ba3d48a2fc7ea379a15a99f306917e5dc5010
4264ba3d48a2fc7ea379a15a99f306917e5dc5011
4264ba3d48a2fc7ea379a15a99f306917e5dc5012
4264ba3d48a2fc7ea379a15a99f306917e5dc5013
4264ba3d48a2fc7ea379a15a99f306917e5dc5014
4264ba3d48a2fc7ea379a15a99f306917e5dc5018
db1c5cf156bc3bf89f9a95983ba6d7355fe350721
aeb478b15160c2ae49e202328f1424ba991c0df97
3f9ac7fa4ee8126ec03a8aac122601ffccf4dc9c6
a0a84718168357049273f6e65133fd06e67cd6d21
504f6f6e1aea6bb73c728d12a1342faa6828aace2
504f6f6e1aea6bb73c728d12a1342faa6828aace3
504f6f6e1aea6bb73c728d12a1342faa6828aace7
504f6f6e1aea6bb73c728d12a1342faa6828aace8
158f61d1d1bc7e0625768232edacb692c751c3da8
11211aeb7c8f3d7a50c960bc6d148c1f168028be4
11211aeb7c8f3d7a50c960bc6d148c1f168028be6
f6ab014104858f8bcef436218232981f2d3701973
bde6b7e505c05a15a9afe44739e7f016ce1697353
f155e440ae4f77514f9ba24dfb2a4360fa3c06531
6539b48134d16d6fae3034ce41a395fd8991a42f1
227348f786227a50a67dea6946b289815bde5efa1
67efd681507017147f9312f0831f4bb47321276e7
b8904dc43c7a7f4c2d99b53d6a6128424047efff1
b8904dc43c7a7f4c2d99b53d6a6128424047efff2
b8904dc43c7a7f4c2d99b53d6a6128424047efff4
b8904dc43c7a7f4c2d99b53d6a6128424047efff5
b8904dc43c7a7f4c2d99b53d6a6128424047efff7
8403bab64569b5ea605aee4557f84a27465b3cf50
8403bab64569b5ea605aee4557f84a27465b3cf51
8403bab64569b5ea605aee4557f84a27465b3cf52
8403bab64569b5ea605aee4557f84a27465b3cf53
8403bab64569b5ea605aee4557f84a27465b3cf55
00aa8e3ba59f5fe71a096a5549f80faece10aa833
64397b6c0dc66d7ff8c946f1b7886f501239ee283
ebfef9108eca197d600887bb03fc9abf4f000ab55
2e21840dd63340c01dd682dff0ede0b22c66c08f0
3a69d03479a8c2ee80fa2cc49ede7e8b8c794e141
5e3d38f2d33dfb9ed8baec327903c40a4e1a65ab5
c92f5b4110ae1d43a0c273909569e0995e66932a5
d470c9860671ae720ccc7df115a46d471b4b900a5
d470c9860671ae720ccc7df115a46d471b4b900a25
661972ab9efd72cfc9e29c58734df485b6496bab4
cf3702dc3355b5d160ad23c64898f8870c58b06f3
ffaa717f0fb02cdaaade105690405247d1c8007f0
35f0e33de7923036a97ac245d899f990bda5e2422
35f0e33de7923036a97ac245d899f990bda5e2424
8add33e4e12842214dfd6e4f77871ad33fc5513311
713f7719990d358c9a7f684e07573a902fd49da44
86452f5d89e8862ce8d5d8e6a6e71f307142ae9a2
e5c570faa2d62aca611ef43a1e61c8bffc58bed80
2160c5d812611becf442b5079a7908c2f48f6de72
2160c5d812611becf442b5079a7908c2f48f6de73
97e27b58fee44929c760d817ca71d7950e304b580
97e27b58fee44929c760d817ca71d7950e304b582
339949817e3760788491db1568f1043f39d36d410
b6ebbe378c675ab15eb73712200f484b2e3e7cd43
e29e772470903931c9cc53e0c19fd11e11efeb330
e29e772470903931c9cc53e0c19fd11e11efeb331
e29e772470903931c9cc53e0c19fd11e11efeb332
e29e772470903931c9cc53e0c19fd11e11efeb333
e29e772470903931c9cc53e0c19fd11e11efeb334
e29e772470903931c9cc53e0c19fd11e11efeb335
e29e772470903931c9cc53e0c19fd11e11efeb336
e29e772470903931c9cc53e0c19fd11e11efeb337
e29e772470903931c9cc53e0c19fd11e11efeb338
d6402f873df3c15ae64859829679832cf767c64f0
d6402f873df3c15ae64859829679832cf767c64f1
d6402f873df3c15ae64859829679832cf767c64f2
d6402f873df3c15ae64859829679832cf767c64f3
d6402f873df3c15ae64859829679832cf767c64f4
d6402f873df3c15ae64859829679832cf767c64f5
d6402f873df3c15ae64859829679832cf767c64f6
d6402f873df3c15ae64859829679832cf767c64f7
4cf8449964f8e60adec21bef5a43def948617af88
d12e21f65a2a9f55a86731a97d88fc9a53204d5e1
659bb7c923ecbccadf43730f6edd092a1149d1306
196f076f17d582ce5f394d916ad5b26c9b2677017
e5535fb8dc8be171ce8653a0763dfd2ecef376a05
20c96fd45022c3255493eb1cf4884631aedd89f11
64c240b03602c2683abaa5aaad886a3db2bad2746
64c240b03602c2683abaa5aaad886a3db2bad2747
64c240b03602c2683abaa5aaad886a3db2bad2748
14f0d6fdeecd117a6d00dcc01416758768902d320
22b899fb41ad4ed1e952f909e7da6e1f7f8fcb825
57b475ce1bc01cdd1e6621c681b4ea6089245fb30
57b475ce1bc01cdd1e6621c681b4ea6089245fb31
57b475ce1bc01cdd1e6621c681b4ea6089245fb32
57b475ce1bc01cdd1e6621c681b4ea6089245fb33
57b475ce1bc01cdd1e6621c681b4ea6089245fb34
57b475ce1bc01cdd1e6621c681b4ea6089245fb36
57b475ce1bc01cdd1e6621c681b4ea6089245fb37
57b475ce1bc01cdd1e6621c681b4ea6089245fb38
2e6711bdaf4ce48233dd8285ab7e532b3abff68610
62b94281e554fa5b4922383cbf71bc8d574eb1291
62b94281e554fa5b4922383cbf71bc8d574eb1294
62b94281e554fa5b4922383cbf71bc8d574eb1296
62b94281e554fa5b4922383cbf71bc8d574eb12910
91fbf9a93c98e6729f656ee740edd5f7b67c1ce73
a483adfdf3f345e702f6f8d67ee6e236f59e57ed0
a483adfdf3f345e702f6f8d67ee6e236f59e57ed1
e6153725110f97d0c88a8c2e09fb4126d6a9cc400
e6153725110f97d0c88a8c2e09fb4126d6a9cc401
e6153725110f97d0c88a8c2e09fb4126d6a9cc405
e6153725110f97d0c88a8c2e09fb4126d6a9cc407
538cb0c8900d3e5f2de349fb3a199441dba905e41
f4693cf097efddefb3e5720eeab5ac78afaf440f4
9bca7481982223a4ac82c28d19557f83a6b053992
b414366d7e9a533ec14b07b6b49518fe1e898bda0
b414366d7e9a533ec14b07b6b49518fe1e898bda1
b414366d7e9a533ec14b07b6b49518fe1e898bda2
b414366d7e9a533ec14b07b6b49518fe1e898bda3
b414366d7e9a533ec14b07b6b49518fe1e898bda4
b69eedb05cf2556b1a450c6d017fcf1fff26ec970
edfd5023aaca8b6570286cfb31b2e61d9d3d84762
968f42754f880eae1626b8f327a9ae0b29468fb60
968f42754f880eae1626b8f327a9ae0b29468fb62
968f42754f880eae1626b8f327a9ae0b29468fb63
968f42754f880eae1626b8f327a9ae0b29468fb64
968f42754f880eae1626b8f327a9ae0b29468fb65
968f42754f880eae1626b8f327a9ae0b29468fb66
968f42754f880eae1626b8f327a9ae0b29468fb67
968f42754f880eae1626b8f327a9ae0b29468fb68
c85a7eb698c39c7465d1fe4ebbb50447329b54970
c85a7eb698c39c7465d1fe4ebbb50447329b54971
c85a7eb698c39c7465d1fe4ebbb50447329b54974
c85a7eb698c39c7465d1fe4ebbb50447329b54976
c85a7eb698c39c7465d1fe4ebbb50447329b54977
c85a7eb698c39c7465d1fe4ebbb50447329b54978
5b84008065eadb5e5307a5682cdc7ee64097a11e2
5e7c990b12d43b077d476413a16c05fad2398c351
5e7c990b12d43b077d476413a16c05fad2398c352
5e7c990b12d43b077d476413a16c05fad2398c353
5e7c990b12d43b077d476413a16c05fad2398c355
5e7c990b12d43b077d476413a16c05fad2398c356
5e7c990b12d43b077d476413a16c05fad2398c358
c05461b6e33c9ef5954e1c705bbfbd693add5bf12
e8a9cc12b234ee8f2fd05f74b344ce0c166f09d02
8970283f222e9f27a3f313f796ae791135d68a933
91ff93e174c9aaa8db0c407b9f34d6fd9356d1be3
91ff93e174c9aaa8db0c407b9f34d6fd9356d1be4
91ff93e174c9aaa8db0c407b9f34d6fd9356d1be5
91ff93e174c9aaa8db0c407b9f34d6fd9356d1be6
38e033b50aa3720540c9dae3cc5e4c622ff593120
38e033b50aa3720540c9dae3cc5e4c622ff593121
38e033b50aa3720540c9dae3cc5e4c622ff593122
38e033b50aa3720540c9dae3cc5e4c622ff593124
38e033b50aa3720540c9dae3cc5e4c622ff593125
38e033b50aa3720540c9dae3cc5e4c622ff593126
38e033b50aa3720540c9dae3cc5e4c622ff593127
6c0428060680caa6ef0a0a445f92cbc2688e8d622
b1ea881f21e2b58e247b5894d4f259cf86b4d1dd4
b1ea881f21e2b58e247b5894d4f259cf86b4d1dd6
714782b8df2d0a8cde710805a44d819888771f880
714782b8df2d0a8cde710805a44d819888771f881
714782b8df2d0a8cde710805a44d819888771f882
714782b8df2d0a8cde710805a44d819888771f883
714782b8df2d0a8cde710805a44d819888771f884
714782b8df2d0a8cde710805a44d819888771f885
714782b8df2d0a8cde710805a44d819888771f887
0776b470aa7ce48492722c76198475b9300d5c2e0
97ed47519371db40473f71f77a52a7beb5f0a7ef1
97ed47519371db40473f71f77a52a7beb5f0a7ef3
97ed47519371db40473f71f77a52a7beb5f0a7ef4
97ed47519371db40473f71f77a52a7beb5f0a7ef5
97ed47519371db40473f71f77a52a7beb5f0a7ef7
97ed47519371db40473f71f77a52a7beb5f0a7ef9
97ed47519371db40473f71f77a52a7beb5f0a7ef10
97ed47519371db40473f71f77a52a7beb5f0a7ef11
7dba26fe1b7959ca64d62d309b9d71b8f1a0b0c44
2a6454e52077dfede0469e98deefee0f2ad8c2640
2a6454e52077dfede0469e98deefee0f2ad8c2644
072b5668dc990948670a019d57d1762a4ff281a17
54eb9326a1bdf2b80d093d18e45bb640f59d34791
54eb9326a1bdf2b80d093d18e45bb640f59d34793
411a38fb5216888d83f1b6004aef76a70139768a3
b77e4cc2837a62103cf7649fbee0ae695e2311c20
12ffb33bba8ed9fa1c5ab96150f04058b77394010
12ffb33bba8ed9fa1c5ab96150f04058b77394011
12ffb33bba8ed9fa1c5ab96150f04058b77394012
12ffb33bba8ed9fa1c5ab96150f04058b77394013
12ffb33bba8ed9fa1c5ab96150f04058b77394014
12ffb33bba8ed9fa1c5ab96150f04058b77394016
12ffb33bba8ed9fa1c5ab96150f04058b77394017
5c761544e3f9130dbc7f5d2018babeaf8cd7a3f50
5c761544e3f9130dbc7f5d2018babeaf8cd7a3f51
5c761544e3f9130dbc7f5d2018babeaf8cd7a3f52
5c761544e3f9130dbc7f5d2018babeaf8cd7a3f54
5c761544e3f9130dbc7f5d2018babeaf8cd7a3f56
9540de43c6177686202f1065f168c86b76ff8f0a1
9540de43c6177686202f1065f168c86b76ff8f0a3
9540de43c6177686202f1065f168c86b76ff8f0a6
ee16a4fc84d2cd555f4008dd0c0f8dc5f546ea1b1
e9614090663892b7e5d2f5fdb9c222adb3bb12be4
0abf4bacd3194af1f0c8f254489fddb925d0f4de0
c9b3fcee7876513b8bf122399dbcdc1e46cb89a67
a7f578ca546ea016f5695fe3dd09f1b16e0835752
a7f578ca546ea016f5695fe3dd09f1b16e0835756
a069226a6a3f6d1721e525422ca4fb2072f9f5323
ed1df9b7c58f0da7d3d7cb2d585481a516b8a9988
23f24292b366f81b1e4277d51e56f52644cc5b611
23f24292b366f81b1e4277d51e56f52644cc5b612
23f24292b366f81b1e4277d51e56f52644cc5b613
23f24292b366f81b1e4277d51e56f52644cc5b614
23f24292b366f81b1e4277d51e56f52644cc5b615
23f24292b366f81b1e4277d51e56f52644cc5b616
23f24292b366f81b1e4277d51e56f52644cc5b617
23f24292b366f81b1e4277d51e56f52644cc5b618
55c919c437a87d0c4e11869f08d62acd660b29015
c2e27377095af38462e41683a105aac8fc2684394
17c446453cdcff2c857f6462594a317a3ce4dc6c3
6f1e9eeab92c6e99658add76e44ef4a4cf3a18594
aa63b19228e2aa4fd0233ee64205d483febbc5810
94d6a496404c16cafed244b60fdda2c14b5522440
94d6a496404c16cafed244b60fdda2c14b5522441
94d6a496404c16cafed244b60fdda2c14b5522442
94d6a496404c16cafed244b60fdda2c14b5522443
94d6a496404c16cafed244b60fdda2c14b5522445
94d6a496404c16cafed244b60fdda2c14b5522446
94d6a496404c16cafed244b60fdda2c14b5522447
94d6a496404c16cafed244b60fdda2c14b5522448
8f28c1ea470bcf1a20ef3e99d67bf4d93eec01f90
e256aa1224bfd9031e339962742730f8756d43043
ca780d983e2d3abffb60d947401bc9c68ea49aab1
ca780d983e2d3abffb60d947401bc9c68ea49aab2
ca780d983e2d3abffb60d947401bc9c68ea49aab3
ecc920c017bb7d3f671b5a3a3c0ed84f831c9c333
8984b6950db71842687f36c0c13afec53aaaba921
eeef836fec82befa725a09b8028c0de529dd6ad00
eeef836fec82befa725a09b8028c0de529dd6ad01
eeef836fec82befa725a09b8028c0de529dd6ad02
eeef836fec82befa725a09b8028c0de529dd6ad04
9d6816acb6dd05eadca4c6878d8ce20d39094c6d1
6f9879f1b18d9dba87e1ac67377bf1260da3c2c82
6f9879f1b18d9dba87e1ac67377bf1260da3c2c84
a6f1261be71711735e726353babe990f75ab284a5
40dbdb689c01d05e852223eab73d3a1e6985d37e7
85a7aaa5b67a30872d4f47f0ec930465bfb442e83
85a7aaa5b67a30872d4f47f0ec930465bfb442e85
85a7aaa5b67a30872d4f47f0ec930465bfb442e87
ffd3b2bc04d64133d50a2cbf015eb199f15148454
2d4c692ddf5728a993d48ebe04a0b3dd1e62e6624
63ba648eb30a301f1cf9045f80a3ab2aa21eb07b2
63ba648eb30a301f1cf9045f80a3ab2aa21eb07b3
67405c267c5bb2a8cf4d373e18ea7830f39f021a2
9c296e3af6aa953b35fc903760d64f9b2d8c239f0
9c296e3af6aa953b35fc903760d64f9b2d8c239f1
9c296e3af6aa953b35fc903760d64f9b2d8c239f2
9c296e3af6aa953b35fc903760d64f9b2d8c239f3
9c296e3af6aa953b35fc903760d64f9b2d8c239f4
9c296e3af6aa953b35fc903760d64f9b2d8c239f5
9c296e3af6aa953b35fc903760d64f9b2d8c239f6
279e955a0e3800800d439a9ce9a683a017730d2c3
503a6fca6b41198bdd1b09ab0ba63b660e77a8125
503a6fca6b41198bdd1b09ab0ba63b660e77a8126
440377a193d4ba121d0afe2a5c02cd33269cb84e6
a0c8e891686757ebf11356bf3a134347f34c09601
9483ae6d83dd71a96e91eee727a9ce7c0f3cf6ab1
9483ae6d83dd71a96e91eee727a9ce7c0f3cf6ab3
388820fb4fd6ada8a1993ea074dcd086ab5ee46f6
517064c7afabd6c973f81455bf2c4eec5630a2940
517064c7afabd6c973f81455bf2c4eec5630a2942
8a0d6572d6d1b31400d0004e2ef3fa546be5fbe16
b95239b85ed1c88d0d39035d1e7f948efe1e024d0
b95239b85ed1c88d0d39035d1e7f948efe1e024d1
b95239b85ed1c88d0d39035d1e7f948efe1e024d2
b95239b85ed1c88d0d39035d1e7f948efe1e024d3
b95239b85ed1c88d0d39035d1e7f948efe1e024d4
f2bda43b846dd7a472bebe083584a5defb20e0b46
e483ad70b03bb9184f105b5b1ce4a63b2b4623204
e483ad70b03bb9184f105b5b1ce4a63b2b4623205
d231e6ae12ad612782eed5ac35da634f9c38fbd43
1f73e94da798b2aa2270265444db0bf276ec68432
1c886637c5be85807b2397bb5a20dd017234e25f3
9ce5ebdae002aaa551e4bc5dd1e278991f20a2e64
9ce5ebdae002aaa551e4bc5dd1e278991f20a2e65
9ce5ebdae002aaa551e4bc5dd1e278991f20a2e66
db77c33da54ad40298d75740cc23f841e3c450c93
db77c33da54ad40298d75740cc23f841e3c450c94
db77c33da54ad40298d75740cc23f841e3c450c96
a7775a812083e9c61f3636c2b2ef327db4bef3936
83df763732163b3c6e291ea7b95d13cb70a8d1555
ace7f6d9e984397bda16bf441019f1584f036b2a0
ace7f6d9e984397bda16bf441019f1584f036b2a3
ace7f6d9e984397bda16bf441019f1584f036b2a4
ace7f6d9e984397bda16bf441019f1584f036b2a5
ace7f6d9e984397bda16bf441019f1584f036b2a6
ace7f6d9e984397bda16bf441019f1584f036b2a7
fab6925dffecf7712792d699f6f950fa4ceebb913
fab6925dffecf7712792d699f6f950fa4ceebb914
fab6925dffecf7712792d699f6f950fa4ceebb917
613d6311ec2c1985bd44707d1796d275452fe15617
c49f3a2486de1816571d6795b7fc2f432ea9c9894
55461373100d4a36ff0097bdc676dfb02250c9601
55461373100d4a36ff0097bdc676dfb02250c9602
55461373100d4a36ff0097bdc676dfb02250c9603
55461373100d4a36ff0097bdc676dfb02250c9605
55461373100d4a36ff0097bdc676dfb02250c9606
55461373100d4a36ff0097bdc676dfb02250c9607
55461373100d4a36ff0097bdc676dfb02250c9608
8cf7023053fa7e9cf32a85657a8ba3518f5b30232
1905a821fef6a6cc8adc63bd64628eab3c82306b7
ced8a51ab6878e9c1a551b8898129bf14b2560081
6cade8dfb5eb6c7a587085f448e928bb5989af7f6
641de600e51b97f1bbd23999b39d28a2d7a92c632
6db7e70883f0241081833487c421bab86fdac26e0
1f5ac3881d1b6710b607803fbcafd5030ab033cd2
1f5ac3881d1b6710b607803fbcafd5030ab033cd5
1f5ac3881d1b6710b607803fbcafd5030ab033cd6
1f5ac3881d1b6710b607803fbcafd5030ab033cd8
eac210df9ef39971d182d215e8a53228b0d4e5780
eac210df9ef39971d182d215e8a53228b0d4e5783
a6b3bf93ec993c2cac0ce7a3f9c11bc8aa44db734
7f5d67ada50f7a7b8327c1ee2c188db8a7d545954
7dae6ed91c0b5a94845e798b97728b08d82462d11
7dae6ed91c0b5a94845e798b97728b08d82462d19
9754d7fe1a69922a49202cf25c313b646ba4ddf14
e36f685ab51077313653aec461ee3d515dd783a30
244d99d19c8b106f1bcf9da024c3dcdbf3cd0ebb3
97bba7ae03ea7a50f726f8bbf7ea8f83f10d8f190
ab46fd9228cf8f148a858d37b7360b051b67e4ad0
efc168a0eaf3466b8d2c1ba0e903ecbbe0c9518b7
f466d67b1c62e9c548e9c580503afc23878605cd0
bf4062bf2c9171f568a11217779517d3bb11b0b31
02927c88776bcc84fc883435a5037b4c8ca70e835
35d5faf70a35e01e81d5cd4e0406dbe5cb1be10a0
35d5faf70a35e01e81d5cd4e0406dbe5cb1be10a1
35d5faf70a35e01e81d5cd4e0406dbe5cb1be10a2
35d5faf70a35e01e81d5cd4e0406dbe5cb1be10a3
35d5faf70a35e01e81d5cd4e0406dbe5cb1be10a4
35d5faf70a35e01e81d5cd4e0406dbe5cb1be10a5
35d5faf70a35e01e81d5cd4e0406dbe5cb1be10a6
35d5faf70a35e01e81d5cd4e0406dbe5cb1be10a7
35d5faf70a35e01e81d5cd4e0406dbe5cb1be10a8
b369206a0f16a48c7332084b5c048959970287a60
a4a0d6a36e32c971e4b47f53e333a9f24d77dab54
a07f9a04fb64984c0f9f6a4f7ee033386d9240b20
a07f9a04fb64984c0f9f6a4f7ee033386d9240b21
a07f9a04fb64984c0f9f6a4f7ee033386d9240b23
a07f9a04fb64984c0f9f6a4f7ee033386d9240b24
a07f9a04fb64984c0f9f6a4f7ee033386d9240b25
f7aee16e98424f27eb826073e55b1d173d6585c90
4f1a90c5f97c7b6691f883678f7999613b9536501
c34a0cbf6db61323766fc86b1b89b399ff6b06665
abe07b0f2a5dca8df4bfcf9ec47f4eb90335c1a22
b61438ec34641178a04913c236bd99eb183310387
9030a7824ef66eca6aa330a8d593858e8e37de735
c7ddac4a35f81dbdf9e80521e354f891612ddc682
5c19ebce58e729e01d8bf72b40b1670d86dbef760
5c19ebce58e729e01d8bf72b40b1670d86dbef764
3eb68f244f9159e05cfe40316ac9e27fc938cf3a7
88f7ed8dd3621eecab21b01d36a50b0b94a872a55
f7ea73ebf5699cddb1888e2eb50f41a01e91be736
d4d6125d08422ca249497365a0a4ce4e70c75c6f3
d4d6125d08422ca249497365a0a4ce4e70c75c6f5
d4d6125d08422ca249497365a0a4ce4e70c75c6f6
43938c17b80c51879f77bfa155263214dfdff2231
43938c17b80c51879f77bfa155263214dfdff2232
3ccc6b28d4b2d86f47bb351d8c8fb41004e31d310
0d2eebc8d722b3d34fbe46fdc0768ede5b1713b15
815eec4729339dc3d8813e1a0a805d8a3c9345320
815eec4729339dc3d8813e1a0a805d8a3c9345321
815eec4729339dc3d8813e1a0a805d8a3c9345322
815eec4729339dc3d8813e1a0a805d8a3c9345323
815eec4729339dc3d8813e1a0a805d8a3c9345324
815eec4729339dc3d8813e1a0a805d8a3c9345325
815eec4729339dc3d8813e1a0a805d8a3c9345326
815eec4729339dc3d8813e1a0a805d8a3c9345327
815eec4729339dc3d8813e1a0a805d8a3c9345328
4ab13b5bec86e8136bb3909a89da001a664da7f84
1d112f2776a2bd0b116970ffc5674112c2206b5a7
9844b800307026dc2914c0e1b60f8f3c13661f820
3afce08c5e1bafbf978831c0b751281a30c9fbc14
99ddedb5c3b37c914bd240dde86b83de28aa2b716
1461d5fae736202e232f8733681042dbdbe289a85
166e8a8af599b51323edf24f1aa27c46dbc934865
8919c342aede899547a5bf740bd801fefd4068d60
8919c342aede899547a5bf740bd801fefd4068d62
8919c342aede899547a5bf740bd801fefd4068d63
8919c342aede899547a5bf740bd801fefd4068d64
1176c8a2013646bd50bd0cda0d564055dab724fd1
3aa1767270af7aa07d37de5be651cf8bd0097fef4
bdf5569629d1627a5c56b06fbb5dabfba402e7e61
bdf5569629d1627a5c56b06fbb5dabfba402e7e63
bdf5569629d1627a5c56b06fbb5dabfba402e7e64
bdf5569629d1627a5c56b06fbb5dabfba402e7e66
bdf5569629d1627a5c56b06fbb5dabfba402e7e67
2ffd3746d2f21464ff32a684957beeb8df7590f54
6d8c3fb63c8595e90bdc408aeb2ef4dfe0f80d080
0d8a02341b9dec7fc9bdeb010321ca5c5ff324aa0
0d8a02341b9dec7fc9bdeb010321ca5c5ff324aa1
0d8a02341b9dec7fc9bdeb010321ca5c5ff324aa4
0d8a02341b9dec7fc9bdeb010321ca5c5ff324aa5
0d8a02341b9dec7fc9bdeb010321ca5c5ff324aa6
f12e4bbb07211de7d43b4e331dc73404aa8045620
f12e4bbb07211de7d43b4e331dc73404aa8045621
f12e4bbb07211de7d43b4e331dc73404aa8045624
f12e4bbb07211de7d43b4e331dc73404aa8045625
f12e4bbb07211de7d43b4e331dc73404aa8045626
f12e4bbb07211de7d43b4e331dc73404aa8045628
f12e4bbb07211de7d43b4e331dc73404aa8045629
78ce4f0de5bc7697a667f3e697bea8d518d34ae42
65bdb8e4face7b8a2832f175150522c779042e310
44163b5800d1f555fd83349ad0310e54e7d500921
44163b5800d1f555fd83349ad0310e54e7d500922
7935e3570497d5099419bd9a0040b28ad7db1b144
27f5e9422ddb2ee156abedf0e3cf9a937c303dcb4
89ddf232e89cc13173b3376a9cfcff18ea1413aa1
6e0cf80b3ac1bb0d841ea81502f925b84fed01530
6e0cf80b3ac1bb0d841ea81502f925b84fed01536
6e0cf80b3ac1bb0d841ea81502f925b84fed01537
2a52370fd79b092f62fb38077f99aa48df47accc5
24961deb8e923516f8adf961eeff9cf2a1dba7007
f382e1ca273b84cf5041d9ea589cd6d8c46510893
f382e1ca273b84cf5041d9ea589cd6d8c46510898
b83deffd3acdc68afc9ab5a97cea5132eece50cd0
b83deffd3acdc68afc9ab5a97cea5132eece50cd3
1a403f2be92a82223a88151b2b1fe688ae3713b32
1a403f2be92a82223a88151b2b1fe688ae3713b33
6e930c55a62640d218e4b94f39cb7c83b6ad91175
420d8b930d57ee905c1f8cee167e06b1f96a5a402
b78fc7d29cd4f7bae514a0880944783076b83f374
d2f65349dbc6bc3717fd20eaed806fe81518df922
d2f65349dbc6bc3717fd20eaed806fe81518df924
7551503e7e57bd519913b0df90ca1e80d5305b051
57fa9cae8fbd1e41cf54f150ebfed9a8ac9256031
57fa9cae8fbd1e41cf54f150ebfed9a8ac9256033
57fa9cae8fbd1e41cf54f150ebfed9a8ac9256035
df230110e5e96859716a44d819bc874c72693b730
a994137548230227d2d5bebe79782d9f7e728d2d1
a994137548230227d2d5bebe79782d9f7e728d2d2
a994137548230227d2d5bebe79782d9f7e728d2d3
a994137548230227d2d5bebe79782d9f7e728d2d4
a994137548230227d2d5bebe79782d9f7e728d2d5
a994137548230227d2d5bebe79782d9f7e728d2d6
a994137548230227d2d5bebe79782d9f7e728d2d7
a994137548230227d2d5bebe79782d9f7e728d2d8
7d7e6131873f6316ad6a265cb4b79e1c2e467f4b2
734ca9a754dd444ed50362375e256fd72d82def52
ff47ee35a8d30ee36afc952f9fe0cc37abcc16283
6bebae87f082afec39ed283ad7efc42ff35c9f8c5
e4686a034dfcdb2a806826aa03d9e3878cb672e93
2ff2a1326985d2a052e20cf25e5c3b3cf7a45d480
2ff2a1326985d2a052e20cf25e5c3b3cf7a45d481
2ff2a1326985d2a052e20cf25e5c3b3cf7a45d482
58cbe870411aed280bdd30b4d94dff1eaabe78324
bbd4e8d84bff31f92b48e840a046161f9197ea853
6c44741dad158b8349f0414ca2e5ec1fc9afb9bb3
6c44741dad158b8349f0414ca2e5ec1fc9afb9bb4
6c44741dad158b8349f0414ca2e5ec1fc9afb9bb6
d4dfbc7415e89e7e9df3710934c638cb2c7d4bb51
d4dfbc7415e89e7e9df3710934c638cb2c7d4bb52
d4dfbc7415e89e7e9df3710934c638cb2c7d4bb53
d4dfbc7415e89e7e9df3710934c638cb2c7d4bb54
d4dfbc7415e89e7e9df3710934c638cb2c7d4bb55
f3c1f061d06f13d358c64be34e16ec490e5a91350
f3c1f061d06f13d358c64be34e16ec490e5a91351
51205e38fcc145158493df829b48618f3d61371a3
9c4199f76e1f65d425eb53b37a68ef92e93e5fb25
19281aedd1c30570ad623390510ef968d59c35bd2
64f14679bfe063024f457fc186ca72df139a41524
26827f0c72d531ce979ef6ccea79a8b7b50d6db78
fafd89b36bc417ca242d666a8d9cfd5e77bab9223
05c6b2a21f9c0ffd5f0c76c9ce4c6d3d875fcf392
b655b49e042aa916bb92f7e8d077b0ea0daecbad6
37d1bab55ca378c5fe777a7697a69f7e8d2e51011
182816fef64c4c2e58ece915551af64b04adbf531
182816fef64c4c2e58ece915551af64b04adbf532
182816fef64c4c2e58ece915551af64b04adbf534
927e55be3b91bdcdfee259abdd4997ea9264c33b5
02d1ea93c9abed566593c21f9a3291cd5939a06f5
44abcbd0f6ea04c68dec97228487a5ab354ff3882
0c30f8b99da29f37d4151b54e279d9eec2fb2a8d7
131908b8e744ab6142442f2685af5d8030b86c312
55a6aabd120f0b18297f7efe22452f9b3aca0d8d2
55a6aabd120f0b18297f7efe22452f9b3aca0d8d3
55a6aabd120f0b18297f7efe22452f9b3aca0d8d4
55a6aabd120f0b18297f7efe22452f9b3aca0d8d6
55a6aabd120f0b18297f7efe22452f9b3aca0d8d7
55a6aabd120f0b18297f7efe22452f9b3aca0d8d9
55a6aabd120f0b18297f7efe22452f9b3aca0d8d10
55a6aabd120f0b18297f7efe22452f9b3aca0d8d11
0c578b08b9f0cef41ae34ad95609f4b11160645f0
b7a0bb1157ab0088f77bd0cef793faf421425a3f6
4f2f9c586a46a570347b3b5898dc193670737cf31
4f2f9c586a46a570347b3b5898dc193670737cf33
4f2f9c586a46a570347b3b5898dc193670737cf36
a70424015a14f1adb0483bb006556e77411be3710
a70424015a14f1adb0483bb006556e77411be3711
a70424015a14f1adb0483bb006556e77411be3712
a70424015a14f1adb0483bb006556e77411be3713
a70424015a14f1adb0483bb006556e77411be3714
a2008033ac3e22a5ab4203a06c59a014f46cacd20
a2008033ac3e22a5ab4203a06c59a014f46cacd21
a2008033ac3e22a5ab4203a06c59a014f46cacd22
a2008033ac3e22a5ab4203a06c59a014f46cacd24
a2008033ac3e22a5ab4203a06c59a014f46cacd25
a2008033ac3e22a5ab4203a06c59a014f46cacd26
a2008033ac3e22a5ab4203a06c59a014f46cacd27
8f6b7cc9ca78fb166179449f3ae6342a05ed7fbc0
8f6b7cc9ca78fb166179449f3ae6342a05ed7fbc2
8f6b7cc9ca78fb166179449f3ae6342a05ed7fbc4
c8685e38369975669446656ee5819a6f0c39b5a21
0e7ad86e13fa56a92d7950a33f6f5968751c52366
d6cbc5e0cd3b3bc70e2dfd7c81b9d37c9132726e4
1857dc6545e62b5cab23258f85c14f555b296afb4
7adb70b53090e070fdeab9429b789de268b1f1dd0
7adb70b53090e070fdeab9429b789de268b1f1dd1
7adb70b53090e070fdeab9429b789de268b1f1dd2
7adb70b53090e070fdeab9429b789de268b1f1dd3
7adb70b53090e070fdeab9429b789de268b1f1dd6
7adb70b53090e070fdeab9429b789de268b1f1dd7
ad40dc64690198005b23867a20b0a734d46512dc0
2fee7bb5935e274c1d83cf411e1c215b0fa4a5405
2b2c8b817d4747dbb6f914a459fe3703736c420f0
2b2c8b817d4747dbb6f914a459fe3703736c420f3
2b2c8b817d4747dbb6f914a459fe3703736c420f4
2b2c8b817d4747dbb6f914a459fe3703736c420f5
2b2c8b817d4747dbb6f914a459fe3703736c420f6
2b2c8b817d4747dbb6f914a459fe3703736c420f7
7db9975b2e4a1dc08a63b9a3b49e1df886eeceb10
7db9975b2e4a1dc08a63b9a3b49e1df886eeceb11
7db9975b2e4a1dc08a63b9a3b49e1df886eeceb12
7db9975b2e4a1dc08a63b9a3b49e1df886eeceb13
7db9975b2e4a1dc08a63b9a3b49e1df886eeceb14
54f311116af60e9ea641f9754e1dc7f61e5e1bc20
f2702feddad1dcaca1de453bf0b7c026f2b43eb50
f2702feddad1dcaca1de453bf0b7c026f2b43eb51
f2702feddad1dcaca1de453bf0b7c026f2b43eb52
f2702feddad1dcaca1de453bf0b7c026f2b43eb53
f2702feddad1dcaca1de453bf0b7c026f2b43eb54
f2702feddad1dcaca1de453bf0b7c026f2b43eb55
f2702feddad1dcaca1de453bf0b7c026f2b43eb56
f2702feddad1dcaca1de453bf0b7c026f2b43eb58
1de0cae2832cf41f49e6fad8254247c789dfabd20
b14b1b5adac5f3ce4d21da4d2f82e69b47b2ee115
a70e317f8f6ccd819213943de8c029775c8fc26b1
a70e317f8f6ccd819213943de8c029775c8fc26b2
1ee14b83d22de97ed8354e2e943ec660ef5683df0
1ee14b83d22de97ed8354e2e943ec660ef5683df1
1ee14b83d22de97ed8354e2e943ec660ef5683df4
45b868d2bd6810632ce40018de9c02b8d7e340643
ba1dd3ba6cdc5a8adcf14e5ce9197268358ec5991
8ff489663804dc9590c336015fce54faf666cf463
27d97c98917f7db0782a702be5992ef8cf6eef056
099f1392707490abf4a70222199484ba13f37dd34
099f1392707490abf4a70222199484ba13f37dd35
ca012876b5b6faf014d03f46e0e0537cc4fddfd04
e112dc229a8bc4db8c69a5805bf3cad4140194100
e112dc229a8bc4db8c69a5805bf3cad4140194102
c8fa655fc9a5fc2e33f50878b3776003169375f84
b61219979dfbc5753f957794885a07b47bef11ad1
6f2dacafdb625a4915d391cada764888889b6b632
31defcc44013caae59c0bdbcedd16be150413bd54
31defcc44013caae59c0bdbcedd16be150413bd56
1a45724d502cbb0cdc30b4854010c0f0149d2abc2
51d5c7786d3b05107e045e0179f0f3deea160e5e2
760368cac175001a82623bdc3f0615a5ca6e6a9a0
0fca9cb001fd2f60ff7bacb76b3db287366b1cd11
0fca9cb001fd2f60ff7bacb76b3db287366b1cd12
0fca9cb001fd2f60ff7bacb76b3db287366b1cd14
0fca9cb001fd2f60ff7bacb76b3db287366b1cd15
a6c0b96db23069e2d793c791e1a754be93fca0488
66127a2e4e6aeb7337fb1c9357b91df551e409916
afdbd1bc7c79a936601b3c6cae4622464641d3a56
afdbd1bc7c79a936601b3c6cae4622464641d3a57
80f91d738f559569782c0c1625b5b1342cf40dd74
5bb09b493dc5f30b1b2c999c9dcb580ee13f662a2
47d8d81a865062cfe8361a5eeab8d04a98e8e9b50
5bb51faf8fff2c2f26b225b41bcc9c47ac3325910
d5a8cff95f73738ba66b31e5c718d096f0f327d80
d5a425220e95a3b59af0cf910056bf6b2e4162481
91ec8391c0293f294383a2c005147870052d93f30
51f6c620ae7c40d689175e4df71639ee5c37af924
9fa6c65206feef2fe79026dc9962ceaabe9a345d7
a9ffab56869db5866de2d0ffe739ba624e55ce630
a9ffab56869db5866de2d0ffe739ba624e55ce631
a9ffab56869db5866de2d0ffe739ba624e55ce632
a9ffab56869db5866de2d0ffe739ba624e55ce633
a9ffab56869db5866de2d0ffe739ba624e55ce634
a9ffab56869db5866de2d0ffe739ba624e55ce635
9862b8aab2db9c82fd1012792783a90ec79f72690
9862b8aab2db9c82fd1012792783a90ec79f72691
9862b8aab2db9c82fd1012792783a90ec79f72692
9862b8aab2db9c82fd1012792783a90ec79f72693
9862b8aab2db9c82fd1012792783a90ec79f72694
9862b8aab2db9c82fd1012792783a90ec79f72695
9862b8aab2db9c82fd1012792783a90ec79f72696
e3a2635d62827e96aad3552e024ededd974ab3e17
a9752ee523113b21bb2cfb9c8c0004d4c2ef3d284
9afbc555fd6d2933900ac8a64775cb354624815a2
a4f7954eb2cb832e363a878ccf21599d667d705a1
0534697013f80aeaebd88c82c051ad370d7c7c2e0
0534697013f80aeaebd88c82c051ad370d7c7c2e1
0534697013f80aeaebd88c82c051ad370d7c7c2e2
0534697013f80aeaebd88c82c051ad370d7c7c2e3
0534697013f80aeaebd88c82c051ad370d7c7c2e5
0534697013f80aeaebd88c82c051ad370d7c7c2e6
0534697013f80aeaebd88c82c051ad370d7c7c2e7
857fbbcafbc51966fd8440f1f59fbcad714670d70
221c29704ab315450cfad1b77a44437e52403c894
1c1ff3af98f96893b4dbcf8c3b98aa195cc25ea80
1c1ff3af98f96893b4dbcf8c3b98aa195cc25ea81
1c1ff3af98f96893b4dbcf8c3b98aa195cc25ea82
1c1ff3af98f96893b4dbcf8c3b98aa195cc25ea83
0e5b33b1b1c785437b431393ccfbc1bf0bf769e80
0e5b33b1b1c785437b431393ccfbc1bf0bf769e81
0e5b33b1b1c785437b431393ccfbc1bf0bf769e82
0e5b33b1b1c785437b431393ccfbc1bf0bf769e83
bf1a3fd65fdd6e91ccec0663d80fa567eada14df4
e0396d3dd17ed72825805cab305fd9596b73b78c5
058ceacd672e573e736867c0a5bdd25061fbb4002
25645a2944b1ef1743d8b7582f6ede70aed847530
25645a2944b1ef1743d8b7582f6ede70aed847531
25645a2944b1ef1743d8b7582f6ede70aed847532
25645a2944b1ef1743d8b7582f6ede70aed847533
25645a2944b1ef1743d8b7582f6ede70aed847534
25645a2944b1ef1743d8b7582f6ede70aed847535
25645a2944b1ef1743d8b7582f6ede70aed847536
25645a2944b1ef1743d8b7582f6ede70aed847537
486f25d3d5db2468664c9801e1cbd77b41c672b40
ab50a080112b6bbcaa3166a05c1e369bb3289ccb0
ab50a080112b6bbcaa3166a05c1e369bb3289ccb1
ab50a080112b6bbcaa3166a05c1e369bb3289ccb2
ab50a080112b6bbcaa3166a05c1e369bb3289ccb3
ab50a080112b6bbcaa3166a05c1e369bb3289ccb4
ab50a080112b6bbcaa3166a05c1e369bb3289ccb5
ab50a080112b6bbcaa3166a05c1e369bb3289ccb6
ab50a080112b6bbcaa3166a05c1e369bb3289ccb7
a2efd9be505d4a0467145ae3129609cbc81413c11
689d8715885b9ea664b5619d12dd70114357c6ac7
2ed85b0c6b3de5bd83aec07273a148897cc2c1dd2
5b5a3f82f235ebb073be860c7041fc3b7d66c84f0
5b5a3f82f235ebb073be860c7041fc3b7d66c84f1
5b5a3f82f235ebb073be860c7041fc3b7d66c84f2
5b5a3f82f235ebb073be860c7041fc3b7d66c84f3
5b5a3f82f235ebb073be860c7041fc3b7d66c84f4
5b5a3f82f235ebb073be860c7041fc3b7d66c84f5
6374622dc8d44ade1b2d395288d6b587eba595d45
e14c83e7db6e463da0a776d0c80c8c197de587722
e14c83e7db6e463da0a776d0c80c8c197de587724
e14c83e7db6e463da0a776d0c80c8c197de587726
23f6534b080425f53a09bb1973c7941c44a31dbf2
893090f30d644fbdf481a361dea73997cb4a37858
c2b925f6af165fa757ec97747cb42bd42564f9b03
9991114f0492d96345b8bf7d509d401c27435fb84
7e7d7f8f293e4750bc9a403cf8b46cda25fe616a0
7e7d7f8f293e4750bc9a403cf8b46cda25fe616a4
7e7d7f8f293e4750bc9a403cf8b46cda25fe616a5
7e7d7f8f293e4750bc9a403cf8b46cda25fe616a6
7e7d7f8f293e4750bc9a403cf8b46cda25fe616a7
7e7d7f8f293e4750bc9a403cf8b46cda25fe616a8
4a9a0e027f1620208daa3c558658f344cad4ba201
4a9a0e027f1620208daa3c558658f344cad4ba207
233071501603b10e60a5e44e38284c682bbb92403
233071501603b10e60a5e44e38284c682bbb92404
c45c8c7b537ae09b5117b01911dcb9749003f23b4
a28dac0f65d437701a18bb17cd997105d9ca98630
a28dac0f65d437701a18bb17cd997105d9ca98632
a28dac0f65d437701a18bb17cd997105d9ca98633
4b89e8a6a25de61d21a1fed20fb911cd4b1e4b472
4b89e8a6a25de61d21a1fed20fb911cd4b1e4b473
9fa4a93d3c5f62e72c92cb662f7d44dbc8c266021
