Requirement already satisfied: torchvision in /home/usaxena/.local/lib/python3.6/site-packages
Requirement already satisfied: pandas in /home/usaxena/.local/lib/python3.6/site-packages
Requirement already satisfied: numpy in /home/usaxena/anaconda3/lib/python3.6/site-packages (from torchvision)
Requirement already satisfied: six in /home/usaxena/anaconda3/lib/python3.6/site-packages (from torchvision)
Requirement already satisfied: torch in /home/usaxena/.local/lib/python3.6/site-packages (from torchvision)
Requirement already satisfied: pillow>=4.1.1 in /home/usaxena/anaconda3/lib/python3.6/site-packages (from torchvision)
Requirement already satisfied: pytz>=2011k in /home/usaxena/anaconda3/lib/python3.6/site-packages (from pandas)
Requirement already satisfied: python-dateutil>=2 in /home/usaxena/anaconda3/lib/python3.6/site-packages (from pandas)
Requirement already satisfied: pyyaml in /home/usaxena/anaconda3/lib/python3.6/site-packages (from torch->torchvision)
Requirement already satisfied: olefile in /home/usaxena/anaconda3/lib/python3.6/site-packages (from pillow>=4.1.1->torchvision)
Requirement already satisfied: torch==0.3.1 from http://download.pytorch.org/whl/cu90/torch-0.3.1-cp36-cp36m-linux_x86_64.whl in /home/usaxena/.local/lib/python3.6/site-packages
Requirement already satisfied: pyyaml in /home/usaxena/anaconda3/lib/python3.6/site-packages (from torch==0.3.1)
Requirement already satisfied: numpy in /home/usaxena/anaconda3/lib/python3.6/site-packages (from torch==0.3.1)
Number of datapoints: 87375
Sorting now
Creating file
c7816bbe007f9a24cec53b793ac210082d45fb497
0b0067abd9ba644e50ccf75dc644efe7881c65580
0b0067abd9ba644e50ccf75dc644efe7881c65581
0b0067abd9ba644e50ccf75dc644efe7881c65582
0b0067abd9ba644e50ccf75dc644efe7881c65583
0b0067abd9ba644e50ccf75dc644efe7881c65584
0b0067abd9ba644e50ccf75dc644efe7881c65585
0b0067abd9ba644e50ccf75dc644efe7881c65587
393f07ab970bfbd897c08846dd216d95e6660c220
393f07ab970bfbd897c08846dd216d95e6660c221
393f07ab970bfbd897c08846dd216d95e6660c223
393f07ab970bfbd897c08846dd216d95e6660c225
b6ce014097146c5ce7da43661ed74320f2ef01a91
b6ce014097146c5ce7da43661ed74320f2ef01a92
b6ce014097146c5ce7da43661ed74320f2ef01a95
b6ce014097146c5ce7da43661ed74320f2ef01a96
b6ce014097146c5ce7da43661ed74320f2ef01a97
b6ce014097146c5ce7da43661ed74320f2ef01a98
67ab697c3e2d707e3b7d070199b065b1541c89252
67ab697c3e2d707e3b7d070199b065b1541c89254
5a5bbf8f16be3ae3bc6dcab5bebf90cb9cbc39d47
8c6a3a845f42177e889155e3136df55c8f1f01ab1
8c6a3a845f42177e889155e3136df55c8f1f01ab4
275c394041684222a3258c62ffc5773d931c98061
275c394041684222a3258c62ffc5773d931c98063
275c394041684222a3258c62ffc5773d931c98066
1f3016521eb8da9897e95204176995efe197a6572
1f3016521eb8da9897e95204176995efe197a6573
1f3016521eb8da9897e95204176995efe197a6577
7bfc9c5e97a8093b650805f5dba97502a69043930
7bfc9c5e97a8093b650805f5dba97502a69043931
7bfc9c5e97a8093b650805f5dba97502a69043932
7bfc9c5e97a8093b650805f5dba97502a69043933
7bfc9c5e97a8093b650805f5dba97502a69043934
7bfc9c5e97a8093b650805f5dba97502a69043935
b5687e4c60fe62a420ae0a076f4358892b54bc2a4
d0592f7af19092ee907743cb89b6e72376e154150
d0592f7af19092ee907743cb89b6e72376e154151
d0592f7af19092ee907743cb89b6e72376e154152
d0592f7af19092ee907743cb89b6e72376e154153
d0592f7af19092ee907743cb89b6e72376e154155
d0592f7af19092ee907743cb89b6e72376e154156
149b6b47bc149975ba5615831f75a2f18dfa485f1
149b6b47bc149975ba5615831f75a2f18dfa485f2
149b6b47bc149975ba5615831f75a2f18dfa485f3
149b6b47bc149975ba5615831f75a2f18dfa485f5
e9c52eb123ca032a8be40f9373e1471236509e5e0
e9c52eb123ca032a8be40f9373e1471236509e5e1
e9c52eb123ca032a8be40f9373e1471236509e5e2
e9c52eb123ca032a8be40f9373e1471236509e5e3
cef876d93c4fd3add89ba5fa6bff2a0ab72b79590
cef876d93c4fd3add89ba5fa6bff2a0ab72b79591
cef876d93c4fd3add89ba5fa6bff2a0ab72b79592
cef876d93c4fd3add89ba5fa6bff2a0ab72b79593
cef876d93c4fd3add89ba5fa6bff2a0ab72b79594
cef876d93c4fd3add89ba5fa6bff2a0ab72b79595
cef876d93c4fd3add89ba5fa6bff2a0ab72b79596
cef876d93c4fd3add89ba5fa6bff2a0ab72b79597
cef876d93c4fd3add89ba5fa6bff2a0ab72b79598
8c1d02cf04a80b4fc0d1ef1fe51db1a254f9917e3
8c1d02cf04a80b4fc0d1ef1fe51db1a254f9917e6
879e68a2b78b3cf3f5c2581bbf6093871143ed7b0
879e68a2b78b3cf3f5c2581bbf6093871143ed7b1
3c5b68b58c34853baa534d1265ec7fde00d4eb4e10
54b7189d76ea4c180d13255418aac5c755c48b660
54b7189d76ea4c180d13255418aac5c755c48b661
54b7189d76ea4c180d13255418aac5c755c48b662
54b7189d76ea4c180d13255418aac5c755c48b664
54b7189d76ea4c180d13255418aac5c755c48b665
54b7189d76ea4c180d13255418aac5c755c48b666
4a366da724fd9e6db666114f8831abcf26a0eaec0
4a366da724fd9e6db666114f8831abcf26a0eaec1
4a366da724fd9e6db666114f8831abcf26a0eaec2
4a366da724fd9e6db666114f8831abcf26a0eaec3
4a366da724fd9e6db666114f8831abcf26a0eaec5
4a366da724fd9e6db666114f8831abcf26a0eaec8
0a8250b682993c54b33bfa0562ca3190423ab4170
0a8250b682993c54b33bfa0562ca3190423ab4171
0a8250b682993c54b33bfa0562ca3190423ab4174
0a8250b682993c54b33bfa0562ca3190423ab4175
0a8250b682993c54b33bfa0562ca3190423ab4176
0a8250b682993c54b33bfa0562ca3190423ab4177
48571fa4c5e34dd7b5b1576e0b6bbad2076006fe1
48571fa4c5e34dd7b5b1576e0b6bbad2076006fe2
48571fa4c5e34dd7b5b1576e0b6bbad2076006fe6
54da453b9a3d1ac08df74b75c5f0a886d1da89856
bf7daa590b87b58da1722f0629daf41e2b9316bc0
bf7daa590b87b58da1722f0629daf41e2b9316bc1
bf7daa590b87b58da1722f0629daf41e2b9316bc2
bf7daa590b87b58da1722f0629daf41e2b9316bc3
bf7daa590b87b58da1722f0629daf41e2b9316bc4
bf7daa590b87b58da1722f0629daf41e2b9316bc5
b8e054c23466ccbf59c5bd9a117181b3e4b2b5942
b8e054c23466ccbf59c5bd9a117181b3e4b2b5943
b8e054c23466ccbf59c5bd9a117181b3e4b2b5944
b8e054c23466ccbf59c5bd9a117181b3e4b2b5945
b8e054c23466ccbf59c5bd9a117181b3e4b2b5946
b8e054c23466ccbf59c5bd9a117181b3e4b2b5947
156c1832c9a0a5d91fed9a358b6eb65099051e990
156c1832c9a0a5d91fed9a358b6eb65099051e991
156c1832c9a0a5d91fed9a358b6eb65099051e993
156c1832c9a0a5d91fed9a358b6eb65099051e994
5b05a49c585ab198d1703e2819b3199fb9b6147f0
5b05a49c585ab198d1703e2819b3199fb9b6147f2
3eee54837b9ba35a77fc53701f4fee706eb73ed82
3eee54837b9ba35a77fc53701f4fee706eb73ed86
9a0d14155b86e213894dc6af412b5ae6a3423e725
9a0d14155b86e213894dc6af412b5ae6a3423e727
9a0d14155b86e213894dc6af412b5ae6a3423e729
0ac1fbe30fa074f91c280997ad8d980202430c5d0
0ac1fbe30fa074f91c280997ad8d980202430c5d3
0ac1fbe30fa074f91c280997ad8d980202430c5d5
0ac1fbe30fa074f91c280997ad8d980202430c5d9
0ac1fbe30fa074f91c280997ad8d980202430c5d10
0ac1fbe30fa074f91c280997ad8d980202430c5d11
f451a7f84d63ca85e6334284c4d54385498ef4d73
f451a7f84d63ca85e6334284c4d54385498ef4d75
f451a7f84d63ca85e6334284c4d54385498ef4d76
178553e5464c8537272fa666dcca40dc6e2b25690
178553e5464c8537272fa666dcca40dc6e2b25691
178553e5464c8537272fa666dcca40dc6e2b25692
8093dba7bc2260c26f18939826909ef27549c7580
8093dba7bc2260c26f18939826909ef27549c7581
8093dba7bc2260c26f18939826909ef27549c7582
8093dba7bc2260c26f18939826909ef27549c7583
8093dba7bc2260c26f18939826909ef27549c7584
01d7341b501dc858faad7609cd77772d3db820470
01d7341b501dc858faad7609cd77772d3db820471
01d7341b501dc858faad7609cd77772d3db820472
01d7341b501dc858faad7609cd77772d3db820473
01d7341b501dc858faad7609cd77772d3db820474
01d7341b501dc858faad7609cd77772d3db820475
01d7341b501dc858faad7609cd77772d3db820476
01d7341b501dc858faad7609cd77772d3db820477
4eaef0391cf553abf35256150a09ee0d9b281bc60
4eaef0391cf553abf35256150a09ee0d9b281bc61
4eaef0391cf553abf35256150a09ee0d9b281bc62
4eaef0391cf553abf35256150a09ee0d9b281bc63
4eaef0391cf553abf35256150a09ee0d9b281bc64
4eaef0391cf553abf35256150a09ee0d9b281bc65
4eaef0391cf553abf35256150a09ee0d9b281bc66
a4c5f7cf63b76943f9bbb1e3097818a4195108bc3
a4c5f7cf63b76943f9bbb1e3097818a4195108bc7
ea4bfceb8602c2bc30c8ccb7a75b55047a2c0e370
ea4bfceb8602c2bc30c8ccb7a75b55047a2c0e371
ea4bfceb8602c2bc30c8ccb7a75b55047a2c0e372
ea4bfceb8602c2bc30c8ccb7a75b55047a2c0e373
ea4bfceb8602c2bc30c8ccb7a75b55047a2c0e374
ea4bfceb8602c2bc30c8ccb7a75b55047a2c0e375
ea4bfceb8602c2bc30c8ccb7a75b55047a2c0e377
d9c5b55da8f636a208b01d994c9d007b2add39d16
6d836bf7dc1a756176466f81a72b4945ac4a46b22
6d836bf7dc1a756176466f81a72b4945ac4a46b23
6d836bf7dc1a756176466f81a72b4945ac4a46b24
6d836bf7dc1a756176466f81a72b4945ac4a46b25
6d836bf7dc1a756176466f81a72b4945ac4a46b26
6d836bf7dc1a756176466f81a72b4945ac4a46b27
d292c17a6f808ff4f19075558fd4359f9cbc5f001
d292c17a6f808ff4f19075558fd4359f9cbc5f002
d292c17a6f808ff4f19075558fd4359f9cbc5f003
d292c17a6f808ff4f19075558fd4359f9cbc5f004
d292c17a6f808ff4f19075558fd4359f9cbc5f005
d292c17a6f808ff4f19075558fd4359f9cbc5f007
d292c17a6f808ff4f19075558fd4359f9cbc5f008
21dddc46484d7e3fdae03d03b2fbfb3ea9f970820
21dddc46484d7e3fdae03d03b2fbfb3ea9f970821
21dddc46484d7e3fdae03d03b2fbfb3ea9f970822
21dddc46484d7e3fdae03d03b2fbfb3ea9f970823
21dddc46484d7e3fdae03d03b2fbfb3ea9f970824
21dddc46484d7e3fdae03d03b2fbfb3ea9f970825
21dddc46484d7e3fdae03d03b2fbfb3ea9f970826
21dddc46484d7e3fdae03d03b2fbfb3ea9f970827
4f4a0c11934970c0e191ebb831186337d9d419240
4f4a0c11934970c0e191ebb831186337d9d419244
4f4a0c11934970c0e191ebb831186337d9d419245
0914e3c80a676e14e225504cb759103503f3f1e06
0914e3c80a676e14e225504cb759103503f3f1e014
0c64657adc77b769fb0177a7cd5611eae07255f40
0c64657adc77b769fb0177a7cd5611eae07255f41
0c64657adc77b769fb0177a7cd5611eae07255f45
b7bf8b66dc22b093f9abe14b259986b6bb34b62a2
b7bf8b66dc22b093f9abe14b259986b6bb34b62a3
b7bf8b66dc22b093f9abe14b259986b6bb34b62a4
25c26cfb67d84f80268ead13034b8a57e54672b70
25c26cfb67d84f80268ead13034b8a57e54672b72
25c26cfb67d84f80268ead13034b8a57e54672b75
25c26cfb67d84f80268ead13034b8a57e54672b77
e0d5e79de89963fb4038d1e30923e3f65cc54e9f1
e0d5e79de89963fb4038d1e30923e3f65cc54e9f7
31458339bdc234319b487435da05c16fd8739dfd0
31458339bdc234319b487435da05c16fd8739dfd2
31458339bdc234319b487435da05c16fd8739dfd3
31458339bdc234319b487435da05c16fd8739dfd4
31458339bdc234319b487435da05c16fd8739dfd7
6d23b0212da7a9ac6d3f83477c1d474ac66767c60
9b237716a3775010bb0a7d8a89b60ad80818984d3
ecba4bd57a776abcb97795b4e4862daf2836d0c03
ecba4bd57a776abcb97795b4e4862daf2836d0c07
6d94f7f790a07b7d38ee1cec6b0a1e1b1ec66a810
6d94f7f790a07b7d38ee1cec6b0a1e1b1ec66a812
6d94f7f790a07b7d38ee1cec6b0a1e1b1ec66a813
6d94f7f790a07b7d38ee1cec6b0a1e1b1ec66a814
6d94f7f790a07b7d38ee1cec6b0a1e1b1ec66a817
6d94f7f790a07b7d38ee1cec6b0a1e1b1ec66a818
6d94f7f790a07b7d38ee1cec6b0a1e1b1ec66a819
6d94f7f790a07b7d38ee1cec6b0a1e1b1ec66a8110
7e43e9a2c67829721ff9f68147285c579e2c8a706
7cdd879f7f6cc2fc921a2549c026539df963f3ca1
7cdd879f7f6cc2fc921a2549c026539df963f3ca2
7cdd879f7f6cc2fc921a2549c026539df963f3ca3
7cdd879f7f6cc2fc921a2549c026539df963f3ca4
7cdd879f7f6cc2fc921a2549c026539df963f3ca5
be043911a5d30f72d7724cf1c493b79ab9d8ba144
be043911a5d30f72d7724cf1c493b79ab9d8ba146
ae41c9d1859553f4dca019dfe977860bc7975b5c0
ae41c9d1859553f4dca019dfe977860bc7975b5c1
ae41c9d1859553f4dca019dfe977860bc7975b5c2
ae41c9d1859553f4dca019dfe977860bc7975b5c3
ae41c9d1859553f4dca019dfe977860bc7975b5c4
7cbfbe752d8a201d6e45520ee3e305f5deba67ac0
7cbfbe752d8a201d6e45520ee3e305f5deba67ac1
7cbfbe752d8a201d6e45520ee3e305f5deba67ac2
7cbfbe752d8a201d6e45520ee3e305f5deba67ac3
7cbfbe752d8a201d6e45520ee3e305f5deba67ac4
7cbfbe752d8a201d6e45520ee3e305f5deba67ac5
7cbfbe752d8a201d6e45520ee3e305f5deba67ac6
7cbfbe752d8a201d6e45520ee3e305f5deba67ac7
7cbfbe752d8a201d6e45520ee3e305f5deba67ac8
acda10ae304b71f5ab952d780ca65ad1a41e6fc10
49d4ad731a44b7576e3e3271b1eee2f0219883c22
49d4ad731a44b7576e3e3271b1eee2f0219883c24
49d4ad731a44b7576e3e3271b1eee2f0219883c28
49d4ad731a44b7576e3e3271b1eee2f0219883c29
8e20d197cf2b4b0cae87c484a07715adcf59ff9d0
8e20d197cf2b4b0cae87c484a07715adcf59ff9d1
8e20d197cf2b4b0cae87c484a07715adcf59ff9d2
8e20d197cf2b4b0cae87c484a07715adcf59ff9d3
8e20d197cf2b4b0cae87c484a07715adcf59ff9d4
8e20d197cf2b4b0cae87c484a07715adcf59ff9d5
8e20d197cf2b4b0cae87c484a07715adcf59ff9d6
8e20d197cf2b4b0cae87c484a07715adcf59ff9d7
8e20d197cf2b4b0cae87c484a07715adcf59ff9d8
116bded692ea4842fb7092373116899a4e7d70c81
116bded692ea4842fb7092373116899a4e7d70c82
116bded692ea4842fb7092373116899a4e7d70c83
116bded692ea4842fb7092373116899a4e7d70c86
59da58dd64db6def67b55cc98056f4914e205e770
59da58dd64db6def67b55cc98056f4914e205e771
59da58dd64db6def67b55cc98056f4914e205e772
59da58dd64db6def67b55cc98056f4914e205e773
59da58dd64db6def67b55cc98056f4914e205e774
59da58dd64db6def67b55cc98056f4914e205e775
59da58dd64db6def67b55cc98056f4914e205e776
59da58dd64db6def67b55cc98056f4914e205e777
1a1c2839d82cb89ee86f0daf3218a1e7f628b6812
1a1c2839d82cb89ee86f0daf3218a1e7f628b6813
f126bb4a13adb713f6cec5dbefb9ad05a8fd80840
f126bb4a13adb713f6cec5dbefb9ad05a8fd80841
f126bb4a13adb713f6cec5dbefb9ad05a8fd80842
f126bb4a13adb713f6cec5dbefb9ad05a8fd80845
f126bb4a13adb713f6cec5dbefb9ad05a8fd80846
f126bb4a13adb713f6cec5dbefb9ad05a8fd80847
f126bb4a13adb713f6cec5dbefb9ad05a8fd80848
64616e1747af9eba01fef433e1929c440a37ceea0
64616e1747af9eba01fef433e1929c440a37ceea1
64616e1747af9eba01fef433e1929c440a37ceea2
b87695982145b1e46e727824f52ecbe374a4df8e0
b87695982145b1e46e727824f52ecbe374a4df8e3
b87695982145b1e46e727824f52ecbe374a4df8e6
b87695982145b1e46e727824f52ecbe374a4df8e7
4cf8449964f8e60adec21bef5a43def948617af80
4cf8449964f8e60adec21bef5a43def948617af82
4cf8449964f8e60adec21bef5a43def948617af85
4cf8449964f8e60adec21bef5a43def948617af87
3cc2fa9d872cea16c23b243301499ffc863697080
3cc2fa9d872cea16c23b243301499ffc863697081
3cc2fa9d872cea16c23b243301499ffc863697082
aadee19cb8c3afe90bd21ae36fea1b12420b03780
aadee19cb8c3afe90bd21ae36fea1b12420b03782
aadee19cb8c3afe90bd21ae36fea1b12420b03783
aadee19cb8c3afe90bd21ae36fea1b12420b03784
aadee19cb8c3afe90bd21ae36fea1b12420b03785
aadee19cb8c3afe90bd21ae36fea1b12420b03786
9e15060460a6725fc9742aa2310ad005441421f80
9e15060460a6725fc9742aa2310ad005441421f81
9e15060460a6725fc9742aa2310ad005441421f82
9e15060460a6725fc9742aa2310ad005441421f83
9e15060460a6725fc9742aa2310ad005441421f84
fab4a6594f255b5970a1537a2a4b63f7dd11a2ba0
fab4a6594f255b5970a1537a2a4b63f7dd11a2ba1
0e535d2d842d1db2fd1cf862a21821fc9f82cd492
0e535d2d842d1db2fd1cf862a21821fc9f82cd493
0e535d2d842d1db2fd1cf862a21821fc9f82cd495
0e535d2d842d1db2fd1cf862a21821fc9f82cd496
629c06761462f9891ea74c5346b27c8fb19200776
b569afa19f98e60543ffdbe6b6e47f65565844d18
1dd6a867425e6d5418cd6bb314feebdc9737a1230
1dd6a867425e6d5418cd6bb314feebdc9737a1238
31d58cb7bd8419354732528ae347149b6caf82020
31d58cb7bd8419354732528ae347149b6caf82023
31d58cb7bd8419354732528ae347149b6caf82024
31d58cb7bd8419354732528ae347149b6caf82025
31d58cb7bd8419354732528ae347149b6caf82026
67142505a596c1ed033384358400456167378c200
67142505a596c1ed033384358400456167378c201
67142505a596c1ed033384358400456167378c202
67142505a596c1ed033384358400456167378c203
67142505a596c1ed033384358400456167378c204
67142505a596c1ed033384358400456167378c205
67142505a596c1ed033384358400456167378c206
67142505a596c1ed033384358400456167378c207
67142505a596c1ed033384358400456167378c208
57ce630e55452eca2d5501a55f5ff1c51b7b06170
57ce630e55452eca2d5501a55f5ff1c51b7b06171
57ce630e55452eca2d5501a55f5ff1c51b7b06172
a9912896ddfd6107ce3527e2802353123d9cff6b0
a9912896ddfd6107ce3527e2802353123d9cff6b1
a9912896ddfd6107ce3527e2802353123d9cff6b3
a9912896ddfd6107ce3527e2802353123d9cff6b4
a9912896ddfd6107ce3527e2802353123d9cff6b5
29d5aa9a9f1802cccd7624c9796c9786998a066b0
29d5aa9a9f1802cccd7624c9796c9786998a066b1
29d5aa9a9f1802cccd7624c9796c9786998a066b3
29d5aa9a9f1802cccd7624c9796c9786998a066b5
29d5aa9a9f1802cccd7624c9796c9786998a066b6
29d5aa9a9f1802cccd7624c9796c9786998a066b7
306e4e5f484ad63435ec5fd69bfef54157882feb0
306e4e5f484ad63435ec5fd69bfef54157882feb2
306e4e5f484ad63435ec5fd69bfef54157882feb7
a739aeca19d6a79a711d76c6d5746e73d5d3f4501
a739aeca19d6a79a711d76c6d5746e73d5d3f4502
a739aeca19d6a79a711d76c6d5746e73d5d3f4503
a739aeca19d6a79a711d76c6d5746e73d5d3f4504
a739aeca19d6a79a711d76c6d5746e73d5d3f4506
4968f5576b5a2b51a027cb5c9a9b29a29f778ccb0
4968f5576b5a2b51a027cb5c9a9b29a29f778ccb2
4968f5576b5a2b51a027cb5c9a9b29a29f778ccb3
4968f5576b5a2b51a027cb5c9a9b29a29f778ccb4
1b40aea581ddd2c672973cd588d4f2278f3cf3ea0
1b40aea581ddd2c672973cd588d4f2278f3cf3ea3
1b40aea581ddd2c672973cd588d4f2278f3cf3ea4
1b40aea581ddd2c672973cd588d4f2278f3cf3ea5
1b40aea581ddd2c672973cd588d4f2278f3cf3ea6
ae38b2d1ca4e839c6e1655ff27a9f5952f8be2de0
ae38b2d1ca4e839c6e1655ff27a9f5952f8be2de1
ae38b2d1ca4e839c6e1655ff27a9f5952f8be2de2
ae38b2d1ca4e839c6e1655ff27a9f5952f8be2de3
ae38b2d1ca4e839c6e1655ff27a9f5952f8be2de4
ae38b2d1ca4e839c6e1655ff27a9f5952f8be2de5
ae38b2d1ca4e839c6e1655ff27a9f5952f8be2de6
ae38b2d1ca4e839c6e1655ff27a9f5952f8be2de7
3b7da246bc58865197f27363694ca9391a7e21ed1
3b7da246bc58865197f27363694ca9391a7e21ed2
3b7da246bc58865197f27363694ca9391a7e21ed3
3b7da246bc58865197f27363694ca9391a7e21ed4
3b7da246bc58865197f27363694ca9391a7e21ed5
3b7da246bc58865197f27363694ca9391a7e21ed6
ebb199874efb8b743e0548546686a2324022b5ae0
ebb199874efb8b743e0548546686a2324022b5ae3
98bffc925ffd133faf3b221dca98c0d905d5bf6b2
e60945ad25f6cd8db56a0824201cca35d28059e82
a1f6460dc520484c1d900924f322b106dc4b212f1
a1f6460dc520484c1d900924f322b106dc4b212f2
a1f6460dc520484c1d900924f322b106dc4b212f3
a1f6460dc520484c1d900924f322b106dc4b212f5
b5313efdec6d9afa6f43f26378c6065fcc9c75353
b5313efdec6d9afa6f43f26378c6065fcc9c75356
b5313efdec6d9afa6f43f26378c6065fcc9c75357
b5313efdec6d9afa6f43f26378c6065fcc9c75358
0abf4bacd3194af1f0c8f254489fddb925d0f4de2
0abf4bacd3194af1f0c8f254489fddb925d0f4de4
0abf4bacd3194af1f0c8f254489fddb925d0f4de6
5faf0b7632ae383290e1f7f4b84489f9a0f47e037
6573f73a897ec00e2c037f959d832d04aa1a5ab38
94b15ad6efcd6d47dfcc242135be481fceb7f6344
dfcb9914c8e7a11db02207ce69beecf0416bb5c30
dfcb9914c8e7a11db02207ce69beecf0416bb5c32
dfcb9914c8e7a11db02207ce69beecf0416bb5c34
dfcb9914c8e7a11db02207ce69beecf0416bb5c35
dfcb9914c8e7a11db02207ce69beecf0416bb5c36
4507e1fc11bdd95990cdc7da86b7856e677233610
4507e1fc11bdd95990cdc7da86b7856e677233611
4507e1fc11bdd95990cdc7da86b7856e677233612
4507e1fc11bdd95990cdc7da86b7856e677233614
4507e1fc11bdd95990cdc7da86b7856e677233615
4507e1fc11bdd95990cdc7da86b7856e677233616
4507e1fc11bdd95990cdc7da86b7856e677233617
4507e1fc11bdd95990cdc7da86b7856e677233618
e25212f027aab549fb961726008c0d632504461f0
e25212f027aab549fb961726008c0d632504461f1
e25212f027aab549fb961726008c0d632504461f2
e25212f027aab549fb961726008c0d632504461f3
e25212f027aab549fb961726008c0d632504461f4
e25212f027aab549fb961726008c0d632504461f5
e25212f027aab549fb961726008c0d632504461f7
e37709365f15f5738aa49e83b1dec556baa571990
e37709365f15f5738aa49e83b1dec556baa571991
e37709365f15f5738aa49e83b1dec556baa571992
e37709365f15f5738aa49e83b1dec556baa571993
e37709365f15f5738aa49e83b1dec556baa571994
e37709365f15f5738aa49e83b1dec556baa571995
e37709365f15f5738aa49e83b1dec556baa571996
e37709365f15f5738aa49e83b1dec556baa571997
4595887f77da528d9999c85702ccd1275fb7354d0
4595887f77da528d9999c85702ccd1275fb7354d1
4595887f77da528d9999c85702ccd1275fb7354d2
4595887f77da528d9999c85702ccd1275fb7354d3
4595887f77da528d9999c85702ccd1275fb7354d4
4595887f77da528d9999c85702ccd1275fb7354d5
4595887f77da528d9999c85702ccd1275fb7354d6
4595887f77da528d9999c85702ccd1275fb7354d7
4595887f77da528d9999c85702ccd1275fb7354d8
ffd3b2bc04d64133d50a2cbf015eb199f15148450
ffd3b2bc04d64133d50a2cbf015eb199f15148451
ffd3b2bc04d64133d50a2cbf015eb199f15148452
ffd3b2bc04d64133d50a2cbf015eb199f15148455
ffd3b2bc04d64133d50a2cbf015eb199f15148456
db3b644ae448c0507279082dd473e150eac616830
db3b644ae448c0507279082dd473e150eac616833
db3b644ae448c0507279082dd473e150eac616834
db3b644ae448c0507279082dd473e150eac616837
50990fd6870521c972c0555141575f318d1c66203
9d8c475001a8e44797aa009117da9d1dd0f368e90
9d8c475001a8e44797aa009117da9d1dd0f368e91
9d8c475001a8e44797aa009117da9d1dd0f368e92
9d8c475001a8e44797aa009117da9d1dd0f368e93
9d8c475001a8e44797aa009117da9d1dd0f368e94
9d8c475001a8e44797aa009117da9d1dd0f368e95
9d8c475001a8e44797aa009117da9d1dd0f368e96
7c3b226d5399ea7cdcc8171047d12c149d25f3201
7c3b226d5399ea7cdcc8171047d12c149d25f3202
7c3b226d5399ea7cdcc8171047d12c149d25f3203
7c3b226d5399ea7cdcc8171047d12c149d25f3204
7c3b226d5399ea7cdcc8171047d12c149d25f3205
7c3b226d5399ea7cdcc8171047d12c149d25f3206
7c3b226d5399ea7cdcc8171047d12c149d25f3207
503a6fca6b41198bdd1b09ab0ba63b660e77a8128
61bf5eaa216e352650a2022133304e009276a1fb1
61bf5eaa216e352650a2022133304e009276a1fb2
61bf5eaa216e352650a2022133304e009276a1fb3
61bf5eaa216e352650a2022133304e009276a1fb4
61bf5eaa216e352650a2022133304e009276a1fb5
61bf5eaa216e352650a2022133304e009276a1fb6
61bf5eaa216e352650a2022133304e009276a1fb7
7071e8a1b784b6fce2f5837ed116c5d0deabe2d46
d9ea64de844086c1430636ce80cd2849e3fb25e72
668c0cf0153c88ed478f2917967102c47883b2423
2063ae58821dc2870cedf2acdfaf187277e7c72f0
2063ae58821dc2870cedf2acdfaf187277e7c72f1
2063ae58821dc2870cedf2acdfaf187277e7c72f3
2063ae58821dc2870cedf2acdfaf187277e7c72f4
2063ae58821dc2870cedf2acdfaf187277e7c72f5
2063ae58821dc2870cedf2acdfaf187277e7c72f6
e26d9215e36caeee46bb871e6c47b01aae78e2a50
e26d9215e36caeee46bb871e6c47b01aae78e2a52
e26d9215e36caeee46bb871e6c47b01aae78e2a53
e26d9215e36caeee46bb871e6c47b01aae78e2a54
e26d9215e36caeee46bb871e6c47b01aae78e2a55
e26d9215e36caeee46bb871e6c47b01aae78e2a56
e26d9215e36caeee46bb871e6c47b01aae78e2a57
770becc2572faf9b98e57a31f3c1596d99d58df20
770becc2572faf9b98e57a31f3c1596d99d58df21
770becc2572faf9b98e57a31f3c1596d99d58df23
770becc2572faf9b98e57a31f3c1596d99d58df24
770becc2572faf9b98e57a31f3c1596d99d58df25
770becc2572faf9b98e57a31f3c1596d99d58df26
770becc2572faf9b98e57a31f3c1596d99d58df27
770becc2572faf9b98e57a31f3c1596d99d58df28
fcb92b64354774a249fd1c56d98ac4570dc82d2c3
48b4d06249e9350966909cf2a88fed2777023fc81
48b4d06249e9350966909cf2a88fed2777023fc82
48b4d06249e9350966909cf2a88fed2777023fc84
fdb2b65b9cb99b7d52559ae647cae293cb5910d30
fdb2b65b9cb99b7d52559ae647cae293cb5910d31
fdb2b65b9cb99b7d52559ae647cae293cb5910d32
fdb2b65b9cb99b7d52559ae647cae293cb5910d35
a8ba19610ceebec21d706a08c1f2f197b5c74cd41
a8ba19610ceebec21d706a08c1f2f197b5c74cd42
a8ba19610ceebec21d706a08c1f2f197b5c74cd47
ba295636bdcc7b3f42a30f6e0d1f6e66b65ab9830
ba295636bdcc7b3f42a30f6e0d1f6e66b65ab9833
ba295636bdcc7b3f42a30f6e0d1f6e66b65ab9835
d7783bd2bf5ad92156962380342411c2eb0688530
d7783bd2bf5ad92156962380342411c2eb0688531
d7783bd2bf5ad92156962380342411c2eb0688532
d7783bd2bf5ad92156962380342411c2eb0688533
d7783bd2bf5ad92156962380342411c2eb0688534
d7783bd2bf5ad92156962380342411c2eb0688535
d7783bd2bf5ad92156962380342411c2eb0688537
d7783bd2bf5ad92156962380342411c2eb0688538
d7783bd2bf5ad92156962380342411c2eb0688539
d7783bd2bf5ad92156962380342411c2eb06885310
d7783bd2bf5ad92156962380342411c2eb06885311
d3c47f12ed8e7d7c2e4c522868064892fc164a390
d3c47f12ed8e7d7c2e4c522868064892fc164a393
d3c47f12ed8e7d7c2e4c522868064892fc164a394
86bd905861391cbd3a98de15c83768b6d14003042
86bd905861391cbd3a98de15c83768b6d14003043
86bd905861391cbd3a98de15c83768b6d14003044
86bd905861391cbd3a98de15c83768b6d14003045
86bd905861391cbd3a98de15c83768b6d14003046
86bd905861391cbd3a98de15c83768b6d14003047
b800553c300e7c445f56d81f9bfe453382d18fa60
b800553c300e7c445f56d81f9bfe453382d18fa64
4e49776d0bcaddfb79c67d58856d6c838679932e0
4e49776d0bcaddfb79c67d58856d6c838679932e4
4e49776d0bcaddfb79c67d58856d6c838679932e7
0bdc0ca2c32a8f32b0ada06c81505e018fbb9a354
da0f1127b4329b89e3e1d573533d008953276f290
da0f1127b4329b89e3e1d573533d008953276f291
da0f1127b4329b89e3e1d573533d008953276f292
da0f1127b4329b89e3e1d573533d008953276f293
da0f1127b4329b89e3e1d573533d008953276f294
da0f1127b4329b89e3e1d573533d008953276f295
da0f1127b4329b89e3e1d573533d008953276f296
da0f1127b4329b89e3e1d573533d008953276f297
df4bd7ae65a61254275fb90589de4d9336a1aa7a0
df4bd7ae65a61254275fb90589de4d9336a1aa7a1
df4bd7ae65a61254275fb90589de4d9336a1aa7a3
df4bd7ae65a61254275fb90589de4d9336a1aa7a5
bf78014519d01ed9b18525cadb983003696cb8c70
bf78014519d01ed9b18525cadb983003696cb8c74
bf78014519d01ed9b18525cadb983003696cb8c76
bf78014519d01ed9b18525cadb983003696cb8c77
bf78014519d01ed9b18525cadb983003696cb8c710
2299098e4f311fd517fb63b419a60a5356d8822a1
2299098e4f311fd517fb63b419a60a5356d8822a3
2299098e4f311fd517fb63b419a60a5356d8822a4
2299098e4f311fd517fb63b419a60a5356d8822a6
6647c6b77d0c600a7777c2f8aff08e7d2ce768c70
6647c6b77d0c600a7777c2f8aff08e7d2ce768c71
6647c6b77d0c600a7777c2f8aff08e7d2ce768c73
6647c6b77d0c600a7777c2f8aff08e7d2ce768c74
6647c6b77d0c600a7777c2f8aff08e7d2ce768c75
244d99d19c8b106f1bcf9da024c3dcdbf3cd0ebb0
244d99d19c8b106f1bcf9da024c3dcdbf3cd0ebb1
244d99d19c8b106f1bcf9da024c3dcdbf3cd0ebb2
244d99d19c8b106f1bcf9da024c3dcdbf3cd0ebb4
244d99d19c8b106f1bcf9da024c3dcdbf3cd0ebb5
244d99d19c8b106f1bcf9da024c3dcdbf3cd0ebb6
244d99d19c8b106f1bcf9da024c3dcdbf3cd0ebb7
b1065861c98843512e6f78bbab7e990c4ab378561
b1065861c98843512e6f78bbab7e990c4ab378562
b1065861c98843512e6f78bbab7e990c4ab378567
648cde8c3212ddd86769c74a06ee1001a31a13930
648cde8c3212ddd86769c74a06ee1001a31a13931
648cde8c3212ddd86769c74a06ee1001a31a13932
648cde8c3212ddd86769c74a06ee1001a31a13933
648cde8c3212ddd86769c74a06ee1001a31a13934
648cde8c3212ddd86769c74a06ee1001a31a13935
648cde8c3212ddd86769c74a06ee1001a31a13936
648cde8c3212ddd86769c74a06ee1001a31a13937
840610b768222135ae60837b4b943f83269ed9441
840610b768222135ae60837b4b943f83269ed9442
840610b768222135ae60837b4b943f83269ed9443
3f734ae661ff1c227e189e9221763b68775b39ee0
3f734ae661ff1c227e189e9221763b68775b39ee1
3f734ae661ff1c227e189e9221763b68775b39ee2
3f734ae661ff1c227e189e9221763b68775b39ee3
3f734ae661ff1c227e189e9221763b68775b39ee4
3f734ae661ff1c227e189e9221763b68775b39ee5
3f734ae661ff1c227e189e9221763b68775b39ee6
3f734ae661ff1c227e189e9221763b68775b39ee7
3f734ae661ff1c227e189e9221763b68775b39ee8
64c3f4b04f8ba41618bde6de0226b7f2023960240
64c3f4b04f8ba41618bde6de0226b7f2023960241
64c3f4b04f8ba41618bde6de0226b7f2023960243
64c3f4b04f8ba41618bde6de0226b7f2023960244
64c3f4b04f8ba41618bde6de0226b7f2023960245
64c3f4b04f8ba41618bde6de0226b7f2023960246
64c3f4b04f8ba41618bde6de0226b7f2023960247
64c3f4b04f8ba41618bde6de0226b7f2023960249
e1e0fbee1f5df559fda3830710afb660f33cb7b58
34afbe24a8b9aad914a92bd7a2629d3ef7a6d9176
abe07b0f2a5dca8df4bfcf9ec47f4eb90335c1a20
abe07b0f2a5dca8df4bfcf9ec47f4eb90335c1a21
abe07b0f2a5dca8df4bfcf9ec47f4eb90335c1a23
abe07b0f2a5dca8df4bfcf9ec47f4eb90335c1a24
abe07b0f2a5dca8df4bfcf9ec47f4eb90335c1a25
abe07b0f2a5dca8df4bfcf9ec47f4eb90335c1a26
ce8a0911aef45efacb98d86de3f40e29b06377412
ce8a0911aef45efacb98d86de3f40e29b06377413
ce8a0911aef45efacb98d86de3f40e29b06377414
ce8a0911aef45efacb98d86de3f40e29b06377417
ce8a0911aef45efacb98d86de3f40e29b06377418
fc4bc2592c20d71474fa7f676261dc90baea5c8e0
fc4bc2592c20d71474fa7f676261dc90baea5c8e1
fc4bc2592c20d71474fa7f676261dc90baea5c8e3
fc4bc2592c20d71474fa7f676261dc90baea5c8e5
fc4bc2592c20d71474fa7f676261dc90baea5c8e6
fc4bc2592c20d71474fa7f676261dc90baea5c8e8
10b8f29db839d552810d0c5867f23f53a8d326970
10b8f29db839d552810d0c5867f23f53a8d326971
10b8f29db839d552810d0c5867f23f53a8d326973
10b8f29db839d552810d0c5867f23f53a8d326974
727b57a7a5beeffdbc5c4433a3e52b0a57657a8e0
727b57a7a5beeffdbc5c4433a3e52b0a57657a8e1
727b57a7a5beeffdbc5c4433a3e52b0a57657a8e2
727b57a7a5beeffdbc5c4433a3e52b0a57657a8e3
727b57a7a5beeffdbc5c4433a3e52b0a57657a8e4
727b57a7a5beeffdbc5c4433a3e52b0a57657a8e5
727b57a7a5beeffdbc5c4433a3e52b0a57657a8e6
727b57a7a5beeffdbc5c4433a3e52b0a57657a8e7
727b57a7a5beeffdbc5c4433a3e52b0a57657a8e8
1e7d3fc6c8af6636b80eb80e1cc4b068408da1e70
1e7d3fc6c8af6636b80eb80e1cc4b068408da1e71
1e7d3fc6c8af6636b80eb80e1cc4b068408da1e72
1e7d3fc6c8af6636b80eb80e1cc4b068408da1e75
1e7d3fc6c8af6636b80eb80e1cc4b068408da1e77
4ab13b5bec86e8136bb3909a89da001a664da7f80
4ab13b5bec86e8136bb3909a89da001a664da7f81
4ab13b5bec86e8136bb3909a89da001a664da7f83
4ab13b5bec86e8136bb3909a89da001a664da7f85
998e2351f68be303626235f339dbd07aa5373de80
998e2351f68be303626235f339dbd07aa5373de83
998e2351f68be303626235f339dbd07aa5373de85
cce7b1af5b6bfce95a6a0d171517798e6c56df300
cce7b1af5b6bfce95a6a0d171517798e6c56df301
cce7b1af5b6bfce95a6a0d171517798e6c56df302
cce7b1af5b6bfce95a6a0d171517798e6c56df304
cce7b1af5b6bfce95a6a0d171517798e6c56df305
cce7b1af5b6bfce95a6a0d171517798e6c56df306
0cf8c9de6963783f19bd19b4dc446f92d1a32a521
0cf8c9de6963783f19bd19b4dc446f92d1a32a522
0cf8c9de6963783f19bd19b4dc446f92d1a32a523
0cf8c9de6963783f19bd19b4dc446f92d1a32a524
0cf8c9de6963783f19bd19b4dc446f92d1a32a525
9e0ee21af06d853036bcf192e06be1f2505bc3dc1
9e0ee21af06d853036bcf192e06be1f2505bc3dc2
9e0ee21af06d853036bcf192e06be1f2505bc3dc4
9e0ee21af06d853036bcf192e06be1f2505bc3dc5
6fae92132bd95ba114dc6022a5b3dbfbed73246d2
6fae92132bd95ba114dc6022a5b3dbfbed73246d3
6fae92132bd95ba114dc6022a5b3dbfbed73246d4
6fae92132bd95ba114dc6022a5b3dbfbed73246d5
232a64803e44f27fadc5fb58ae8cb9b722868c984
c54e12817ddc45894ab8f8ade37132d6fc36d8a51
6bc8f13e6b81a2f2a6c13c3c95cf5c4ece56cfc33
b34f97d46db499c37aabf394ede925290ef74df84
2a52370fd79b092f62fb38077f99aa48df47accc9
a3f792d7c9889b5a4191a12e9346a28b5abb90a40
a3f792d7c9889b5a4191a12e9346a28b5abb90a41
a3f792d7c9889b5a4191a12e9346a28b5abb90a42
a3f792d7c9889b5a4191a12e9346a28b5abb90a43
a3f792d7c9889b5a4191a12e9346a28b5abb90a44
a3f792d7c9889b5a4191a12e9346a28b5abb90a45
a3f792d7c9889b5a4191a12e9346a28b5abb90a47
a3f792d7c9889b5a4191a12e9346a28b5abb90a49
a3852ae44ed3339f8838dbdc7d606d0a24df89a00
a3852ae44ed3339f8838dbdc7d606d0a24df89a01
a3852ae44ed3339f8838dbdc7d606d0a24df89a02
a3852ae44ed3339f8838dbdc7d606d0a24df89a03
a3852ae44ed3339f8838dbdc7d606d0a24df89a04
a3852ae44ed3339f8838dbdc7d606d0a24df89a05
dd0dc2aff9d86bc79de8ed1ee6aeb0be33b328ed1
dd0dc2aff9d86bc79de8ed1ee6aeb0be33b328ed2
dd0dc2aff9d86bc79de8ed1ee6aeb0be33b328ed3
dd0dc2aff9d86bc79de8ed1ee6aeb0be33b328ed5
dd0dc2aff9d86bc79de8ed1ee6aeb0be33b328ed6
b78fc7d29cd4f7bae514a0880944783076b83f370
b78fc7d29cd4f7bae514a0880944783076b83f371
b78fc7d29cd4f7bae514a0880944783076b83f372
b78fc7d29cd4f7bae514a0880944783076b83f376
dbd0f4e3acbd58b298b83c93ef6b5bcf4100c0a14
dbd0f4e3acbd58b298b83c93ef6b5bcf4100c0a16
67f879da7d4c4ffe3c2765aef7f20406889225fd2
67f879da7d4c4ffe3c2765aef7f20406889225fd4
e1aa3cc0557bc36c8bdb78a78bc24e1770db05cc0
e1aa3cc0557bc36c8bdb78a78bc24e1770db05cc3
e1aa3cc0557bc36c8bdb78a78bc24e1770db05cc5
e1aa3cc0557bc36c8bdb78a78bc24e1770db05cc7
e1aa3cc0557bc36c8bdb78a78bc24e1770db05cc8
e1aa3cc0557bc36c8bdb78a78bc24e1770db05cc11
4744f26cc26ba68987cd4e9f5271a3f0d69d7f4c1
4744f26cc26ba68987cd4e9f5271a3f0d69d7f4c3
4744f26cc26ba68987cd4e9f5271a3f0d69d7f4c6
00962710a65712639b1732041fd9553f5b6587490
00962710a65712639b1732041fd9553f5b6587491
00962710a65712639b1732041fd9553f5b6587492
00962710a65712639b1732041fd9553f5b6587493
00962710a65712639b1732041fd9553f5b6587494
00962710a65712639b1732041fd9553f5b6587496
00962710a65712639b1732041fd9553f5b6587497
00962710a65712639b1732041fd9553f5b6587498
e185011149701c2129b93fb2e621738522677f093
e185011149701c2129b93fb2e621738522677f096
3e471aee217c2421d941f727f308a59e51d5e4760
3e471aee217c2421d941f727f308a59e51d5e4761
3e471aee217c2421d941f727f308a59e51d5e4762
3e471aee217c2421d941f727f308a59e51d5e4763
3e471aee217c2421d941f727f308a59e51d5e4764
3e471aee217c2421d941f727f308a59e51d5e4765
3e471aee217c2421d941f727f308a59e51d5e4766
51205e38fcc145158493df829b48618f3d61371a8
008fc24ca9f4c48a54623bef423a3f2f8db8451a0
008fc24ca9f4c48a54623bef423a3f2f8db8451a1
b7850413f83a04fc32d7a52ef0fc2e79974702134
fafd89b36bc417ca242d666a8d9cfd5e77bab9224
fafd89b36bc417ca242d666a8d9cfd5e77bab9225
fafd89b36bc417ca242d666a8d9cfd5e77bab9228
6177976db1bcc9699662894a574b194fac9a657b2
4389b96165e23e929204738b0931dbe9f2cb87530
4389b96165e23e929204738b0931dbe9f2cb87531
4389b96165e23e929204738b0931dbe9f2cb87532
4389b96165e23e929204738b0931dbe9f2cb87533
4389b96165e23e929204738b0931dbe9f2cb87535
4389b96165e23e929204738b0931dbe9f2cb87536
4389b96165e23e929204738b0931dbe9f2cb87537
4389b96165e23e929204738b0931dbe9f2cb87538
a7882e237ee3538f9f22470aff828c4857746f771
a7882e237ee3538f9f22470aff828c4857746f772
6bc1cd054e025d3b6ec92d9f3333aae1c81febc20
6bc1cd054e025d3b6ec92d9f3333aae1c81febc21
6bc1cd054e025d3b6ec92d9f3333aae1c81febc22
6bc1cd054e025d3b6ec92d9f3333aae1c81febc23
6bc1cd054e025d3b6ec92d9f3333aae1c81febc24
6bc1cd054e025d3b6ec92d9f3333aae1c81febc25
6bc1cd054e025d3b6ec92d9f3333aae1c81febc26
6bc1cd054e025d3b6ec92d9f3333aae1c81febc27
6bc1cd054e025d3b6ec92d9f3333aae1c81febc28
420911971a27a10e76c7b6ccaa584f0bb6f1fee01
420911971a27a10e76c7b6ccaa584f0bb6f1fee02
420911971a27a10e76c7b6ccaa584f0bb6f1fee03
420911971a27a10e76c7b6ccaa584f0bb6f1fee04
420911971a27a10e76c7b6ccaa584f0bb6f1fee05
420911971a27a10e76c7b6ccaa584f0bb6f1fee06
420911971a27a10e76c7b6ccaa584f0bb6f1fee07
420911971a27a10e76c7b6ccaa584f0bb6f1fee08
6f95a187921b94549a5467b3d39a71089412e9d90
3815142d07c8eac1e66f0ef865357e8e8d3caab90
3815142d07c8eac1e66f0ef865357e8e8d3caab91
3815142d07c8eac1e66f0ef865357e8e8d3caab92
3815142d07c8eac1e66f0ef865357e8e8d3caab93
1761fc8c2518e3cd880f00c149f4027f482f07b60
1761fc8c2518e3cd880f00c149f4027f482f07b61
1761fc8c2518e3cd880f00c149f4027f482f07b62
1761fc8c2518e3cd880f00c149f4027f482f07b63
1761fc8c2518e3cd880f00c149f4027f482f07b64
1761fc8c2518e3cd880f00c149f4027f482f07b66
1761fc8c2518e3cd880f00c149f4027f482f07b67
0e7ad86e13fa56a92d7950a33f6f5968751c52360
0e7ad86e13fa56a92d7950a33f6f5968751c52361
0e7ad86e13fa56a92d7950a33f6f5968751c52362
0e7ad86e13fa56a92d7950a33f6f5968751c52363
0e7ad86e13fa56a92d7950a33f6f5968751c52364
0e7ad86e13fa56a92d7950a33f6f5968751c52365
f5ed1ae6cb51599cd82fe5b0a31dcd02e151afb16
ee5a809532be92ae2368c8a5d32895d890c9f1b05
b14b1b5adac5f3ce4d21da4d2f82e69b47b2ee114
9c9e77e832a796a75c6df451270f0e62616362992
4be65bc748e0700cfd5a6b43cb9801c8cd573bc61
4be65bc748e0700cfd5a6b43cb9801c8cd573bc62
4be65bc748e0700cfd5a6b43cb9801c8cd573bc65
4be65bc748e0700cfd5a6b43cb9801c8cd573bc67
5fdfb85fdad939d5ed757e414dd6a6149d97b3bc0
5fdfb85fdad939d5ed757e414dd6a6149d97b3bc5
5fdfb85fdad939d5ed757e414dd6a6149d97b3bc6
5fdfb85fdad939d5ed757e414dd6a6149d97b3bc7
7502ddca220180e851cad8b57bba7549b58fea2c0
7502ddca220180e851cad8b57bba7549b58fea2c2
7502ddca220180e851cad8b57bba7549b58fea2c4
7502ddca220180e851cad8b57bba7549b58fea2c6
7502ddca220180e851cad8b57bba7549b58fea2c7
a2d484b982cee067aa8a63caa2d3cf3de05d60400
a2d484b982cee067aa8a63caa2d3cf3de05d60401
a2d484b982cee067aa8a63caa2d3cf3de05d60405
a2d484b982cee067aa8a63caa2d3cf3de05d60407
a2d484b982cee067aa8a63caa2d3cf3de05d60408
2a5f60811df1861472c2e0ff9ab74bdbdd438d241
2a5f60811df1861472c2e0ff9ab74bdbdd438d242
2a5f60811df1861472c2e0ff9ab74bdbdd438d243
2a5f60811df1861472c2e0ff9ab74bdbdd438d244
2a5f60811df1861472c2e0ff9ab74bdbdd438d245
cf85f7d85c898ff879ea30c300e08bbee727faa53
2e1b2734e63d6517efbf190330aeaeba23e261831
2e1b2734e63d6517efbf190330aeaeba23e261832
2e1b2734e63d6517efbf190330aeaeba23e261833
2e1b2734e63d6517efbf190330aeaeba23e261834
666ea29ccd113e7e6e6258244475d8b9b3a7377b6
16ba247491e2da5d760f36f8f8e6f54dc15514aa3
d6c8f99aa0bfc2f24fab8e18fe4386beb93262273
0a4ad3e3bde9940234b0da392687fb6874be19350
0a4ad3e3bde9940234b0da392687fb6874be19352
0a4ad3e3bde9940234b0da392687fb6874be19354
0a4ad3e3bde9940234b0da392687fb6874be19355
3ca75fc31fc0306cf1693a1c0ed5b5247550cf191
3ca75fc31fc0306cf1693a1c0ed5b5247550cf192
5bb51faf8fff2c2f26b225b41bcc9c47ac3325911
5bb51faf8fff2c2f26b225b41bcc9c47ac3325917
ac19c7c394491dfbf19af9b82c9f5bcf0bb3d9440
ac19c7c394491dfbf19af9b82c9f5bcf0bb3d9441
ac19c7c394491dfbf19af9b82c9f5bcf0bb3d9442
ac19c7c394491dfbf19af9b82c9f5bcf0bb3d9443
ac19c7c394491dfbf19af9b82c9f5bcf0bb3d9444
2e81656515a81bd5c6bf8e3ed516fadedc7d214b0
2e81656515a81bd5c6bf8e3ed516fadedc7d214b1
2e81656515a81bd5c6bf8e3ed516fadedc7d214b5
2e81656515a81bd5c6bf8e3ed516fadedc7d214b6
2e81656515a81bd5c6bf8e3ed516fadedc7d214b8
457e424c1eb1a8fad4a7bc14beb0db8e9cb2d84a2
acf681baa12bc964330935394a67f0782ade89f35
7a11b9b00fc4173e622029c4f5563d07299dab350
7a11b9b00fc4173e622029c4f5563d07299dab351
7a11b9b00fc4173e622029c4f5563d07299dab352
7a11b9b00fc4173e622029c4f5563d07299dab353
7a11b9b00fc4173e622029c4f5563d07299dab354
7a11b9b00fc4173e622029c4f5563d07299dab355
7ec8d71e00e8a3372ca2249a02016800f8293cf92
7ec8d71e00e8a3372ca2249a02016800f8293cf93
7ec8d71e00e8a3372ca2249a02016800f8293cf94
7ec8d71e00e8a3372ca2249a02016800f8293cf96
7ec8d71e00e8a3372ca2249a02016800f8293cf97
7ec8d71e00e8a3372ca2249a02016800f8293cf98
d7e930dc594c80a9f8b7b640cb7e89d6e66a390b2
d7e930dc594c80a9f8b7b640cb7e89d6e66a390b3
66cac7fb53c3d297b3bba63f91c8e9086735a2cd0
66cac7fb53c3d297b3bba63f91c8e9086735a2cd1
66cac7fb53c3d297b3bba63f91c8e9086735a2cd2
66cac7fb53c3d297b3bba63f91c8e9086735a2cd3
66cac7fb53c3d297b3bba63f91c8e9086735a2cd4
66cac7fb53c3d297b3bba63f91c8e9086735a2cd6
66cac7fb53c3d297b3bba63f91c8e9086735a2cd7
7e9e655a1bdb66ca474708ff59167c8fdf104c2b0
7e9e655a1bdb66ca474708ff59167c8fdf104c2b2
af9c5da60afa299b146c6369bac332fb4e67e6600
af9c5da60afa299b146c6369bac332fb4e67e6602
af9c5da60afa299b146c6369bac332fb4e67e6603
af9c5da60afa299b146c6369bac332fb4e67e6604
af9c5da60afa299b146c6369bac332fb4e67e6606
af9c5da60afa299b146c6369bac332fb4e67e6607
e0396d3dd17ed72825805cab305fd9596b73b78c0
e0396d3dd17ed72825805cab305fd9596b73b78c1
e0396d3dd17ed72825805cab305fd9596b73b78c2
e0396d3dd17ed72825805cab305fd9596b73b78c4
e0396d3dd17ed72825805cab305fd9596b73b78c6
e0396d3dd17ed72825805cab305fd9596b73b78c7
d6efeb5746f7c6c4127dce19b1f611662e239aae2
259d8cccfcb9b9edc00d757ec6efecde6fc061105
259d8cccfcb9b9edc00d757ec6efecde6fc061109
38bc2f7e83bcf41376a97ad2093230abbf3a10560
38bc2f7e83bcf41376a97ad2093230abbf3a10561
38bc2f7e83bcf41376a97ad2093230abbf3a10562
38bc2f7e83bcf41376a97ad2093230abbf3a10564
38bc2f7e83bcf41376a97ad2093230abbf3a10565
38bc2f7e83bcf41376a97ad2093230abbf3a10566
38bc2f7e83bcf41376a97ad2093230abbf3a10567
9016bbbedef1bb2ac2a441eda0f066818e65f1be6
c6d0128c7d00349795ed27e33220d389951ce0e30
c6d0128c7d00349795ed27e33220d389951ce0e31
c6d0128c7d00349795ed27e33220d389951ce0e32
c6d0128c7d00349795ed27e33220d389951ce0e33
c6d0128c7d00349795ed27e33220d389951ce0e34
c6d0128c7d00349795ed27e33220d389951ce0e37
c6d0128c7d00349795ed27e33220d389951ce0e38
3de916a84cae6c1dee0076f4e5d6e26fc95c32420
3de916a84cae6c1dee0076f4e5d6e26fc95c32421
3de916a84cae6c1dee0076f4e5d6e26fc95c32424
3de916a84cae6c1dee0076f4e5d6e26fc95c32427
efeda2d45419ab21b0643a338b4a442b752a44260
efeda2d45419ab21b0643a338b4a442b752a44261
963cbc7820b42eaa7b7a82d178c6a387a70a6a3c4
6161035ee87d210d509c9b7db78d15a18f7da5231
6161035ee87d210d509c9b7db78d15a18f7da5232
6161035ee87d210d509c9b7db78d15a18f7da5234
6161035ee87d210d509c9b7db78d15a18f7da5235
fd4bd93f0e11cec9a6c3f50441b6023b1e5825810
fd4bd93f0e11cec9a6c3f50441b6023b1e5825811
fd4bd93f0e11cec9a6c3f50441b6023b1e5825812
fd4bd93f0e11cec9a6c3f50441b6023b1e5825813
f42660081197afdfbe7dd34f8fcb608fb26dd9c40
f42660081197afdfbe7dd34f8fcb608fb26dd9c41
f42660081197afdfbe7dd34f8fcb608fb26dd9c42
f42660081197afdfbe7dd34f8fcb608fb26dd9c43
