Requirement already satisfied: torchvision in /home/usaxena/.local/lib/python3.6/site-packages
Requirement already satisfied: pandas in /home/usaxena/.local/lib/python3.6/site-packages
Requirement already satisfied: torch in /home/usaxena/.local/lib/python3.6/site-packages (from torchvision)
Requirement already satisfied: pillow>=4.1.1 in /home/usaxena/anaconda3/lib/python3.6/site-packages (from torchvision)
Requirement already satisfied: six in /home/usaxena/anaconda3/lib/python3.6/site-packages (from torchvision)
Requirement already satisfied: numpy in /home/usaxena/anaconda3/lib/python3.6/site-packages (from torchvision)
Requirement already satisfied: python-dateutil>=2 in /home/usaxena/anaconda3/lib/python3.6/site-packages (from pandas)
Requirement already satisfied: pytz>=2011k in /home/usaxena/anaconda3/lib/python3.6/site-packages (from pandas)
Requirement already satisfied: pyyaml in /home/usaxena/anaconda3/lib/python3.6/site-packages (from torch->torchvision)
Requirement already satisfied: olefile in /home/usaxena/anaconda3/lib/python3.6/site-packages (from pillow>=4.1.1->torchvision)
Requirement already satisfied: torch==0.3.1 from http://download.pytorch.org/whl/cu90/torch-0.3.1-cp36-cp36m-linux_x86_64.whl in /home/usaxena/.local/lib/python3.6/site-packages
Requirement already satisfied: pyyaml in /home/usaxena/anaconda3/lib/python3.6/site-packages (from torch==0.3.1)
Requirement already satisfied: numpy in /home/usaxena/anaconda3/lib/python3.6/site-packages (from torch==0.3.1)
/home/usaxena/work/s18/696/allennlp/active_learning
Number of datapoints: 87375
Sorting now
Creating file
d2b1578751b94be2482d620e7e312e36440a66f87
c674bd461e416bfeaea2153c36f00d7ff4a66fa26
a150e93fa52eaba281aae9eabe28b3ee4155f2963
9f054c85616ff47b771a11bca9bc434403cecd463
40237e125a636671417676ac5dec28ab697fa6fd0
b2128c5aad67d77423355e3c6cad635d3c7312bd2
528dd38be55bad5a3cca4a424fec288b720a309a1
a0cc5af0b33ae00ac9073d67534c2954bc4082db7
3d1e748024a5a1622cbe77a6527305a743d04d1b2
38649fdccec39afa649297349b2ad2e5e1a39d820
25843df7a6e73bbb2e2180a2b0acf4bfb3bc62216
5957de81c7c1d82f9479617f08daec8bc8b48c390
6390895126471a970b9eeb099f1c1a0c2930a2fa3
8c838abc5efa4f7cf0dfdf6b6a550031f56def815
33530f97118cc905b05cb920671492c7bfdf3a3b14
e386d9ed70bac668fa6048b572f445d9b7b62f756
8eb10504edaf0b096e9e5919ae6cb9ce5824ae385
b7371d04203ad1690be8846eebdbeb596f0c79cc3
4d4ea58f0771c94c9c3ba8c2f844a15ef44e59375
4d4ea58f0771c94c9c3ba8c2f844a15ef44e59377
9e4ec605605e7b860873a03a9baef5fc2f3b272a0
457b2ab2b4edb94c4b67c1219451be80dc369e8b4
6c29b084cd0e5f5a5a20c5ef9f1ba83bf4b23acf2
4b73ca83e3aacc54168e5cdadeabbffe0b5ec9142
16891819e12c08ca1c7c1e279b401f57d67c59112
16891819e12c08ca1c7c1e279b401f57d67c59116
4be09c72c88d6a7975b04bf2f4882ca1bdf5db318
c24ed0721d85c0d6d199c6c4c4265124187af97f0
c24ed0721d85c0d6d199c6c4c4265124187af97f3
c24ed0721d85c0d6d199c6c4c4265124187af97f7
9186d65b482faadda065d0e401516702ff800c432
97c353ad5ce3cbd743aa2eaf9428714acceb52d05
97c353ad5ce3cbd743aa2eaf9428714acceb52d06
02b81fb9f6c2cdcc0e7cb7745f45bba275b950e21
02b81fb9f6c2cdcc0e7cb7745f45bba275b950e23
8ce4fb3457776fd2fa88a9b529c65343d37dc05c4
3f927b847a48060b8a9137c2971692cad8b82ca81
4595c85f7cb8c96f8b9647cfd7ecb6560ed390543
d126e364bafbee8fd8013eac7826bf0bf923522b2
b5cb9fe9bae4f2f48ecec4299d3c6d3ba76490633
b5cb9fe9bae4f2f48ecec4299d3c6d3ba76490637
86d4316d34b5e93a1fb1e75edc628bce118eef670
86d4316d34b5e93a1fb1e75edc628bce118eef675
08378e23091638db1e704ac45d95ba18dfbd9e3f1
59f74a51c480a01910b43700eaa6a7e2f8e3f75e3
1a7a8054368d7ff37ad58ae1efdfddd7d7954a958
dbb60adc872e3ae5ddf637e45e671c8f850c678c1
6eb4f450b2fca771bbb5e1988b1dcb98b346cf968
ceb7a288ac1ad604a17bc25c5978fcc87b1a444612
57e441a48611d3cd93e9fe5c9e9a84cbc3ef39a710
9d5011762f6f4255159fb4f47aaac27718b99ecd1
9d5011762f6f4255159fb4f47aaac27718b99ecd6
cd6d005cf83ba0db54cb13480406bd94b3ad5a1f8
4e10055a8ab76f1114fd52216eb1d78c6e0072783
4e10055a8ab76f1114fd52216eb1d78c6e0072784
5caed8d5f911118b2a89f0b08b285fae18e10abf9
62c5faa26c6b35fa96fc0ea7be510f96ba5558025
7c6d16768e4ff6f2efe783e02390de8cf68202464
7c6d16768e4ff6f2efe783e02390de8cf68202467
5024e25de26cac56f05e1999f60e1443efc4b2ae1
f91da14d526fad3b92ccec811bc0fac5dd276de62
ba97d662b60324508d96e9be6f2c35df0205622f2
ba97d662b60324508d96e9be6f2c35df0205622f7
87b5f1f872c849ec239bad4ccf487d048d4274b20
87b5f1f872c849ec239bad4ccf487d048d4274b22
637fb45545c2867cb5e54463ee3f332b241336495
89c287366b534611432fcae9f1a08cb306f32cd50
89c287366b534611432fcae9f1a08cb306f32cd53
fbeb874b8dccd8f470a6ab257a45c8d3ba50052e5
7017797230c3e16fde5923655c03f741c5e3c8b94
65acd546716201bd11b4034705cdcb13b07a26e03
901e2e21d271320f233e3d400003d420caeef7156
901e2e21d271320f233e3d400003d420caeef7157
1130b36a9ba93d8fcbf07a2ac0048d4c281cd57c1
586458cf89c9c2ddc5a7925e275f135245f5a0fc5
d6f10b1658322ef9ca4329903d546fa26e2f10203
cb2d85bded49daabd0769bb9f89d695547404d056
cb2d85bded49daabd0769bb9f89d695547404d057
89b91c07752726e41e63ee8b6c5b3094f046be244
9f63d6256158d260c426a9336d19b760d9bc5a487
7dc9cfe7708586e113394efe071db956490f49663
9814600b03458475607fa2e4e9f1637138b7c9bf4
b311d3d123093547a9aefcd48485e07d2d494bec6
b311d3d123093547a9aefcd48485e07d2d494bec7
7fa94958a480769cad0649a787cc59948c74df433
7fa94958a480769cad0649a787cc59948c74df436
30e66d199dbe706d77ec8210610458dd3a9c621c5
f24081c943f7c5bd5e07940ddd16d69705fc4efd1
5cd8537d0d3fac20715f2fe4fa1c1fea059658395
5daa60b042064cbf85c889785daf8b4ceb3c3ec34
0753a471e6908c35bcbc2daa37e21f3a8443b5904
b949b31b5a3fc573adb434abe61350e643455ec56
160228fe18f272761b969b08622ba868ad65b2066
b19cd54b37f95af9c9bcbb43389001f00446055b0
23f84ace3ba30513e386f420db78a163c9483fac4
8af047c2d83a91e8b745adfcaa7c282dfe1030a26
bcfeda1ba53ba2b9ff072dfb584928338d0cf7409
e0127487aee3a00fe164d72eb6972210795184712
84cd4b4197022a9e65b7a697baef4a24c55809964
676b684b100d0b5972ba818d868f262bcd9aeaa74
3b2e95a96f67dc8311d1cf8f03165e85cb51b5ea4
70af269dacddc79f4a81c744b85b334a6f3124c35
5c4907cc004ceedb376c75ee3c52d10bae4d37072
09fd11d4e61255165dee1912d6e71c51883b606d1
09519bef94d0ce563b88a850df0a9770a8ebf20e0
84cfdb6d111351586ec9fddb0e492177214279dc6
a83bb9713e1513d235277554245d2208137840845
64cd4c4be9b5049840a3731463c5640fe4c0c1e87
302c6550efd4209382040d788b461e31d48708501
302c6550efd4209382040d788b461e31d48708502
ac63976c42516d2846b53d3e44728e2c1533d45e1
ac63976c42516d2846b53d3e44728e2c1533d45e2
ac63976c42516d2846b53d3e44728e2c1533d45e3
ac63976c42516d2846b53d3e44728e2c1533d45e4
5806102cf9e813e48ced3314cea2a80e1bd614c72
33dd97439a3b1ede5bc4f24aaf71a411e9ae76c92
6b424722540ed43f4c06d713347e4bdd8e0985f64
7a7ad0abdb30921783856364c093fbf979f0d2553
7a7ad0abdb30921783856364c093fbf979f0d2554
6b4941d8f4bbfd75075b070c7788569234b746107
764d9ce99a1e3f79d95fbc4b68adbce14e7f8bcd5
764d9ce99a1e3f79d95fbc4b68adbce14e7f8bcd7
764d9ce99a1e3f79d95fbc4b68adbce14e7f8bcd13
0ffc96773f598d415036b1a17797863483a091c60
33b20a1663b0ba72ce0ac02cbe63cf0c2f54b7e83
1ea7971780538f433c42704ccb6e94e2cb1546c22
2c1d74ce2f2124fc397bb03c21a1adf23c50a4046
9292fe37c75335945e3f305d8c32363dc358cae010
ad7c3510fd07a42b600bd2776f0e616ce284ae788
43d9f7e7ae17fa6a6ba9d9a7c8961f4500b3ef6b6
2326d69072e1821bc767584dc2c1274db536b9821
2326d69072e1821bc767584dc2c1274db536b9823
70abe9133b39c53541c1dbecf87c62297940defa6
b9d5120525c92ad9d0fb1b1435c940ea07a25d914
dbceded6ea7d8a0944ab3f44263f688f644a5c3711
0269d39abbea3edadd225fa97d818f5a789b4c720
94f8e9b6bbc1a7088c3e5354d9d3c45d93b1b06c1
de149988c9768a12f4a656f1d86efe42af51b4c83
92b5227f413c438e0f2c4a28236c7b677b5785151
7291796705735c70ebc81b0ad333f16839f2c7282
7291796705735c70ebc81b0ad333f16839f2c7285
eb5edae75bd90fc6f61c6640a3037354cb1d11515
6002b47ac98e56969803333ce0bfd72c8c4c14514
d720d2144b6128e2cc37a501d1964c19d0b81d5c2
da0ea6b7eae20528c7ec822fb77d8e8f78ba09b817
a8618ed361a940864ac34807e8912e25f3a008320
ed37b7d7969a3b1c9b1e30fbc954e5e91445abf26
71faabb9c7a373c3d0ff1af2f4ca67e371a8356d0
ad18015cc0811b77e82511aa8e972416020a5f4f0
ad18015cc0811b77e82511aa8e972416020a5f4f1
965921073e4607b47883e08d522ad5377c6b332e1
384f8486331020040ddc9334c9bcdf4c3fbb974b6
2757ff294ae08e977ed6a2b6e1854210f28f12c90
2757ff294ae08e977ed6a2b6e1854210f28f12c98
b77c74e1b050f244b2eea34241a4af02d6421b152
5a971b728a7e6447c618bd15f4263b7603d0a7a86
a0dbd0e34f9bdec7924f96e66e32f1d6970e38764
a0dbd0e34f9bdec7924f96e66e32f1d6970e38766
76bd018831ee6592a1d957215d9505b471637a774
8a77c4e76ca4e7dbcd99b9114739d9b77f9971925
a5987d12b7aede0219b2b853508cf16da46837546
c0ada7701d2650064ca14425c08c6a1d781657152
c0ada7701d2650064ca14425c08c6a1d781657158
14b6c7c6e9971f9f7d7f0663a294dcb93cbc1dd00
ebcf0eda18a95d0bab184a4949f4b45cf10722255
ec5aa7a0ebd15c4a0d3381c5324ce13ee1f4e2d60
b07aedde6d44ed5dc527490961d91f8c8125a3f26
5bf540c3df15a780eb231af6c1b6263eec08139f0
09d95513143829486be87d83fe09cdf2b98ac13d1
09d95513143829486be87d83fe09cdf2b98ac13d3
2654d94df8c1520a18244562c5cc91d3c80d6c5c4
5bfcd0557beeb60277ef705f4f6ad1ceac11ffa02
123ff7cde78af498b6578e8801f7f8f6cf3671674
8aae27c0046c621536f3feb252bd376176bd20963
9c7687a36469fc0e2203edb31f303274a611fb128
766f67f42da647bdf806c6c819840ec8dbfea5c410
fbc2d5f3f088eda2b8128ebb12a042850f6e4f3d10
fbc2d5f3f088eda2b8128ebb12a042850f6e4f3d15
b29ac937b1c0c7cbc502dbf678563ad06794fca91
b29ac937b1c0c7cbc502dbf678563ad06794fca95
8bd6dc9f3ebb23fe20f74c1956184064b5b955091
8abba7087df268f3e774a2d0d482ba971fa997bc3
98f6b33ff279a7ba3b0e214f121196a6c39ac1841
98f6b33ff279a7ba3b0e214f121196a6c39ac1846
98f6b33ff279a7ba3b0e214f121196a6c39ac1847
3e910c5b8425cd7c871a402a32ca44680b53ce5e20
22fb969f7c86161e133eb88c8e46cd2cd826eeb08
a74c3ff540cb154fc1294fd9d48b6a952329722b8
7aaa5fa85ff38eabbdc34cefc58114ffa64e88943
5a1bec30205b6938392f3119366e27d15b4849e83
a59d8be4587fe2ddc57380a04643d005af1495ba0
40eac5187bac743b4620b95158f43f22dc0526a51
c21f57e53c1bf67f542f3e5655042b0132052f0e5
bf8360968c6ee5c483f65534f9ec929b45b7f1530
d2e6eb42043bef636843a65c9b6ffc8ec599b0871
d2e6eb42043bef636843a65c9b6ffc8ec599b0873
5574fe023e3127f0c206ac89eb06abf5a74004380
9abe2cbce7b4ec611d0cdfdbc50f0435056395610
83f6b50fb780342f3127ab15904aefd89667767b3
50f10538392b2abdaf9ebfdefe58d72d370f883d1
51723532be1c1b651f9dff62234d8035c985283f4
9191f4fc5f1d9b9841452d780071fc94ebbd636a4
9191f4fc5f1d9b9841452d780071fc94ebbd636a7
0b14fa50b76b488e131c7f572f1b41be351143fb7
87d816909086c9c2f1c76d45a99a638cbeb34b673
b3d47460eac09e09a829cb936a232bd79a320a7d2
78505fb7f645aa55451c6bd1c86b3a9efa2c5f6d0
3d27598093e94dcc0ff600a91b7642d70f2141163
3d27598093e94dcc0ff600a91b7642d70f2141164
a590a88d169de861b0a5971a41a5334fafcd78ae4
b99db085c80c16714843dc597872b7ca70fdccbd6
cf2e2d1e19339832fb6c3b007af3f813557cccd76
52c4574f8d6dbc3e501d55f9f3030fc29f21c31c3
027eb44752671b224e7236209eadfbddbd51749d5
de2729de82c55df80dc7aaecf2e3b76acebf38a15
d9a0c37c3c87e36ed07629a332b2f35da173bbe43
4264ba3d48a2fc7ea379a15a99f306917e5dc5013
94e5133cfa301b574f273fd8464c1b8d485d3e7d7
ddf109b3de6022a4ecd62ee2cd31d2c2ac51035b6
ef90046d39faf6cbf69fa9c2115878469defdaff4
ef90046d39faf6cbf69fa9c2115878469defdaff11
28738749f68d9b704f368a743d89b65718786d502
28738749f68d9b704f368a743d89b65718786d506
28738749f68d9b704f368a743d89b65718786d507
d33927da542a823e85371c09d635205f49584fcb3
bf95b138ddf2f961f5765ddff0ef709fcc50b4994
6e1f8588aaa4d893914d42fcfe5b18c8204f18ec7
229a5e86238896a58b06522aace9a4be0a1ae6603
388a2a88c89dab958c35035c57fc2f030e5fb9787
148960d4ed34939c6fcca34df3277d983841caea6
8403bab64569b5ea605aee4557f84a27465b3cf51
af43204810e648d9f411edaf2b24464d8a3106654
af43204810e648d9f411edaf2b24464d8a3106655
3fbc08f3bf0469eeb2913fc5273c2d8eb03b74067
466c83e0fd25bf36af78fc23befe88befdfc26b86
4494c7adde0a46836c4027b898240a06110498fa3
fba84ca439b9a2479af19899b1168c9ccef0a2578
e863af065a715bf2b6258449605aeabca1d1ca595
32b9b30113b1945182dfbed70f48764c45d54fad0
516b9c699d87c6016dba55a03365d0b70b5501ed2
7a3d9e8aeed8f0dde5b9436e6d93617080ac2f2e5
7a3d9e8aeed8f0dde5b9436e6d93617080ac2f2e8
bc0d28bff77c62ba6831e92a1b85cf1b6eb9c1eb5
3f33d4cb25cd121619ba99eeb02709b72716d6227
9a6b998ae3696033bbdf4973a540c8e843c7001b5
104bc3a19068e4bbca9b6ddc3be0403739a154058
4426caea87d93812a623dc276048a40f9604537b6
488ff72faf49b00a20cd8a66150d0e2b26e2e7a11
d470c9860671ae720ccc7df115a46d471b4b900a4
ba5709f19a1f65d15eca21730d08888e5b192a3f4
6c561542a7fc08dbc4edea0b7bba65dc85db89b94
0a6a6f5a063d58a7288994fe82a44015c7f061a16
9a15663058028878027f6aa039fb3185c2ff52c83
941f5127594cecfb5202c30244154286404f7c571
00ae31ff5ede1de6cd39eccf36bae935c882527b8
fdd6051c33fe13656fe88b840543b9d87dc061561
fdd6051c33fe13656fe88b840543b9d87dc061564
7c4da14c84513660bca31d09e8a4683bba0779425
7ad09d23274dd0eefc896a4bc718011f316de8c32
339949817e3760788491db1568f1043f39d36d416
a9a8e2fb88b71ae5e859c62407ce81954c95af3e10
eec7ddd22f4d28eaba954d5813e70a12167850f01
b3a042c7471a118beacfc2b6c5f548576443cfb10
7f41da57205facdf1d95243ced8eb7eca81ff31b5
7f41da57205facdf1d95243ced8eb7eca81ff31b6
b5e30289750e45cb118b671eef6314cf3f3245ee1
4d05d0c359eff038ebe7e0c93b8ebc8755a62fbe0
e29e772470903931c9cc53e0c19fd11e11efeb334
e29e772470903931c9cc53e0c19fd11e11efeb338
f83aeeadd054db34d289e2e19026fe251f98d3793
f83aeeadd054db34d289e2e19026fe251f98d3798
d36eec6aaeeeb1d0c489a401c2668f7c1a9e7b621
917d7fcb842bf247161d5ac3b0632782e3aa92a25
bbed1595ca73b98f90c85c1202d385f331473f0c0
2206e49ec85431fe8d21dfb5feffcf6a8b62f97e1
2206e49ec85431fe8d21dfb5feffcf6a8b62f97e7
2cec1cb536cc73c0f3c44c6c04178371fc9b36300
676a04c1a5b89ca31962968927bc8a47b2bb49438
69cca577c3a6ab3a3f1f2cb167c5a54e1f2eff312
b0098213ae041c6aa57c464bd0eca6957e67f8954
659bb7c923ecbccadf43730f6edd092a1149d1303
4d561280983bd4bcad47a0bb5e0f261a9a5a24e92
d402c1fc4488d4456b1a3781ea04013b75a889103
e0e2a8efda4ab61461b6e34f95ca6f086c4d6b3b2
afe1dd7661b60c3ead7d2d484f5a1b06c50f0e657
a893159c64c4b79b7c541d4e2b2d968e4c7383346
bd3c48f583ed9749b93d480bf46d3ffb5115ba8d4
bbc00a59699094ef50849a049002c1890f5ec1118
dfb1a8f4be3ef9a338c7d75c75e7dbfbb18dad864
c398f7844f6876a87fb27dde8568d19c41e2d42e2
c398f7844f6876a87fb27dde8568d19c41e2d42e4
c398f7844f6876a87fb27dde8568d19c41e2d42e7
45b9fb89ac2724f2d7de56b2f8c9397bca03326e7
f2aa6d2b57449ed938f64da8d8b030a0369b9ae22
800265d8f5c8c56158e041fd9a981a0038ddd98e2
800265d8f5c8c56158e041fd9a981a0038ddd98e3
1507524e79b13d1dc26935bfa7c318ce89b22e7c2
454484029ba2935460f989e5d86cd348d6bf6dff1
57b475ce1bc01cdd1e6621c681b4ea6089245fb32
8d4bb9888a3c4a587c30001e9cdf1a942bf20b1d1
754ddbba7fff60474c40efa5a876519472aed5da1
831005755f85012c882f17c3b3699b34a7febb7b3
831005755f85012c882f17c3b3699b34a7febb7b6
831005755f85012c882f17c3b3699b34a7febb7b9
62b94281e554fa5b4922383cbf71bc8d574eb1299
df68db28b96546214e1a8754a625160ca8e3f7a71
cd072164e40fd3f013ba12d441f3c59af557f36d3
cc3feef27f1864aaa3087fa3bd34c6264aeb4b8f3
e6153725110f97d0c88a8c2e09fb4126d6a9cc401
e6153725110f97d0c88a8c2e09fb4126d6a9cc407
f3ae98c143d3ef2f77066e1a29dd0618273dbcfc7
ff78a7635fb14315807dd0eaec3587bc2c5b5caa8
f4693cf097efddefb3e5720eeab5ac78afaf440f4
022372866822cdec460aae2f0966668096105a9c1
022372866822cdec460aae2f0966668096105a9c2
ace49f9875a4256964bbd3fc9cbe49c8689c9b7a5
edfd5023aaca8b6570286cfb31b2e61d9d3d84760
968f42754f880eae1626b8f327a9ae0b29468fb62
c85a7eb698c39c7465d1fe4ebbb50447329b54971
b0d9034f80769fd0cf61ef01463c9cc5ab3a2a020
b0d9034f80769fd0cf61ef01463c9cc5ab3a2a022
b0d9034f80769fd0cf61ef01463c9cc5ab3a2a025
673dd0987a596321499851ec1ad12513157e41074
5e7c990b12d43b077d476413a16c05fad2398c357
da5cb4e6f430dbf893cba90b3a5016721c92dd241
e8a9cc12b234ee8f2fd05f74b344ce0c166f09d04
e8a9cc12b234ee8f2fd05f74b344ce0c166f09d07
1fe8e81f4158be6bb82931c90ad5aabe8a7f45407
9a13500a6e79137047c29eab893bd0377f8597423
eb36fc1a10215db3b049a6b1de5ca225cda649921
ebdc9f3b832e2e6c625fa285460ae12be05ccaf62
38e033b50aa3720540c9dae3cc5e4c622ff593122
74109de4e0fcfa67e4b093a54b884564bec78b764
da040b67082b56436ccc8479a4e435cbf892a1f27
7302a541259f8667d8ce4342a313404f442343dd0
bb904bd6a497c7ce34f88c76ca51c02765d6930b0
b45ae15e46f14a4335f2fbe38b571667c91a633b0
b45ae15e46f14a4335f2fbe38b571667c91a633b3
b45ae15e46f14a4335f2fbe38b571667c91a633b4
5a28315bd7441085516a39f9b3da6363f6383b810
5a28315bd7441085516a39f9b3da6363f6383b814
3b996f3a0bf15d03bf342a3204a90ba03ba32aa85
1eacfb65d7eddc1062313f202cab01df2f6893d35
9f5a789344f92ea35c2fba5f7bc83ad36ba649732
3682673839bca17d0eada249a943fd88103b8c373
15aeafafbf97b55fea2653871ccdd2b59576417b4
ca4355d66066c6686e58668a018e270582c030651
56c5d0a9a059bbdaadc27f7cf59145c005b238b11
fb54b6caafd9d1fbe70cb96fc7f447d05dcddc850
41e50856fab87ec749fe10144c42640540de02833
1fcce9f667de2a14d76aaa6cdb3f1e6f7900e4630
2be92fa24852b8e908fa6b113cb56542e2f91ac63
916375f45a7a99cad7fb4a1cea92e7ffa269a1281
2a6454e52077dfede0469e98deefee0f2ad8c2640
2a6454e52077dfede0469e98deefee0f2ad8c2641
351e9013df9d2d72734c808a473213844ad1f1250
cbe06e14cfc17dcacbeb7ed9160f0f8e0cf7a44c2
2aa5e922df3bd578f3358bef0337771f142c20914
f180005b2c6a275f9922c1ffce96149ccfa4f06d6
54eb9326a1bdf2b80d093d18e45bb640f59d34792
41c59873c94e590df780d93834350c75cd8a2ef90
411a38fb5216888d83f1b6004aef76a70139768a5
c0caeaca34a1475d718dea631ed3f1df5d1e00492
0d26d1cfc723e91a81dec6be4f5fc6aaa2b6552b4
12ffb33bba8ed9fa1c5ab96150f04058b77394016
c832830352f58513f3fe195feb6ddfcccaecadcb4
3614eda3b32535d46ec9e027c023ac106280d5b51
9540de43c6177686202f1065f168c86b76ff8f0a0
c7390ea7df4beb896eb7265c4f082ef5ae61b6b14
36ba75ac772fabddbdd3a69328583cf77a67b9101
d5a20f61b0972d0f6073415658de11ded1e82bd00
69522327bc384b058b32e9dfb4157f92909670692
ef3b22c8a6aff8ece00b6142d8f718844eefa28b2
96a5cee55b386f5110d82c525971cb02bb7b59cf0
58d6e08c32c0c510aff4ee45bba9231b0a8f8b972
449c536051eba7070b18a7b33ebcf024891cb9131
449c536051eba7070b18a7b33ebcf024891cb91317
6f039b0d39932ac4bbd3bf85eba1690376ff50c511
102d9b18344c158f1d069b9ddf17096f420a34df5
4b6e9ae5b315ed2b623edbe0f9000efb61342b271
730655d5d1f29496344388805a891c3e3fd2a64e5
35f2ba98a4b50ddefc4fa21c8b6a52235396ea352
f874dc1da36d2c45a65f78dc0dc9dcdf5846c3c98
4ced277dc09cdfb8eff60daa85412efa24dd17bb1
a7f578ca546ea016f5695fe3dd09f1b16e0835750
80d42d75da0935b0c965ab2d832b49cab459a4df1
80d42d75da0935b0c965ab2d832b49cab459a4df7
fa5fd3609aa1319f6666e2139af7cb06189ec1b64
17aced629b406fb834fca5096faf2b39912886fb0
70a83be17ed16c98d0a919db12f36111fb37480b3
e071b8c2f35265522425ab225c086fd5393c5f337
8086be8e7f984a1609a9fbf80669518330dca8af1
8086be8e7f984a1609a9fbf80669518330dca8af7
836b9d77e006db7bbb55422512b30c0e6bb9d5756
03e202ec0f7d468af4434715ddaa67ca3fafef400
4178e02b7d7c6a3e7371d4bf260cdb3b17da86294
211cf4156f8adf05f208b8ae997c053a041030d60
23f24292b366f81b1e4277d51e56f52644cc5b611
adfbcb5d2a088b5d62a9cb9c24355df8b4338aa95
22a2da07347287c210db3c596da6c061ee41cca30
ba670306341e8bcc53da274572456affdbb2aca77
38ba1fa40c9faee3316e6a8289c137bd0d63625d1
97d3e9d24ff121dfb3cf381b5b4643ec28d3f9c13
97d3e9d24ff121dfb3cf381b5b4643ec28d3f9c15
1a02cfb292a198c5c22638b08f3285b6ec5c024a2
1624d8e1df4e83f489da7c71c29fd92bb0bf55a74
e6e5b19179a86490b071beb2a239f07086948b996
94d6a496404c16cafed244b60fdda2c14b5522442
e256aa1224bfd9031e339962742730f8756d43042
0feb009b1a66e4579904098c597aa0069844dbbe4
5b5825799efedb1dc8757ba4a0d99de7915dc8561
ca780d983e2d3abffb60d947401bc9c68ea49aab0
a45986d5153d43ab6ae26fcc813e50b103f280587
2f47bc97b6d3e0e72adff06664208489539125bb1
2f47bc97b6d3e0e72adff06664208489539125bb4
2f47bc97b6d3e0e72adff06664208489539125bb5
45343d7088a7be7d927c301fd7fde24fafc107d65
a6f1261be71711735e726353babe990f75ab284a7
a6f1261be71711735e726353babe990f75ab284a8
da329453168905f81af221855aec9dfac26744431
95f10ce802d3670dde1d50d3cda7a2eaf614bced0
892ab5ea8bbec477bfa791d2d3823ce9a82251020
bd63808625b2a7f02ca00e44b6f24e1e3b1626471
bd63808625b2a7f02ca00e44b6f24e1e3b1626474
98ee2fd1d1950b4a82d549b22f1b6d5a3c4643ee4
988bf4aaff32959cc553d24c380d638d6e3195cd5
13df0950ae828be40b1cb0192479dd2199ea96ad6
3e1ac93d0159958832e8484acf76c3e59593f3d30
63ba648eb30a301f1cf9045f80a3ab2aa21eb07b3
32729e17019f1076f3d6f7c80a660e55bd53b7905
0f7ea466061e5fec0d2bfa1d7904d6045436e6232
3ee45b9a6ba34f57ad4eb20a4d87ee0a2e47dfe43
9c296e3af6aa953b35fc903760d64f9b2d8c239f0
b73f50e29d5b2943eb315643bef8ee4e09f5605b2
b73f50e29d5b2943eb315643bef8ee4e09f5605b6
d23090b75384c925e7f20b1ec5218394b52eae382
4bc14b0768db6c0db769b918c44596eeec228b457
f85fc22e210e4896cbb048e7d1e517559f3dcc087
9c5d5d672c2549a594b801897a27dde1492e11d58
a6d1e8583d150e83a587d412168994813108098a7
6b54f55b45df538fd42c1c704128052df1a975167
6b54f55b45df538fd42c1c704128052df1a975169
768682d2f556e103bad77ad7aaa0660181747d1c4
40db89a00e8d5d75e31bf86522c3a13bca1ecc572
a289b21d3afb5a67306e6dcc091f7b35705fc6720
1c64e74f74d18097ac92cf82cdda2e3e4cffad1a0
1c64e74f74d18097ac92cf82cdda2e3e4cffad1a3
1c64e74f74d18097ac92cf82cdda2e3e4cffad1a6
de93167232c62dc1335fbf50cf6c8158faab99fd7
4d96205e9b1bff66526277e32ef2122f0d2415ed6
9822ee45a46422dce06bcf0531731ef5b5f0ddc30
9822ee45a46422dce06bcf0531731ef5b5f0ddc34
b75262ad6470bf36f482c74983c02c010d711a595
6e00f92831ec1ec594373d12c0b4867d7d4a37e26
c932f34a6b9734a61f7ed133b0a14cbf2b2bdc588
38faba9f673aa5dde55760e0c77d1b347885ae541
38faba9f673aa5dde55760e0c77d1b347885ae545
38faba9f673aa5dde55760e0c77d1b347885ae546
cc01c46f5c05afa94e1640b0453a7ba91942d5852
517064c7afabd6c973f81455bf2c4eec5630a2943
b525da55f2295ac1355157b498fe9d7427509d0b2
313ef26ae14977c16b3c3abb76acc0c79ec801725
b95239b85ed1c88d0d39035d1e7f948efe1e024d3
31143351fd07ae5ee583cb28f97a33759673e7217
b668104a6daf61baa364abb0e7cabd8da5d3a9da1
b668104a6daf61baa364abb0e7cabd8da5d3a9da5
28467d57c70787b7221c708074c2107be581bf0a0
e483ad70b03bb9184f105b5b1ce4a63b2b4623203
62878f99854de7dd63d23266d4aa80e485ab227f7
973c620a6ef5c4d14a13c5c839af20e643bda7ba5
dd0c91321b10ce166b82bc566994556b334c9f197
1310e8364c0751cb691d367f671c367994fb2b8f0
47df478a7b15bba5261d148647d8fcd1b78d3dbc2
3db5b7121de8f8465d7035253815cc37c9ea0d4f2
289c8befc56bbf1d1dd7e183aac8ffc64eb263564
289c8befc56bbf1d1dd7e183aac8ffc64eb263566
29ba104809ad68b1bbfcb6025ef595f4818781853
73225639fb2241529d4262c3c1fa852d9b1435241
6c1c55fa8483532e361462c998095390f5dccef12
1f898c3dea0afefba901c0065c97796cb7f775ba6
c71748bb246a2b05e676862b75b38fa03bf6646e5
2c0974e72a563f82d6eb52246930a6eee10a53861
ddcdeb9bdd19fa23f9495c85d48eeee910f331020
ddcdeb9bdd19fa23f9495c85d48eeee910f331021
b4631c1e11441405792cbb8be1f26ec8f49f56291
bc73bbbe6527d676f298f6a1dcdefdb9fb1f597d1
f460845e834147e2763f44954555c9c06c745d484
f8a9d2d9f3abd4973d8bd55db37db91766d6c3180
c2ded8261aacb03abfe38470644dcbcace39c2384
d231e6ae12ad612782eed5ac35da634f9c38fbd41
1c886637c5be85807b2397bb5a20dd017234e25f4
438995888712f35ae4d428e9a78d8abb564cd6a70
66f94c58690e378191779c3bb93ab5e46ed6dc190
b913fdc784fdbfab13af6474c01674c45675095a4
ace7f6d9e984397bda16bf441019f1584f036b2a4
8a63f12618c1ac1305c70c20d87d659c211a821a0
4c14738ed432a2793cb238e366a60b2a63103a793
8180a77657661e975e3fac6c7fdbd8de97fd160e4
d4f3cacd9cbf62a5040e4e1bba8eb0ec652af1f18
1905a821fef6a6cc8adc63bd64628eab3c82306b2
29d7cf6ac3cdb2832696eb124a2c70135b0d744f1
f01066b3a5efd76ce959a9fd99d3e0d72282e6ec0
bdc18ba3006e7bc2e31be27adbd5cf281d67722c7
91ddd5b2411ffb401700ba8283b15bf947ff70183
53f963f3481c5232eea63613f08f66c5fff57dc13
1f5ac3881d1b6710b607803fbcafd5030ab033cd0
1f5ac3881d1b6710b607803fbcafd5030ab033cd4
5173af17f05d8c364199b2066433f4c38bdd02ad6
961bb6773f32ed1798218badd7e924dde0033dc97
def54568abe05472d42c9d404fe5b2f486bc11ac0
2bb7ebc7645e899dbb65b04881a96c22bc4e46077
eac210df9ef39971d182d215e8a53228b0d4e5781
eac210df9ef39971d182d215e8a53228b0d4e5782
217a844f1c4cf382f826039cc619c743c8e7c35c7
3d51f0f53c2dc8791268d5d350e2c2dda3ced1ac0
bfac4071a8c450a20e541296e78ff48cc9f18fd30
bb25fb1965a3223618fd455dfd06fe0633ebf44d0
24d2f15f65bfb5608c75d19ba07fc410aab4d9c67
8e6ff4301c263bce8fc8fddc06dbf78fc2ef1bb24
520a008dd67401f97c3e5c02b6369cb490e2d9f98
1fdd28620ec47cf53fffce740c55bdaff7b3d80f4
305a2b192ea251cd3f76db816c638e6e1c604c6b4
d42bd8a35e147633d3d750266939c6539aecece90
d42bd8a35e147633d3d750266939c6539aecece95
c09e6d9d747a06b5e8cc2c73f8377be6eeedd5e21
c09e6d9d747a06b5e8cc2c73f8377be6eeedd5e23
1f86d7d88613793cc882104bdb88f52aee2d28361
1f86d7d88613793cc882104bdb88f52aee2d28368
28b628786a5a82f46a2ed77db4bafa3f4b9567193
0226e9462111993cd81ef588d2394035852402003
e7b374ae1eb0590d86bbcb5091f5c9eee33e98a35
663578ac896aac2674cbf3bf25fec10ede0134412
8b1f3fc296e18e2207cdb9ea725e3431421646bc4
f0ea857b992421110ba5edc6ace9e6c9ae1ece205
ab46fd9228cf8f148a858d37b7360b051b67e4ad7
1a405be1459179c2940eb26c018d79363828fbc12
dfad0c468081e3d206c536e51f4343714c461b315
25a845fa89e9291aabf455a52d48648f4498e8c52
9c7094cbffd60b4a550f95ef2d3cefba8c4a83d22
a8cd6ef6034265fa3c8f2465f0caee5bc83130dd4
7723cad01582f0e0900297dca4968fd3f9eb3fbe1
35d5faf70a35e01e81d5cd4e0406dbe5cb1be10a7
fffc660ed605dc82ba9f8de5b8e39e444002bf8f1
5656ff085bd3e100392f342b76cc3c2f1f148b475
d79b790edcc3f5088161445102a656ae4adb8ab17
dad6cb9802ed25945fb365575dda5a899ff740ea2
5c536e1ef5b75a771795f942a50af85b04c48e405
c34b6889b4b5af44a575b0aafcc72ed1d21483085
ced66dde7b7a822ba7a01a3197da920a9d9011b70
d13bcad8d388f592885d05dc147b1caf995c28b85
5a73298f5ede3851c55a99d20a8b9bf8497125251
5a73298f5ede3851c55a99d20a8b9bf8497125257
084810519b9668f3f677deec54c6284ab2810e931
084810519b9668f3f677deec54c6284ab2810e937
81928d49a00e77bd4db21b378f85c2353af1a7804
81928d49a00e77bd4db21b378f85c2353af1a7808
5c19ebce58e729e01d8bf72b40b1670d86dbef763
5c19ebce58e729e01d8bf72b40b1670d86dbef767
643d86992d1ce964ed055b2ef4aee58a2cf882231
643d86992d1ce964ed055b2ef4aee58a2cf882232
643d86992d1ce964ed055b2ef4aee58a2cf882233
941f9ba5091a41a41338a0b5c06ef998ab76bf921
a84d2dd445c634c4456a38a579f6b77bc01a8d734
25e1b6961a609d338232bb97ee83dad28ae993a41
786d56f09dae2902696b680395353986051a11393
bd0f6f36b89ed9f8b1f6796f229d320aeaf8b5833
66d601297a788c6e1fb6bdb77630d4dbbc251aac2
66d601297a788c6e1fb6bdb77630d4dbbc251aac4
66d601297a788c6e1fb6bdb77630d4dbbc251aac5
d135e0605755a48f1b201233868f15f72e2803a60
6f823b3828e8526477973014b1f08b1433274b7f2
3ccc6b28d4b2d86f47bb351d8c8fb41004e31d310
c10ef1b0b00b8ecb01e1edfdfbf2b0b000d630102
c10ef1b0b00b8ecb01e1edfdfbf2b0b000d630104
9a734e78d0a0a1f72b668a150ca0e70533cbd8fd3
e6f451d6667f142a64818a9d05dbc49115e7cbf93
85390d5083494ab234d5e922147c8c189d12e94d8
1bc39a84009d5020ffbb67ec405fedd87e1bafe94
2e645549ea1c2a217abf0ecd40124fdc14ee239b5
5ba92d1dc05a3b199e5b44e38c71610e0eefec394
7b40a01e9a18baf4506e6c06a13f3ca9190fb8c41
64fcbca6ab2d0b7525ed98174508ef76dce8f09f3
9ceb48023251e01ca8811be976c60f5740b3c3dc0
d8f887ffe9c05885d0526bca44fcedc43b6c3a131
d8f887ffe9c05885d0526bca44fcedc43b6c3a136
2e2413c9e4619ee4e00ff7d70e8e17bf788d12540
166e8a8af599b51323edf24f1aa27c46dbc934860
e5a8eab9e22b226b5e8104fe576f484efd8f41bc3
060a3ac3ed2f8ab619d393e46ec916da6f4201131
c08844923efa38e0231df053b089d92873fc6f3c1
97b50bfe94dd4d7a6dbf82241be134744ead3bea3
bdf5569629d1627a5c56b06fbb5dabfba402e7e67
2ffd3746d2f21464ff32a684957beeb8df7590f50
ac144c6e928c6cb3ba0ad8f919541a8c7be07dfd6
ba9ad9ec5ead7384ee8818a6d780c7677b80c1e22
8840c35466b0b2b26547927dfea75dff902c0a417
26b39b59c665beba5e274570d2cbb4510548343b7
0913ce02863fda50f62d18a17f5e9237374db8e14
003f8c8953025e086fa773c9b40d9b8cd6d9754c6
be92a26c051ad73e93c932a8bbacc8ae4e8b45751
be92a26c051ad73e93c932a8bbacc8ae4e8b45755
04548a388181e65c7fd67d9822540841cfcc26ae1
c82599eae2cc3766c818bd5d0b278557e6b40aef4
51be3f865c244f9a903bbe484d02518dd68d7bd96
f5f7571a69e96c1d288d939861b7216c2bdc0ae45
f70681433b976c2cbed9dcaaaeb5e872743726421
f70681433b976c2cbed9dcaaaeb5e872743726424
f70681433b976c2cbed9dcaaaeb5e872743726426
1cf0dc7e9029220682ddc81dd0d43844b8aaf26f7
cb34d9f3455a89a4a738e177593c5776f1a33d492
ae48f991efa24a61e4ee25c5e5fc743ae77b40220
ae48f991efa24a61e4ee25c5e5fc743ae77b40222
4a49db0f938635c5c847a8aa5fde3fc4db69c8ae8
58bb2f0ea2c5a4693a6016fa59c9a1cccf19dff93
12e6c95b6f47092e953523ae556cb6391a7021f64
c1627a365e316b432078893d1c2a779c84848dba6
b83deffd3acdc68afc9ab5a97cea5132eece50cd0
b83deffd3acdc68afc9ab5a97cea5132eece50cd1
b83deffd3acdc68afc9ab5a97cea5132eece50cd7
9a888602b845b05ef64e6a28dfa407fb9f8651ea4
75456ca78692fd016c860c7f3595a0604d180c561
6d0dab8b95b4fae676d87763a10e9044ef58f4422
420d8b930d57ee905c1f8cee167e06b1f96a5a403
be759a36f3a1b791735e7b0ead902c23507567e94
38f8ea133172fd17a0526246cf085614eca50c641
2b7c9fc8cac19755eb4f702a05c9629e3d2a35566
6a82b88de0ba92b80e6aa536ce748b0bb03fc7ba1
65369fcf14566be92f21c5b4c78f1760c2da6c592
65369fcf14566be92f21c5b4c78f1760c2da6c594
302e5c8d47851263ca27291a760836b25de2c0dd5
7d7e6131873f6316ad6a265cb4b79e1c2e467f4b8
0fa52fd9a09613e4a686e891cc10638fff1bc6251
305d8231ecff5f407361095051f2ea7d4dbdec751
75cc16a7ba1970ba791da4ba43e6220f37f476970
75cc16a7ba1970ba791da4ba43e6220f37f476976
e3b00fd5ad84f260c99329f3233a219cc40529d90
bdb6418eac367ad4f207077e43c2a84f3e3e0cfe0
1fccf7ef503b3f40c6b67050846b35d2793e721d1
b27c6bccb305b4f410f1531bc9f5cd174651c7ba0
b27c6bccb305b4f410f1531bc9f5cd174651c7ba6
9dd43ceb9aaaabf1227f066cc2e8593f9c96a1516
9dd43ceb9aaaabf1227f066cc2e8593f9c96a1518
3cde8eed0dced258cec792ddf88a986e9fcfb39d4
df62d26f399ee8ed1f02f548ee3661d799f403145
8262ee7183e1e0ea43f13843debd1bd7bfbf40684
30c74bacfcc152db0eaafcc1dd0df893776de4510
30c74bacfcc152db0eaafcc1dd0df893776de4514
5f08d4ea9978512d80c08977e78de995f991d7190
5f08d4ea9978512d80c08977e78de995f991d7195
7de9e34b2c18a896be6fc191379862b4ece496221
7de9e34b2c18a896be6fc191379862b4ece496225
2e80881b0821fa34b7ea2a72714d9c56abe9e4587
3016050e4d8e38ad922b23493367d7978b4056a21
cb4dbc3417313ea99d0e6326bf83644d3f04097b3
944fe5f16ef939d8fd570e72b56e4d24d27a98594
60325f1532dfe71a8a079d597c15f3e2e731506b5
9c4199f76e1f65d425eb53b37a68ef92e93e5fb22
90aa53349401856571e1e749155772af132a8ff62
6e6d12b1ec646c929ee771b1a95a8f18678728ec7
64f14679bfe063024f457fc186ca72df139a41527
26827f0c72d531ce979ef6ccea79a8b7b50d6db77
a246509971e260bdddd73b5f6a83e4c4e99cf21b1
93708def3a6bc282d7ca852759e602108c7d79e50
0df814d8bb76641e21693a7935845ea6281324497
0df814d8bb76641e21693a7935845ea6281324499
840893dd3d58a2f3f36d397282c256883ee825bc3
840893dd3d58a2f3f36d397282c256883ee825bc5
c274d264e0f2f144956999fb0fa323d445b2728d5
8d03d31442450b5f063f31bd2d89a1cc21ac11c32
89f8668b19dfb562e515dc7c9e0a59d4bfe785830
7b96da612c71da177853c056b656254b1e4e871f4
7b96da612c71da177853c056b656254b1e4e871f6
37d1bab55ca378c5fe777a7697a69f7e8d2e51012
d8a3c459ef4129264452f8450c07565aa0fe72f73
b9f7ea2947ae0f5d05fdea0b4d27bb73a7f4bcfc0
b0036f56a07b266a1759bf500f52376eb606f6967
404fa43e6d472bbdf6d3d9a48392fd659da700cd5
6defcdfd6995661fd681dc15163d67f6a5d6727b8
a35e3821a7623ad9ac9d725964b35ab0711fb0bd2
870ff5320f3b5355bca57b7e99585bfc3328f4cc0
84d9d3fc0520128163ac0e186606e9df1ecd75b80
0c30f8b99da29f37d4151b54e279d9eec2fb2a8d5
43d9ed2f64de8ae43bd8095d5ad7dfd4f60e3e450
43d9ed2f64de8ae43bd8095d5ad7dfd4f60e3e453
43d9ed2f64de8ae43bd8095d5ad7dfd4f60e3e454
fd7b908bc47d6d7dc54829ad251515c6b6357bd53
f23fbe83ea5ee806d79cfda77b4a9c9230494ddf5
55a6aabd120f0b18297f7efe22452f9b3aca0d8d7
fb017e38cc560e418786c9f4e443f5668bf9eb755
f34e064288a13b96831c7d390fb24071daae38002
a1a8afb093bcadee0b2abc7aefd78a4f33b158c85
a6be77462cf96b7d6c83855e2ef3c3f0c4533ef45
4f2f9c586a46a570347b3b5898dc193670737cf33
5f18a812ba8368fffb7391835223253cfdec27c95
a70424015a14f1adb0483bb006556e77411be3710
a70424015a14f1adb0483bb006556e77411be3711
a70424015a14f1adb0483bb006556e77411be3714
c5b29e85a4a87cbe084b8f89e1013ea7fcee62c53
c5b29e85a4a87cbe084b8f89e1013ea7fcee62c58
39ed5aa9afcecbdbb970c8d7b9541998362a05105
09d4badc73423e8ba0cb825b9172e76ef0366c710
09d4badc73423e8ba0cb825b9172e76ef0366c713
df797773b9e8d16817cad44d9a023506dac4a7c64
6cb01372bb85aca6c0da0870aa6249c213ff74bf5
e6a96c4c73c8396584ac67c8dec98853bc3e0d512
dbcb64b306171fb7e8b0d6270b0c230fa476213d4
dbcb64b306171fb7e8b0d6270b0c230fa476213d6
31fab45943e94dd4002c45a06aab8b91ed5ab6243
31fab45943e94dd4002c45a06aab8b91ed5ab6244
bba53a7e309d791b6566163c09ab173490e92c4c3
0f880987515634be60792688d76ff3fd41ee3e1a8
a0c77037a3892ad8647b31b23c93d98ffa96f65c2
a0c77037a3892ad8647b31b23c93d98ffa96f65c6
690b6a6a5566d4b631f6fadcfee80b35b8099f177
95e7055a36a2716a085386bab5e6844da266f78e1
32a7f2a0a2192434ac4da05c328117d2dc55c6ee5
0bcaebda77da034d1778792785a7bbbb006a67802
af728967098e29a6738a4d24c8056a22c928a31e6
385cf3cca2c9fffbf47502d66c3c6b1389eb35c17
48c63c3b3afb4d6a9ec374c23539b72052103a8c3
dfbd863af06161f2795b53ec5aa79572f0a7b8b11
320bf9812f71cc4b832f6fb53e0cbdf2fcf758e04
7adb70b53090e070fdeab9429b789de268b1f1dd0
13741cb129fe26d78203814c9254a70a45e150134
13741cb129fe26d78203814c9254a70a45e150136
eda6bab13bf09148f83af5b476764e5bce4ebd6b5
1b29db07d10737274b210ca5a300152826e901420
58d4d46dc78e14bb7cfb323b352a5a97a116c0683
5b0771d10f6db6922cbdaddbaabc34270ca6c15a3
c1887adae038f8d5c5697e267a081dd7856e1cb43
f2702feddad1dcaca1de453bf0b7c026f2b43eb56
29dea367aadc966bfa9d3e59dbc24b1f35d386f62
a70e317f8f6ccd819213943de8c029775c8fc26b4
20d84bc0377bfeed0813a5b266b286bc0f8cce784
0a1ad82d161d90d758240407cb8c8fcebff4a2127
06b4f9376869bca97574662514f96bcfe1774fa85
0f6fe00c5de423b4ebe97cb0be7ff7b36e2f2a2b2
bda5ab9fa624063f0c82f598f84126b453b62fc30
adc46f8c97157d5c96a98dbd10294f4ed35c6f723
207e204b58cf95f6a353ac3fd867f5234b154af61
207e204b58cf95f6a353ac3fd867f5234b154af63
2a23f709a7c356e254f5c6027dd7b5053a6265bd4
a276a85997d8d7bbe794ea4214e707c5ff861f710
27d97c98917f7db0782a702be5992ef8cf6eef055
84190af471faa92a35a3c3c2a931ac600b6386694
e112dc229a8bc4db8c69a5805bf3cad4140194103
e112dc229a8bc4db8c69a5805bf3cad4140194107
d2cd2f8a26a964e0859a48b5cb61888c4177000d0
910e34d1b576723f54f87c0b885d922fd4f90b776
13ef2f0eb6ade1a7bc431340747c6e160dcf10d32
ff6cc30dc8adc31341b4509c9d88ec4959fabbed3
ff6cc30dc8adc31341b4509c9d88ec4959fabbed7
2bd0a43f9d53bb24f3a33668e87c546eb642a6ad0
e6df303f8414574b7e297bf65e96ee3479ef3fc70
23fffcd738771df5f4979612761b14e39bf5bc8a5
e34e6073fb4f92f905dc60983153d2f1f936f8240
5db7c40c47448ab55b7b7a06c20c24b3833f554d0
5db7c40c47448ab55b7b7a06c20c24b3833f554d4
bf17b9b4fd3c5268c433ef4adc2d7a496741e4445
f93954558241fd6e2591b410050c842532ba74c10
f93954558241fd6e2591b410050c842532ba74c13
e45373c83b2cf6929e377443c60aadd17dc52c3e3
e45373c83b2cf6929e377443c60aadd17dc52c3e4
f1e2997a9f9859173748a4ec3459d1c37f204c0e3
d3952f2d2b42d19b7460276211740d7aa294d2867
d8ca68a80ffe65b3f6050ffea3156a509cb3cbf10
d8ca68a80ffe65b3f6050ffea3156a509cb3cbf15
5179ee17fad0f9b298b53e86aceffd9fb860c9171
5179ee17fad0f9b298b53e86aceffd9fb860c9173
0fca9cb001fd2f60ff7bacb76b3db287366b1cd17
8d6ab5fb34ae7d65b3f6d44ce890d161f3fa49805
f7709df3257aafd7b4f8f4e7bce939b98b63951c0
9930a47bfab21c74131e408220e18f1ee6391f0f4
c860317bc1f9a34cfabbaf652a3ab8ab987818122
e66c67d6624f440fb74def0824b2e12d7b8b08bb3
47c9735cdcbceb325ac68d76d5e2587280a289bc3
9c64900f4d31571c306faae47e78f508369ee0aa2
05cb8aa8982022c5c8beee927163c614bf86f95b6
9b7836ba179053fecec671168589694bd4ba08f110
551f3d88d05567e87b91bd9b222335605867604f3
9c52b9faa6fb2b02cde493dbecc5edf0c32d38593
9c52b9faa6fb2b02cde493dbecc5edf0c32d38595
412580adf885d47702d67661335e19633966f0030
d409aa5a9629ff9495dde93ad80078dcb89fad8c1
314bb5c71f22a6fbaa8d11ec5291875b3d04d3781
314bb5c71f22a6fbaa8d11ec5291875b3d04d3785
5bb09b493dc5f30b1b2c999c9dcb580ee13f662a3
5bb09b493dc5f30b1b2c999c9dcb580ee13f662a8
4c760f4b896f24bbe8e3f927a712831de36c86014
945a761bab91b809a116d9f2abdfdf1c9b0aaff63
74553439d073437bcd8cc281df5371eccb8ad8a21
2ff209e1d1a55596857f8ef09c7f1e865637e46e2
f6b101003409fe29ca6fadc29e850c120b275f870
e65d12e0b27ff7427764f4324b00919b3548a84f1
fe05c61a7e48461f7883cdec387567029614f07b3
92b6038ef7b79c77f7120d75a48ca1063de518a92
e9111f558d30f81014a75be5da046fae50803fbe5
93fc92e03ed9e456a776150ab247c688a2c21e5e2
93fc92e03ed9e456a776150ab247c688a2c21e5e4
06ee2326ddc286c4610c36e53b68f66dfaffe4986
ff643869804239c64eb0ef16558c7062591afdd53
702c412a8e8fbfed23f7db1f9e3ae5d9bae3e7cc4
28d214f2e291e6f91dedbe5d96796d1a0ddf69aa3
8aec1c515cfc090dcf8c92e9e2694f38bae165011
814df3bddb56f0f436c4d52e2c1e75b423415c524
43507fc34747f3246eaa89543a342e8d9be39b572
43507fc34747f3246eaa89543a342e8d9be39b577
5a7649ed3c3809d9514f461d06c5a1541df4a2e18
f5a1a323b8f3beb6a64b4ab4f42a254209c037cd4
f5a1a323b8f3beb6a64b4ab4f42a254209c037cd5
966c37bc17394be5d580acd2908777531aa137307
3182006b7e4fda33fda96504b96beff48f0e90df2
cba6b70826696545c63e9dd0bd1cc8366e70fc7a0
23bf4df6b980ca5238d33f08f8c344088291cadf3
1c1ff3af98f96893b4dbcf8c3b98aa195cc25ea81
cd59be1b2a756ac2ac87156560e534e90a04ad322
cd59be1b2a756ac2ac87156560e534e90a04ad323
2956f52851b82e11db13ecf228a92818ee1d37a62
90c8bac394e189b2cc3da62a7ef387bd3aa275364
fc48ce4f01306c58129e0a44f026566c530a87946
3944fcb19ccd83d614dc29f79d867c7346f07dce5
8154b09ae15bef8f3a9092e1b020f1a86a57dc284
8154b09ae15bef8f3a9092e1b020f1a86a57dc287
bd16b77c5fc8d034e468ff555184bcf8c5d51d004
ad785cc5314b22c639ee7d4906a30e0d9c67e1ab7
ad785cc5314b22c639ee7d4906a30e0d9c67e1ab8
058ceacd672e573e736867c0a5bdd25061fbb4002
36b9b2a0a977b93eac3100bf785cd8f7167de0a16
44c0a4109d944f279742cd5a89773af3eebc7c651
ec835f0a12f74ad5347eb1d67479dce3495c227f4
ab50a080112b6bbcaa3166a05c1e369bb3289ccb1
ab50a080112b6bbcaa3166a05c1e369bb3289ccb3
ab50a080112b6bbcaa3166a05c1e369bb3289ccb5
e24cdc200182d698a34f564ba71f4948ce6760e53
87313e4b8c76126f52420af0ec1f462643e8ab010
8545add91629b26a3a93cac3ec399afff81d5fe39
8545add91629b26a3a93cac3ec399afff81d5fe310
15d3d8a91849e3128b3632d9ded7c0f2780592290
a683f1ad2696ed527a78582e687a28fad0c786b12
adaf540176b22e1c73d21ec01113d1951742908e0
dd8fa70beea111a0f501210db219a482d900ffc88
3f8e8c53fc51e35eb7b967e502555c9a532fa8204
23f6534b080425f53a09bb1973c7941c44a31dbf2
be69c679d304fd237340f08ab3c458b889a9da384
074906004a54e7d84104e19a030c0c17266c725e0
9ff7d549803bb92662f6b968522ecefd2a99f3445
f6f46aa872450faa3ba4679c75840cb5bd05a2cc5
f0162c49d11e4a1ada0abb4a48819565cef377694
252981a4a714e5f5473dc789652866eed75767573
f483941144f0abdb9bb37d05c025cd6b0f37c9573
f483941144f0abdb9bb37d05c025cd6b0f37c9576
f483941144f0abdb9bb37d05c025cd6b0f37c9577
609f0ed4a29c2286b762ed2df59f0e04183fda6e1
bc20d20b013a0415da2f96a9b49e91639c55ebc75
9d51f730d824d07524d40308953b56460786441d5
88b6e35e3982d9399cbb1c67f27a07fa138371ff7
1b37e549bbcec859711e5b2ef310e94deed4dc955
2a19040a2ce5d0c404bdf8c89b58c76b2434c3140
2a19040a2ce5d0c404bdf8c89b58c76b2434c3145
4a9a0e027f1620208daa3c558658f344cad4ba208
47fe6eedb9a815bb9bf970cfc5bddd434e19a5ed2
69b1a283c8119896b495f0291b6a94917edd62837
638ba8792a1e0738a2fe5162b7b525f2eeb53cd23
393294b1f7c078b8b98bc66bdcdfcac331e4fa963
393294b1f7c078b8b98bc66bdcdfcac331e4fa964
393294b1f7c078b8b98bc66bdcdfcac331e4fa966
6bd6f088605313642b8eb6703e64f0761b5193403
7fcb5b40408d10a538bd53ddf9bc167453cf84c75
3bc76ce2e88a1e39a9677836fd6d5a9ce68608ba4
3bc76ce2e88a1e39a9677836fd6d5a9ce68608ba5
ca04b02d1ac46d8d03b08614c4979168e4bc1e405
ba74f7e195f6ecc56fabc280ad58dee51ce741103
2fc4ead5acc3e68793bf767e706ca46e60fc81b80
