data/squad/train-v1.1.json
data/squad/dev-v1.1.json
2018-04-05 02:55:06,612 - INFO - allennlp.common.params - dataset_reader.type = squad
2018-04-05 02:55:06,612 - INFO - allennlp.common.params - dataset_reader.tokenizer.type = word
2018-04-05 02:55:06,613 - INFO - allennlp.common.params - dataset_reader.tokenizer.word_splitter.type = spacy
2018-04-05 02:55:06,613 - INFO - allennlp.common.params - dataset_reader.tokenizer.word_splitter.language = en_core_web_sm
2018-04-05 02:55:06,613 - INFO - allennlp.common.params - dataset_reader.tokenizer.word_splitter.pos_tags = False
2018-04-05 02:55:06,613 - INFO - allennlp.common.params - dataset_reader.tokenizer.word_splitter.parse = False
2018-04-05 02:55:06,613 - INFO - allennlp.common.params - dataset_reader.tokenizer.word_splitter.ner = False
2018-04-05 02:55:06,990 - INFO - allennlp.common.params - dataset_reader.tokenizer.word_filter.type = pass_through
2018-04-05 02:55:06,990 - INFO - allennlp.common.params - dataset_reader.tokenizer.word_stemmer.type = pass_through
2018-04-05 02:55:06,990 - INFO - allennlp.common.params - dataset_reader.tokenizer.start_tokens = None
2018-04-05 02:55:06,990 - INFO - allennlp.common.params - dataset_reader.tokenizer.end_tokens = None
2018-04-05 02:55:06,990 - INFO - allennlp.common.params - dataset_reader.token_indexers.tokens.type = single_id
2018-04-05 02:55:06,991 - INFO - allennlp.common.params - dataset_reader.token_indexers.tokens.namespace = tokens
2018-04-05 02:55:06,991 - INFO - allennlp.common.params - dataset_reader.token_indexers.tokens.lowercase_tokens = True
2018-04-05 02:55:06,991 - INFO - allennlp.common.params - dataset_reader.token_indexers.token_characters.type = characters
2018-04-05 02:55:06,991 - INFO - allennlp.common.params - dataset_reader.token_indexers.token_characters.namespace = token_characters
2018-04-05 02:55:06,991 - INFO - allennlp.common.params - dataset_reader.token_indexers.token_characters.character_tokenizer.byte_encoding = utf-8
2018-04-05 02:55:06,991 - INFO - allennlp.common.params - dataset_reader.token_indexers.token_characters.character_tokenizer.lowercase_characters = False
2018-04-05 02:55:06,991 - INFO - allennlp.common.params - dataset_reader.token_indexers.token_characters.character_tokenizer.start_tokens = [259]
2018-04-05 02:55:06,991 - INFO - allennlp.common.params - dataset_reader.token_indexers.token_characters.character_tokenizer.end_tokens = [260]
2018-04-05 02:55:06,992 - INFO - allennlp.common.params - dataset_reader.lazy = False
2018-04-05 02:55:06,992 - INFO - allennlp.common.params - validation_dataset_reader = None
2018-04-05 02:55:06,992 - INFO - allennlp.common.params - train_data_path = data/joint_nqa_010_0.1/train-v1.1.json
2018-04-05 02:55:06,992 - INFO - allennlp.commands.train - Reading training data from data/joint_nqa_010_0.1/train-v1.1.json
2018-04-05 02:55:06,994 - INFO - allennlp.data.dataset_readers.reading_comprehension.squad - Reading file at data/joint_nqa_010_0.1/train-v1.1.json
2018-04-05 02:55:07,512 - INFO - allennlp.data.dataset_readers.reading_comprehension.squad - Reading the dataset
Index Error
Index Error
---


NUMBER OF INSTANCES: 


---- 95980
2018-04-05 02:56:56,675 - INFO - allennlp.common.params - validation_data_path = data/joint_nqa_010_0.1/dev-v1.1.json
2018-04-05 02:56:56,675 - INFO - allennlp.commands.train - Reading validation data from data/joint_nqa_010_0.1/dev-v1.1.json
2018-04-05 02:56:56,676 - INFO - allennlp.data.dataset_readers.reading_comprehension.squad - Reading file at data/joint_nqa_010_0.1/dev-v1.1.json
2018-04-05 02:56:56,702 - INFO - allennlp.data.dataset_readers.reading_comprehension.squad - Reading the dataset
---


NUMBER OF INSTANCES: 


---- 11003
2018-04-05 02:57:08,181 - INFO - allennlp.common.params - test_data_path = None
2018-04-05 02:57:08,181 - INFO - allennlp.commands.train - Creating a vocabulary using validation, train data.
2018-04-05 02:57:08,181 - INFO - allennlp.common.params - vocabulary.directory_path = None
2018-04-05 02:57:08,181 - INFO - allennlp.common.params - vocabulary.min_count = None
2018-04-05 02:57:08,181 - INFO - allennlp.common.params - vocabulary.max_vocab_size = None
2018-04-05 02:57:08,181 - INFO - allennlp.common.params - vocabulary.non_padded_namespaces = ('*tags', '*labels')
2018-04-05 02:57:08,181 - INFO - allennlp.common.params - vocabulary.only_include_pretrained_words = False
2018-04-05 02:57:08,181 - INFO - allennlp.data.vocabulary - Fitting token dictionary from dataset.
2018-04-05 03:01:54,663 - INFO - allennlp.common.params - model.type = bidaf
2018-04-05 03:01:54,664 - INFO - allennlp.common.params - model.text_field_embedder.type = basic
2018-04-05 03:01:54,664 - INFO - allennlp.common.params - model.text_field_embedder.tokens.type = embedding
2018-04-05 03:01:54,664 - INFO - allennlp.common.params - model.text_field_embedder.tokens.num_embeddings = None
2018-04-05 03:01:54,664 - INFO - allennlp.common.params - model.text_field_embedder.tokens.vocab_namespace = tokens
2018-04-05 03:01:54,664 - INFO - allennlp.common.params - model.text_field_embedder.tokens.embedding_dim = 100
2018-04-05 03:01:54,664 - INFO - allennlp.common.params - model.text_field_embedder.tokens.pretrained_file = https://s3-us-west-2.amazonaws.com/allennlp/datasets/glove/glove.6B.100d.txt.gz
2018-04-05 03:01:54,665 - INFO - allennlp.common.params - model.text_field_embedder.tokens.projection_dim = None
2018-04-05 03:01:54,665 - INFO - allennlp.common.params - model.text_field_embedder.tokens.trainable = False
2018-04-05 03:01:54,665 - INFO - allennlp.common.params - model.text_field_embedder.tokens.padding_index = None
2018-04-05 03:01:54,665 - INFO - allennlp.common.params - model.text_field_embedder.tokens.max_norm = None
2018-04-05 03:01:54,665 - INFO - allennlp.common.params - model.text_field_embedder.tokens.norm_type = 2.0
2018-04-05 03:01:54,665 - INFO - allennlp.common.params - model.text_field_embedder.tokens.scale_grad_by_freq = False
2018-04-05 03:01:54,665 - INFO - allennlp.common.params - model.text_field_embedder.tokens.sparse = False
2018-04-05 03:01:54,672 - INFO - allennlp.modules.token_embedders.embedding - Reading embeddings from file
2018-04-05 03:02:02,817 - INFO - allennlp.modules.token_embedders.embedding - Initializing pre-trained embedding layer
2018-04-05 03:02:03,797 - INFO - allennlp.common.params - model.text_field_embedder.token_characters.type = character_encoding
2018-04-05 03:02:03,797 - INFO - allennlp.common.params - model.text_field_embedder.token_characters.embedding.num_embeddings = 262
2018-04-05 03:02:03,798 - INFO - allennlp.common.params - model.text_field_embedder.token_characters.embedding.vocab_namespace = token_characters
2018-04-05 03:02:03,798 - INFO - allennlp.common.params - model.text_field_embedder.token_characters.embedding.embedding_dim = 16
2018-04-05 03:02:03,798 - INFO - allennlp.common.params - model.text_field_embedder.token_characters.embedding.pretrained_file = None
2018-04-05 03:02:03,798 - INFO - allennlp.common.params - model.text_field_embedder.token_characters.embedding.projection_dim = None
2018-04-05 03:02:03,798 - INFO - allennlp.common.params - model.text_field_embedder.token_characters.embedding.trainable = True
2018-04-05 03:02:03,798 - INFO - allennlp.common.params - model.text_field_embedder.token_characters.embedding.padding_index = None
2018-04-05 03:02:03,798 - INFO - allennlp.common.params - model.text_field_embedder.token_characters.embedding.max_norm = None
2018-04-05 03:02:03,798 - INFO - allennlp.common.params - model.text_field_embedder.token_characters.embedding.norm_type = 2.0
2018-04-05 03:02:03,798 - INFO - allennlp.common.params - model.text_field_embedder.token_characters.embedding.scale_grad_by_freq = False
2018-04-05 03:02:03,798 - INFO - allennlp.common.params - model.text_field_embedder.token_characters.embedding.sparse = False
2018-04-05 03:02:03,799 - INFO - allennlp.common.params - model.text_field_embedder.token_characters.encoder.type = cnn
2018-04-05 03:02:03,799 - INFO - allennlp.common.params - model.text_field_embedder.token_characters.encoder.embedding_dim = 16
2018-04-05 03:02:03,799 - INFO - allennlp.common.params - model.text_field_embedder.token_characters.encoder.output_dim = None
2018-04-05 03:02:03,799 - INFO - allennlp.common.params - model.text_field_embedder.token_characters.encoder.num_filters = 100
2018-04-05 03:02:03,799 - INFO - allennlp.common.params - model.text_field_embedder.token_characters.encoder.conv_layer_activation = relu
2018-04-05 03:02:03,799 - INFO - allennlp.common.params - model.text_field_embedder.token_characters.encoder.ngram_filter_sizes = [5]
2018-04-05 03:02:03,801 - INFO - allennlp.common.params - model.text_field_embedder.token_characters.dropout = 0.2
2018-04-05 03:02:03,801 - INFO - allennlp.common.params - model.num_highway_layers = 2
2018-04-05 03:02:03,801 - INFO - allennlp.common.params - model.phrase_layer.type = lstm
2018-04-05 03:02:03,801 - INFO - allennlp.common.params - model.phrase_layer.batch_first = True
2018-04-05 03:02:03,801 - INFO - allennlp.common.params - Converting Params object to dict; logging of default values will not occur when dictionary parameters are used subsequently.
2018-04-05 03:02:03,801 - INFO - allennlp.common.params - CURRENTLY DEFINED PARAMETERS: 
2018-04-05 03:02:03,801 - INFO - allennlp.common.params - model.phrase_layer.bidirectional = True
2018-04-05 03:02:03,802 - INFO - allennlp.common.params - model.phrase_layer.input_size = 200
2018-04-05 03:02:03,802 - INFO - allennlp.common.params - model.phrase_layer.hidden_size = 100
2018-04-05 03:02:03,802 - INFO - allennlp.common.params - model.phrase_layer.num_layers = 1
2018-04-05 03:02:03,802 - INFO - allennlp.common.params - model.phrase_layer.dropout = 0.2
2018-04-05 03:02:03,802 - INFO - allennlp.common.params - model.phrase_layer.batch_first = True
2018-04-05 03:02:03,804 - INFO - allennlp.common.params - model.similarity_function.type = linear
2018-04-05 03:02:03,804 - INFO - allennlp.common.params - model.similarity_function.tensor_1_dim = 200
2018-04-05 03:02:03,804 - INFO - allennlp.common.params - model.similarity_function.tensor_2_dim = 200
2018-04-05 03:02:03,804 - INFO - allennlp.common.params - model.similarity_function.combination = x,y,x*y
2018-04-05 03:02:03,804 - INFO - allennlp.common.params - model.similarity_function.activation = linear
2018-04-05 03:02:03,804 - INFO - allennlp.common.params - model.modeling_layer.type = lstm
2018-04-05 03:02:03,804 - INFO - allennlp.common.params - model.modeling_layer.batch_first = True
2018-04-05 03:02:03,804 - INFO - allennlp.common.params - Converting Params object to dict; logging of default values will not occur when dictionary parameters are used subsequently.
2018-04-05 03:02:03,804 - INFO - allennlp.common.params - CURRENTLY DEFINED PARAMETERS: 
2018-04-05 03:02:03,804 - INFO - allennlp.common.params - model.modeling_layer.bidirectional = True
2018-04-05 03:02:03,805 - INFO - allennlp.common.params - model.modeling_layer.input_size = 800
2018-04-05 03:02:03,805 - INFO - allennlp.common.params - model.modeling_layer.hidden_size = 100
2018-04-05 03:02:03,805 - INFO - allennlp.common.params - model.modeling_layer.num_layers = 2
2018-04-05 03:02:03,805 - INFO - allennlp.common.params - model.modeling_layer.dropout = 0.2
2018-04-05 03:02:03,805 - INFO - allennlp.common.params - model.modeling_layer.batch_first = True
2018-04-05 03:02:03,811 - INFO - allennlp.common.params - model.span_end_encoder.type = lstm
2018-04-05 03:02:03,812 - INFO - allennlp.common.params - model.span_end_encoder.batch_first = True
2018-04-05 03:02:03,812 - INFO - allennlp.common.params - Converting Params object to dict; logging of default values will not occur when dictionary parameters are used subsequently.
2018-04-05 03:02:03,812 - INFO - allennlp.common.params - CURRENTLY DEFINED PARAMETERS: 
2018-04-05 03:02:03,812 - INFO - allennlp.common.params - model.span_end_encoder.bidirectional = True
2018-04-05 03:02:03,812 - INFO - allennlp.common.params - model.span_end_encoder.input_size = 1400
2018-04-05 03:02:03,812 - INFO - allennlp.common.params - model.span_end_encoder.hidden_size = 100
2018-04-05 03:02:03,812 - INFO - allennlp.common.params - model.span_end_encoder.num_layers = 1
2018-04-05 03:02:03,812 - INFO - allennlp.common.params - model.span_end_encoder.dropout = 0.2
2018-04-05 03:02:03,812 - INFO - allennlp.common.params - model.span_end_encoder.batch_first = True
2018-04-05 03:02:03,820 - INFO - allennlp.common.params - model.dropout = 0.2
2018-04-05 03:02:03,820 - INFO - allennlp.common.params - model.initializer = []
2018-04-05 03:02:03,820 - INFO - allennlp.common.params - model.regularizer = []
2018-04-05 03:02:03,820 - INFO - allennlp.common.params - model.mask_lstms = True
2018-04-05 03:02:03,822 - INFO - allennlp.nn.initializers - Initializing parameters
2018-04-05 03:02:03,822 - INFO - allennlp.nn.initializers - Done initializing parameters; the following parameters are using their default initialization from their code
2018-04-05 03:02:03,822 - INFO - allennlp.nn.initializers -    _highway_layer._module._layers.0.bias
2018-04-05 03:02:03,822 - INFO - allennlp.nn.initializers -    _highway_layer._module._layers.0.weight
2018-04-05 03:02:03,822 - INFO - allennlp.nn.initializers -    _highway_layer._module._layers.1.bias
2018-04-05 03:02:03,822 - INFO - allennlp.nn.initializers -    _highway_layer._module._layers.1.weight
2018-04-05 03:02:03,822 - INFO - allennlp.nn.initializers -    _matrix_attention._similarity_function._bias
2018-04-05 03:02:03,823 - INFO - allennlp.nn.initializers -    _matrix_attention._similarity_function._weight_vector
2018-04-05 03:02:03,823 - INFO - allennlp.nn.initializers -    _modeling_layer._module.bias_hh_l0
2018-04-05 03:02:03,823 - INFO - allennlp.nn.initializers -    _modeling_layer._module.bias_hh_l0_reverse
2018-04-05 03:02:03,823 - INFO - allennlp.nn.initializers -    _modeling_layer._module.bias_hh_l1
2018-04-05 03:02:03,823 - INFO - allennlp.nn.initializers -    _modeling_layer._module.bias_hh_l1_reverse
2018-04-05 03:02:03,823 - INFO - allennlp.nn.initializers -    _modeling_layer._module.bias_ih_l0
2018-04-05 03:02:03,823 - INFO - allennlp.nn.initializers -    _modeling_layer._module.bias_ih_l0_reverse
2018-04-05 03:02:03,823 - INFO - allennlp.nn.initializers -    _modeling_layer._module.bias_ih_l1
2018-04-05 03:02:03,823 - INFO - allennlp.nn.initializers -    _modeling_layer._module.bias_ih_l1_reverse
2018-04-05 03:02:03,823 - INFO - allennlp.nn.initializers -    _modeling_layer._module.weight_hh_l0
2018-04-05 03:02:03,823 - INFO - allennlp.nn.initializers -    _modeling_layer._module.weight_hh_l0_reverse
2018-04-05 03:02:03,823 - INFO - allennlp.nn.initializers -    _modeling_layer._module.weight_hh_l1
2018-04-05 03:02:03,823 - INFO - allennlp.nn.initializers -    _modeling_layer._module.weight_hh_l1_reverse
2018-04-05 03:02:03,823 - INFO - allennlp.nn.initializers -    _modeling_layer._module.weight_ih_l0
2018-04-05 03:02:03,823 - INFO - allennlp.nn.initializers -    _modeling_layer._module.weight_ih_l0_reverse
2018-04-05 03:02:03,823 - INFO - allennlp.nn.initializers -    _modeling_layer._module.weight_ih_l1
2018-04-05 03:02:03,823 - INFO - allennlp.nn.initializers -    _modeling_layer._module.weight_ih_l1_reverse
2018-04-05 03:02:03,823 - INFO - allennlp.nn.initializers -    _phrase_layer._module.bias_hh_l0
2018-04-05 03:02:03,823 - INFO - allennlp.nn.initializers -    _phrase_layer._module.bias_hh_l0_reverse
2018-04-05 03:02:03,823 - INFO - allennlp.nn.initializers -    _phrase_layer._module.bias_ih_l0
2018-04-05 03:02:03,824 - INFO - allennlp.nn.initializers -    _phrase_layer._module.bias_ih_l0_reverse
2018-04-05 03:02:03,824 - INFO - allennlp.nn.initializers -    _phrase_layer._module.weight_hh_l0
2018-04-05 03:02:03,824 - INFO - allennlp.nn.initializers -    _phrase_layer._module.weight_hh_l0_reverse
2018-04-05 03:02:03,824 - INFO - allennlp.nn.initializers -    _phrase_layer._module.weight_ih_l0
2018-04-05 03:02:03,824 - INFO - allennlp.nn.initializers -    _phrase_layer._module.weight_ih_l0_reverse
2018-04-05 03:02:03,824 - INFO - allennlp.nn.initializers -    _span_end_encoder._module.bias_hh_l0
2018-04-05 03:02:03,824 - INFO - allennlp.nn.initializers -    _span_end_encoder._module.bias_hh_l0_reverse
2018-04-05 03:02:03,824 - INFO - allennlp.nn.initializers -    _span_end_encoder._module.bias_ih_l0
2018-04-05 03:02:03,824 - INFO - allennlp.nn.initializers -    _span_end_encoder._module.bias_ih_l0_reverse
2018-04-05 03:02:03,824 - INFO - allennlp.nn.initializers -    _span_end_encoder._module.weight_hh_l0
2018-04-05 03:02:03,824 - INFO - allennlp.nn.initializers -    _span_end_encoder._module.weight_hh_l0_reverse
2018-04-05 03:02:03,824 - INFO - allennlp.nn.initializers -    _span_end_encoder._module.weight_ih_l0
2018-04-05 03:02:03,824 - INFO - allennlp.nn.initializers -    _span_end_encoder._module.weight_ih_l0_reverse
2018-04-05 03:02:03,824 - INFO - allennlp.nn.initializers -    _span_end_predictor._module.bias
2018-04-05 03:02:03,824 - INFO - allennlp.nn.initializers -    _span_end_predictor._module.weight
2018-04-05 03:02:03,824 - INFO - allennlp.nn.initializers -    _span_start_predictor._module.bias
2018-04-05 03:02:03,824 - INFO - allennlp.nn.initializers -    _span_start_predictor._module.weight
2018-04-05 03:02:03,824 - INFO - allennlp.nn.initializers -    _text_field_embedder.token_embedder_token_characters._embedding._module.weight
2018-04-05 03:02:03,824 - INFO - allennlp.nn.initializers -    _text_field_embedder.token_embedder_token_characters._encoder._module.conv_layer_0.bias
2018-04-05 03:02:03,824 - INFO - allennlp.nn.initializers -    _text_field_embedder.token_embedder_token_characters._encoder._module.conv_layer_0.weight
2018-04-05 03:02:03,825 - INFO - allennlp.nn.initializers -    _text_field_embedder.token_embedder_tokens.weight
2018-04-05 03:02:03,825 - INFO - allennlp.common.params - iterator.type = bucket
2018-04-05 03:02:03,825 - INFO - allennlp.common.params - iterator.sorting_keys = [['passage', 'num_tokens'], ['question', 'num_tokens']]
2018-04-05 03:02:03,825 - INFO - allennlp.common.params - iterator.padding_noise = 0.1
2018-04-05 03:02:03,825 - INFO - allennlp.common.params - iterator.biggest_batch_first = False
2018-04-05 03:02:03,825 - INFO - allennlp.common.params - iterator.batch_size = 10
2018-04-05 03:02:03,825 - INFO - allennlp.common.params - iterator.instances_per_epoch = None
2018-04-05 03:02:03,825 - INFO - allennlp.common.params - iterator.max_instances_in_memory = None
2018-04-05 03:02:03,825 - INFO - allennlp.common.params - trainer.patience = 10
2018-04-05 03:02:03,825 - INFO - allennlp.common.params - trainer.validation_metric = +em
2018-04-05 03:02:03,825 - INFO - allennlp.common.params - trainer.num_epochs = 20
2018-04-05 03:02:03,825 - INFO - allennlp.common.params - trainer.cuda_device = 0
2018-04-05 03:02:03,826 - INFO - allennlp.common.params - trainer.grad_norm = 5.0
2018-04-05 03:02:03,826 - INFO - allennlp.common.params - trainer.grad_clipping = None
2018-04-05 03:02:07,732 - INFO - allennlp.common.params - trainer.optimizer.type = adam
2018-04-05 03:02:07,732 - INFO - allennlp.common.params - trainer.optimizer.parameter_groups = None
2018-04-05 03:02:07,732 - INFO - allennlp.common.params - Converting Params object to dict; logging of default values will not occur when dictionary parameters are used subsequently.
2018-04-05 03:02:07,733 - INFO - allennlp.common.params - CURRENTLY DEFINED PARAMETERS: 
2018-04-05 03:02:07,733 - INFO - allennlp.common.params - trainer.optimizer.betas = [0.9, 0.9]
2018-04-05 03:02:07,733 - INFO - allennlp.common.params - trainer.learning_rate_scheduler.type = reduce_on_plateau
2018-04-05 03:02:07,733 - INFO - allennlp.common.params - Converting Params object to dict; logging of default values will not occur when dictionary parameters are used subsequently.
2018-04-05 03:02:07,733 - INFO - allennlp.common.params - CURRENTLY DEFINED PARAMETERS: 
2018-04-05 03:02:07,733 - INFO - allennlp.common.params - trainer.learning_rate_scheduler.factor = 0.5
2018-04-05 03:02:07,733 - INFO - allennlp.common.params - trainer.learning_rate_scheduler.mode = max
2018-04-05 03:02:07,733 - INFO - allennlp.common.params - trainer.learning_rate_scheduler.patience = 2
2018-04-05 03:02:07,733 - INFO - allennlp.common.params - trainer.num_serialized_models_to_keep = None
2018-04-05 03:02:07,733 - INFO - allennlp.common.params - trainer.keep_serialized_model_every_num_seconds = None
2018-04-05 03:02:07,733 - INFO - allennlp.common.params - trainer.model_save_interval = None
2018-04-05 03:02:07,733 - INFO - allennlp.common.params - trainer.summary_interval = 100
2018-04-05 03:02:07,733 - INFO - allennlp.common.params - trainer.histogram_interval = None
2018-04-05 03:02:07,743 - INFO - allennlp.common.params - evaluate_on_test = False
2018-04-05 03:02:07,744 - INFO - allennlp.training.trainer - Beginning training.
2018-04-05 03:02:07,744 - INFO - allennlp.training.trainer - Epoch 0/19
2018-04-05 03:02:07,744 - INFO - allennlp.training.trainer - Peak CPU memory usage MB: 8591.888
2018-04-05 03:02:07,961 - INFO - allennlp.training.trainer - GPU 0 memory usage MB: 452
2018-04-05 03:02:07,962 - INFO - allennlp.training.trainer - GPU 1 memory usage MB: 8727
2018-04-05 03:02:07,962 - INFO - allennlp.training.trainer - GPU 2 memory usage MB: 1
2018-04-05 03:02:07,962 - INFO - allennlp.training.trainer - GPU 3 memory usage MB: 1
2018-04-05 03:02:07,963 - INFO - allennlp.training.trainer - Training
2018-04-05 04:07:35,618 - INFO - allennlp.training.trainer - Validating
2018-04-05 04:11:11,984 - INFO - allennlp.training.trainer - Best validation performance so far. Copying weights to 'output/joint_nqa_010_0.1/best.th'.
2018-04-05 04:11:12,475 - INFO - allennlp.training.trainer - Training end_acc : 0.373620    Validation end_acc : 0.536581 
2018-04-05 04:11:12,476 - INFO - allennlp.training.trainer - Training span_acc : 0.258075    Validation span_acc : 0.398528 
2018-04-05 04:11:12,476 - INFO - allennlp.training.trainer - Training loss : 5.289095    Validation loss : 3.789367 
2018-04-05 04:11:12,477 - INFO - allennlp.training.trainer - Training f1 : 0.417356    Validation f1 : 0.596527 
2018-04-05 04:11:12,477 - INFO - allennlp.training.trainer - Training em : 0.289987    Validation em : 0.445697 
2018-04-05 04:11:12,478 - INFO - allennlp.training.trainer - Training start_acc : 0.340644    Validation start_acc : 0.495319 
2018-04-05 04:11:12,478 - INFO - allennlp.training.trainer - Epoch duration: 01:09:04
2018-04-05 04:11:12,478 - INFO - allennlp.training.trainer - Estimated training time remaining: 21:52:29
2018-04-05 04:11:12,478 - INFO - allennlp.training.trainer - Epoch 1/19
2018-04-05 04:11:12,478 - INFO - allennlp.training.trainer - Peak CPU memory usage MB: 12897.844
2018-04-05 04:11:12,921 - INFO - allennlp.training.trainer - GPU 0 memory usage MB: 15963
2018-04-05 04:11:12,921 - INFO - allennlp.training.trainer - GPU 1 memory usage MB: 8727
2018-04-05 04:11:12,922 - INFO - allennlp.training.trainer - GPU 2 memory usage MB: 1
2018-04-05 04:11:12,922 - INFO - allennlp.training.trainer - GPU 3 memory usage MB: 1
2018-04-05 04:11:12,924 - INFO - allennlp.training.trainer - Training
2018-04-05 05:11:41,693 - INFO - allennlp.training.trainer - Validating
2018-04-05 05:14:42,545 - INFO - allennlp.training.trainer - Best validation performance so far. Copying weights to 'output/joint_nqa_010_0.1/best.th'.
2018-04-05 05:14:43,081 - INFO - allennlp.training.trainer - Training end_acc : 0.543967    Validation end_acc : 0.558848 
2018-04-05 05:14:43,081 - INFO - allennlp.training.trainer - Training span_acc : 0.405251    Validation span_acc : 0.416614 
2018-04-05 05:14:43,082 - INFO - allennlp.training.trainer - Training loss : 3.690348    Validation loss : 3.474131 
2018-04-05 05:14:43,082 - INFO - allennlp.training.trainer - Training f1 : 0.604463    Validation f1 : 0.625182 
2018-04-05 05:14:43,083 - INFO - allennlp.training.trainer - Training em : 0.454563    Validation em : 0.466418 
2018-04-05 05:14:43,083 - INFO - allennlp.training.trainer - Training start_acc : 0.501865    Validation start_acc : 0.524312 
2018-04-05 05:14:43,083 - INFO - allennlp.training.trainer - Epoch duration: 01:03:30
2018-04-05 05:14:43,083 - INFO - allennlp.training.trainer - Estimated training time remaining: 19:53:18
2018-04-05 05:14:43,084 - INFO - allennlp.training.trainer - Epoch 2/19
2018-04-05 05:14:43,084 - INFO - allennlp.training.trainer - Peak CPU memory usage MB: 12923.676
2018-04-05 05:14:43,674 - INFO - allennlp.training.trainer - GPU 0 memory usage MB: 15965
2018-04-05 05:14:43,674 - INFO - allennlp.training.trainer - GPU 1 memory usage MB: 8727
2018-04-05 05:14:43,674 - INFO - allennlp.training.trainer - GPU 2 memory usage MB: 1
2018-04-05 05:14:43,675 - INFO - allennlp.training.trainer - GPU 3 memory usage MB: 1
2018-04-05 05:14:43,676 - INFO - allennlp.training.trainer - Training
2018-04-05 06:13:55,861 - INFO - allennlp.training.trainer - Validating
2018-04-05 06:16:42,410 - INFO - allennlp.training.trainer - Best validation performance so far. Copying weights to 'output/joint_nqa_010_0.1/best.th'.
2018-04-05 06:16:42,962 - INFO - allennlp.training.trainer - Training end_acc : 0.575339    Validation end_acc : 0.569390 
2018-04-05 06:16:42,964 - INFO - allennlp.training.trainer - Training span_acc : 0.436528    Validation span_acc : 0.435245 
2018-04-05 06:16:42,964 - INFO - allennlp.training.trainer - Training loss : 3.395061    Validation loss : 3.390637 
2018-04-05 06:16:42,965 - INFO - allennlp.training.trainer - Training f1 : 0.637481    Validation f1 : 0.636945 
2018-04-05 06:16:42,965 - INFO - allennlp.training.trainer - Training em : 0.487383    Validation em : 0.486231 
2018-04-05 06:16:42,965 - INFO - allennlp.training.trainer - Training start_acc : 0.535539    Validation start_acc : 0.534854 
2018-04-05 06:16:42,965 - INFO - allennlp.training.trainer - Epoch duration: 01:01:59
2018-04-05 06:16:42,965 - INFO - allennlp.training.trainer - Estimated training time remaining: 18:22:39
2018-04-05 06:16:42,965 - INFO - allennlp.training.trainer - Epoch 3/19
2018-04-05 06:16:42,966 - INFO - allennlp.training.trainer - Peak CPU memory usage MB: 12941.544
2018-04-05 06:16:43,404 - INFO - allennlp.training.trainer - GPU 0 memory usage MB: 18773
2018-04-05 06:16:43,405 - INFO - allennlp.training.trainer - GPU 1 memory usage MB: 8727
2018-04-05 06:16:43,405 - INFO - allennlp.training.trainer - GPU 2 memory usage MB: 1
2018-04-05 06:16:43,405 - INFO - allennlp.training.trainer - GPU 3 memory usage MB: 1
2018-04-05 06:16:43,407 - INFO - allennlp.training.trainer - Training
2018-04-05 07:25:38,034 - INFO - allennlp.training.trainer - Validating
2018-04-05 07:28:24,947 - INFO - allennlp.training.trainer - Best validation performance so far. Copying weights to 'output/joint_nqa_010_0.1/best.th'.
2018-04-05 07:28:25,484 - INFO - allennlp.training.trainer - Training end_acc : 0.595041    Validation end_acc : 0.582478 
2018-04-05 07:28:25,485 - INFO - allennlp.training.trainer - Training span_acc : 0.456001    Validation span_acc : 0.443606 
2018-04-05 07:28:25,485 - INFO - allennlp.training.trainer - Training loss : 3.221240    Validation loss : 3.395390 
2018-04-05 07:28:25,486 - INFO - allennlp.training.trainer - Training f1 : 0.658326    Validation f1 : 0.643113 
2018-04-05 07:28:25,486 - INFO - allennlp.training.trainer - Training em : 0.508273    Validation em : 0.491230 
2018-04-05 07:28:25,486 - INFO - allennlp.training.trainer - Training start_acc : 0.554918    Validation start_acc : 0.542761 
2018-04-05 07:28:25,486 - INFO - allennlp.training.trainer - Epoch duration: 01:11:42
2018-04-05 07:28:25,486 - INFO - allennlp.training.trainer - Estimated training time remaining: 17:45:10
2018-04-05 07:28:25,487 - INFO - allennlp.training.trainer - Epoch 4/19
2018-04-05 07:28:25,487 - INFO - allennlp.training.trainer - Peak CPU memory usage MB: 12961.032
2018-04-05 07:28:25,923 - INFO - allennlp.training.trainer - GPU 0 memory usage MB: 18773
2018-04-05 07:28:25,924 - INFO - allennlp.training.trainer - GPU 1 memory usage MB: 8727
2018-04-05 07:28:25,924 - INFO - allennlp.training.trainer - GPU 2 memory usage MB: 1
2018-04-05 07:28:25,924 - INFO - allennlp.training.trainer - GPU 3 memory usage MB: 1
2018-04-05 07:28:25,926 - INFO - allennlp.training.trainer - Training
2018-04-05 08:30:56,063 - INFO - allennlp.training.trainer - Validating
2018-04-05 08:33:42,716 - INFO - allennlp.training.trainer - Training end_acc : 0.604053    Validation end_acc : 0.577388 
2018-04-05 08:33:42,717 - INFO - allennlp.training.trainer - Training span_acc : 0.466753    Validation span_acc : 0.440607 
2018-04-05 08:33:42,718 - INFO - allennlp.training.trainer - Training loss : 3.135819    Validation loss : 3.402645 
2018-04-05 08:33:42,718 - INFO - allennlp.training.trainer - Training f1 : 0.668627    Validation f1 : 0.646306 
2018-04-05 08:33:42,718 - INFO - allennlp.training.trainer - Training em : 0.518733    Validation em : 0.489957 
2018-04-05 08:33:42,718 - INFO - allennlp.training.trainer - Training start_acc : 0.566785    Validation start_acc : 0.541216 
2018-04-05 08:33:42,719 - INFO - allennlp.training.trainer - Epoch duration: 01:05:17
2018-04-05 08:33:42,719 - INFO - allennlp.training.trainer - Estimated training time remaining: 16:34:44
2018-04-05 08:33:42,719 - INFO - allennlp.training.trainer - Epoch 5/19
2018-04-05 08:33:42,719 - INFO - allennlp.training.trainer - Peak CPU memory usage MB: 12979.808
2018-04-05 08:33:43,139 - INFO - allennlp.training.trainer - GPU 0 memory usage MB: 18773
2018-04-05 08:33:43,140 - INFO - allennlp.training.trainer - GPU 1 memory usage MB: 8727
2018-04-05 08:33:43,140 - INFO - allennlp.training.trainer - GPU 2 memory usage MB: 1
2018-04-05 08:33:43,140 - INFO - allennlp.training.trainer - GPU 3 memory usage MB: 1
2018-04-05 08:33:43,142 - INFO - allennlp.training.trainer - Training
2018-04-05 09:36:56,890 - INFO - allennlp.training.trainer - Validating
2018-04-05 09:39:45,795 - INFO - allennlp.training.trainer - Best validation performance so far. Copying weights to 'output/joint_nqa_010_0.1/best.th'.
2018-04-05 09:39:46,324 - INFO - allennlp.training.trainer - Training end_acc : 0.613024    Validation end_acc : 0.580842 
2018-04-05 09:39:46,325 - INFO - allennlp.training.trainer - Training span_acc : 0.473817    Validation span_acc : 0.442516 
2018-04-05 09:39:46,326 - INFO - allennlp.training.trainer - Training loss : 3.077420    Validation loss : 3.460181 
2018-04-05 09:39:46,326 - INFO - allennlp.training.trainer - Training f1 : 0.676972    Validation f1 : 0.645259 
2018-04-05 09:39:46,326 - INFO - allennlp.training.trainer - Training em : 0.526349    Validation em : 0.491593 
2018-04-05 09:39:46,326 - INFO - allennlp.training.trainer - Training start_acc : 0.572671    Validation start_acc : 0.538944 
2018-04-05 09:39:46,327 - INFO - allennlp.training.trainer - Epoch duration: 01:06:03
2018-04-05 09:39:46,327 - INFO - allennlp.training.trainer - Estimated training time remaining: 15:27:50
2018-04-05 09:39:46,327 - INFO - allennlp.training.trainer - Epoch 6/19
2018-04-05 09:39:46,328 - INFO - allennlp.training.trainer - Peak CPU memory usage MB: 12999.796
2018-04-05 09:39:46,719 - INFO - allennlp.training.trainer - GPU 0 memory usage MB: 18773
2018-04-05 09:39:46,719 - INFO - allennlp.training.trainer - GPU 1 memory usage MB: 8727
2018-04-05 09:39:46,719 - INFO - allennlp.training.trainer - GPU 2 memory usage MB: 1
2018-04-05 09:39:46,720 - INFO - allennlp.training.trainer - GPU 3 memory usage MB: 1
2018-04-05 09:39:46,721 - INFO - allennlp.training.trainer - Training
2018-04-05 10:44:31,620 - INFO - allennlp.training.trainer - Validating
2018-04-05 10:47:20,682 - INFO - allennlp.training.trainer - Best validation performance so far. Copying weights to 'output/joint_nqa_010_0.1/best.th'.
2018-04-05 10:47:21,199 - INFO - allennlp.training.trainer - Training end_acc : 0.617681    Validation end_acc : 0.578024 
2018-04-05 10:47:21,199 - INFO - allennlp.training.trainer - Training span_acc : 0.477985    Validation span_acc : 0.444606 
2018-04-05 10:47:21,199 - INFO - allennlp.training.trainer - Training loss : 3.068573    Validation loss : 3.415665 
2018-04-05 10:47:21,200 - INFO - allennlp.training.trainer - Training f1 : 0.681073    Validation f1 : 0.646988 
2018-04-05 10:47:21,200 - INFO - allennlp.training.trainer - Training em : 0.531257    Validation em : 0.493229 
2018-04-05 10:47:21,200 - INFO - allennlp.training.trainer - Training start_acc : 0.577037    Validation start_acc : 0.550214 
2018-04-05 10:47:21,201 - INFO - allennlp.training.trainer - Epoch duration: 01:07:34
2018-04-05 10:47:21,201 - INFO - allennlp.training.trainer - Estimated training time remaining: 14:23:59
2018-04-05 10:47:21,201 - INFO - allennlp.training.trainer - Epoch 7/19
2018-04-05 10:47:21,202 - INFO - allennlp.training.trainer - Peak CPU memory usage MB: 13018.728
2018-04-05 10:47:21,589 - INFO - allennlp.training.trainer - GPU 0 memory usage MB: 18773
2018-04-05 10:47:21,590 - INFO - allennlp.training.trainer - GPU 1 memory usage MB: 8727
2018-04-05 10:47:21,590 - INFO - allennlp.training.trainer - GPU 2 memory usage MB: 1
2018-04-05 10:47:21,590 - INFO - allennlp.training.trainer - GPU 3 memory usage MB: 1
2018-04-05 10:47:21,592 - INFO - allennlp.training.trainer - Training
2018-04-05 11:46:31,312 - INFO - allennlp.training.trainer - Validating
2018-04-05 11:49:18,160 - INFO - allennlp.training.trainer - Training end_acc : 0.618045    Validation end_acc : 0.582296 
2018-04-05 11:49:18,161 - INFO - allennlp.training.trainer - Training span_acc : 0.477474    Validation span_acc : 0.443515 
2018-04-05 11:49:18,162 - INFO - allennlp.training.trainer - Training loss : 3.068313    Validation loss : 3.441520 
2018-04-05 11:49:18,162 - INFO - allennlp.training.trainer - Training f1 : 0.682808    Validation f1 : 0.646233 
2018-04-05 11:49:18,162 - INFO - allennlp.training.trainer - Training em : 0.529777    Validation em : 0.492593 
2018-04-05 11:49:18,162 - INFO - allennlp.training.trainer - Training start_acc : 0.580225    Validation start_acc : 0.542579 
2018-04-05 11:49:18,162 - INFO - allennlp.training.trainer - Epoch duration: 01:01:56
2018-04-05 11:49:18,163 - INFO - allennlp.training.trainer - Estimated training time remaining: 13:10:45
2018-04-05 11:49:18,163 - INFO - allennlp.training.trainer - Epoch 8/19
2018-04-05 11:49:18,163 - INFO - allennlp.training.trainer - Peak CPU memory usage MB: 13038.46
2018-04-05 11:49:18,588 - INFO - allennlp.training.trainer - GPU 0 memory usage MB: 18773
2018-04-05 11:49:18,589 - INFO - allennlp.training.trainer - GPU 1 memory usage MB: 8727
2018-04-05 11:49:18,589 - INFO - allennlp.training.trainer - GPU 2 memory usage MB: 1
2018-04-05 11:49:18,589 - INFO - allennlp.training.trainer - GPU 3 memory usage MB: 1
2018-04-05 11:49:18,591 - INFO - allennlp.training.trainer - Training
2018-04-05 12:48:24,627 - INFO - allennlp.training.trainer - Validating
2018-04-05 12:51:13,269 - INFO - allennlp.training.trainer - Training end_acc : 0.618879    Validation end_acc : 0.579297 
2018-04-05 12:51:13,270 - INFO - allennlp.training.trainer - Training span_acc : 0.479267    Validation span_acc : 0.441970 
2018-04-05 12:51:13,271 - INFO - allennlp.training.trainer - Training loss : 3.073296    Validation loss : 3.474465 
2018-04-05 12:51:13,271 - INFO - allennlp.training.trainer - Training f1 : 0.682447    Validation f1 : 0.648395 
2018-04-05 12:51:13,271 - INFO - allennlp.training.trainer - Training em : 0.531590    Validation em : 0.492866 
2018-04-05 12:51:13,272 - INFO - allennlp.training.trainer - Training start_acc : 0.579631    Validation start_acc : 0.539580 
2018-04-05 12:51:13,272 - INFO - allennlp.training.trainer - Epoch duration: 01:01:55
2018-04-05 12:51:13,272 - INFO - allennlp.training.trainer - Estimated training time remaining: 12:00:00
2018-04-05 12:51:13,272 - INFO - allennlp.training.trainer - Epoch 9/19
2018-04-05 12:51:13,273 - INFO - allennlp.training.trainer - Peak CPU memory usage MB: 13059.164
2018-04-05 12:51:13,664 - INFO - allennlp.training.trainer - GPU 0 memory usage MB: 21588
2018-04-05 12:51:13,665 - INFO - allennlp.training.trainer - GPU 1 memory usage MB: 8727
2018-04-05 12:51:13,665 - INFO - allennlp.training.trainer - GPU 2 memory usage MB: 1
2018-04-05 12:51:13,665 - INFO - allennlp.training.trainer - GPU 3 memory usage MB: 1
2018-04-05 12:51:13,667 - INFO - allennlp.training.trainer - Training
2018-04-05 13:52:09,481 - INFO - allennlp.training.trainer - Validating
2018-04-05 13:55:05,438 - INFO - allennlp.training.trainer - Training end_acc : 0.617410    Validation end_acc : 0.576116 
2018-04-05 13:55:05,440 - INFO - allennlp.training.trainer - Training span_acc : 0.478350    Validation span_acc : 0.434154 
2018-04-05 13:55:05,441 - INFO - allennlp.training.trainer - Training loss : 3.118335    Validation loss : 3.565016 
2018-04-05 13:55:05,441 - INFO - allennlp.training.trainer - Training f1 : 0.681483    Validation f1 : 0.637586 
2018-04-05 13:55:05,441 - INFO - allennlp.training.trainer - Training em : 0.531382    Validation em : 0.484413 
2018-04-05 13:55:05,441 - INFO - allennlp.training.trainer - Training start_acc : 0.579235    Validation start_acc : 0.534491 
2018-04-05 13:55:05,442 - INFO - allennlp.training.trainer - Epoch duration: 01:03:52
2018-04-05 13:55:05,442 - INFO - allennlp.training.trainer - Estimated training time remaining: 10:52:57
2018-04-05 13:55:05,442 - INFO - allennlp.training.trainer - Epoch 10/19
2018-04-05 13:55:05,442 - INFO - allennlp.training.trainer - Peak CPU memory usage MB: 13077.62
2018-04-05 13:55:05,854 - INFO - allennlp.training.trainer - GPU 0 memory usage MB: 21588
2018-04-05 13:55:05,855 - INFO - allennlp.training.trainer - GPU 1 memory usage MB: 8727
2018-04-05 13:55:05,855 - INFO - allennlp.training.trainer - GPU 2 memory usage MB: 1
2018-04-05 13:55:05,855 - INFO - allennlp.training.trainer - GPU 3 memory usage MB: 1
2018-04-05 13:55:05,857 - INFO - allennlp.training.trainer - Training
2018-04-05 14:57:54,174 - INFO - allennlp.training.trainer - Validating
2018-04-05 15:00:54,245 - INFO - allennlp.training.trainer - Best validation performance so far. Copying weights to 'output/joint_nqa_010_0.1/best.th'.
2018-04-05 15:00:54,770 - INFO - allennlp.training.trainer - Training end_acc : 0.648083    Validation end_acc : 0.589021 
2018-04-05 15:00:54,771 - INFO - allennlp.training.trainer - Training span_acc : 0.507991    Validation span_acc : 0.449423 
2018-04-05 15:00:54,771 - INFO - allennlp.training.trainer - Training loss : 2.856228    Validation loss : 3.479438 
2018-04-05 15:00:54,771 - INFO - allennlp.training.trainer - Training f1 : 0.710998    Validation f1 : 0.652677 
2018-04-05 15:00:54,771 - INFO - allennlp.training.trainer - Training em : 0.562273    Validation em : 0.497955 
2018-04-05 15:00:54,772 - INFO - allennlp.training.trainer - Training start_acc : 0.607606    Validation start_acc : 0.549214 
2018-04-05 15:00:54,772 - INFO - allennlp.training.trainer - Epoch duration: 01:05:49
2018-04-05 15:00:54,772 - INFO - allennlp.training.trainer - Estimated training time remaining: 09:48:05
2018-04-05 15:00:54,772 - INFO - allennlp.training.trainer - Epoch 11/19
2018-04-05 15:00:54,773 - INFO - allennlp.training.trainer - Peak CPU memory usage MB: 13096.004
2018-04-05 15:00:55,151 - INFO - allennlp.training.trainer - GPU 0 memory usage MB: 4314
2018-04-05 15:00:55,152 - INFO - allennlp.training.trainer - GPU 1 memory usage MB: 8727
2018-04-05 15:00:55,152 - INFO - allennlp.training.trainer - GPU 2 memory usage MB: 1
2018-04-05 15:00:55,152 - INFO - allennlp.training.trainer - GPU 3 memory usage MB: 1
2018-04-05 15:00:55,154 - INFO - allennlp.training.trainer - Training
2018-04-05 16:03:23,337 - INFO - allennlp.training.trainer - Validating
2018-04-05 16:06:24,803 - INFO - allennlp.training.trainer - Best validation performance so far. Copying weights to 'output/joint_nqa_010_0.1/best.th'.
2018-04-05 16:06:25,532 - INFO - allennlp.training.trainer - Training end_acc : 0.658408    Validation end_acc : 0.587658 
2018-04-05 16:06:25,533 - INFO - allennlp.training.trainer - Training span_acc : 0.518577    Validation span_acc : 0.451513 
2018-04-05 16:06:25,534 - INFO - allennlp.training.trainer - Training loss : 2.777210    Validation loss : 3.539936 
2018-04-05 16:06:25,534 - INFO - allennlp.training.trainer - Training f1 : 0.721784    Validation f1 : 0.654287 
2018-04-05 16:06:25,535 - INFO - allennlp.training.trainer - Training em : 0.572765    Validation em : 0.501045 
2018-04-05 16:06:25,535 - INFO - allennlp.training.trainer - Training start_acc : 0.619504    Validation start_acc : 0.550395 
2018-04-05 16:06:25,535 - INFO - allennlp.training.trainer - Epoch duration: 01:05:30
2018-04-05 16:06:25,536 - INFO - allennlp.training.trainer - Estimated training time remaining: 08:42:51
2018-04-05 16:06:25,536 - INFO - allennlp.training.trainer - Epoch 12/19
2018-04-05 16:06:25,536 - INFO - allennlp.training.trainer - Peak CPU memory usage MB: 13113.348
2018-04-05 16:06:25,946 - INFO - allennlp.training.trainer - GPU 0 memory usage MB: 4315
2018-04-05 16:06:25,947 - INFO - allennlp.training.trainer - GPU 1 memory usage MB: 8727
2018-04-05 16:06:25,947 - INFO - allennlp.training.trainer - GPU 2 memory usage MB: 1
2018-04-05 16:06:25,947 - INFO - allennlp.training.trainer - GPU 3 memory usage MB: 1
2018-04-05 16:06:25,949 - INFO - allennlp.training.trainer - Training
2018-04-05 17:07:00,200 - INFO - allennlp.training.trainer - Validating
2018-04-05 17:09:48,121 - INFO - allennlp.training.trainer - Best validation performance so far. Copying weights to 'output/joint_nqa_010_0.1/best.th'.
2018-04-05 17:09:48,663 - INFO - allennlp.training.trainer - Training end_acc : 0.663211    Validation end_acc : 0.588385 
2018-04-05 17:09:48,664 - INFO - allennlp.training.trainer - Training span_acc : 0.524068    Validation span_acc : 0.452786 
2018-04-05 17:09:48,664 - INFO - allennlp.training.trainer - Training loss : 2.733044    Validation loss : 3.547677 
2018-04-05 17:09:48,665 - INFO - allennlp.training.trainer - Training f1 : 0.726244    Validation f1 : 0.655697 
2018-04-05 17:09:48,665 - INFO - allennlp.training.trainer - Training em : 0.578652    Validation em : 0.501772 
2018-04-05 17:09:48,666 - INFO - allennlp.training.trainer - Training start_acc : 0.624390    Validation start_acc : 0.550941 
2018-04-05 17:09:48,666 - INFO - allennlp.training.trainer - Epoch duration: 01:03:23
2018-04-05 17:09:48,666 - INFO - allennlp.training.trainer - Estimated training time remaining: 07:36:26
2018-04-05 17:09:48,666 - INFO - allennlp.training.trainer - Epoch 13/19
2018-04-05 17:09:48,666 - INFO - allennlp.training.trainer - Peak CPU memory usage MB: 13129.992
2018-04-05 17:09:49,054 - INFO - allennlp.training.trainer - GPU 0 memory usage MB: 4750
2018-04-05 17:09:49,055 - INFO - allennlp.training.trainer - GPU 1 memory usage MB: 8727
2018-04-05 17:09:49,055 - INFO - allennlp.training.trainer - GPU 2 memory usage MB: 1
2018-04-05 17:09:49,055 - INFO - allennlp.training.trainer - GPU 3 memory usage MB: 1
2018-04-05 17:09:49,057 - INFO - allennlp.training.trainer - Training
2018-04-05 18:10:12,948 - INFO - allennlp.training.trainer - Validating
2018-04-05 18:13:09,200 - INFO - allennlp.training.trainer - Training end_acc : 0.664868    Validation end_acc : 0.584386 
2018-04-05 18:13:09,201 - INFO - allennlp.training.trainer - Training span_acc : 0.524672    Validation span_acc : 0.447151 
2018-04-05 18:13:09,202 - INFO - allennlp.training.trainer - Training loss : 2.731073    Validation loss : 3.598571 
2018-04-05 18:13:09,202 - INFO - allennlp.training.trainer - Training f1 : 0.727621    Validation f1 : 0.650028 
2018-04-05 18:13:09,202 - INFO - allennlp.training.trainer - Training em : 0.577881    Validation em : 0.498591 
2018-04-05 18:13:09,203 - INFO - allennlp.training.trainer - Training start_acc : 0.625651    Validation start_acc : 0.543852 
2018-04-05 18:13:09,203 - INFO - allennlp.training.trainer - Epoch duration: 01:03:20
2018-04-05 18:13:09,203 - INFO - allennlp.training.trainer - Estimated training time remaining: 06:30:26
2018-04-05 18:13:09,203 - INFO - allennlp.training.trainer - Epoch 14/19
2018-04-05 18:13:09,203 - INFO - allennlp.training.trainer - Peak CPU memory usage MB: 13149.44
2018-04-05 18:13:09,562 - INFO - allennlp.training.trainer - GPU 0 memory usage MB: 4750
2018-04-05 18:13:09,562 - INFO - allennlp.training.trainer - GPU 1 memory usage MB: 8727
2018-04-05 18:13:09,562 - INFO - allennlp.training.trainer - GPU 2 memory usage MB: 1
2018-04-05 18:13:09,563 - INFO - allennlp.training.trainer - GPU 3 memory usage MB: 1
2018-04-05 18:13:09,564 - INFO - allennlp.training.trainer - Training
2018-04-05 19:12:31,108 - INFO - allennlp.training.trainer - Validating
2018-04-05 19:15:19,922 - INFO - allennlp.training.trainer - Training end_acc : 0.666920    Validation end_acc : 0.584113 
2018-04-05 19:15:20,001 - INFO - allennlp.training.trainer - Training span_acc : 0.525974    Validation span_acc : 0.448151 
2018-04-05 19:15:20,001 - INFO - allennlp.training.trainer - Training loss : 2.691259    Validation loss : 3.632522 
2018-04-05 19:15:20,002 - INFO - allennlp.training.trainer - Training f1 : 0.729208    Validation f1 : 0.650080 
2018-04-05 19:15:20,002 - INFO - allennlp.training.trainer - Training em : 0.579579    Validation em : 0.499864 
2018-04-05 19:15:20,002 - INFO - allennlp.training.trainer - Training start_acc : 0.627620    Validation start_acc : 0.545215 
2018-04-05 19:15:20,002 - INFO - allennlp.training.trainer - Epoch duration: 01:02:10
2018-04-05 19:15:20,002 - INFO - allennlp.training.trainer - Estimated training time remaining: 05:24:24
2018-04-05 19:15:20,003 - INFO - allennlp.training.trainer - Epoch 15/19
2018-04-05 19:15:20,003 - INFO - allennlp.training.trainer - Peak CPU memory usage MB: 13167.224
2018-04-05 19:15:21,416 - INFO - allennlp.training.trainer - GPU 0 memory usage MB: 4750
2018-04-05 19:15:21,417 - INFO - allennlp.training.trainer - GPU 1 memory usage MB: 8727
2018-04-05 19:15:21,417 - INFO - allennlp.training.trainer - GPU 2 memory usage MB: 1
2018-04-05 19:15:21,417 - INFO - allennlp.training.trainer - GPU 3 memory usage MB: 1
2018-04-05 19:15:21,419 - INFO - allennlp.training.trainer - Training
2018-04-05 20:19:54,169 - INFO - allennlp.training.trainer - Validating
2018-04-05 20:22:41,977 - INFO - allennlp.training.trainer - Training end_acc : 0.664899    Validation end_acc : 0.582841 
2018-04-05 20:22:41,978 - INFO - allennlp.training.trainer - Training span_acc : 0.524766    Validation span_acc : 0.446151 
2018-04-05 20:22:41,978 - INFO - allennlp.training.trainer - Training loss : 2.726338    Validation loss : 3.602230 
2018-04-05 20:22:41,979 - INFO - allennlp.training.trainer - Training f1 : 0.727277    Validation f1 : 0.649474 
2018-04-05 20:22:41,980 - INFO - allennlp.training.trainer - Training em : 0.578225    Validation em : 0.497319 
2018-04-05 20:22:41,980 - INFO - allennlp.training.trainer - Training start_acc : 0.626276    Validation start_acc : 0.548669 
2018-04-05 20:22:41,980 - INFO - allennlp.training.trainer - Epoch duration: 01:07:21
2018-04-05 20:22:41,980 - INFO - allennlp.training.trainer - Estimated training time remaining: 04:20:08
2018-04-05 20:22:41,980 - INFO - allennlp.training.trainer - Epoch 16/19
2018-04-05 20:22:41,981 - INFO - allennlp.training.trainer - Peak CPU memory usage MB: 13185.104
2018-04-05 20:22:42,379 - INFO - allennlp.training.trainer - GPU 0 memory usage MB: 4750
2018-04-05 20:22:42,380 - INFO - allennlp.training.trainer - GPU 1 memory usage MB: 8727
2018-04-05 20:22:42,380 - INFO - allennlp.training.trainer - GPU 2 memory usage MB: 1
2018-04-05 20:22:42,380 - INFO - allennlp.training.trainer - GPU 3 memory usage MB: 1
2018-04-05 20:22:42,382 - INFO - allennlp.training.trainer - Training
2018-04-05 21:25:19,389 - INFO - allennlp.training.trainer - Validating
2018-04-05 21:28:12,332 - INFO - allennlp.training.trainer - Training end_acc : 0.686851    Validation end_acc : 0.586567 
2018-04-05 21:28:12,334 - INFO - allennlp.training.trainer - Training span_acc : 0.547166    Validation span_acc : 0.450786 
2018-04-05 21:28:12,335 - INFO - allennlp.training.trainer - Training loss : 2.530293    Validation loss : 3.698624 
2018-04-05 21:28:12,335 - INFO - allennlp.training.trainer - Training f1 : 0.748149    Validation f1 : 0.652350 
2018-04-05 21:28:12,335 - INFO - allennlp.training.trainer - Training em : 0.601396    Validation em : 0.499500 
2018-04-05 21:28:12,335 - INFO - allennlp.training.trainer - Training start_acc : 0.646822    Validation start_acc : 0.548032 
2018-04-05 21:28:12,335 - INFO - allennlp.training.trainer - Epoch duration: 01:05:30
2018-04-05 21:28:12,335 - INFO - allennlp.training.trainer - Estimated training time remaining: 03:15:11
2018-04-05 21:28:12,336 - INFO - allennlp.training.trainer - Epoch 17/19
2018-04-05 21:28:12,336 - INFO - allennlp.training.trainer - Peak CPU memory usage MB: 13202.164
2018-04-05 21:28:12,719 - INFO - allennlp.training.trainer - GPU 0 memory usage MB: 4750
2018-04-05 21:28:12,720 - INFO - allennlp.training.trainer - GPU 1 memory usage MB: 8727
2018-04-05 21:28:12,720 - INFO - allennlp.training.trainer - GPU 2 memory usage MB: 1
2018-04-05 21:28:12,720 - INFO - allennlp.training.trainer - GPU 3 memory usage MB: 1
2018-04-05 21:28:12,722 - INFO - allennlp.training.trainer - Training
2018-04-05 22:29:30,622 - INFO - allennlp.training.trainer - Validating
2018-04-05 22:32:20,230 - INFO - allennlp.training.trainer - Best validation performance so far. Copying weights to 'output/joint_nqa_010_0.1/best.th'.
2018-04-05 22:32:20,757 - INFO - allennlp.training.trainer - Training end_acc : 0.693509    Validation end_acc : 0.588567 
2018-04-05 22:32:20,758 - INFO - allennlp.training.trainer - Training span_acc : 0.554584    Validation span_acc : 0.454058 
2018-04-05 22:32:20,758 - INFO - allennlp.training.trainer - Training loss : 2.471224    Validation loss : 3.763502 
2018-04-05 22:32:20,758 - INFO - allennlp.training.trainer - Training f1 : 0.755022    Validation f1 : 0.656114 
2018-04-05 22:32:20,759 - INFO - allennlp.training.trainer - Training em : 0.608054    Validation em : 0.504862 
2018-04-05 22:32:20,759 - INFO - allennlp.training.trainer - Training start_acc : 0.655157    Validation start_acc : 0.549214 
2018-04-05 22:32:20,759 - INFO - allennlp.training.trainer - Epoch duration: 01:04:08
2018-04-05 22:32:20,760 - INFO - allennlp.training.trainer - Estimated training time remaining: 02:10:01
2018-04-05 22:32:20,760 - INFO - allennlp.training.trainer - Epoch 18/19
2018-04-05 22:32:20,760 - INFO - allennlp.training.trainer - Peak CPU memory usage MB: 13221.1
2018-04-05 22:32:21,130 - INFO - allennlp.training.trainer - GPU 0 memory usage MB: 4750
2018-04-05 22:32:21,130 - INFO - allennlp.training.trainer - GPU 1 memory usage MB: 8727
2018-04-05 22:32:21,130 - INFO - allennlp.training.trainer - GPU 2 memory usage MB: 1
2018-04-05 22:32:21,130 - INFO - allennlp.training.trainer - GPU 3 memory usage MB: 1
2018-04-05 22:32:21,132 - INFO - allennlp.training.trainer - Training
2018-04-05 23:30:52,183 - INFO - allennlp.training.trainer - Validating
2018-04-05 23:33:40,185 - INFO - allennlp.training.trainer - Training end_acc : 0.696583    Validation end_acc : 0.585931 
2018-04-05 23:33:40,186 - INFO - allennlp.training.trainer - Training span_acc : 0.556428    Validation span_acc : 0.450513 
2018-04-05 23:33:40,186 - INFO - allennlp.training.trainer - Training loss : 2.453110    Validation loss : 3.729380 
2018-04-05 23:33:40,187 - INFO - allennlp.training.trainer - Training f1 : 0.755976    Validation f1 : 0.650885 
2018-04-05 23:33:40,187 - INFO - allennlp.training.trainer - Training em : 0.609554    Validation em : 0.498137 
2018-04-05 23:33:40,187 - INFO - allennlp.training.trainer - Training start_acc : 0.656158    Validation start_acc : 0.549032 
2018-04-05 23:33:40,187 - INFO - allennlp.training.trainer - Epoch duration: 01:01:19
2018-04-05 23:33:40,188 - INFO - allennlp.training.trainer - Estimated training time remaining: 01:04:49
2018-04-05 23:33:40,188 - INFO - allennlp.training.trainer - Epoch 19/19
2018-04-05 23:33:40,188 - INFO - allennlp.training.trainer - Peak CPU memory usage MB: 13237.296
2018-04-05 23:33:40,579 - INFO - allennlp.training.trainer - GPU 0 memory usage MB: 4751
2018-04-05 23:33:40,579 - INFO - allennlp.training.trainer - GPU 1 memory usage MB: 8727
2018-04-05 23:33:40,579 - INFO - allennlp.training.trainer - GPU 2 memory usage MB: 1
2018-04-05 23:33:40,580 - INFO - allennlp.training.trainer - GPU 3 memory usage MB: 1
2018-04-05 23:33:40,582 - INFO - allennlp.training.trainer - Training
2018-04-06 00:32:02,572 - INFO - allennlp.training.trainer - Validating
2018-04-06 00:34:49,382 - INFO - allennlp.training.trainer - Training end_acc : 0.695457    Validation end_acc : 0.584204 
2018-04-06 00:34:49,384 - INFO - allennlp.training.trainer - Training span_acc : 0.556283    Validation span_acc : 0.447423 
2018-04-06 00:34:49,385 - INFO - allennlp.training.trainer - Training loss : 2.447144    Validation loss : 3.831046 
2018-04-06 00:34:49,385 - INFO - allennlp.training.trainer - Training f1 : 0.756274    Validation f1 : 0.651374 
2018-04-06 00:34:49,385 - INFO - allennlp.training.trainer - Training em : 0.610658    Validation em : 0.498773 
2018-04-06 00:34:49,386 - INFO - allennlp.training.trainer - Training start_acc : 0.657397    Validation start_acc : 0.546578 
2018-04-06 00:34:49,386 - INFO - allennlp.training.trainer - Epoch duration: 01:01:09
2018-04-06 00:34:49,387 - INFO - allennlp.models.archival - archiving weights and vocabulary to output/joint_nqa_010_0.1/model.tar.gz
2018-04-06 00:34:53,006 - INFO - allennlp.commands.train - Metrics: {
  "training_duration": "21:32:41",
  "training_start_epoch": 0,
  "training_epochs": 20,
  "training_start_acc": 0.657397374453011,
  "training_end_acc": 0.6954573869556158,
  "training_span_acc": 0.5562825588664305,
  "training_em": 0.6106584705146906,
  "training_f1": 0.7562739139267179,
  "training_loss": 2.447144031524658,
  "validation_start_acc": 0.5465782059438336,
  "validation_end_acc": 0.584204307916023,
  "validation_span_acc": 0.44742342997364354,
  "validation_em": 0.4987730618922112,
  "validation_f1": 0.6513742017541433,
  "validation_loss": 3.8310463428497314,
  "best_validation_em": 0.5048623102790148,
  "best_epoch": 17
}
---


NUMBER OF INSTANCES: 


---- 10570
---


NUMBER OF INSTANCES: 


---- 4871
